{"/Users/iankurgarg/Code/DevOps/HW2-DevOps/test.js":{"path":"/Users/iankurgarg/Code/DevOps/HW2-DevOps/test.js","s":{"1":1,"2":1,"3":1,"4":1,"5":1,"6":1,"7":1,"8":1,"9":1,"10":1,"11":1,"12":1,"13":1,"14":1,"15":1,"16":1,"17":1,"18":1,"19":1,"20":1,"21":1,"22":1,"23":1,"24":1,"25":1,"26":1,"27":1,"28":1,"29":1,"30":1,"31":1,"32":1,"33":1,"34":1,"35":1,"36":1,"37":1,"38":1,"39":1,"40":1,"41":1,"42":1,"43":1,"44":1,"45":1,"46":1,"47":1,"48":1,"49":1,"50":1,"51":1,"52":1,"53":1,"54":1,"55":1,"56":1,"57":1,"58":1,"59":1,"60":1,"61":1,"62":1,"63":1,"64":1,"65":1,"66":1,"67":1,"68":1,"69":1,"70":1,"71":1,"72":1,"73":1,"74":1,"75":1,"76":1,"77":1,"78":1,"79":1,"80":1,"81":1,"82":1,"83":1,"84":1,"85":1,"86":1,"87":1,"88":1,"89":1,"90":1,"91":1,"92":1,"93":1,"94":1,"95":1},"b":{},"f":{},"fnMap":{},"statementMap":{"1":{"start":{"line":1,"column":0},"end":{"line":1,"column":37}},"2":{"start":{"line":2,"column":0},"end":{"line":2,"column":30}},"3":{"start":{"line":3,"column":0},"end":{"line":3,"column":26}},"4":{"start":{"line":4,"column":0},"end":{"line":4,"column":22}},"5":{"start":{"line":5,"column":0},"end":{"line":5,"column":25}},"6":{"start":{"line":6,"column":0},"end":{"line":6,"column":21}},"7":{"start":{"line":7,"column":0},"end":{"line":7,"column":32}},"8":{"start":{"line":8,"column":0},"end":{"line":8,"column":30}},"9":{"start":{"line":9,"column":0},"end":{"line":9,"column":33}},"10":{"start":{"line":10,"column":0},"end":{"line":10,"column":31}},"11":{"start":{"line":11,"column":0},"end":{"line":11,"column":32}},"12":{"start":{"line":12,"column":0},"end":{"line":12,"column":30}},"13":{"start":{"line":13,"column":0},"end":{"line":13,"column":33}},"14":{"start":{"line":14,"column":0},"end":{"line":14,"column":31}},"15":{"start":{"line":15,"column":0},"end":{"line":15,"column":31}},"16":{"start":{"line":16,"column":0},"end":{"line":16,"column":29}},"17":{"start":{"line":17,"column":0},"end":{"line":17,"column":32}},"18":{"start":{"line":18,"column":0},"end":{"line":18,"column":30}},"19":{"start":{"line":19,"column":0},"end":{"line":19,"column":31}},"20":{"start":{"line":20,"column":0},"end":{"line":20,"column":29}},"21":{"start":{"line":21,"column":0},"end":{"line":21,"column":32}},"22":{"start":{"line":22,"column":0},"end":{"line":22,"column":30}},"23":{"start":{"line":23,"column":0},"end":{"line":23,"column":32}},"24":{"start":{"line":24,"column":0},"end":{"line":24,"column":30}},"25":{"start":{"line":25,"column":0},"end":{"line":25,"column":33}},"26":{"start":{"line":26,"column":0},"end":{"line":26,"column":31}},"27":{"start":{"line":27,"column":0},"end":{"line":27,"column":32}},"28":{"start":{"line":28,"column":0},"end":{"line":28,"column":30}},"29":{"start":{"line":29,"column":0},"end":{"line":29,"column":33}},"30":{"start":{"line":30,"column":0},"end":{"line":30,"column":31}},"31":{"start":{"line":31,"column":0},"end":{"line":31,"column":31}},"32":{"start":{"line":32,"column":0},"end":{"line":32,"column":29}},"33":{"start":{"line":33,"column":0},"end":{"line":33,"column":32}},"34":{"start":{"line":34,"column":0},"end":{"line":34,"column":30}},"35":{"start":{"line":35,"column":0},"end":{"line":35,"column":31}},"36":{"start":{"line":36,"column":0},"end":{"line":36,"column":29}},"37":{"start":{"line":37,"column":0},"end":{"line":37,"column":32}},"38":{"start":{"line":38,"column":0},"end":{"line":38,"column":30}},"39":{"start":{"line":39,"column":0},"end":{"line":39,"column":139}},"40":{"start":{"line":40,"column":1},"end":{"line":40,"column":61}},"41":{"start":{"line":41,"column":0},"end":{"line":41,"column":15}},"42":{"start":{"line":43,"column":0},"end":{"line":43,"column":70}},"43":{"start":{"line":44,"column":1},"end":{"line":44,"column":61}},"44":{"start":{"line":45,"column":0},"end":{"line":45,"column":15}},"45":{"start":{"line":47,"column":0},"end":{"line":47,"column":77}},"46":{"start":{"line":48,"column":1},"end":{"line":48,"column":61}},"47":{"start":{"line":49,"column":0},"end":{"line":49,"column":15}},"48":{"start":{"line":51,"column":0},"end":{"line":51,"column":9}},"49":{"start":{"line":52,"column":1},"end":{"line":52,"column":61}},"50":{"start":{"line":53,"column":0},"end":{"line":53,"column":15}},"51":{"start":{"line":55,"column":0},"end":{"line":55,"column":139}},"52":{"start":{"line":56,"column":1},"end":{"line":56,"column":65}},"53":{"start":{"line":57,"column":0},"end":{"line":57,"column":15}},"54":{"start":{"line":59,"column":0},"end":{"line":59,"column":70}},"55":{"start":{"line":60,"column":1},"end":{"line":60,"column":65}},"56":{"start":{"line":61,"column":0},"end":{"line":61,"column":15}},"57":{"start":{"line":63,"column":0},"end":{"line":63,"column":77}},"58":{"start":{"line":64,"column":1},"end":{"line":64,"column":65}},"59":{"start":{"line":65,"column":0},"end":{"line":65,"column":15}},"60":{"start":{"line":67,"column":0},"end":{"line":67,"column":9}},"61":{"start":{"line":68,"column":1},"end":{"line":68,"column":65}},"62":{"start":{"line":69,"column":0},"end":{"line":69,"column":15}},"63":{"start":{"line":71,"column":0},"end":{"line":71,"column":139}},"64":{"start":{"line":72,"column":1},"end":{"line":72,"column":59}},"65":{"start":{"line":73,"column":0},"end":{"line":73,"column":15}},"66":{"start":{"line":75,"column":0},"end":{"line":75,"column":70}},"67":{"start":{"line":76,"column":1},"end":{"line":76,"column":59}},"68":{"start":{"line":77,"column":0},"end":{"line":77,"column":15}},"69":{"start":{"line":79,"column":0},"end":{"line":79,"column":77}},"70":{"start":{"line":80,"column":1},"end":{"line":80,"column":59}},"71":{"start":{"line":81,"column":0},"end":{"line":81,"column":15}},"72":{"start":{"line":83,"column":0},"end":{"line":83,"column":9}},"73":{"start":{"line":84,"column":1},"end":{"line":84,"column":59}},"74":{"start":{"line":85,"column":0},"end":{"line":85,"column":15}},"75":{"start":{"line":87,"column":0},"end":{"line":87,"column":139}},"76":{"start":{"line":88,"column":1},"end":{"line":88,"column":63}},"77":{"start":{"line":89,"column":0},"end":{"line":89,"column":15}},"78":{"start":{"line":91,"column":0},"end":{"line":91,"column":70}},"79":{"start":{"line":92,"column":1},"end":{"line":92,"column":63}},"80":{"start":{"line":93,"column":0},"end":{"line":93,"column":15}},"81":{"start":{"line":95,"column":0},"end":{"line":95,"column":77}},"82":{"start":{"line":96,"column":1},"end":{"line":96,"column":63}},"83":{"start":{"line":97,"column":0},"end":{"line":97,"column":15}},"84":{"start":{"line":99,"column":0},"end":{"line":99,"column":9}},"85":{"start":{"line":100,"column":1},"end":{"line":100,"column":63}},"86":{"start":{"line":101,"column":0},"end":{"line":101,"column":15}},"87":{"start":{"line":103,"column":0},"end":{"line":103,"column":22}},"88":{"start":{"line":104,"column":0},"end":{"line":104,"column":41}},"89":{"start":{"line":105,"column":0},"end":{"line":105,"column":34}},"90":{"start":{"line":106,"column":0},"end":{"line":106,"column":51}},"91":{"start":{"line":107,"column":0},"end":{"line":107,"column":32}},"92":{"start":{"line":108,"column":0},"end":{"line":108,"column":25}},"93":{"start":{"line":109,"column":0},"end":{"line":109,"column":42}},"94":{"start":{"line":110,"column":0},"end":{"line":110,"column":31}},"95":{"start":{"line":111,"column":0},"end":{"line":111,"column":34}}},"branchMap":{}},"/Users/iankurgarg/Code/DevOps/HW2-DevOps/subject.js":{"path":"/Users/iankurgarg/Code/DevOps/HW2-DevOps/subject.js","s":{"1":1,"2":1,"3":4,"4":2,"5":4,"6":2,"7":4,"8":1,"9":32,"10":8,"11":24,"12":12,"13":3,"14":9,"15":6,"16":12,"17":9,"18":14,"19":1,"20":16,"21":8,"22":8,"23":8,"24":4,"25":4,"26":2,"27":2,"28":1,"29":1,"30":1,"31":7,"32":1,"33":8,"34":6,"35":8,"36":36,"37":8,"38":1,"39":2,"40":2,"41":2,"42":1,"43":1,"44":1,"45":1,"46":1,"47":1,"48":1,"49":1},"b":{"1":[2,2],"2":[2,2],"3":[8,24],"4":[32,16],"5":[12,12],"6":[3,9],"7":[6,3],"8":[9,3],"9":[8,8],"10":[4,4],"11":[2,2],"12":[1,1],"13":[6,2],"14":[8,4],"15":[1,1]},"f":{"1":4,"2":32,"3":16,"4":7,"5":8,"6":2},"fnMap":{"1":{"name":"inc","line":3,"loc":{"start":{"line":3,"column":0},"end":{"line":3,"column":18}}},"2":{"name":"weird","line":12,"loc":{"start":{"line":12,"column":0},"end":{"line":13,"column":0}}},"3":{"name":"fileTest","line":40,"loc":{"start":{"line":40,"column":0},"end":{"line":41,"column":0}}},"4":{"name":"normalize","line":64,"loc":{"start":{"line":64,"column":0},"end":{"line":64,"column":32}}},"5":{"name":"format","line":73,"loc":{"start":{"line":73,"column":0},"end":{"line":74,"column":0}}},"6":{"name":"blackListNumber","line":88,"loc":{"start":{"line":88,"column":0},"end":{"line":89,"column":0}}}},"statementMap":{"1":{"start":{"line":1,"column":0},"end":{"line":1,"column":23}},"2":{"start":{"line":3,"column":0},"end":{"line":10,"column":1}},"3":{"start":{"line":4,"column":3},"end":{"line":4,"column":26}},"4":{"start":{"line":4,"column":21},"end":{"line":4,"column":26}},"5":{"start":{"line":5,"column":3},"end":{"line":8,"column":4}},"6":{"start":{"line":7,"column":4},"end":{"line":7,"column":11}},"7":{"start":{"line":9,"column":3},"end":{"line":9,"column":18}},"8":{"start":{"line":12,"column":0},"end":{"line":37,"column":1}},"9":{"start":{"line":14,"column":4},"end":{"line":35,"column":5}},"10":{"start":{"line":16,"column":8},"end":{"line":16,"column":15}},"11":{"start":{"line":18,"column":9},"end":{"line":35,"column":5}},"12":{"start":{"line":20,"column":8},"end":{"line":27,"column":9}},"13":{"start":{"line":22,"column":12},"end":{"line":22,"column":21}},"14":{"start":{"line":24,"column":13},"end":{"line":27,"column":9}},"15":{"start":{"line":26,"column":12},"end":{"line":26,"column":21}},"16":{"start":{"line":31,"column":8},"end":{"line":34,"column":9}},"17":{"start":{"line":33,"column":12},"end":{"line":33,"column":29}},"18":{"start":{"line":36,"column":4},"end":{"line":36,"column":13}},"19":{"start":{"line":40,"column":0},"end":{"line":62,"column":1}},"20":{"start":{"line":42,"column":1},"end":{"line":45,"column":5}},"21":{"start":{"line":44,"column":8},"end":{"line":44,"column":21}},"22":{"start":{"line":47,"column":4},"end":{"line":47,"column":36}},"23":{"start":{"line":48,"column":4},"end":{"line":51,"column":5}},"24":{"start":{"line":50,"column":8},"end":{"line":50,"column":21}},"25":{"start":{"line":53,"column":3},"end":{"line":61,"column":2}},"26":{"start":{"line":55,"column":2},"end":{"line":55,"column":46}},"27":{"start":{"line":56,"column":2},"end":{"line":59,"column":3}},"28":{"start":{"line":58,"column":3},"end":{"line":58,"column":15}},"29":{"start":{"line":60,"column":2},"end":{"line":60,"column":15}},"30":{"start":{"line":64,"column":0},"end":{"line":71,"column":1}},"31":{"start":{"line":66,"column":4},"end":{"line":69,"column":6}},"32":{"start":{"line":73,"column":0},"end":{"line":86,"column":1}},"33":{"start":{"line":76,"column":4},"end":{"line":78,"column":5}},"34":{"start":{"line":77,"column":6},"end":{"line":77,"column":42}},"35":{"start":{"line":80,"column":4},"end":{"line":82,"column":5}},"36":{"start":{"line":81,"column":6},"end":{"line":81,"column":63}},"37":{"start":{"line":84,"column":4},"end":{"line":84,"column":24}},"38":{"start":{"line":88,"column":0},"end":{"line":97,"column":1}},"39":{"start":{"line":90,"column":1},"end":{"line":90,"column":49}},"40":{"start":{"line":91,"column":1},"end":{"line":91,"column":31}},"41":{"start":{"line":92,"column":1},"end":{"line":95,"column":2}},"42":{"start":{"line":94,"column":2},"end":{"line":94,"column":14}},"43":{"start":{"line":96,"column":1},"end":{"line":96,"column":14}},"44":{"start":{"line":99,"column":0},"end":{"line":99,"column":28}},"45":{"start":{"line":100,"column":0},"end":{"line":100,"column":30}},"46":{"start":{"line":101,"column":0},"end":{"line":101,"column":24}},"47":{"start":{"line":102,"column":0},"end":{"line":102,"column":18}},"48":{"start":{"line":103,"column":0},"end":{"line":103,"column":22}},"49":{"start":{"line":104,"column":0},"end":{"line":104,"column":42}}},"branchMap":{"1":{"line":4,"type":"if","locations":[{"start":{"line":4,"column":3},"end":{"line":4,"column":3}},{"start":{"line":4,"column":3},"end":{"line":4,"column":3}}]},"2":{"line":5,"type":"if","locations":[{"start":{"line":5,"column":3},"end":{"line":5,"column":3}},{"start":{"line":5,"column":3},"end":{"line":5,"column":3}}]},"3":{"line":14,"type":"if","locations":[{"start":{"line":14,"column":4},"end":{"line":14,"column":4}},{"start":{"line":14,"column":4},"end":{"line":14,"column":4}}]},"4":{"line":14,"type":"binary-expr","locations":[{"start":{"line":14,"column":8},"end":{"line":14,"column":13}},{"start":{"line":14,"column":17},"end":{"line":14,"column":22}}]},"5":{"line":18,"type":"if","locations":[{"start":{"line":18,"column":9},"end":{"line":18,"column":9}},{"start":{"line":18,"column":9},"end":{"line":18,"column":9}}]},"6":{"line":20,"type":"if","locations":[{"start":{"line":20,"column":8},"end":{"line":20,"column":8}},{"start":{"line":20,"column":8},"end":{"line":20,"column":8}}]},"7":{"line":24,"type":"if","locations":[{"start":{"line":24,"column":13},"end":{"line":24,"column":13}},{"start":{"line":24,"column":13},"end":{"line":24,"column":13}}]},"8":{"line":31,"type":"if","locations":[{"start":{"line":31,"column":8},"end":{"line":31,"column":8}},{"start":{"line":31,"column":8},"end":{"line":31,"column":8}}]},"9":{"line":42,"type":"if","locations":[{"start":{"line":42,"column":1},"end":{"line":42,"column":1}},{"start":{"line":42,"column":1},"end":{"line":42,"column":1}}]},"10":{"line":48,"type":"if","locations":[{"start":{"line":48,"column":4},"end":{"line":48,"column":4}},{"start":{"line":48,"column":4},"end":{"line":48,"column":4}}]},"11":{"line":53,"type":"if","locations":[{"start":{"line":53,"column":3},"end":{"line":53,"column":3}},{"start":{"line":53,"column":3},"end":{"line":53,"column":3}}]},"12":{"line":56,"type":"if","locations":[{"start":{"line":56,"column":2},"end":{"line":56,"column":2}},{"start":{"line":56,"column":2},"end":{"line":56,"column":2}}]},"13":{"line":76,"type":"if","locations":[{"start":{"line":76,"column":4},"end":{"line":76,"column":4}},{"start":{"line":76,"column":4},"end":{"line":76,"column":4}}]},"14":{"line":76,"type":"binary-expr","locations":[{"start":{"line":76,"column":8},"end":{"line":76,"column":16}},{"start":{"line":76,"column":20},"end":{"line":76,"column":38}}]},"15":{"line":92,"type":"if","locations":[{"start":{"line":92,"column":1},"end":{"line":92,"column":1}},{"start":{"line":92,"column":1},"end":{"line":92,"column":1}}]}}}}