<?xml version='1.0' encoding='UTF-8'?>
<result plugin="junit@1.21">
  <suites>
    <suite>
      <file>/var/lib/jenkins/workspace/itrust-main/iTrust-v23/iTrust/target/surefire-reports/TEST-edu.ncsu.csc.itrust.logger.TransactionLoggerTest.xml</file>
      <name>edu.ncsu.csc.itrust.logger.TransactionLoggerTest</name>
      <duration>0.355</duration>
      <time>0.355</time>
      <cases>
        <case>
          <duration>0.345</duration>
          <className>edu.ncsu.csc.itrust.logger.TransactionLoggerTest</className>
          <testName>testLogTransaction</testName>
          <skipped>false</skipped>
          <failedSince>0</failedSince>
        </case>
        <case>
          <duration>0.0</duration>
          <className>edu.ncsu.csc.itrust.logger.TransactionLoggerTest</className>
          <testName>testGetInstance</testName>
          <skipped>false</skipped>
          <failedSince>0</failedSince>
        </case>
      </cases>
    </suite>
    <suite>
      <file>/var/lib/jenkins/workspace/itrust-main/iTrust-v23/iTrust/target/surefire-reports/TEST-edu.ncsu.csc.itrust.unit.BeanBuilderTest.xml</file>
      <name>edu.ncsu.csc.itrust.unit.BeanBuilderTest</name>
      <duration>0.027</duration>
      <time>0.027</time>
      <cases>
        <case>
          <duration>0.015</duration>
          <className>edu.ncsu.csc.itrust.unit.BeanBuilderTest</className>
          <testName>testEmptyPatientDateOfBirth</testName>
          <skipped>false</skipped>
          <failedSince>0</failedSince>
        </case>
        <case>
          <duration>0.003</duration>
          <className>edu.ncsu.csc.itrust.unit.BeanBuilderTest</className>
          <testName>testOkayBean1</testName>
          <skipped>false</skipped>
          <failedSince>0</failedSince>
        </case>
        <case>
          <duration>0.002</duration>
          <className>edu.ncsu.csc.itrust.unit.BeanBuilderTest</className>
          <testName>testNotOverloaded</testName>
          <skipped>false</skipped>
          <failedSince>0</failedSince>
        </case>
        <case>
          <duration>0.002</duration>
          <className>edu.ncsu.csc.itrust.unit.BeanBuilderTest</className>
          <testName>testEqualsOkayToBeOverloaded</testName>
          <skipped>false</skipped>
          <failedSince>0</failedSince>
        </case>
        <case>
          <duration>0.002</duration>
          <className>edu.ncsu.csc.itrust.unit.BeanBuilderTest</className>
          <testName>testOverloadedConstructor</testName>
          <skipped>false</skipped>
          <failedSince>0</failedSince>
        </case>
        <case>
          <duration>0.001</duration>
          <className>edu.ncsu.csc.itrust.unit.BeanBuilderTest</className>
          <testName>testPartialPatient</testName>
          <skipped>false</skipped>
          <failedSince>0</failedSince>
        </case>
      </cases>
    </suite>
    <suite>
      <file>/var/lib/jenkins/workspace/itrust-main/iTrust-v23/iTrust/target/surefire-reports/TEST-edu.ncsu.csc.itrust.unit.EmailUtilTest.xml</file>
      <name>edu.ncsu.csc.itrust.unit.EmailUtilTest</name>
      <duration>0.0</duration>
      <time>0</time>
      <cases>
        <case>
          <duration>0.0</duration>
          <className>edu.ncsu.csc.itrust.unit.EmailUtilTest</className>
          <testName>testSendEmail</testName>
          <skipped>false</skipped>
          <failedSince>0</failedSince>
        </case>
      </cases>
    </suite>
    <suite>
      <file>/var/lib/jenkins/workspace/itrust-main/iTrust-v23/iTrust/target/surefire-reports/TEST-edu.ncsu.csc.itrust.unit.ErrorListTest.xml</file>
      <name>edu.ncsu.csc.itrust.unit.ErrorListTest</name>
      <duration>0.0</duration>
      <time>0</time>
      <cases>
        <case>
          <duration>0.0</duration>
          <className>edu.ncsu.csc.itrust.unit.ErrorListTest</className>
          <testName>testToString</testName>
          <skipped>false</skipped>
          <failedSince>0</failedSince>
        </case>
      </cases>
    </suite>
    <suite>
      <file>/var/lib/jenkins/workspace/itrust-main/iTrust-v23/iTrust/target/surefire-reports/TEST-edu.ncsu.csc.itrust.unit.action.AddApptActionTest.xml</file>
      <name>edu.ncsu.csc.itrust.unit.action.AddApptActionTest</name>
      <duration>1.616</duration>
      <time>1.616</time>
      <cases>
        <case>
          <duration>0.329</duration>
          <className>edu.ncsu.csc.itrust.unit.action.AddApptActionTest</className>
          <testName>testGetName2</testName>
          <skipped>false</skipped>
          <failedSince>0</failedSince>
        </case>
        <case>
          <duration>0.234</duration>
          <className>edu.ncsu.csc.itrust.unit.action.AddApptActionTest</className>
          <testName>testAddAppt</testName>
          <skipped>false</skipped>
          <failedSince>0</failedSince>
        </case>
        <case>
          <duration>0.234</duration>
          <className>edu.ncsu.csc.itrust.unit.action.AddApptActionTest</className>
          <testName>testAddAppt2</testName>
          <skipped>false</skipped>
          <failedSince>0</failedSince>
        </case>
        <case>
          <duration>0.227</duration>
          <className>edu.ncsu.csc.itrust.unit.action.AddApptActionTest</className>
          <testName>testGetName</testName>
          <skipped>false</skipped>
          <failedSince>0</failedSince>
        </case>
        <case>
          <duration>0.302</duration>
          <className>edu.ncsu.csc.itrust.unit.action.AddApptActionTest</className>
          <testName>testAddConflicts</testName>
          <skipped>false</skipped>
          <failedSince>0</failedSince>
        </case>
        <case>
          <duration>0.287</duration>
          <className>edu.ncsu.csc.itrust.unit.action.AddApptActionTest</className>
          <testName>testGetConflicts</testName>
          <skipped>false</skipped>
          <failedSince>0</failedSince>
        </case>
      </cases>
    </suite>
    <suite>
      <file>/var/lib/jenkins/workspace/itrust-main/iTrust-v23/iTrust/target/surefire-reports/TEST-edu.ncsu.csc.itrust.unit.action.AddDrugListActionTest.xml</file>
      <name>edu.ncsu.csc.itrust.unit.action.AddDrugListActionTest</name>
      <duration>0.174</duration>
      <time>0.174</time>
      <cases>
        <case>
          <duration>0.092</duration>
          <className>edu.ncsu.csc.itrust.unit.action.AddDrugListActionTest</className>
          <testName>testLoadFile</testName>
          <skipped>false</skipped>
          <errorStackTrace>edu.ncsu.csc.itrust.exception.DBException: A database exception has occurred. Please see the log in the console for stacktrace
	at edu.ncsu.csc.itrust.unit.action.AddDrugListActionTest.testLoadFile(AddDrugListActionTest.java:56)
</errorStackTrace>
          <errorDetails>A database exception has occurred. Please see the log in the console for stacktrace</errorDetails>
          <failedSince>90</failedSince>
        </case>
        <case>
          <duration>0.071</duration>
          <className>edu.ncsu.csc.itrust.unit.action.AddDrugListActionTest</className>
          <testName>testRenameDrugs</testName>
          <skipped>false</skipped>
          <errorStackTrace>edu.ncsu.csc.itrust.exception.DBException: A database exception has occurred. Please see the log in the console for stacktrace
	at edu.ncsu.csc.itrust.unit.action.AddDrugListActionTest.testRenameDrugs(AddDrugListActionTest.java:75)
</errorStackTrace>
          <errorDetails>A database exception has occurred. Please see the log in the console for stacktrace</errorDetails>
          <failedSince>90</failedSince>
        </case>
      </cases>
    </suite>
    <suite>
      <file>/var/lib/jenkins/workspace/itrust-main/iTrust-v23/iTrust/target/surefire-reports/TEST-edu.ncsu.csc.itrust.unit.action.AddERespActionTest.xml</file>
      <name>edu.ncsu.csc.itrust.unit.action.AddERespActionTest</name>
      <duration>0.26</duration>
      <time>0.26</time>
      <cases>
        <case>
          <duration>0.26</duration>
          <className>edu.ncsu.csc.itrust.unit.action.AddERespActionTest</className>
          <testName>testAddER</testName>
          <skipped>false</skipped>
          <failedSince>0</failedSince>
        </case>
      </cases>
    </suite>
    <suite>
      <file>/var/lib/jenkins/workspace/itrust-main/iTrust-v23/iTrust/target/surefire-reports/TEST-edu.ncsu.csc.itrust.unit.action.AddLTActionTest.xml</file>
      <name>edu.ncsu.csc.itrust.unit.action.AddLTActionTest</name>
      <duration>0.29</duration>
      <time>0.29</time>
      <cases>
        <case>
          <duration>0.288</duration>
          <className>edu.ncsu.csc.itrust.unit.action.AddLTActionTest</className>
          <testName>testAddLT</testName>
          <skipped>false</skipped>
          <failedSince>0</failedSince>
        </case>
      </cases>
    </suite>
    <suite>
      <file>/var/lib/jenkins/workspace/itrust-main/iTrust-v23/iTrust/target/surefire-reports/TEST-edu.ncsu.csc.itrust.unit.action.AddPatientFileActionTest.xml</file>
      <name>edu.ncsu.csc.itrust.unit.action.AddPatientFileActionTest</name>
      <duration>0.031</duration>
      <time>0.031</time>
      <cases>
        <case>
          <duration>0.017</duration>
          <className>edu.ncsu.csc.itrust.unit.action.AddPatientFileActionTest</className>
          <testName>testInvalidData</testName>
          <skipped>false</skipped>
          <failedSince>0</failedSince>
        </case>
        <case>
          <duration>0.004</duration>
          <className>edu.ncsu.csc.itrust.unit.action.AddPatientFileActionTest</className>
          <testName>testDuplicateField</testName>
          <skipped>false</skipped>
          <failedSince>0</failedSince>
        </case>
        <case>
          <duration>0.0</duration>
          <className>edu.ncsu.csc.itrust.unit.action.AddPatientFileActionTest</className>
          <testName>testRequiredFieldMissing</testName>
          <skipped>false</skipped>
          <failedSince>0</failedSince>
        </case>
        <case>
          <duration>0.007</duration>
          <className>edu.ncsu.csc.itrust.unit.action.AddPatientFileActionTest</className>
          <testName>testValidData</testName>
          <skipped>false</skipped>
          <failedSince>0</failedSince>
        </case>
        <case>
          <duration>0.001</duration>
          <className>edu.ncsu.csc.itrust.unit.action.AddPatientFileActionTest</className>
          <testName>testInvalidHeader</testName>
          <skipped>false</skipped>
          <failedSince>0</failedSince>
        </case>
      </cases>
    </suite>
    <suite>
      <file>/var/lib/jenkins/workspace/itrust-main/iTrust-v23/iTrust/target/surefire-reports/TEST-edu.ncsu.csc.itrust.unit.action.AddRemoteMonitoringDataActionTest.xml</file>
      <name>edu.ncsu.csc.itrust.unit.action.AddRemoteMonitoringDataActionTest</name>
      <duration>1.104</duration>
      <time>1.104</time>
      <cases>
        <case>
          <duration>0.15</duration>
          <className>edu.ncsu.csc.itrust.unit.action.AddRemoteMonitoringDataActionTest</className>
          <testName>testAddBadRemoteMonitoringGlucoseLevelData</testName>
          <skipped>false</skipped>
          <failedSince>0</failedSince>
        </case>
        <case>
          <duration>0.055</duration>
          <className>edu.ncsu.csc.itrust.unit.action.AddRemoteMonitoringDataActionTest</className>
          <testName>testAddRemoteMonitoringDataGlucoseOnly</testName>
          <skipped>false</skipped>
          <failedSince>0</failedSince>
        </case>
        <case>
          <duration>0.058</duration>
          <className>edu.ncsu.csc.itrust.unit.action.AddRemoteMonitoringDataActionTest</className>
          <testName>testAddRemoteMonitoringData</testName>
          <skipped>false</skipped>
          <failedSince>0</failedSince>
        </case>
        <case>
          <duration>0.052</duration>
          <className>edu.ncsu.csc.itrust.unit.action.AddRemoteMonitoringDataActionTest</className>
          <testName>testAddRemoteMonitoringExternalDataOnly</testName>
          <skipped>false</skipped>
          <failedSince>0</failedSince>
        </case>
        <case>
          <duration>0.059</duration>
          <className>edu.ncsu.csc.itrust.unit.action.AddRemoteMonitoringDataActionTest</className>
          <testName>testAddBadRemoteMonitoringPedometerReadingData</testName>
          <skipped>false</skipped>
          <failedSince>0</failedSince>
        </case>
        <case>
          <duration>0.057</duration>
          <className>edu.ncsu.csc.itrust.unit.action.AddRemoteMonitoringDataActionTest</className>
          <testName>testAddRemoteMonitoringHeightWeightDataOnly</testName>
          <skipped>false</skipped>
          <failedSince>0</failedSince>
        </case>
        <case>
          <duration>0.068</duration>
          <className>edu.ncsu.csc.itrust.unit.action.AddRemoteMonitoringDataActionTest</className>
          <testName>testAddRemoteMonitoringDataBloodPressureOnly</testName>
          <skipped>false</skipped>
          <failedSince>0</failedSince>
        </case>
        <case>
          <duration>0.069</duration>
          <className>edu.ncsu.csc.itrust.unit.action.AddRemoteMonitoringDataActionTest</className>
          <testName>testAddRemoteMonitoringDataGlucoseOnlyUAP</testName>
          <skipped>false</skipped>
          <failedSince>0</failedSince>
        </case>
        <case>
          <duration>0.071</duration>
          <className>edu.ncsu.csc.itrust.unit.action.AddRemoteMonitoringDataActionTest</className>
          <testName>testAddRemoteMonitoringDataBloodPressureOnlyUAP</testName>
          <skipped>false</skipped>
          <failedSince>0</failedSince>
        </case>
        <case>
          <duration>0.079</duration>
          <className>edu.ncsu.csc.itrust.unit.action.AddRemoteMonitoringDataActionTest</className>
          <testName>testAddRemoteMonitoringDataUAP</testName>
          <skipped>false</skipped>
          <failedSince>0</failedSince>
        </case>
        <case>
          <duration>0.069</duration>
          <className>edu.ncsu.csc.itrust.unit.action.AddRemoteMonitoringDataActionTest</className>
          <testName>testAddRemoteMonitoringPedometerReadingDataOnly</testName>
          <skipped>false</skipped>
          <failedSince>0</failedSince>
        </case>
        <case>
          <duration>0.076</duration>
          <className>edu.ncsu.csc.itrust.unit.action.AddRemoteMonitoringDataActionTest</className>
          <testName>testRepresentativeReportStatus</testName>
          <skipped>false</skipped>
          <failedSince>0</failedSince>
        </case>
        <case>
          <duration>0.134</duration>
          <className>edu.ncsu.csc.itrust.unit.action.AddRemoteMonitoringDataActionTest</className>
          <testName>testAddBadRemoteMonitoringData</testName>
          <skipped>false</skipped>
          <failedSince>0</failedSince>
        </case>
        <case>
          <duration>0.054</duration>
          <className>edu.ncsu.csc.itrust.unit.action.AddRemoteMonitoringDataActionTest</className>
          <testName>testAddRemoteMonitoringWeightDataOnly</testName>
          <skipped>false</skipped>
          <failedSince>0</failedSince>
        </case>
        <case>
          <duration>0.05</duration>
          <className>edu.ncsu.csc.itrust.unit.action.AddRemoteMonitoringDataActionTest</className>
          <testName>testAddBadRemoteMonitoringWeightData</testName>
          <skipped>false</skipped>
          <failedSince>0</failedSince>
        </case>
      </cases>
    </suite>
    <suite>
      <file>/var/lib/jenkins/workspace/itrust-main/iTrust-v23/iTrust/target/surefire-reports/TEST-edu.ncsu.csc.itrust.unit.action.ApptBeanTest.xml</file>
      <name>edu.ncsu.csc.itrust.unit.action.ApptBeanTest</name>
      <duration>0.001</duration>
      <time>0.001</time>
      <cases>
        <case>
          <duration>0.0</duration>
          <className>edu.ncsu.csc.itrust.unit.action.ApptBeanTest</className>
          <testName>testApptEquals</testName>
          <skipped>false</skipped>
          <failedSince>0</failedSince>
        </case>
      </cases>
    </suite>
    <suite>
      <file>/var/lib/jenkins/workspace/itrust-main/iTrust-v23/iTrust/target/surefire-reports/TEST-edu.ncsu.csc.itrust.unit.action.ChangePasswordActionTest.xml</file>
      <name>edu.ncsu.csc.itrust.unit.action.ChangePasswordActionTest</name>
      <duration>0.374</duration>
      <time>0.374</time>
      <cases>
        <case>
          <duration>0.374</duration>
          <className>edu.ncsu.csc.itrust.unit.action.ChangePasswordActionTest</className>
          <testName>testChangePassword</testName>
          <skipped>false</skipped>
          <failedSince>0</failedSince>
        </case>
      </cases>
    </suite>
    <suite>
      <file>/var/lib/jenkins/workspace/itrust-main/iTrust-v23/iTrust/target/surefire-reports/TEST-edu.ncsu.csc.itrust.unit.action.DeclareHCPActionExceptionTest.xml</file>
      <name>edu.ncsu.csc.itrust.unit.action.DeclareHCPActionExceptionTest</name>
      <duration>0.005</duration>
      <time>0.005</time>
      <cases>
        <case>
          <duration>0.002</duration>
          <className>edu.ncsu.csc.itrust.unit.action.DeclareHCPActionExceptionTest</className>
          <testName>testDeclareMalformed</testName>
          <skipped>false</skipped>
          <failedSince>0</failedSince>
        </case>
        <case>
          <duration>0.001</duration>
          <className>edu.ncsu.csc.itrust.unit.action.DeclareHCPActionExceptionTest</className>
          <testName>testUnDeclareMalformed</testName>
          <skipped>false</skipped>
          <failedSince>0</failedSince>
        </case>
      </cases>
    </suite>
    <suite>
      <file>/var/lib/jenkins/workspace/itrust-main/iTrust-v23/iTrust/target/surefire-reports/TEST-edu.ncsu.csc.itrust.unit.action.DrugInteractionActionTest.xml</file>
      <name>edu.ncsu.csc.itrust.unit.action.DrugInteractionActionTest</name>
      <duration>0.574</duration>
      <time>0.574</time>
      <cases>
        <case>
          <duration>0.065</duration>
          <className>edu.ncsu.csc.itrust.unit.action.DrugInteractionActionTest</className>
          <testName>testGetInteractions</testName>
          <skipped>false</skipped>
          <failedSince>0</failedSince>
        </case>
        <case>
          <duration>0.053</duration>
          <className>edu.ncsu.csc.itrust.unit.action.DrugInteractionActionTest</className>
          <testName>testDeleteInteraction</testName>
          <skipped>false</skipped>
          <failedSince>0</failedSince>
        </case>
        <case>
          <duration>0.261</duration>
          <className>edu.ncsu.csc.itrust.unit.action.DrugInteractionActionTest</className>
          <testName>testGetInteractions2</testName>
          <skipped>false</skipped>
          <failedSince>0</failedSince>
        </case>
        <case>
          <duration>0.045</duration>
          <className>edu.ncsu.csc.itrust.unit.action.DrugInteractionActionTest</className>
          <testName>testReportInteraction</testName>
          <skipped>false</skipped>
          <failedSince>0</failedSince>
        </case>
        <case>
          <duration>0.049</duration>
          <className>edu.ncsu.csc.itrust.unit.action.DrugInteractionActionTest</className>
          <testName>testReportAlreadyAdded</testName>
          <skipped>false</skipped>
          <failedSince>0</failedSince>
        </case>
        <case>
          <duration>0.045</duration>
          <className>edu.ncsu.csc.itrust.unit.action.DrugInteractionActionTest</className>
          <testName>testEvilDAOFactory</testName>
          <skipped>false</skipped>
          <failedSince>0</failedSince>
        </case>
        <case>
          <duration>0.054</duration>
          <className>edu.ncsu.csc.itrust.unit.action.DrugInteractionActionTest</className>
          <testName>testReportSameDrugsInteraction</testName>
          <skipped>false</skipped>
          <failedSince>0</failedSince>
        </case>
      </cases>
    </suite>
    <suite>
      <file>/var/lib/jenkins/workspace/itrust-main/iTrust-v23/iTrust/target/surefire-reports/TEST-edu.ncsu.csc.itrust.unit.action.EditApptActionTest.xml</file>
      <name>edu.ncsu.csc.itrust.unit.action.EditApptActionTest</name>
      <duration>0.43</duration>
      <time>0.43</time>
      <cases>
        <case>
          <duration>0.049</duration>
          <className>edu.ncsu.csc.itrust.unit.action.EditApptActionTest</className>
          <testName>testEditAppt</testName>
          <skipped>false</skipped>
          <failedSince>0</failedSince>
        </case>
        <case>
          <duration>0.064</duration>
          <className>edu.ncsu.csc.itrust.unit.action.EditApptActionTest</className>
          <testName>testEditApptConflict</testName>
          <skipped>false</skipped>
          <failedSince>0</failedSince>
        </case>
        <case>
          <duration>0.059</duration>
          <className>edu.ncsu.csc.itrust.unit.action.EditApptActionTest</className>
          <testName>testGetAppt</testName>
          <skipped>false</skipped>
          <failedSince>0</failedSince>
        </case>
        <case>
          <duration>0.076</duration>
          <className>edu.ncsu.csc.itrust.unit.action.EditApptActionTest</className>
          <testName>testGetName</testName>
          <skipped>false</skipped>
          <failedSince>0</failedSince>
        </case>
        <case>
          <duration>0.09</duration>
          <className>edu.ncsu.csc.itrust.unit.action.EditApptActionTest</className>
          <testName>testEvilFactory</testName>
          <skipped>false</skipped>
          <failedSince>0</failedSince>
        </case>
        <case>
          <duration>0.091</duration>
          <className>edu.ncsu.csc.itrust.unit.action.EditApptActionTest</className>
          <testName>testRemoveAppt</testName>
          <skipped>false</skipped>
          <failedSince>0</failedSince>
        </case>
      </cases>
    </suite>
    <suite>
      <file>/var/lib/jenkins/workspace/itrust-main/iTrust-v23/iTrust/target/surefire-reports/TEST-edu.ncsu.csc.itrust.unit.action.EditMonitoringListActionTest.xml</file>
      <name>edu.ncsu.csc.itrust.unit.action.EditMonitoringListActionTest</name>
      <duration>0.115</duration>
      <time>0.115</time>
      <cases>
        <case>
          <duration>0.049</duration>
          <className>edu.ncsu.csc.itrust.unit.action.EditMonitoringListActionTest</className>
          <testName>testAddToRemoveFromList</testName>
          <skipped>false</skipped>
          <failedSince>0</failedSince>
        </case>
        <case>
          <duration>0.064</duration>
          <className>edu.ncsu.csc.itrust.unit.action.EditMonitoringListActionTest</className>
          <testName>testIsPatientInList</testName>
          <skipped>false</skipped>
          <failedSince>0</failedSince>
        </case>
      </cases>
    </suite>
    <suite>
      <file>/var/lib/jenkins/workspace/itrust-main/iTrust-v23/iTrust/target/surefire-reports/TEST-edu.ncsu.csc.itrust.unit.action.EditPatientActionTest.xml</file>
      <name>edu.ncsu.csc.itrust.unit.action.EditPatientActionTest</name>
      <duration>0.627</duration>
      <time>0.627</time>
      <cases>
        <case>
          <duration>0.058</duration>
          <className>edu.ncsu.csc.itrust.unit.action.EditPatientActionTest</className>
          <testName>testWrongFormat</testName>
          <skipped>false</skipped>
          <failedSince>0</failedSince>
        </case>
        <case>
          <duration>0.058</duration>
          <className>edu.ncsu.csc.itrust.unit.action.EditPatientActionTest</className>
          <testName>testNull</testName>
          <skipped>false</skipped>
          <failedSince>0</failedSince>
        </case>
        <case>
          <duration>0.071</duration>
          <className>edu.ncsu.csc.itrust.unit.action.EditPatientActionTest</className>
          <testName>testEditRepresentatives</testName>
          <skipped>false</skipped>
          <failedSince>0</failedSince>
        </case>
        <case>
          <duration>0.048</duration>
          <className>edu.ncsu.csc.itrust.unit.action.EditPatientActionTest</className>
          <testName>testIsDependent</testName>
          <skipped>false</skipped>
          <failedSince>0</failedSince>
        </case>
        <case>
          <duration>0.047</duration>
          <className>edu.ncsu.csc.itrust.unit.action.EditPatientActionTest</className>
          <testName>testNonExistent</testName>
          <skipped>false</skipped>
          <failedSince>0</failedSince>
        </case>
        <case>
          <duration>0.048</duration>
          <className>edu.ncsu.csc.itrust.unit.action.EditPatientActionTest</className>
          <testName>testGetPatientLogged</testName>
          <skipped>false</skipped>
          <failedSince>0</failedSince>
        </case>
        <case>
          <duration>0.047</duration>
          <className>edu.ncsu.csc.itrust.unit.action.EditPatientActionTest</className>
          <testName>testConstructNormal</testName>
          <skipped>false</skipped>
          <failedSince>0</failedSince>
        </case>
        <case>
          <duration>0.057</duration>
          <className>edu.ncsu.csc.itrust.unit.action.EditPatientActionTest</className>
          <testName>testSetDependent</testName>
          <skipped>false</skipped>
          <failedSince>0</failedSince>
        </case>
        <case>
          <duration>0.071</duration>
          <className>edu.ncsu.csc.itrust.unit.action.EditPatientActionTest</className>
          <testName>testInvalidDates</testName>
          <skipped>false</skipped>
          <failedSince>0</failedSince>
        </case>
        <case>
          <duration>0.059</duration>
          <className>edu.ncsu.csc.itrust.unit.action.EditPatientActionTest</className>
          <testName>testDeactivateActivate</testName>
          <skipped>false</skipped>
          <failedSince>0</failedSince>
        </case>
        <case>
          <duration>0.058</duration>
          <className>edu.ncsu.csc.itrust.unit.action.EditPatientActionTest</className>
          <testName>testEditCOD</testName>
          <skipped>false</skipped>
          <failedSince>0</failedSince>
        </case>
      </cases>
    </suite>
    <suite>
      <file>/var/lib/jenkins/workspace/itrust-main/iTrust-v23/iTrust/target/surefire-reports/TEST-edu.ncsu.csc.itrust.unit.action.EditRepresentativesActionTest.xml</file>
      <name>edu.ncsu.csc.itrust.unit.action.EditRepresentativesActionTest</name>
      <duration>0.772</duration>
      <time>0.772</time>
      <cases>
        <case>
          <duration>0.062</duration>
          <className>edu.ncsu.csc.itrust.unit.action.EditRepresentativesActionTest</className>
          <testName>testNotAPatient</testName>
          <skipped>false</skipped>
          <failedSince>0</failedSince>
        </case>
        <case>
          <duration>0.086</duration>
          <className>edu.ncsu.csc.itrust.unit.action.EditRepresentativesActionTest</className>
          <testName>testNonPatientAddRepresentative</testName>
          <skipped>false</skipped>
          <failedSince>0</failedSince>
        </case>
        <case>
          <duration>0.075</duration>
          <className>edu.ncsu.csc.itrust.unit.action.EditRepresentativesActionTest</className>
          <testName>testGetRepresentatives</testName>
          <skipped>false</skipped>
          <failedSince>0</failedSince>
        </case>
        <case>
          <duration>0.081</duration>
          <className>edu.ncsu.csc.itrust.unit.action.EditRepresentativesActionTest</className>
          <testName>testCannotRepresentSelf</testName>
          <skipped>false</skipped>
          <failedSince>0</failedSince>
        </case>
        <case>
          <duration>0.085</duration>
          <className>edu.ncsu.csc.itrust.unit.action.EditRepresentativesActionTest</className>
          <testName>testCheckIfPatientIsActive</testName>
          <skipped>false</skipped>
          <failedSince>0</failedSince>
        </case>
        <case>
          <duration>0.092</duration>
          <className>edu.ncsu.csc.itrust.unit.action.EditRepresentativesActionTest</className>
          <testName>testGetRepresentativeName</testName>
          <skipped>false</skipped>
          <failedSince>0</failedSince>
        </case>
        <case>
          <duration>0.079</duration>
          <className>edu.ncsu.csc.itrust.unit.action.EditRepresentativesActionTest</className>
          <testName>testRemoveNothing</testName>
          <skipped>false</skipped>
          <failedSince>0</failedSince>
        </case>
        <case>
          <duration>0.064</duration>
          <className>edu.ncsu.csc.itrust.unit.action.EditRepresentativesActionTest</className>
          <testName>testAddRepresentee</testName>
          <skipped>false</skipped>
          <failedSince>0</failedSince>
        </case>
        <case>
          <duration>0.069</duration>
          <className>edu.ncsu.csc.itrust.unit.action.EditRepresentativesActionTest</className>
          <testName>testRemoveRepresentee</testName>
          <skipped>false</skipped>
          <failedSince>0</failedSince>
        </case>
        <case>
          <duration>0.076</duration>
          <className>edu.ncsu.csc.itrust.unit.action.EditRepresentativesActionTest</className>
          <testName>testAddNotNumber</testName>
          <skipped>false</skipped>
          <failedSince>0</failedSince>
        </case>
      </cases>
    </suite>
    <suite>
      <file>/var/lib/jenkins/workspace/itrust-main/iTrust-v23/iTrust/target/surefire-reports/TEST-edu.ncsu.csc.itrust.unit.action.EventLoggingActionTest.xml</file>
      <name>edu.ncsu.csc.itrust.unit.action.EventLoggingActionTest</name>
      <duration>0.053</duration>
      <time>0.053</time>
      <cases>
        <case>
          <duration>0.053</duration>
          <className>edu.ncsu.csc.itrust.unit.action.EventLoggingActionTest</className>
          <testName>testGetTransactions</testName>
          <skipped>false</skipped>
          <failedSince>0</failedSince>
        </case>
      </cases>
    </suite>
    <suite>
      <file>/var/lib/jenkins/workspace/itrust-main/iTrust-v23/iTrust/target/surefire-reports/TEST-edu.ncsu.csc.itrust.unit.action.GenerateCalendarActionTest.xml</file>
      <name>edu.ncsu.csc.itrust.unit.action.GenerateCalendarActionTest</name>
      <duration>0.639</duration>
      <time>0.639</time>
      <cases>
        <case>
          <duration>0.174</duration>
          <className>edu.ncsu.csc.itrust.unit.action.GenerateCalendarActionTest</className>
          <testName>testGetSend</testName>
          <skipped>false</skipped>
          <failedSince>0</failedSince>
        </case>
        <case>
          <duration>0.159</duration>
          <className>edu.ncsu.csc.itrust.unit.action.GenerateCalendarActionTest</className>
          <testName>testGetApptsTable</testName>
          <skipped>false</skipped>
          <failedSince>0</failedSince>
        </case>
        <case>
          <duration>0.303</duration>
          <className>edu.ncsu.csc.itrust.unit.action.GenerateCalendarActionTest</className>
          <testName>testGetConflicts</testName>
          <skipped>false</skipped>
          <failedSince>0</failedSince>
        </case>
      </cases>
    </suite>
    <suite>
      <file>/var/lib/jenkins/workspace/itrust-main/iTrust-v23/iTrust/target/surefire-reports/TEST-edu.ncsu.csc.itrust.unit.action.GroupReportActionTest.xml</file>
      <name>edu.ncsu.csc.itrust.unit.action.GroupReportActionTest</name>
      <duration>0.572</duration>
      <time>0.572</time>
      <cases>
        <case>
          <duration>0.16</duration>
          <className>edu.ncsu.csc.itrust.unit.action.GroupReportActionTest</className>
          <testName>testGetComprehensiveMedicalInfo</testName>
          <skipped>false</skipped>
          <failedSince>0</failedSince>
        </case>
        <case>
          <duration>0.203</duration>
          <className>edu.ncsu.csc.itrust.unit.action.GroupReportActionTest</className>
          <testName>testGenerateReport</testName>
          <skipped>false</skipped>
          <failedSince>0</failedSince>
        </case>
        <case>
          <duration>0.206</duration>
          <className>edu.ncsu.csc.itrust.unit.action.GroupReportActionTest</className>
          <testName>testGetComprehensiveDemographicInfo</testName>
          <skipped>false</skipped>
          <failedSince>0</failedSince>
        </case>
      </cases>
    </suite>
    <suite>
      <file>/var/lib/jenkins/workspace/itrust-main/iTrust-v23/iTrust/target/surefire-reports/TEST-edu.ncsu.csc.itrust.unit.action.GroupReportGeneratorActionTest.xml</file>
      <name>edu.ncsu.csc.itrust.unit.action.GroupReportGeneratorActionTest</name>
      <duration>0.543</duration>
      <time>0.543</time>
      <cases>
        <case>
          <duration>0.18</duration>
          <className>edu.ncsu.csc.itrust.unit.action.GroupReportGeneratorActionTest</className>
          <testName>testParseFilters</testName>
          <skipped>false</skipped>
          <failedSince>0</failedSince>
        </case>
        <case>
          <duration>0.363</duration>
          <className>edu.ncsu.csc.itrust.unit.action.GroupReportGeneratorActionTest</className>
          <testName>testGenerateReport</testName>
          <skipped>false</skipped>
          <failedSince>0</failedSince>
        </case>
      </cases>
    </suite>
    <suite>
      <file>/var/lib/jenkins/workspace/itrust-main/iTrust-v23/iTrust/target/surefire-reports/TEST-edu.ncsu.csc.itrust.unit.action.LoginFailureActionTest.xml</file>
      <name>edu.ncsu.csc.itrust.unit.action.LoginFailureActionTest</name>
      <duration>0.366</duration>
      <time>0.366</time>
      <cases>
        <case>
          <duration>0.057</duration>
          <className>edu.ncsu.csc.itrust.unit.action.LoginFailureActionTest</className>
          <testName>testSetCaptcha</testName>
          <skipped>false</skipped>
          <failedSince>0</failedSince>
        </case>
        <case>
          <duration>0.064</duration>
          <className>edu.ncsu.csc.itrust.unit.action.LoginFailureActionTest</className>
          <testName>testNormalLoginFailureSequence</testName>
          <skipped>false</skipped>
          <failedSince>0</failedSince>
        </case>
        <case>
          <duration>0.068</duration>
          <className>edu.ncsu.csc.itrust.unit.action.LoginFailureActionTest</className>
          <testName>testNeedsCaptcha</testName>
          <skipped>false</skipped>
          <failedSince>0</failedSince>
        </case>
        <case>
          <duration>0.061</duration>
          <className>edu.ncsu.csc.itrust.unit.action.LoginFailureActionTest</className>
          <testName>testEvilFactory</testName>
          <skipped>false</skipped>
          <failedSince>0</failedSince>
        </case>
        <case>
          <duration>0.059</duration>
          <className>edu.ncsu.csc.itrust.unit.action.LoginFailureActionTest</className>
          <testName>testIsValidForLoginEvil</testName>
          <skipped>false</skipped>
          <failedSince>0</failedSince>
        </case>
        <case>
          <duration>0.056</duration>
          <className>edu.ncsu.csc.itrust.unit.action.LoginFailureActionTest</className>
          <testName>testRecordLoginFailureEvil</testName>
          <skipped>false</skipped>
          <failedSince>0</failedSince>
        </case>
      </cases>
    </suite>
    <suite>
      <file>/var/lib/jenkins/workspace/itrust-main/iTrust-v23/iTrust/target/surefire-reports/TEST-edu.ncsu.csc.itrust.unit.action.ManageHospitalAssignmentsActionTest.xml</file>
      <name>edu.ncsu.csc.itrust.unit.action.ManageHospitalAssignmentsActionTest</name>
      <duration>1.57</duration>
      <time>1.57</time>
      <cases>
        <case>
          <duration>0.108</duration>
          <className>edu.ncsu.csc.itrust.unit.action.ManageHospitalAssignmentsActionTest</className>
          <testName>testRemoveAllEvil</testName>
          <skipped>false</skipped>
          <failedSince>0</failedSince>
        </case>
        <case>
          <duration>0.081</duration>
          <className>edu.ncsu.csc.itrust.unit.action.ManageHospitalAssignmentsActionTest</className>
          <testName>testRemoveHCPAssignmentsBadID</testName>
          <skipped>false</skipped>
          <failedSince>0</failedSince>
        </case>
        <case>
          <duration>0.072</duration>
          <className>edu.ncsu.csc.itrust.unit.action.ManageHospitalAssignmentsActionTest</className>
          <testName>testCheckHCPIDEvil</testName>
          <skipped>false</skipped>
          <failedSince>0</failedSince>
        </case>
        <case>
          <duration>0.071</duration>
          <className>edu.ncsu.csc.itrust.unit.action.ManageHospitalAssignmentsActionTest</className>
          <testName>testCheckLTIDStringMID</testName>
          <skipped>false</skipped>
          <failedSince>0</failedSince>
        </case>
        <case>
          <duration>0.073</duration>
          <className>edu.ncsu.csc.itrust.unit.action.ManageHospitalAssignmentsActionTest</className>
          <testName>testCheckHCPID</testName>
          <skipped>false</skipped>
          <failedSince>0</failedSince>
        </case>
        <case>
          <duration>0.081</duration>
          <className>edu.ncsu.csc.itrust.unit.action.ManageHospitalAssignmentsActionTest</className>
          <testName>testCheckHCPIDStringMID</testName>
          <skipped>false</skipped>
          <failedSince>0</failedSince>
        </case>
        <case>
          <duration>0.072</duration>
          <className>edu.ncsu.csc.itrust.unit.action.ManageHospitalAssignmentsActionTest</className>
          <testName>testAssignHCPToHospital</testName>
          <skipped>false</skipped>
          <failedSince>0</failedSince>
        </case>
        <case>
          <duration>0.099</duration>
          <className>edu.ncsu.csc.itrust.unit.action.ManageHospitalAssignmentsActionTest</className>
          <testName>testCheckLTHospital</testName>
          <skipped>false</skipped>
          <failedSince>0</failedSince>
        </case>
        <case>
          <duration>0.095</duration>
          <className>edu.ncsu.csc.itrust.unit.action.ManageHospitalAssignmentsActionTest</className>
          <testName>testGetAvailableHospitalsBadMID</testName>
          <skipped>false</skipped>
          <failedSince>0</failedSince>
        </case>
        <case>
          <duration>0.072</duration>
          <className>edu.ncsu.csc.itrust.unit.action.ManageHospitalAssignmentsActionTest</className>
          <testName>testAssignHCPToHospitalBadID</testName>
          <skipped>false</skipped>
          <failedSince>0</failedSince>
        </case>
        <case>
          <duration>0.076</duration>
          <className>edu.ncsu.csc.itrust.unit.action.ManageHospitalAssignmentsActionTest</className>
          <testName>testRemovePersonnelAssignmentToHospital</testName>
          <skipped>false</skipped>
          <errorStackTrace>junit.framework.ComparisonFailure: expected:&lt;HCP [successfully] unassigned&gt; but was:&lt;HCP [not] unassigned&gt;
	at edu.ncsu.csc.itrust.unit.action.ManageHospitalAssignmentsActionTest.testRemovePersonnelAssignmentToHospital(ManageHospitalAssignmentsActionTest.java:100)
</errorStackTrace>
          <errorDetails>expected:&lt;HCP [successfully] unassigned&gt; but was:&lt;HCP [not] unassigned&gt;</errorDetails>
          <stderr>edu.ncsu.csc.itrust.exception.DBException: A database exception has occurred. Please see the log in the console for stacktrace
	at edu.ncsu.csc.itrust.model.old.dao.mysql.TransactionDAO.logTransaction(TransactionDAO.java:99)
	at edu.ncsu.csc.itrust.logger.TransactionLogger.logTransaction(TransactionLogger.java:40)
	at edu.ncsu.csc.itrust.action.ManageHospitalAssignmentsAction.assignHCPToHospital(ManageHospitalAssignmentsAction.java:89)
	at edu.ncsu.csc.itrust.unit.action.ManageHospitalAssignmentsActionTest.doAssignment(ManageHospitalAssignmentsActionTest.java:45)
	at edu.ncsu.csc.itrust.unit.action.ManageHospitalAssignmentsActionTest.testRemovePersonnelAssignmentToHospital(ManageHospitalAssignmentsActionTest.java:99)
	at sun.reflect.NativeMethodAccessorImpl.invoke0(Native Method)
	at sun.reflect.NativeMethodAccessorImpl.invoke(NativeMethodAccessorImpl.java:62)
	at sun.reflect.DelegatingMethodAccessorImpl.invoke(DelegatingMethodAccessorImpl.java:43)
	at java.lang.reflect.Method.invoke(Method.java:498)
	at junit.framework.TestCase.runTest(TestCase.java:176)
	at junit.framework.TestCase.runBare(TestCase.java:141)
	at junit.framework.TestResult$1.protect(TestResult.java:122)
	at junit.framework.TestResult.runProtected(TestResult.java:142)
	at junit.framework.TestResult.run(TestResult.java:125)
	at junit.framework.TestCase.run(TestCase.java:129)
	at junit.framework.TestSuite.runTest(TestSuite.java:252)
	at junit.framework.TestSuite.run(TestSuite.java:247)
	at org.junit.internal.runners.JUnit38ClassRunner.run(JUnit38ClassRunner.java:86)
	at org.apache.maven.surefire.junit4.JUnit4Provider.execute(JUnit4Provider.java:344)
	at org.apache.maven.surefire.junit4.JUnit4Provider.executeWithRerun(JUnit4Provider.java:269)
	at org.apache.maven.surefire.junit4.JUnit4Provider.executeTestSet(JUnit4Provider.java:240)
	at org.apache.maven.surefire.junit4.JUnit4Provider.invoke(JUnit4Provider.java:184)
	at org.apache.maven.surefire.booter.ForkedBooter.invokeProviderInSameClassLoader(ForkedBooter.java:286)
	at org.apache.maven.surefire.booter.ForkedBooter.runSuitesInProcess(ForkedBooter.java:240)
	at org.apache.maven.surefire.booter.ForkedBooter.main(ForkedBooter.java:121)
</stderr>
          <failedSince>1</failedSince>
        </case>
        <case>
          <duration>0.073</duration>
          <className>edu.ncsu.csc.itrust.unit.action.ManageHospitalAssignmentsActionTest</className>
          <testName>testGetAvailableHospitals</testName>
          <skipped>false</skipped>
          <failedSince>0</failedSince>
        </case>
        <case>
          <duration>0.088</duration>
          <className>edu.ncsu.csc.itrust.unit.action.ManageHospitalAssignmentsActionTest</className>
          <testName>testRemovaAllUnassigned</testName>
          <skipped>false</skipped>
          <failedSince>0</failedSince>
        </case>
        <case>
          <duration>0.094</duration>
          <className>edu.ncsu.csc.itrust.unit.action.ManageHospitalAssignmentsActionTest</className>
          <testName>testAssignHCPToHospitalEvil</testName>
          <skipped>false</skipped>
          <failedSince>0</failedSince>
        </case>
        <case>
          <duration>0.072</duration>
          <className>edu.ncsu.csc.itrust.unit.action.ManageHospitalAssignmentsActionTest</className>
          <testName>testCheckHCPIDBadMID</testName>
          <skipped>false</skipped>
          <failedSince>0</failedSince>
        </case>
        <case>
          <duration>0.074</duration>
          <className>edu.ncsu.csc.itrust.unit.action.ManageHospitalAssignmentsActionTest</className>
          <testName>testAssignDuplicate</testName>
          <skipped>false</skipped>
          <errorStackTrace>junit.framework.ComparisonFailure: expected:&lt;[HCP 9000000000 already assigned to hospital 1]&gt; but was:&lt;[A database exception has occurred. Please see the log in the console for stacktrace]&gt;
	at edu.ncsu.csc.itrust.unit.action.ManageHospitalAssignmentsActionTest.testAssignDuplicate(ManageHospitalAssignmentsActionTest.java:89)
</errorStackTrace>
          <errorDetails>expected:&lt;[HCP 9000000000 already assigned to hospital 1]&gt; but was:&lt;[A database exception has occurred. Please see the log in the console for stacktrace]&gt;</errorDetails>
          <stderr>edu.ncsu.csc.itrust.exception.DBException: A database exception has occurred. Please see the log in the console for stacktrace
	at edu.ncsu.csc.itrust.model.old.dao.mysql.TransactionDAO.logTransaction(TransactionDAO.java:99)
	at edu.ncsu.csc.itrust.logger.TransactionLogger.logTransaction(TransactionLogger.java:40)
	at edu.ncsu.csc.itrust.action.ManageHospitalAssignmentsAction.assignHCPToHospital(ManageHospitalAssignmentsAction.java:89)
	at edu.ncsu.csc.itrust.unit.action.ManageHospitalAssignmentsActionTest.doAssignment(ManageHospitalAssignmentsActionTest.java:45)
	at edu.ncsu.csc.itrust.unit.action.ManageHospitalAssignmentsActionTest.testAssignDuplicate(ManageHospitalAssignmentsActionTest.java:84)
	at sun.reflect.NativeMethodAccessorImpl.invoke0(Native Method)
	at sun.reflect.NativeMethodAccessorImpl.invoke(NativeMethodAccessorImpl.java:62)
	at sun.reflect.DelegatingMethodAccessorImpl.invoke(DelegatingMethodAccessorImpl.java:43)
	at java.lang.reflect.Method.invoke(Method.java:498)
	at junit.framework.TestCase.runTest(TestCase.java:176)
	at junit.framework.TestCase.runBare(TestCase.java:141)
	at junit.framework.TestResult$1.protect(TestResult.java:122)
	at junit.framework.TestResult.runProtected(TestResult.java:142)
	at junit.framework.TestResult.run(TestResult.java:125)
	at junit.framework.TestCase.run(TestCase.java:129)
	at junit.framework.TestSuite.runTest(TestSuite.java:252)
	at junit.framework.TestSuite.run(TestSuite.java:247)
	at org.junit.internal.runners.JUnit38ClassRunner.run(JUnit38ClassRunner.java:86)
	at org.apache.maven.surefire.junit4.JUnit4Provider.execute(JUnit4Provider.java:344)
	at org.apache.maven.surefire.junit4.JUnit4Provider.executeWithRerun(JUnit4Provider.java:269)
	at org.apache.maven.surefire.junit4.JUnit4Provider.executeTestSet(JUnit4Provider.java:240)
	at org.apache.maven.surefire.junit4.JUnit4Provider.invoke(JUnit4Provider.java:184)
	at org.apache.maven.surefire.booter.ForkedBooter.invokeProviderInSameClassLoader(ForkedBooter.java:286)
	at org.apache.maven.surefire.booter.ForkedBooter.runSuitesInProcess(ForkedBooter.java:240)
	at org.apache.maven.surefire.booter.ForkedBooter.main(ForkedBooter.java:121)
</stderr>
          <failedSince>90</failedSince>
        </case>
        <case>
          <duration>0.066</duration>
          <className>edu.ncsu.csc.itrust.unit.action.ManageHospitalAssignmentsActionTest</className>
          <testName>testGetAssignedHospitalsBadMID</testName>
          <skipped>false</skipped>
          <failedSince>0</failedSince>
        </case>
        <case>
          <duration>0.069</duration>
          <className>edu.ncsu.csc.itrust.unit.action.ManageHospitalAssignmentsActionTest</className>
          <testName>testRemoveAll</testName>
          <skipped>false</skipped>
          <failedSince>0</failedSince>
        </case>
        <case>
          <duration>0.067</duration>
          <className>edu.ncsu.csc.itrust.unit.action.ManageHospitalAssignmentsActionTest</className>
          <testName>testRemoveNonAssigned</testName>
          <skipped>false</skipped>
          <errorStackTrace>junit.framework.ComparisonFailure: expected:&lt;HCP [not] unassigned&gt; but was:&lt;HCP [successfully] unassigned&gt;
	at edu.ncsu.csc.itrust.unit.action.ManageHospitalAssignmentsActionTest.testRemoveNonAssigned(ManageHospitalAssignmentsActionTest.java:110)
</errorStackTrace>
          <errorDetails>expected:&lt;HCP [not] unassigned&gt; but was:&lt;HCP [successfully] unassigned&gt;</errorDetails>
          <stderr>edu.ncsu.csc.itrust.exception.DBException: A database exception has occurred. Please see the log in the console for stacktrace
	at edu.ncsu.csc.itrust.model.old.dao.mysql.TransactionDAO.logTransaction(TransactionDAO.java:99)
	at edu.ncsu.csc.itrust.logger.TransactionLogger.logTransaction(TransactionLogger.java:40)
	at edu.ncsu.csc.itrust.action.ManageHospitalAssignmentsAction.removeHCPAssignmentToHospital(ManageHospitalAssignmentsAction.java:113)
	at edu.ncsu.csc.itrust.unit.action.ManageHospitalAssignmentsActionTest.testRemoveNonAssigned(ManageHospitalAssignmentsActionTest.java:110)
	at sun.reflect.NativeMethodAccessorImpl.invoke0(Native Method)
	at sun.reflect.NativeMethodAccessorImpl.invoke(NativeMethodAccessorImpl.java:62)
	at sun.reflect.DelegatingMethodAccessorImpl.invoke(DelegatingMethodAccessorImpl.java:43)
	at java.lang.reflect.Method.invoke(Method.java:498)
	at junit.framework.TestCase.runTest(TestCase.java:176)
	at junit.framework.TestCase.runBare(TestCase.java:141)
	at junit.framework.TestResult$1.protect(TestResult.java:122)
	at junit.framework.TestResult.runProtected(TestResult.java:142)
	at junit.framework.TestResult.run(TestResult.java:125)
	at junit.framework.TestCase.run(TestCase.java:129)
	at junit.framework.TestSuite.runTest(TestSuite.java:252)
	at junit.framework.TestSuite.run(TestSuite.java:247)
	at org.junit.internal.runners.JUnit38ClassRunner.run(JUnit38ClassRunner.java:86)
	at org.apache.maven.surefire.junit4.JUnit4Provider.execute(JUnit4Provider.java:344)
	at org.apache.maven.surefire.junit4.JUnit4Provider.executeWithRerun(JUnit4Provider.java:269)
	at org.apache.maven.surefire.junit4.JUnit4Provider.executeTestSet(JUnit4Provider.java:240)
	at org.apache.maven.surefire.junit4.JUnit4Provider.invoke(JUnit4Provider.java:184)
	at org.apache.maven.surefire.booter.ForkedBooter.invokeProviderInSameClassLoader(ForkedBooter.java:286)
	at org.apache.maven.surefire.booter.ForkedBooter.runSuitesInProcess(ForkedBooter.java:240)
	at org.apache.maven.surefire.booter.ForkedBooter.main(ForkedBooter.java:121)
</stderr>
          <failedSince>1</failedSince>
        </case>
        <case>
          <duration>0.061</duration>
          <className>edu.ncsu.csc.itrust.unit.action.ManageHospitalAssignmentsActionTest</className>
          <testName>testRemoveHCPtoHospitalBadID</testName>
          <skipped>false</skipped>
          <failedSince>0</failedSince>
        </case>
      </cases>
    </suite>
    <suite>
      <file>/var/lib/jenkins/workspace/itrust-main/iTrust-v23/iTrust/target/surefire-reports/TEST-edu.ncsu.csc.itrust.unit.action.PatientBaseActionTest.xml</file>
      <name>edu.ncsu.csc.itrust.unit.action.PatientBaseActionTest</name>
      <duration>0.001</duration>
      <time>0.001</time>
      <cases>
        <case>
          <duration>0.001</duration>
          <className>edu.ncsu.csc.itrust.unit.action.PatientBaseActionTest</className>
          <testName>testEvilDatabase</testName>
          <skipped>false</skipped>
          <failedSince>0</failedSince>
        </case>
      </cases>
    </suite>
    <suite>
      <file>/var/lib/jenkins/workspace/itrust-main/iTrust-v23/iTrust/target/surefire-reports/TEST-edu.ncsu.csc.itrust.unit.action.PatientRoomAssignmentActionTest.xml</file>
      <name>edu.ncsu.csc.itrust.unit.action.PatientRoomAssignmentActionTest</name>
      <duration>0.265</duration>
      <time>0.265</time>
      <cases>
        <case>
          <duration>0.265</duration>
          <className>edu.ncsu.csc.itrust.unit.action.PatientRoomAssignmentActionTest</className>
          <testName>testassignPatient</testName>
          <skipped>false</skipped>
          <failedSince>0</failedSince>
        </case>
      </cases>
    </suite>
    <suite>
      <file>/var/lib/jenkins/workspace/itrust-main/iTrust-v23/iTrust/target/surefire-reports/TEST-edu.ncsu.csc.itrust.unit.action.PayBillActionTest.xml</file>
      <name>edu.ncsu.csc.itrust.unit.action.PayBillActionTest</name>
      <duration>0.541</duration>
      <time>0.541</time>
      <cases>
        <case>
          <duration>0.266</duration>
          <className>edu.ncsu.csc.itrust.unit.action.PayBillActionTest</className>
          <testName>testPayBillWithCC</testName>
          <skipped>false</skipped>
          <errorStackTrace>java.lang.NullPointerException
	at edu.ncsu.csc.itrust.unit.action.PayBillActionTest.testPayBillWithCC(PayBillActionTest.java:53)
</errorStackTrace>
          <stderr>edu.ncsu.csc.itrust.exception.DBException: A database exception has occurred. Please see the log in the console for stacktrace
	at edu.ncsu.csc.itrust.model.old.dao.mysql.TransactionDAO.logTransaction(TransactionDAO.java:99)
	at edu.ncsu.csc.itrust.logger.TransactionLogger.logTransaction(TransactionLogger.java:40)
	at edu.ncsu.csc.itrust.action.ViewMyBillingAction.getAllMyBills(ViewMyBillingAction.java:50)
	at edu.ncsu.csc.itrust.unit.action.PayBillActionTest.setUp(PayBillActionTest.java:26)
	at junit.framework.TestCase.runBare(TestCase.java:139)
	at junit.framework.TestResult$1.protect(TestResult.java:122)
	at junit.framework.TestResult.runProtected(TestResult.java:142)
	at junit.framework.TestResult.run(TestResult.java:125)
	at junit.framework.TestCase.run(TestCase.java:129)
	at junit.framework.TestSuite.runTest(TestSuite.java:252)
	at junit.framework.TestSuite.run(TestSuite.java:247)
	at org.junit.internal.runners.JUnit38ClassRunner.run(JUnit38ClassRunner.java:86)
	at org.apache.maven.surefire.junit4.JUnit4Provider.execute(JUnit4Provider.java:344)
	at org.apache.maven.surefire.junit4.JUnit4Provider.executeWithRerun(JUnit4Provider.java:269)
	at org.apache.maven.surefire.junit4.JUnit4Provider.executeTestSet(JUnit4Provider.java:240)
	at org.apache.maven.surefire.junit4.JUnit4Provider.invoke(JUnit4Provider.java:184)
	at org.apache.maven.surefire.booter.ForkedBooter.invokeProviderInSameClassLoader(ForkedBooter.java:286)
	at org.apache.maven.surefire.booter.ForkedBooter.runSuitesInProcess(ForkedBooter.java:240)
	at org.apache.maven.surefire.booter.ForkedBooter.main(ForkedBooter.java:121)
</stderr>
          <failedSince>1</failedSince>
        </case>
        <case>
          <duration>0.274</duration>
          <className>edu.ncsu.csc.itrust.unit.action.PayBillActionTest</className>
          <testName>testPayBillWithIns</testName>
          <skipped>false</skipped>
          <failedSince>0</failedSince>
        </case>
      </cases>
    </suite>
    <suite>
      <file>/var/lib/jenkins/workspace/itrust-main/iTrust-v23/iTrust/target/surefire-reports/TEST-edu.ncsu.csc.itrust.unit.action.ReviewsActionTest.xml</file>
      <name>edu.ncsu.csc.itrust.unit.action.ReviewsActionTest</name>
      <duration>1.062</duration>
      <time>1.062</time>
      <cases>
        <case>
          <duration>0.225</duration>
          <className>edu.ncsu.csc.itrust.unit.action.ReviewsActionTest</className>
          <testName>testGetPhysician</testName>
          <skipped>false</skipped>
          <failedSince>0</failedSince>
        </case>
        <case>
          <duration>0.204</duration>
          <className>edu.ncsu.csc.itrust.unit.action.ReviewsActionTest</className>
          <testName>testAddReviewValid</testName>
          <skipped>false</skipped>
          <failedSince>0</failedSince>
        </case>
        <case>
          <duration>0.227</duration>
          <className>edu.ncsu.csc.itrust.unit.action.ReviewsActionTest</className>
          <testName>testGetReviews</testName>
          <skipped>false</skipped>
          <failedSince>0</failedSince>
        </case>
        <case>
          <duration>0.201</duration>
          <className>edu.ncsu.csc.itrust.unit.action.ReviewsActionTest</className>
          <testName>testIsAbleToRate</testName>
          <skipped>false</skipped>
          <failedSince>0</failedSince>
        </case>
        <case>
          <duration>0.202</duration>
          <className>edu.ncsu.csc.itrust.unit.action.ReviewsActionTest</className>
          <testName>testGetAverageRating</testName>
          <skipped>false</skipped>
          <failedSince>0</failedSince>
        </case>
      </cases>
    </suite>
    <suite>
      <file>/var/lib/jenkins/workspace/itrust-main/iTrust-v23/iTrust/target/surefire-reports/TEST-edu.ncsu.csc.itrust.unit.action.SearchUsersActionTest.xml</file>
      <name>edu.ncsu.csc.itrust.unit.action.SearchUsersActionTest</name>
      <duration>3.163</duration>
      <time>3.163</time>
      <cases>
        <case>
          <duration>0.255</duration>
          <className>edu.ncsu.csc.itrust.unit.action.SearchUsersActionTest</className>
          <testName>testSearchForPatientsWithName2</testName>
          <skipped>false</skipped>
          <failedSince>0</failedSince>
        </case>
        <case>
          <duration>0.267</duration>
          <className>edu.ncsu.csc.itrust.unit.action.SearchUsersActionTest</className>
          <testName>testSearchForPatientsWithName3</testName>
          <skipped>false</skipped>
          <failedSince>0</failedSince>
        </case>
        <case>
          <duration>0.199</duration>
          <className>edu.ncsu.csc.itrust.unit.action.SearchUsersActionTest</className>
          <testName>testFuzzySearchForPatient1</testName>
          <skipped>false</skipped>
          <failedSince>0</failedSince>
        </case>
        <case>
          <duration>0.254</duration>
          <className>edu.ncsu.csc.itrust.unit.action.SearchUsersActionTest</className>
          <testName>testFuzzySearchForPatient2</testName>
          <skipped>false</skipped>
          <failedSince>0</failedSince>
        </case>
        <case>
          <duration>0.243</duration>
          <className>edu.ncsu.csc.itrust.unit.action.SearchUsersActionTest</className>
          <testName>testFuzzySearchForPatient3</testName>
          <skipped>false</skipped>
          <failedSince>0</failedSince>
        </case>
        <case>
          <duration>0.166</duration>
          <className>edu.ncsu.csc.itrust.unit.action.SearchUsersActionTest</className>
          <testName>testSearchForPatientsWithName</testName>
          <skipped>false</skipped>
          <failedSince>0</failedSince>
        </case>
        <case>
          <duration>0.255</duration>
          <className>edu.ncsu.csc.itrust.unit.action.SearchUsersActionTest</className>
          <testName>testFuzzySearchForPatientDeactivated</testName>
          <skipped>false</skipped>
          <failedSince>0</failedSince>
        </case>
        <case>
          <duration>0.236</duration>
          <className>edu.ncsu.csc.itrust.unit.action.SearchUsersActionTest</className>
          <testName>testZeroPatients</testName>
          <skipped>false</skipped>
          <failedSince>0</failedSince>
        </case>
        <case>
          <duration>0.242</duration>
          <className>edu.ncsu.csc.itrust.unit.action.SearchUsersActionTest</className>
          <testName>testSearchForPersonnelWithName2</testName>
          <skipped>false</skipped>
          <failedSince>0</failedSince>
        </case>
        <case>
          <duration>0.184</duration>
          <className>edu.ncsu.csc.itrust.unit.action.SearchUsersActionTest</className>
          <testName>testSearchForPersonnelWithName3</testName>
          <skipped>false</skipped>
          <failedSince>0</failedSince>
        </case>
        <case>
          <duration>0.236</duration>
          <className>edu.ncsu.csc.itrust.unit.action.SearchUsersActionTest</className>
          <testName>testFuzzySearchForExpert</testName>
          <skipped>false</skipped>
          <failedSince>0</failedSince>
        </case>
        <case>
          <duration>0.15</duration>
          <className>edu.ncsu.csc.itrust.unit.action.SearchUsersActionTest</className>
          <testName>testSearchForPersonnelWithName</testName>
          <skipped>false</skipped>
          <failedSince>0</failedSince>
        </case>
        <case>
          <duration>0.21</duration>
          <className>edu.ncsu.csc.itrust.unit.action.SearchUsersActionTest</className>
          <testName>testFuzzySearchForPatientDeactivatedOverride</testName>
          <skipped>false</skipped>
          <failedSince>0</failedSince>
        </case>
        <case>
          <duration>0.262</duration>
          <className>edu.ncsu.csc.itrust.unit.action.SearchUsersActionTest</className>
          <testName>testDeactivated</testName>
          <skipped>false</skipped>
          <failedSince>0</failedSince>
        </case>
      </cases>
    </suite>
    <suite>
      <file>/var/lib/jenkins/workspace/itrust-main/iTrust-v23/iTrust/target/surefire-reports/TEST-edu.ncsu.csc.itrust.unit.action.SendMessageActionTest.xml</file>
      <name>edu.ncsu.csc.itrust.unit.action.SendMessageActionTest</name>
      <duration>1.762</duration>
      <time>1.762</time>
      <cases>
        <case>
          <duration>0.212</duration>
          <className>edu.ncsu.csc.itrust.unit.action.SendMessageActionTest</className>
          <testName>testGetPatientName</testName>
          <skipped>false</skipped>
          <failedSince>0</failedSince>
        </case>
        <case>
          <duration>0.232</duration>
          <className>edu.ncsu.csc.itrust.unit.action.SendMessageActionTest</className>
          <testName>testGetMyRepresentees</testName>
          <skipped>false</skipped>
          <failedSince>0</failedSince>
        </case>
        <case>
          <duration>0.214</duration>
          <className>edu.ncsu.csc.itrust.unit.action.SendMessageActionTest</className>
          <testName>testSendMessage</testName>
          <skipped>false</skipped>
          <failedSince>0</failedSince>
        </case>
        <case>
          <duration>0.251</duration>
          <className>edu.ncsu.csc.itrust.unit.action.SendMessageActionTest</className>
          <testName>testGetMyDLHCPs</testName>
          <skipped>false</skipped>
          <failedSince>0</failedSince>
        </case>
        <case>
          <duration>0.261</duration>
          <className>edu.ncsu.csc.itrust.unit.action.SendMessageActionTest</className>
          <testName>testGetMyDLHCPs2</testName>
          <skipped>false</skipped>
          <failedSince>0</failedSince>
        </case>
        <case>
          <duration>0.283</duration>
          <className>edu.ncsu.csc.itrust.unit.action.SendMessageActionTest</className>
          <testName>testGetPersonnelName</testName>
          <skipped>false</skipped>
          <failedSince>0</failedSince>
        </case>
        <case>
          <duration>0.297</duration>
          <className>edu.ncsu.csc.itrust.unit.action.SendMessageActionTest</className>
          <testName>testGetDLCHPsFor</testName>
          <skipped>false</skipped>
          <failedSince>0</failedSince>
        </case>
      </cases>
    </suite>
    <suite>
      <file>/var/lib/jenkins/workspace/itrust-main/iTrust-v23/iTrust/target/surefire-reports/TEST-edu.ncsu.csc.itrust.unit.action.SetSecurityQuestionTest.xml</file>
      <name>edu.ncsu.csc.itrust.unit.action.SetSecurityQuestionTest</name>
      <duration>0.188</duration>
      <time>0.188</time>
      <cases>
        <case>
          <duration>0.048</duration>
          <className>edu.ncsu.csc.itrust.unit.action.SetSecurityQuestionTest</className>
          <testName>testUpdateInformationCorrectly</testName>
          <skipped>false</skipped>
          <failedSince>0</failedSince>
        </case>
        <case>
          <duration>0.049</duration>
          <className>edu.ncsu.csc.itrust.unit.action.SetSecurityQuestionTest</className>
          <testName>testRetriveInformation</testName>
          <skipped>false</skipped>
          <failedSince>0</failedSince>
        </case>
        <case>
          <duration>0.045</duration>
          <className>edu.ncsu.csc.itrust.unit.action.SetSecurityQuestionTest</className>
          <testName>testBadConnection</testName>
          <skipped>false</skipped>
          <failedSince>0</failedSince>
        </case>
        <case>
          <duration>0.044</duration>
          <className>edu.ncsu.csc.itrust.unit.action.SetSecurityQuestionTest</className>
          <testName>testNotUserID</testName>
          <skipped>false</skipped>
          <failedSince>0</failedSince>
        </case>
      </cases>
    </suite>
    <suite>
      <file>/var/lib/jenkins/workspace/itrust-main/iTrust-v23/iTrust/target/surefire-reports/TEST-edu.ncsu.csc.itrust.unit.action.UpdateNDCodeListActionTest.xml</file>
      <name>edu.ncsu.csc.itrust.unit.action.UpdateNDCodeListActionTest</name>
      <duration>0.34</duration>
      <time>0.34</time>
      <cases>
        <case>
          <duration>0.055</duration>
          <className>edu.ncsu.csc.itrust.unit.action.UpdateNDCodeListActionTest</className>
          <testName>testUpdateNDInformation0</testName>
          <skipped>false</skipped>
          <errorStackTrace>edu.ncsu.csc.itrust.exception.DBException: A database exception has occurred. Please see the log in the console for stacktrace
	at edu.ncsu.csc.itrust.unit.action.UpdateNDCodeListActionTest.addEmpty(UpdateNDCodeListActionTest.java:67)
	at edu.ncsu.csc.itrust.unit.action.UpdateNDCodeListActionTest.testUpdateNDInformation0(UpdateNDCodeListActionTest.java:111)
</errorStackTrace>
          <errorDetails>A database exception has occurred. Please see the log in the console for stacktrace</errorDetails>
          <failedSince>1</failedSince>
        </case>
        <case>
          <duration>0.051</duration>
          <className>edu.ncsu.csc.itrust.unit.action.UpdateNDCodeListActionTest</className>
          <testName>testEvilFactory</testName>
          <skipped>false</skipped>
          <failedSince>0</failedSince>
        </case>
        <case>
          <duration>0.046</duration>
          <className>edu.ncsu.csc.itrust.unit.action.UpdateNDCodeListActionTest</className>
          <testName>testRemoveNDCode</testName>
          <skipped>false</skipped>
          <errorStackTrace>edu.ncsu.csc.itrust.exception.DBException: A database exception has occurred. Please see the log in the console for stacktrace
	at edu.ncsu.csc.itrust.unit.action.UpdateNDCodeListActionTest.testRemoveNDCode(UpdateNDCodeListActionTest.java:141)
</errorStackTrace>
          <errorDetails>A database exception has occurred. Please see the log in the console for stacktrace</errorDetails>
          <failedSince>1</failedSince>
        </case>
        <case>
          <duration>0.044</duration>
          <className>edu.ncsu.csc.itrust.unit.action.UpdateNDCodeListActionTest</className>
          <testName>testRemoveNonExistent</testName>
          <skipped>false</skipped>
          <errorStackTrace>edu.ncsu.csc.itrust.exception.DBException: A database exception has occurred. Please see the log in the console for stacktrace
	at edu.ncsu.csc.itrust.unit.action.UpdateNDCodeListActionTest.testRemoveNonExistent(UpdateNDCodeListActionTest.java:158)
</errorStackTrace>
          <errorDetails>A database exception has occurred. Please see the log in the console for stacktrace</errorDetails>
          <failedSince>1</failedSince>
        </case>
        <case>
          <duration>0.045</duration>
          <className>edu.ncsu.csc.itrust.unit.action.UpdateNDCodeListActionTest</className>
          <testName>testAddNDCode</testName>
          <skipped>false</skipped>
          <errorStackTrace>edu.ncsu.csc.itrust.exception.DBException: A database exception has occurred. Please see the log in the console for stacktrace
	at edu.ncsu.csc.itrust.unit.action.UpdateNDCodeListActionTest.testAddNDCode(UpdateNDCodeListActionTest.java:81)
</errorStackTrace>
          <errorDetails>A database exception has occurred. Please see the log in the console for stacktrace</errorDetails>
          <failedSince>90</failedSince>
        </case>
        <case>
          <duration>0.05</duration>
          <className>edu.ncsu.csc.itrust.unit.action.UpdateNDCodeListActionTest</className>
          <testName>testUpdateNonExistent</testName>
          <skipped>false</skipped>
          <errorStackTrace>edu.ncsu.csc.itrust.exception.DBException: A database exception has occurred. Please see the log in the console for stacktrace
	at edu.ncsu.csc.itrust.unit.action.UpdateNDCodeListActionTest.testUpdateNonExistent(UpdateNDCodeListActionTest.java:128)
</errorStackTrace>
          <errorDetails>A database exception has occurred. Please see the log in the console for stacktrace</errorDetails>
          <failedSince>1</failedSince>
        </case>
        <case>
          <duration>0.042</duration>
          <className>edu.ncsu.csc.itrust.unit.action.UpdateNDCodeListActionTest</className>
          <testName>testAddDuplicate</testName>
          <skipped>false</skipped>
          <errorStackTrace>edu.ncsu.csc.itrust.exception.DBException: A database exception has occurred. Please see the log in the console for stacktrace
	at edu.ncsu.csc.itrust.unit.action.UpdateNDCodeListActionTest.testAddDuplicate(UpdateNDCodeListActionTest.java:98)
</errorStackTrace>
          <errorDetails>A database exception has occurred. Please see the log in the console for stacktrace</errorDetails>
          <failedSince>90</failedSince>
        </case>
      </cases>
    </suite>
    <suite>
      <file>/var/lib/jenkins/workspace/itrust-main/iTrust-v23/iTrust/target/surefire-reports/TEST-edu.ncsu.csc.itrust.unit.action.UpdateORCListActionTest.xml</file>
      <name>edu.ncsu.csc.itrust.unit.action.UpdateORCListActionTest</name>
      <duration>0.37</duration>
      <time>0.37</time>
      <cases>
        <case>
          <duration>0.083</duration>
          <className>edu.ncsu.csc.itrust.unit.action.UpdateORCListActionTest</className>
          <testName>testUpdateNDInformation0</testName>
          <skipped>false</skipped>
          <failedSince>0</failedSince>
        </case>
        <case>
          <duration>0.07</duration>
          <className>edu.ncsu.csc.itrust.unit.action.UpdateORCListActionTest</className>
          <testName>testEvilFactory</testName>
          <skipped>false</skipped>
          <errorStackTrace>junit.framework.ComparisonFailure: expected:&lt;[A database exception has occurred. Please see the log in the console for stacktrace]&gt; but was:&lt;[Error: Code already exists.]&gt;
	at edu.ncsu.csc.itrust.unit.action.UpdateORCListActionTest.testEvilFactory(UpdateORCListActionTest.java:45)
</errorStackTrace>
          <errorDetails>expected:&lt;[A database exception has occurred. Please see the log in the console for stacktrace]&gt; but was:&lt;[Error: Code already exists.]&gt;</errorDetails>
          <failedSince>90</failedSince>
        </case>
        <case>
          <duration>0.063</duration>
          <className>edu.ncsu.csc.itrust.unit.action.UpdateORCListActionTest</className>
          <testName>testAddORCode</testName>
          <skipped>false</skipped>
          <failedSince>0</failedSince>
        </case>
        <case>
          <duration>0.076</duration>
          <className>edu.ncsu.csc.itrust.unit.action.UpdateORCListActionTest</className>
          <testName>testUpdateNonExistent</testName>
          <skipped>false</skipped>
          <failedSince>0</failedSince>
        </case>
        <case>
          <duration>0.077</duration>
          <className>edu.ncsu.csc.itrust.unit.action.UpdateORCListActionTest</className>
          <testName>testAddDuplicate</testName>
          <skipped>false</skipped>
          <errorStackTrace>junit.framework.ComparisonFailure: expected:&lt;[Error: Code already exists.]&gt; but was:&lt;[A database exception has occurred. Please see the log in the console for stacktrace]&gt;
	at edu.ncsu.csc.itrust.unit.action.UpdateORCListActionTest.testAddDuplicate(UpdateORCListActionTest.java:104)
</errorStackTrace>
          <errorDetails>expected:&lt;[Error: Code already exists.]&gt; but was:&lt;[A database exception has occurred. Please see the log in the console for stacktrace]&gt;</errorDetails>
          <failedSince>1</failedSince>
        </case>
      </cases>
    </suite>
    <suite>
      <file>/var/lib/jenkins/workspace/itrust-main/iTrust-v23/iTrust/target/surefire-reports/TEST-edu.ncsu.csc.itrust.unit.action.VerifyClaimActionTest.xml</file>
      <name>edu.ncsu.csc.itrust.unit.action.VerifyClaimActionTest</name>
      <duration>0.307</duration>
      <time>0.307</time>
      <cases>
        <case>
          <duration>0.086</duration>
          <className>edu.ncsu.csc.itrust.unit.action.VerifyClaimActionTest</className>
          <testName>testDenyClaim</testName>
          <skipped>false</skipped>
          <failedSince>0</failedSince>
        </case>
        <case>
          <duration>0.077</duration>
          <className>edu.ncsu.csc.itrust.unit.action.VerifyClaimActionTest</className>
          <testName>testGetBill</testName>
          <skipped>false</skipped>
          <failedSince>0</failedSince>
        </case>
        <case>
          <duration>0.073</duration>
          <className>edu.ncsu.csc.itrust.unit.action.VerifyClaimActionTest</className>
          <testName>testEvilAction</testName>
          <skipped>false</skipped>
          <failedSince>0</failedSince>
        </case>
        <case>
          <duration>0.071</duration>
          <className>edu.ncsu.csc.itrust.unit.action.VerifyClaimActionTest</className>
          <testName>testApproveClaim</testName>
          <skipped>false</skipped>
          <failedSince>0</failedSince>
        </case>
      </cases>
    </suite>
    <suite>
      <file>/var/lib/jenkins/workspace/itrust-main/iTrust-v23/iTrust/target/surefire-reports/TEST-edu.ncsu.csc.itrust.unit.action.ViewApptRequestsActionTest.xml</file>
      <name>edu.ncsu.csc.itrust.unit.action.ViewApptRequestsActionTest</name>
      <duration>0.65</duration>
      <time>0.65</time>
      <cases>
        <case>
          <duration>0.181</duration>
          <className>edu.ncsu.csc.itrust.unit.action.ViewApptRequestsActionTest</className>
          <testName>testRejectApptRequest</testName>
          <skipped>false</skipped>
          <failedSince>0</failedSince>
        </case>
        <case>
          <duration>0.219</duration>
          <className>edu.ncsu.csc.itrust.unit.action.ViewApptRequestsActionTest</className>
          <testName>testAcceptApptRequest</testName>
          <skipped>false</skipped>
          <failedSince>0</failedSince>
        </case>
        <case>
          <duration>0.248</duration>
          <className>edu.ncsu.csc.itrust.unit.action.ViewApptRequestsActionTest</className>
          <testName>testGetApptRequests</testName>
          <skipped>false</skipped>
          <failedSince>0</failedSince>
        </case>
      </cases>
    </suite>
    <suite>
      <file>/var/lib/jenkins/workspace/itrust-main/iTrust-v23/iTrust/target/surefire-reports/TEST-edu.ncsu.csc.itrust.unit.action.ViewHelperActionTest.xml</file>
      <name>edu.ncsu.csc.itrust.unit.action.ViewHelperActionTest</name>
      <duration>0.002</duration>
      <time>0.002</time>
      <cases>
        <case>
          <duration>0.001</duration>
          <className>edu.ncsu.csc.itrust.unit.action.ViewHelperActionTest</className>
          <testName>testUpdateUserPrefs</testName>
          <skipped>false</skipped>
          <failedSince>0</failedSince>
        </case>
      </cases>
    </suite>
    <suite>
      <file>/var/lib/jenkins/workspace/itrust-main/iTrust-v23/iTrust/target/surefire-reports/TEST-edu.ncsu.csc.itrust.unit.action.ViewMyAccessLogActionTest.xml</file>
      <name>edu.ncsu.csc.itrust.unit.action.ViewMyAccessLogActionTest</name>
      <duration>0.638</duration>
      <time>0.638</time>
      <cases>
        <case>
          <duration>0.046</duration>
          <className>edu.ncsu.csc.itrust.unit.action.ViewMyAccessLogActionTest</className>
          <testName>testDefaultNoList</testName>
          <skipped>false</skipped>
          <failedSince>0</failedSince>
        </case>
        <case>
          <duration>0.074</duration>
          <className>edu.ncsu.csc.itrust.unit.action.ViewMyAccessLogActionTest</className>
          <testName>testGetAccessesIllegalUser</testName>
          <skipped>false</skipped>
          <failedSince>0</failedSince>
        </case>
        <case>
          <duration>0.077</duration>
          <className>edu.ncsu.csc.itrust.unit.action.ViewMyAccessLogActionTest</className>
          <testName>testNoProblems</testName>
          <skipped>false</skipped>
          <failedSince>0</failedSince>
        </case>
        <case>
          <duration>0.1</duration>
          <className>edu.ncsu.csc.itrust.unit.action.ViewMyAccessLogActionTest</className>
          <testName>testDLHCPAccessesHidden</testName>
          <skipped>false</skipped>
          <failedSince>0</failedSince>
        </case>
        <case>
          <duration>0.075</duration>
          <className>edu.ncsu.csc.itrust.unit.action.ViewMyAccessLogActionTest</className>
          <testName>testDefaultWithList</testName>
          <skipped>false</skipped>
          <failedSince>0</failedSince>
        </case>
        <case>
          <duration>0.089</duration>
          <className>edu.ncsu.csc.itrust.unit.action.ViewMyAccessLogActionTest</className>
          <testName>testGetAccessesBadData</testName>
          <skipped>false</skipped>
          <failedSince>0</failedSince>
        </case>
        <case>
          <duration>0.083</duration>
          <className>edu.ncsu.csc.itrust.unit.action.ViewMyAccessLogActionTest</className>
          <testName>testNoProblemsDependentLog</testName>
          <skipped>false</skipped>
          <failedSince>0</failedSince>
        </case>
        <case>
          <duration>0.094</duration>
          <className>edu.ncsu.csc.itrust.unit.action.ViewMyAccessLogActionTest</className>
          <testName>testGetAccessesByRole</testName>
          <skipped>false</skipped>
          <failedSince>0</failedSince>
        </case>
      </cases>
    </suite>
    <suite>
      <file>/var/lib/jenkins/workspace/itrust-main/iTrust-v23/iTrust/target/surefire-reports/TEST-edu.ncsu.csc.itrust.unit.action.ViewMyApptsActionTest.xml</file>
      <name>edu.ncsu.csc.itrust.unit.action.ViewMyApptsActionTest</name>
      <duration>0.659</duration>
      <time>0.659</time>
      <cases>
        <case>
          <duration>0.268</duration>
          <className>edu.ncsu.csc.itrust.unit.action.ViewMyApptsActionTest</className>
          <testName>testGetName2</testName>
          <skipped>false</skipped>
          <failedSince>0</failedSince>
        </case>
        <case>
          <duration>0.226</duration>
          <className>edu.ncsu.csc.itrust.unit.action.ViewMyApptsActionTest</className>
          <testName>testGetMyAppointments</testName>
          <skipped>false</skipped>
          <failedSince>0</failedSince>
        </case>
        <case>
          <duration>0.16</duration>
          <className>edu.ncsu.csc.itrust.unit.action.ViewMyApptsActionTest</className>
          <testName>testGetName</testName>
          <skipped>false</skipped>
          <failedSince>0</failedSince>
        </case>
      </cases>
    </suite>
    <suite>
      <file>/var/lib/jenkins/workspace/itrust-main/iTrust-v23/iTrust/target/surefire-reports/TEST-edu.ncsu.csc.itrust.unit.action.ViewMyBillingActionTest.xml</file>
      <name>edu.ncsu.csc.itrust.unit.action.ViewMyBillingActionTest</name>
      <duration>0.443</duration>
      <time>0.443</time>
      <cases>
        <case>
          <duration>0.185</duration>
          <className>edu.ncsu.csc.itrust.unit.action.ViewMyBillingActionTest</className>
          <testName>testGetMyUnpaidBills</testName>
          <skipped>false</skipped>
          <failedSince>0</failedSince>
        </case>
        <case>
          <duration>0.258</duration>
          <className>edu.ncsu.csc.itrust.unit.action.ViewMyBillingActionTest</className>
          <testName>testGetAllMyBills</testName>
          <skipped>false</skipped>
          <failedSince>0</failedSince>
        </case>
      </cases>
    </suite>
    <suite>
      <file>/var/lib/jenkins/workspace/itrust-main/iTrust-v23/iTrust/target/surefire-reports/TEST-edu.ncsu.csc.itrust.unit.action.ViewMyMessagesActionTest.xml</file>
      <name>edu.ncsu.csc.itrust.unit.action.ViewMyMessagesActionTest</name>
      <duration>3.871</duration>
      <time>3.871</time>
      <cases>
        <case>
          <duration>0.226</duration>
          <className>edu.ncsu.csc.itrust.unit.action.ViewMyMessagesActionTest</className>
          <testName>testAddMessage</testName>
          <skipped>false</skipped>
          <failedSince>0</failedSince>
        </case>
        <case>
          <duration>0.287</duration>
          <className>edu.ncsu.csc.itrust.unit.action.ViewMyMessagesActionTest</className>
          <testName>testFilterMessages</testName>
          <skipped>false</skipped>
          <failedSince>0</failedSince>
        </case>
        <case>
          <duration>0.274</duration>
          <className>edu.ncsu.csc.itrust.unit.action.ViewMyMessagesActionTest</className>
          <testName>testGetAllMySentMessages</testName>
          <skipped>false</skipped>
          <failedSince>0</failedSince>
        </case>
        <case>
          <duration>0.176</duration>
          <className>edu.ncsu.csc.itrust.unit.action.ViewMyMessagesActionTest</className>
          <testName>testGetPatientName</testName>
          <skipped>false</skipped>
          <failedSince>0</failedSince>
        </case>
        <case>
          <duration>0.155</duration>
          <className>edu.ncsu.csc.itrust.unit.action.ViewMyMessagesActionTest</className>
          <testName>testGetAllMyMessagesFromTimeAscending</testName>
          <skipped>false</skipped>
          <failedSince>0</failedSince>
        </case>
        <case>
          <duration>0.252</duration>
          <className>edu.ncsu.csc.itrust.unit.action.ViewMyMessagesActionTest</className>
          <testName>testGetAllMyMessagesFromNameDescending</testName>
          <skipped>false</skipped>
          <failedSince>0</failedSince>
        </case>
        <case>
          <duration>0.237</duration>
          <className>edu.ncsu.csc.itrust.unit.action.ViewMyMessagesActionTest</className>
          <testName>testUpdateRead</testName>
          <skipped>false</skipped>
          <failedSince>0</failedSince>
        </case>
        <case>
          <duration>0.254</duration>
          <className>edu.ncsu.csc.itrust.unit.action.ViewMyMessagesActionTest</className>
          <testName>testGetCCdMessages</testName>
          <skipped>false</skipped>
          <failedSince>0</failedSince>
        </case>
        <case>
          <duration>0.253</duration>
          <className>edu.ncsu.csc.itrust.unit.action.ViewMyMessagesActionTest</className>
          <testName>testGetAllMyMessagesFromNameAscending</testName>
          <skipped>false</skipped>
          <failedSince>0</failedSince>
        </case>
        <case>
          <duration>0.332</duration>
          <className>edu.ncsu.csc.itrust.unit.action.ViewMyMessagesActionTest</className>
          <testName>testThrowsExceptions</testName>
          <skipped>false</skipped>
          <failedSince>0</failedSince>
        </case>
        <case>
          <duration>0.252</duration>
          <className>edu.ncsu.csc.itrust.unit.action.ViewMyMessagesActionTest</className>
          <testName>testGetAllMyMessagesTimeAscending</testName>
          <skipped>false</skipped>
          <failedSince>0</failedSince>
        </case>
        <case>
          <duration>0.203</duration>
          <className>edu.ncsu.csc.itrust.unit.action.ViewMyMessagesActionTest</className>
          <testName>testGetAllMyMessagesNameDescending</testName>
          <skipped>false</skipped>
          <failedSince>0</failedSince>
        </case>
        <case>
          <duration>0.265</duration>
          <className>edu.ncsu.csc.itrust.unit.action.ViewMyMessagesActionTest</className>
          <testName>testGetAllMyMessagesNameAscending</testName>
          <skipped>false</skipped>
          <failedSince>0</failedSince>
        </case>
        <case>
          <duration>0.214</duration>
          <className>edu.ncsu.csc.itrust.unit.action.ViewMyMessagesActionTest</className>
          <testName>testGetPersonnelName</testName>
          <skipped>false</skipped>
          <failedSince>0</failedSince>
        </case>
        <case>
          <duration>0.228</duration>
          <className>edu.ncsu.csc.itrust.unit.action.ViewMyMessagesActionTest</className>
          <testName>testGetUnreadCount</testName>
          <skipped>false</skipped>
          <failedSince>0</failedSince>
        </case>
        <case>
          <duration>0.257</duration>
          <className>edu.ncsu.csc.itrust.unit.action.ViewMyMessagesActionTest</className>
          <testName>testGetAllMyMessages</testName>
          <skipped>false</skipped>
          <failedSince>0</failedSince>
        </case>
      </cases>
    </suite>
    <suite>
      <file>/var/lib/jenkins/workspace/itrust-main/iTrust-v23/iTrust/target/surefire-reports/TEST-edu.ncsu.csc.itrust.unit.action.ViewMyRemoteMonitoringListActionTest.xml</file>
      <name>edu.ncsu.csc.itrust.unit.action.ViewMyRemoteMonitoringListActionTest</name>
      <duration>0.308</duration>
      <time>0.308</time>
      <cases>
        <case>
          <duration>0.058</duration>
          <className>edu.ncsu.csc.itrust.unit.action.ViewMyRemoteMonitoringListActionTest</className>
          <testName>testGetPatientDataByDate</testName>
          <skipped>false</skipped>
          <failedSince>0</failedSince>
        </case>
        <case>
          <duration>0.058</duration>
          <className>edu.ncsu.csc.itrust.unit.action.ViewMyRemoteMonitoringListActionTest</className>
          <testName>testGetPatientDataByType</testName>
          <skipped>false</skipped>
          <failedSince>0</failedSince>
        </case>
        <case>
          <duration>0.072</duration>
          <className>edu.ncsu.csc.itrust.unit.action.ViewMyRemoteMonitoringListActionTest</className>
          <testName>testGetPatientData</testName>
          <skipped>false</skipped>
          <failedSince>0</failedSince>
        </case>
        <case>
          <duration>0.066</duration>
          <className>edu.ncsu.csc.itrust.unit.action.ViewMyRemoteMonitoringListActionTest</className>
          <testName>testGetPatientName</testName>
          <skipped>false</skipped>
          <failedSince>0</failedSince>
        </case>
        <case>
          <duration>0.051</duration>
          <className>edu.ncsu.csc.itrust.unit.action.ViewMyRemoteMonitoringListActionTest</className>
          <testName>testIllegalGetPatientDataByDate1</testName>
          <skipped>false</skipped>
          <failedSince>0</failedSince>
        </case>
      </cases>
    </suite>
    <suite>
      <file>/var/lib/jenkins/workspace/itrust-main/iTrust-v23/iTrust/target/surefire-reports/TEST-edu.ncsu.csc.itrust.unit.action.ViewNumberOfPendingAppointmentsActionTest.xml</file>
      <name>edu.ncsu.csc.itrust.unit.action.ViewNumberOfPendingAppointmentsActionTest</name>
      <duration>0.386</duration>
      <time>0.386</time>
      <cases>
        <case>
          <duration>0.386</duration>
          <className>edu.ncsu.csc.itrust.unit.action.ViewNumberOfPendingAppointmentsActionTest</className>
          <testName>testGetNumRequest</testName>
          <skipped>false</skipped>
          <failedSince>0</failedSince>
        </case>
      </cases>
    </suite>
    <suite>
      <file>/var/lib/jenkins/workspace/itrust-main/iTrust-v23/iTrust/target/surefire-reports/TEST-edu.ncsu.csc.itrust.unit.action.ViewPatientActionTest.xml</file>
      <name>edu.ncsu.csc.itrust.unit.action.ViewPatientActionTest</name>
      <duration>0.134</duration>
      <time>0.134</time>
      <cases>
        <case>
          <duration>0.057</duration>
          <className>edu.ncsu.csc.itrust.unit.action.ViewPatientActionTest</className>
          <testName>testGetViewablePatients</testName>
          <skipped>false</skipped>
          <failedSince>0</failedSince>
        </case>
        <case>
          <duration>0.076</duration>
          <className>edu.ncsu.csc.itrust.unit.action.ViewPatientActionTest</className>
          <testName>testGetPatient</testName>
          <skipped>false</skipped>
          <failedSince>0</failedSince>
        </case>
      </cases>
    </suite>
    <suite>
      <file>/var/lib/jenkins/workspace/itrust-main/iTrust-v23/iTrust/target/surefire-reports/TEST-edu.ncsu.csc.itrust.unit.action.ViewReportActionTest.xml</file>
      <name>edu.ncsu.csc.itrust.unit.action.ViewReportActionTest</name>
      <duration>0.181</duration>
      <time>0.181</time>
      <cases>
        <case>
          <duration>0.062</duration>
          <className>edu.ncsu.csc.itrust.unit.action.ViewReportActionTest</className>
          <testName>testGetPatientl</testName>
          <skipped>false</skipped>
          <failedSince>0</failedSince>
        </case>
        <case>
          <duration>0.061</duration>
          <className>edu.ncsu.csc.itrust.unit.action.ViewReportActionTest</className>
          <testName>testGetDeclaredHCPs</testName>
          <skipped>false</skipped>
          <failedSince>0</failedSince>
        </case>
        <case>
          <duration>0.057</duration>
          <className>edu.ncsu.csc.itrust.unit.action.ViewReportActionTest</className>
          <testName>testGetPersonnel</testName>
          <skipped>false</skipped>
          <failedSince>0</failedSince>
        </case>
      </cases>
    </suite>
    <suite>
      <file>/var/lib/jenkins/workspace/itrust-main/iTrust-v23/iTrust/target/surefire-reports/TEST-edu.ncsu.csc.itrust.unit.bean.AllergyBeanTest.xml</file>
      <name>edu.ncsu.csc.itrust.unit.bean.AllergyBeanTest</name>
      <duration>0.001</duration>
      <time>0.001</time>
      <cases>
        <case>
          <duration>0.0</duration>
          <className>edu.ncsu.csc.itrust.unit.bean.AllergyBeanTest</className>
          <testName>testGetID</testName>
          <skipped>false</skipped>
          <failedSince>0</failedSince>
        </case>
        <case>
          <duration>0.0</duration>
          <className>edu.ncsu.csc.itrust.unit.bean.AllergyBeanTest</className>
          <testName>testFirstFound</testName>
          <skipped>false</skipped>
          <failedSince>0</failedSince>
        </case>
        <case>
          <duration>0.0</duration>
          <className>edu.ncsu.csc.itrust.unit.bean.AllergyBeanTest</className>
          <testName>testInvalidFirstFound</testName>
          <skipped>false</skipped>
          <failedSince>0</failedSince>
        </case>
      </cases>
    </suite>
    <suite>
      <file>/var/lib/jenkins/workspace/itrust-main/iTrust-v23/iTrust/target/surefire-reports/TEST-edu.ncsu.csc.itrust.unit.bean.ApptRequestBeanTest.xml</file>
      <name>edu.ncsu.csc.itrust.unit.bean.ApptRequestBeanTest</name>
      <duration>0.016</duration>
      <time>0.016</time>
      <cases>
        <case>
          <duration>0.008</duration>
          <className>edu.ncsu.csc.itrust.unit.bean.ApptRequestBeanTest</className>
          <testName>testAccepted</testName>
          <skipped>false</skipped>
          <failedSince>0</failedSince>
        </case>
        <case>
          <duration>0.001</duration>
          <className>edu.ncsu.csc.itrust.unit.bean.ApptRequestBeanTest</className>
          <testName>testPending</testName>
          <skipped>false</skipped>
          <failedSince>0</failedSince>
        </case>
        <case>
          <duration>0.0</duration>
          <className>edu.ncsu.csc.itrust.unit.bean.ApptRequestBeanTest</className>
          <testName>testGetRequestedAppt</testName>
          <skipped>false</skipped>
          <failedSince>0</failedSince>
        </case>
      </cases>
    </suite>
    <suite>
      <file>/var/lib/jenkins/workspace/itrust-main/iTrust-v23/iTrust/target/surefire-reports/TEST-edu.ncsu.csc.itrust.unit.bean.BeanLoaderTest.xml</file>
      <name>edu.ncsu.csc.itrust.unit.bean.BeanLoaderTest</name>
      <duration>0.0</duration>
      <time>0</time>
      <cases>
        <case>
          <duration>0.0</duration>
          <className>edu.ncsu.csc.itrust.unit.bean.BeanLoaderTest</className>
          <testName>testLoadParameters</testName>
          <skipped>false</skipped>
          <failedSince>0</failedSince>
        </case>
      </cases>
    </suite>
    <suite>
      <file>/var/lib/jenkins/workspace/itrust-main/iTrust-v23/iTrust/target/surefire-reports/TEST-edu.ncsu.csc.itrust.unit.bean.BillingBeanLoaderTest.xml</file>
      <name>edu.ncsu.csc.itrust.unit.bean.BillingBeanLoaderTest</name>
      <duration>0.0</duration>
      <time>0</time>
      <cases>
        <case>
          <duration>0.0</duration>
          <className>edu.ncsu.csc.itrust.unit.bean.BillingBeanLoaderTest</className>
          <testName>testLoadList</testName>
          <skipped>false</skipped>
          <failedSince>0</failedSince>
        </case>
        <case>
          <duration>0.0</duration>
          <className>edu.ncsu.csc.itrust.unit.bean.BillingBeanLoaderTest</className>
          <testName>testLoadSingle</testName>
          <skipped>false</skipped>
          <failedSince>0</failedSince>
        </case>
        <case>
          <duration>0.0</duration>
          <className>edu.ncsu.csc.itrust.unit.bean.BillingBeanLoaderTest</className>
          <testName>testLoadParameters</testName>
          <skipped>false</skipped>
          <failedSince>0</failedSince>
        </case>
      </cases>
    </suite>
    <suite>
      <file>/var/lib/jenkins/workspace/itrust-main/iTrust-v23/iTrust/target/surefire-reports/TEST-edu.ncsu.csc.itrust.unit.bean.DistanceComparatorTest.xml</file>
      <name>edu.ncsu.csc.itrust.unit.bean.DistanceComparatorTest</name>
      <duration>1.449</duration>
      <time>1.449</time>
      <cases>
        <case>
          <duration>0.484</duration>
          <className>edu.ncsu.csc.itrust.unit.bean.DistanceComparatorTest</className>
          <testName>testComparatorEvil</testName>
          <skipped>false</skipped>
          <failedSince>0</failedSince>
        </case>
        <case>
          <duration>0.542</duration>
          <className>edu.ncsu.csc.itrust.unit.bean.DistanceComparatorTest</className>
          <testName>testComparator</testName>
          <skipped>false</skipped>
          <failedSince>0</failedSince>
        </case>
        <case>
          <duration>0.423</duration>
          <className>edu.ncsu.csc.itrust.unit.bean.DistanceComparatorTest</className>
          <testName>testError</testName>
          <skipped>false</skipped>
          <failedSince>0</failedSince>
        </case>
      </cases>
    </suite>
    <suite>
      <file>/var/lib/jenkins/workspace/itrust-main/iTrust-v23/iTrust/target/surefire-reports/TEST-edu.ncsu.csc.itrust.unit.bean.EmailBeanTest.xml</file>
      <name>edu.ncsu.csc.itrust.unit.bean.EmailBeanTest</name>
      <duration>0.001</duration>
      <time>0.001</time>
      <cases>
        <case>
          <duration>0.001</duration>
          <className>edu.ncsu.csc.itrust.unit.bean.EmailBeanTest</className>
          <testName>testAttributes</testName>
          <skipped>false</skipped>
          <failedSince>0</failedSince>
        </case>
        <case>
          <duration>0.0</duration>
          <className>edu.ncsu.csc.itrust.unit.bean.EmailBeanTest</className>
          <testName>testMakeStr</testName>
          <skipped>false</skipped>
          <failedSince>0</failedSince>
        </case>
        <case>
          <duration>0.0</duration>
          <className>edu.ncsu.csc.itrust.unit.bean.EmailBeanTest</className>
          <testName>testEquals</testName>
          <skipped>false</skipped>
          <failedSince>0</failedSince>
        </case>
        <case>
          <duration>0.0</duration>
          <className>edu.ncsu.csc.itrust.unit.bean.EmailBeanTest</className>
          <testName>testGetHashCode</testName>
          <skipped>false</skipped>
          <failedSince>0</failedSince>
        </case>
        <case>
          <duration>0.0</duration>
          <className>edu.ncsu.csc.itrust.unit.bean.EmailBeanTest</className>
          <testName>testToList</testName>
          <skipped>false</skipped>
          <failedSince>0</failedSince>
        </case>
      </cases>
    </suite>
    <suite>
      <file>/var/lib/jenkins/workspace/itrust-main/iTrust-v23/iTrust/target/surefire-reports/TEST-edu.ncsu.csc.itrust.unit.bean.GroupReportBeanTest.xml</file>
      <name>edu.ncsu.csc.itrust.unit.bean.GroupReportBeanTest</name>
      <duration>8.501</duration>
      <time>8.501</time>
      <cases>
        <case>
          <duration>7.633</duration>
          <className>edu.ncsu.csc.itrust.unit.bean.GroupReportBeanTest</className>
          <testName>testGetPatients</testName>
          <skipped>false</skipped>
          <failedSince>0</failedSince>
        </case>
        <case>
          <duration>0.306</duration>
          <className>edu.ncsu.csc.itrust.unit.bean.GroupReportBeanTest</className>
          <testName>testGetFilters</testName>
          <skipped>false</skipped>
          <failedSince>0</failedSince>
        </case>
        <case>
          <duration>0.282</duration>
          <className>edu.ncsu.csc.itrust.unit.bean.GroupReportBeanTest</className>
          <testName>testGetFilterStrings</testName>
          <skipped>false</skipped>
          <failedSince>0</failedSince>
        </case>
        <case>
          <duration>0.28</duration>
          <className>edu.ncsu.csc.itrust.unit.bean.GroupReportBeanTest</className>
          <testName>testGetPatientNames</testName>
          <skipped>false</skipped>
          <failedSince>0</failedSince>
        </case>
      </cases>
    </suite>
    <suite>
      <file>/var/lib/jenkins/workspace/itrust-main/iTrust-v23/iTrust/target/surefire-reports/TEST-edu.ncsu.csc.itrust.unit.bean.HCPLinkBeanTest.xml</file>
      <name>edu.ncsu.csc.itrust.unit.bean.HCPLinkBeanTest</name>
      <duration>0.0</duration>
      <time>0</time>
      <cases>
        <case>
          <duration>0.0</duration>
          <className>edu.ncsu.csc.itrust.unit.bean.HCPLinkBeanTest</className>
          <testName>testGetPresciberMID</testName>
          <skipped>false</skipped>
          <failedSince>0</failedSince>
        </case>
        <case>
          <duration>0.0</duration>
          <className>edu.ncsu.csc.itrust.unit.bean.HCPLinkBeanTest</className>
          <testName>testGetDrug</testName>
          <skipped>false</skipped>
          <failedSince>0</failedSince>
        </case>
        <case>
          <duration>0.0</duration>
          <className>edu.ncsu.csc.itrust.unit.bean.HCPLinkBeanTest</className>
          <testName>testChecked</testName>
          <skipped>false</skipped>
          <failedSince>0</failedSince>
        </case>
      </cases>
    </suite>
    <suite>
      <file>/var/lib/jenkins/workspace/itrust-main/iTrust-v23/iTrust/target/surefire-reports/TEST-edu.ncsu.csc.itrust.unit.bean.HospitalBeanTest.xml</file>
      <name>edu.ncsu.csc.itrust.unit.bean.HospitalBeanTest</name>
      <duration>0.0</duration>
      <time>0</time>
      <cases>
        <case>
          <duration>0.0</duration>
          <className>edu.ncsu.csc.itrust.unit.bean.HospitalBeanTest</className>
          <testName>testHospitalBean</testName>
          <skipped>false</skipped>
          <failedSince>0</failedSince>
        </case>
        <case>
          <duration>0.0</duration>
          <className>edu.ncsu.csc.itrust.unit.bean.HospitalBeanTest</className>
          <testName>testFullConstructor</testName>
          <skipped>false</skipped>
          <failedSince>0</failedSince>
        </case>
      </cases>
    </suite>
    <suite>
      <file>/var/lib/jenkins/workspace/itrust-main/iTrust-v23/iTrust/target/surefire-reports/TEST-edu.ncsu.csc.itrust.unit.bean.MedicationBeanTest.xml</file>
      <name>edu.ncsu.csc.itrust.unit.bean.MedicationBeanTest</name>
      <duration>0.0</duration>
      <time>0</time>
      <cases>
        <case>
          <duration>0.0</duration>
          <className>edu.ncsu.csc.itrust.unit.bean.MedicationBeanTest</className>
          <testName>testGetFormatted</testName>
          <skipped>false</skipped>
          <failedSince>0</failedSince>
        </case>
        <case>
          <duration>0.0</duration>
          <className>edu.ncsu.csc.itrust.unit.bean.MedicationBeanTest</className>
          <testName>testShortCode</testName>
          <skipped>false</skipped>
          <failedSince>0</failedSince>
        </case>
        <case>
          <duration>0.0</duration>
          <className>edu.ncsu.csc.itrust.unit.bean.MedicationBeanTest</className>
          <testName>testPrescriptionEquals</testName>
          <skipped>false</skipped>
          <failedSince>0</failedSince>
        </case>
      </cases>
    </suite>
    <suite>
      <file>/var/lib/jenkins/workspace/itrust-main/iTrust-v23/iTrust/target/surefire-reports/TEST-edu.ncsu.csc.itrust.unit.bean.OverrideReasonBeanTest.xml</file>
      <name>edu.ncsu.csc.itrust.unit.bean.OverrideReasonBeanTest</name>
      <duration>0.006</duration>
      <time>0.006</time>
      <cases>
        <case>
          <duration>0.006</duration>
          <className>edu.ncsu.csc.itrust.unit.bean.OverrideReasonBeanTest</className>
          <testName>testPrescriptionEquals</testName>
          <skipped>false</skipped>
          <failedSince>0</failedSince>
        </case>
      </cases>
    </suite>
    <suite>
      <file>/var/lib/jenkins/workspace/itrust-main/iTrust-v23/iTrust/target/surefire-reports/TEST-edu.ncsu.csc.itrust.unit.bean.PatientBeanTest.xml</file>
      <name>edu.ncsu.csc.itrust.unit.bean.PatientBeanTest</name>
      <duration>0.017</duration>
      <time>0.017</time>
      <cases>
        <case>
          <duration>0.013</duration>
          <className>edu.ncsu.csc.itrust.unit.bean.PatientBeanTest</className>
          <testName>testAgeZero</testName>
          <skipped>false</skipped>
          <failedSince>0</failedSince>
        </case>
        <case>
          <duration>0.002</duration>
          <className>edu.ncsu.csc.itrust.unit.bean.PatientBeanTest</className>
          <testName>testAge10</testName>
          <skipped>false</skipped>
          <failedSince>0</failedSince>
        </case>
        <case>
          <duration>0.001</duration>
          <className>edu.ncsu.csc.itrust.unit.bean.PatientBeanTest</className>
          <testName>testBean</testName>
          <skipped>false</skipped>
          <failedSince>0</failedSince>
        </case>
      </cases>
    </suite>
    <suite>
      <file>/var/lib/jenkins/workspace/itrust-main/iTrust-v23/iTrust/target/surefire-reports/TEST-edu.ncsu.csc.itrust.unit.bean.PersonnelBeanTest.xml</file>
      <name>edu.ncsu.csc.itrust.unit.bean.PersonnelBeanTest</name>
      <duration>0.0</duration>
      <time>0</time>
      <cases>
        <case>
          <duration>0.0</duration>
          <className>edu.ncsu.csc.itrust.unit.bean.PersonnelBeanTest</className>
          <testName>testPersonnelBeanSecurity</testName>
          <skipped>false</skipped>
          <failedSince>0</failedSince>
        </case>
      </cases>
    </suite>
    <suite>
      <file>/var/lib/jenkins/workspace/itrust-main/iTrust-v23/iTrust/target/surefire-reports/TEST-edu.ncsu.csc.itrust.unit.bean.RatingComparatorTest.xml</file>
      <name>edu.ncsu.csc.itrust.unit.bean.RatingComparatorTest</name>
      <duration>0.32</duration>
      <time>0.32</time>
      <cases>
        <case>
          <duration>0.32</duration>
          <className>edu.ncsu.csc.itrust.unit.bean.RatingComparatorTest</className>
          <testName>testComparator</testName>
          <skipped>false</skipped>
          <failedSince>0</failedSince>
        </case>
      </cases>
    </suite>
    <suite>
      <file>/var/lib/jenkins/workspace/itrust-main/iTrust-v23/iTrust/target/surefire-reports/TEST-edu.ncsu.csc.itrust.unit.bean.RecordsReleaseBeanTest.xml</file>
      <name>edu.ncsu.csc.itrust.unit.bean.RecordsReleaseBeanTest</name>
      <duration>0.0</duration>
      <time>0</time>
      <cases>
        <case>
          <duration>0.0</duration>
          <className>edu.ncsu.csc.itrust.unit.bean.RecordsReleaseBeanTest</className>
          <testName>testReleaseHospitalID</testName>
          <skipped>false</skipped>
          <failedSince>0</failedSince>
        </case>
        <case>
          <duration>0.0</duration>
          <className>edu.ncsu.csc.itrust.unit.bean.RecordsReleaseBeanTest</className>
          <testName>testPid</testName>
          <skipped>false</skipped>
          <failedSince>0</failedSince>
        </case>
        <case>
          <duration>0.0</duration>
          <className>edu.ncsu.csc.itrust.unit.bean.RecordsReleaseBeanTest</className>
          <testName>testDocFirstName</testName>
          <skipped>false</skipped>
          <failedSince>0</failedSince>
        </case>
        <case>
          <duration>0.0</duration>
          <className>edu.ncsu.csc.itrust.unit.bean.RecordsReleaseBeanTest</className>
          <testName>testRecHospitalAddress</testName>
          <skipped>false</skipped>
          <failedSince>0</failedSince>
        </case>
        <case>
          <duration>0.0</duration>
          <className>edu.ncsu.csc.itrust.unit.bean.RecordsReleaseBeanTest</className>
          <testName>testJustification</testName>
          <skipped>false</skipped>
          <failedSince>0</failedSince>
        </case>
        <case>
          <duration>0.0</duration>
          <className>edu.ncsu.csc.itrust.unit.bean.RecordsReleaseBeanTest</className>
          <testName>testRecHospitalName</testName>
          <skipped>false</skipped>
          <failedSince>0</failedSince>
        </case>
        <case>
          <duration>0.0</duration>
          <className>edu.ncsu.csc.itrust.unit.bean.RecordsReleaseBeanTest</className>
          <testName>testDocLastName</testName>
          <skipped>false</skipped>
          <failedSince>0</failedSince>
        </case>
        <case>
          <duration>0.0</duration>
          <className>edu.ncsu.csc.itrust.unit.bean.RecordsReleaseBeanTest</className>
          <testName>testDateRequested</testName>
          <skipped>false</skipped>
          <failedSince>0</failedSince>
        </case>
        <case>
          <duration>0.0</duration>
          <className>edu.ncsu.csc.itrust.unit.bean.RecordsReleaseBeanTest</className>
          <testName>testReleaseID</testName>
          <skipped>false</skipped>
          <failedSince>0</failedSince>
        </case>
        <case>
          <duration>0.0</duration>
          <className>edu.ncsu.csc.itrust.unit.bean.RecordsReleaseBeanTest</className>
          <testName>testDocEmail</testName>
          <skipped>false</skipped>
          <failedSince>0</failedSince>
        </case>
        <case>
          <duration>0.0</duration>
          <className>edu.ncsu.csc.itrust.unit.bean.RecordsReleaseBeanTest</className>
          <testName>testDocPhone</testName>
          <skipped>false</skipped>
          <failedSince>0</failedSince>
        </case>
        <case>
          <duration>0.0</duration>
          <className>edu.ncsu.csc.itrust.unit.bean.RecordsReleaseBeanTest</className>
          <testName>testStatus</testName>
          <skipped>false</skipped>
          <failedSince>0</failedSince>
        </case>
      </cases>
    </suite>
    <suite>
      <file>/var/lib/jenkins/workspace/itrust-main/iTrust-v23/iTrust/target/surefire-reports/TEST-edu.ncsu.csc.itrust.unit.bean.ReportRequestBeanTest.xml</file>
      <name>edu.ncsu.csc.itrust.unit.bean.ReportRequestBeanTest</name>
      <duration>0.01</duration>
      <time>0.01</time>
      <cases>
        <case>
          <duration>0.008</duration>
          <className>edu.ncsu.csc.itrust.unit.bean.ReportRequestBeanTest</className>
          <testName>testReportRequestBean</testName>
          <skipped>false</skipped>
          <failedSince>0</failedSince>
        </case>
        <case>
          <duration>0.002</duration>
          <className>edu.ncsu.csc.itrust.unit.bean.ReportRequestBeanTest</className>
          <testName>testBadRequestedDate</testName>
          <skipped>false</skipped>
          <failedSince>0</failedSince>
        </case>
      </cases>
    </suite>
    <suite>
      <file>/var/lib/jenkins/workspace/itrust-main/iTrust-v23/iTrust/target/surefire-reports/TEST-edu.ncsu.csc.itrust.unit.bean.ReviewsBeanLoaderTest.xml</file>
      <name>edu.ncsu.csc.itrust.unit.bean.ReviewsBeanLoaderTest</name>
      <duration>0.007</duration>
      <time>0.007</time>
      <cases>
        <case>
          <duration>0.003</duration>
          <className>edu.ncsu.csc.itrust.unit.bean.ReviewsBeanLoaderTest</className>
          <testName>testLoadList</testName>
          <skipped>false</skipped>
          <failedSince>0</failedSince>
        </case>
        <case>
          <duration>0.001</duration>
          <className>edu.ncsu.csc.itrust.unit.bean.ReviewsBeanLoaderTest</className>
          <testName>testLoadSingle</testName>
          <skipped>false</skipped>
          <failedSince>0</failedSince>
        </case>
        <case>
          <duration>0.002</duration>
          <className>edu.ncsu.csc.itrust.unit.bean.ReviewsBeanLoaderTest</className>
          <testName>testLoadParameters</testName>
          <skipped>false</skipped>
          <failedSince>0</failedSince>
        </case>
      </cases>
    </suite>
    <suite>
      <file>/var/lib/jenkins/workspace/itrust-main/iTrust-v23/iTrust/target/surefire-reports/TEST-edu.ncsu.csc.itrust.unit.bean.SurveyBeanTest.xml</file>
      <name>edu.ncsu.csc.itrust.unit.bean.SurveyBeanTest</name>
      <duration>0.015</duration>
      <time>0.015</time>
      <cases>
        <case>
          <duration>0.001</duration>
          <className>edu.ncsu.csc.itrust.unit.bean.SurveyBeanTest</className>
          <testName>testSurveyBean</testName>
          <skipped>false</skipped>
          <failedSince>0</failedSince>
        </case>
      </cases>
    </suite>
    <suite>
      <file>/var/lib/jenkins/workspace/itrust-main/iTrust-v23/iTrust/target/surefire-reports/TEST-edu.ncsu.csc.itrust.unit.bean.SurveyResultBeanTest.xml</file>
      <name>edu.ncsu.csc.itrust.unit.bean.SurveyResultBeanTest</name>
      <duration>0.002</duration>
      <time>0.002</time>
      <cases>
        <case>
          <duration>0.002</duration>
          <className>edu.ncsu.csc.itrust.unit.bean.SurveyResultBeanTest</className>
          <testName>testSurveyResultBean</testName>
          <skipped>false</skipped>
          <failedSince>0</failedSince>
        </case>
      </cases>
    </suite>
    <suite>
      <file>/var/lib/jenkins/workspace/itrust-main/iTrust-v23/iTrust/target/surefire-reports/TEST-edu.ncsu.csc.itrust.unit.bean.TelemedicineBeanTest.xml</file>
      <name>edu.ncsu.csc.itrust.unit.bean.TelemedicineBeanTest</name>
      <duration>0.0</duration>
      <time>0</time>
      <cases>
        <case>
          <duration>0.0</duration>
          <className>edu.ncsu.csc.itrust.unit.bean.TelemedicineBeanTest</className>
          <testName>testGlucoseLevel</testName>
          <skipped>false</skipped>
          <failedSince>0</failedSince>
        </case>
        <case>
          <duration>0.0</duration>
          <className>edu.ncsu.csc.itrust.unit.bean.TelemedicineBeanTest</className>
          <testName>testHeight</testName>
          <skipped>false</skipped>
          <failedSince>0</failedSince>
        </case>
        <case>
          <duration>0.0</duration>
          <className>edu.ncsu.csc.itrust.unit.bean.TelemedicineBeanTest</className>
          <testName>testWeight</testName>
          <skipped>false</skipped>
          <failedSince>0</failedSince>
        </case>
      </cases>
    </suite>
    <suite>
      <file>/var/lib/jenkins/workspace/itrust-main/iTrust-v23/iTrust/target/surefire-reports/TEST-edu.ncsu.csc.itrust.unit.bean.VisitFlagBeanTest.xml</file>
      <name>edu.ncsu.csc.itrust.unit.bean.VisitFlagBeanTest</name>
      <duration>0.001</duration>
      <time>0.001</time>
      <cases>
        <case>
          <duration>0.0</duration>
          <className>edu.ncsu.csc.itrust.unit.bean.VisitFlagBeanTest</className>
          <testName>testSetTypeAndValue</testName>
          <skipped>false</skipped>
          <failedSince>0</failedSince>
        </case>
      </cases>
    </suite>
    <suite>
      <file>/var/lib/jenkins/workspace/itrust-main/iTrust-v23/iTrust/target/surefire-reports/TEST-edu.ncsu.csc.itrust.unit.bean.WardBeanLoaderTest.xml</file>
      <name>edu.ncsu.csc.itrust.unit.bean.WardBeanLoaderTest</name>
      <duration>0.117</duration>
      <time>0.117</time>
      <cases>
        <case>
          <duration>0.09</duration>
          <className>edu.ncsu.csc.itrust.unit.bean.WardBeanLoaderTest</className>
          <testName>testLoadList</testName>
          <skipped>false</skipped>
          <failedSince>0</failedSince>
        </case>
        <case>
          <duration>0.001</duration>
          <className>edu.ncsu.csc.itrust.unit.bean.WardBeanLoaderTest</className>
          <testName>testLoadParameters</testName>
          <skipped>false</skipped>
          <failedSince>0</failedSince>
        </case>
        <case>
          <duration>0.025</duration>
          <className>edu.ncsu.csc.itrust.unit.bean.WardBeanLoaderTest</className>
          <testName>testloadSingle</testName>
          <skipped>false</skipped>
          <errorStackTrace>java.lang.AssertionError: 

  Unexpected method call getString(&quot;qdtm-dW1psaI6_r&quot;):
    getString(&quot;RequiredSpecialty&quot;): expected: 1, actual: 0
    getLong(&quot;InHospital&quot;): expected: 1, actual: 0
	at edu.ncsu.csc.itrust.unit.bean.WardBeanLoaderTest.testloadSingle(WardBeanLoaderTest.java:62)
</errorStackTrace>
          <errorDetails>
  Unexpected method call getString(&quot;qdtm-dW1psaI6_r&quot;):
    getString(&quot;RequiredSpecialty&quot;): expected: 1, actual: 0
    getLong(&quot;InHospital&quot;): expected: 1, actual: 0</errorDetails>
          <failedSince>1</failedSince>
        </case>
      </cases>
    </suite>
    <suite>
      <file>/var/lib/jenkins/workspace/itrust-main/iTrust-v23/iTrust/target/surefire-reports/TEST-edu.ncsu.csc.itrust.unit.bean.WardBeanTest.xml</file>
      <name>edu.ncsu.csc.itrust.unit.bean.WardBeanTest</name>
      <duration>0.007</duration>
      <time>0.007</time>
      <cases>
        <case>
          <duration>0.0</duration>
          <className>edu.ncsu.csc.itrust.unit.bean.WardBeanTest</className>
          <testName>testInHospital</testName>
          <skipped>false</skipped>
          <failedSince>0</failedSince>
        </case>
        <case>
          <duration>0.004</duration>
          <className>edu.ncsu.csc.itrust.unit.bean.WardBeanTest</className>
          <testName>testSpecialty</testName>
          <skipped>false</skipped>
          <failedSince>0</failedSince>
        </case>
        <case>
          <duration>0.0</duration>
          <className>edu.ncsu.csc.itrust.unit.bean.WardBeanTest</className>
          <testName>testEquals</testName>
          <skipped>false</skipped>
          <failedSince>0</failedSince>
        </case>
        <case>
          <duration>0.0</duration>
          <className>edu.ncsu.csc.itrust.unit.bean.WardBeanTest</className>
          <testName>testWardID</testName>
          <skipped>false</skipped>
          <failedSince>0</failedSince>
        </case>
      </cases>
    </suite>
    <suite>
      <file>/var/lib/jenkins/workspace/itrust-main/iTrust-v23/iTrust/target/surefire-reports/TEST-edu.ncsu.csc.itrust.unit.bean.WardRoomBeanLoaderTest.xml</file>
      <name>edu.ncsu.csc.itrust.unit.bean.WardRoomBeanLoaderTest</name>
      <duration>0.003</duration>
      <time>0.003</time>
      <cases>
        <case>
          <duration>0.001</duration>
          <className>edu.ncsu.csc.itrust.unit.bean.WardRoomBeanLoaderTest</className>
          <testName>testLoadList</testName>
          <skipped>false</skipped>
          <failedSince>0</failedSince>
        </case>
        <case>
          <duration>0.0</duration>
          <className>edu.ncsu.csc.itrust.unit.bean.WardRoomBeanLoaderTest</className>
          <testName>testLoadParameters</testName>
          <skipped>false</skipped>
          <failedSince>0</failedSince>
        </case>
        <case>
          <duration>0.002</duration>
          <className>edu.ncsu.csc.itrust.unit.bean.WardRoomBeanLoaderTest</className>
          <testName>testloadSingle</testName>
          <skipped>false</skipped>
          <failedSince>0</failedSince>
        </case>
      </cases>
    </suite>
    <suite>
      <file>/var/lib/jenkins/workspace/itrust-main/iTrust-v23/iTrust/target/surefire-reports/TEST-edu.ncsu.csc.itrust.unit.bean.WardRoomBeanTest.xml</file>
      <name>edu.ncsu.csc.itrust.unit.bean.WardRoomBeanTest</name>
      <duration>0.008</duration>
      <time>0.008</time>
      <cases>
        <case>
          <duration>0.001</duration>
          <className>edu.ncsu.csc.itrust.unit.bean.WardRoomBeanTest</className>
          <testName>testRoomStatus</testName>
          <skipped>false</skipped>
          <failedSince>0</failedSince>
        </case>
        <case>
          <duration>0.0</duration>
          <className>edu.ncsu.csc.itrust.unit.bean.WardRoomBeanTest</className>
          <testName>testRoomName</testName>
          <skipped>false</skipped>
          <failedSince>0</failedSince>
        </case>
        <case>
          <duration>0.001</duration>
          <className>edu.ncsu.csc.itrust.unit.bean.WardRoomBeanTest</className>
          <testName>testOccupiedBy</testName>
          <skipped>false</skipped>
          <failedSince>0</failedSince>
        </case>
        <case>
          <duration>0.001</duration>
          <className>edu.ncsu.csc.itrust.unit.bean.WardRoomBeanTest</className>
          <testName>testEquals</testName>
          <skipped>false</skipped>
          <errorStackTrace>junit.framework.AssertionFailedError
	at edu.ncsu.csc.itrust.unit.bean.WardRoomBeanTest.testEquals(WardRoomBeanTest.java:69)
</errorStackTrace>
          <failedSince>1</failedSince>
        </case>
        <case>
          <duration>0.0</duration>
          <className>edu.ncsu.csc.itrust.unit.bean.WardRoomBeanTest</className>
          <testName>testInWard</testName>
          <skipped>false</skipped>
          <failedSince>0</failedSince>
        </case>
        <case>
          <duration>0.0</duration>
          <className>edu.ncsu.csc.itrust.unit.bean.WardRoomBeanTest</className>
          <testName>testRoomID</testName>
          <skipped>false</skipped>
          <failedSince>0</failedSince>
        </case>
      </cases>
    </suite>
    <suite>
      <file>/var/lib/jenkins/workspace/itrust-main/iTrust-v23/iTrust/target/surefire-reports/TEST-edu.ncsu.csc.itrust.unit.bean.ZipCodeBeanTest.xml</file>
      <name>edu.ncsu.csc.itrust.unit.bean.ZipCodeBeanTest</name>
      <duration>0.0</duration>
      <time>0</time>
      <cases>
        <case>
          <duration>0.0</duration>
          <className>edu.ncsu.csc.itrust.unit.bean.ZipCodeBeanTest</className>
          <testName>testBean</testName>
          <skipped>false</skipped>
          <failedSince>0</failedSince>
        </case>
      </cases>
    </suite>
    <suite>
      <file>/var/lib/jenkins/workspace/itrust-main/iTrust-v23/iTrust/target/surefire-reports/TEST-edu.ncsu.csc.itrust.unit.bean.ZipCodeLoaderTest.xml</file>
      <name>edu.ncsu.csc.itrust.unit.bean.ZipCodeLoaderTest</name>
      <duration>0.007</duration>
      <time>0.007</time>
      <cases>
        <case>
          <duration>0.002</duration>
          <className>edu.ncsu.csc.itrust.unit.bean.ZipCodeLoaderTest</className>
          <testName>testLoadList</testName>
          <skipped>false</skipped>
          <failedSince>0</failedSince>
        </case>
        <case>
          <duration>0.002</duration>
          <className>edu.ncsu.csc.itrust.unit.bean.ZipCodeLoaderTest</className>
          <testName>testLoadSingle</testName>
          <skipped>false</skipped>
          <failedSince>0</failedSince>
        </case>
      </cases>
    </suite>
    <suite>
      <file>/var/lib/jenkins/workspace/itrust-main/iTrust-v23/iTrust/target/surefire-reports/TEST-edu.ncsu.csc.itrust.unit.enums.BloodTypeTest.xml</file>
      <name>edu.ncsu.csc.itrust.unit.enums.BloodTypeTest</name>
      <duration>0.001</duration>
      <time>0.001</time>
      <cases>
        <case>
          <duration>0.001</duration>
          <className>edu.ncsu.csc.itrust.unit.enums.BloodTypeTest</className>
          <testName>testParse</testName>
          <skipped>false</skipped>
          <failedSince>0</failedSince>
        </case>
      </cases>
    </suite>
    <suite>
      <file>/var/lib/jenkins/workspace/itrust-main/iTrust-v23/iTrust/target/surefire-reports/TEST-edu.ncsu.csc.itrust.unit.enums.EthnicityTest.xml</file>
      <name>edu.ncsu.csc.itrust.unit.enums.EthnicityTest</name>
      <duration>0.001</duration>
      <time>0.001</time>
      <cases>
        <case>
          <duration>0.001</duration>
          <className>edu.ncsu.csc.itrust.unit.enums.EthnicityTest</className>
          <testName>testParse</testName>
          <skipped>false</skipped>
          <failedSince>0</failedSince>
        </case>
      </cases>
    </suite>
    <suite>
      <file>/var/lib/jenkins/workspace/itrust-main/iTrust-v23/iTrust/target/surefire-reports/TEST-edu.ncsu.csc.itrust.unit.enums.StateTest.xml</file>
      <name>edu.ncsu.csc.itrust.unit.enums.StateTest</name>
      <duration>0.0</duration>
      <time>0</time>
      <cases>
        <case>
          <duration>0.0</duration>
          <className>edu.ncsu.csc.itrust.unit.enums.StateTest</className>
          <testName>testParse</testName>
          <skipped>false</skipped>
          <failedSince>0</failedSince>
        </case>
      </cases>
    </suite>
    <suite>
      <file>/var/lib/jenkins/workspace/itrust-main/iTrust-v23/iTrust/target/surefire-reports/TEST-edu.ncsu.csc.itrust.unit.enums.TransactionTypeTest.xml</file>
      <name>edu.ncsu.csc.itrust.unit.enums.TransactionTypeTest</name>
      <duration>0.0</duration>
      <time>0</time>
      <cases>
        <case>
          <duration>0.0</duration>
          <className>edu.ncsu.csc.itrust.unit.enums.TransactionTypeTest</className>
          <testName>testBadParse</testName>
          <skipped>false</skipped>
          <failedSince>0</failedSince>
        </case>
        <case>
          <duration>0.0</duration>
          <className>edu.ncsu.csc.itrust.unit.enums.TransactionTypeTest</className>
          <testName>testParse</testName>
          <skipped>false</skipped>
          <failedSince>0</failedSince>
        </case>
      </cases>
    </suite>
  </suites>
  <duration>36.258995</duration>
  <keepLongStdio>false</keepLongStdio>
</result>