<?xml version='1.0' encoding='UTF-8'?>
<result plugin="junit@1.21">
  <suites>
    <suite>
      <file>/var/lib/jenkins/workspace/itrust-main/iTrust-v23/iTrust/target/surefire-reports/TEST-edu.ncsu.csc.itrust.logger.TransactionLoggerTest.xml</file>
      <name>edu.ncsu.csc.itrust.logger.TransactionLoggerTest</name>
      <duration>0.231</duration>
      <time>0.231</time>
      <cases>
        <case>
          <duration>0.223</duration>
          <className>edu.ncsu.csc.itrust.logger.TransactionLoggerTest</className>
          <testName>testLogTransaction</testName>
          <skipped>false</skipped>
          <failedSince>0</failedSince>
        </case>
        <case>
          <duration>0.0</duration>
          <className>edu.ncsu.csc.itrust.logger.TransactionLoggerTest</className>
          <testName>testGetInstance</testName>
          <skipped>false</skipped>
          <failedSince>0</failedSince>
        </case>
      </cases>
    </suite>
    <suite>
      <file>/var/lib/jenkins/workspace/itrust-main/iTrust-v23/iTrust/target/surefire-reports/TEST-edu.ncsu.csc.itrust.unit.BeanBuilderTest.xml</file>
      <name>edu.ncsu.csc.itrust.unit.BeanBuilderTest</name>
      <duration>0.023</duration>
      <time>0.023</time>
      <cases>
        <case>
          <duration>0.004</duration>
          <className>edu.ncsu.csc.itrust.unit.BeanBuilderTest</className>
          <testName>testEmptyPatientDateOfBirth</testName>
          <skipped>false</skipped>
          <failedSince>0</failedSince>
        </case>
        <case>
          <duration>0.001</duration>
          <className>edu.ncsu.csc.itrust.unit.BeanBuilderTest</className>
          <testName>testOkayBean1</testName>
          <skipped>false</skipped>
          <failedSince>0</failedSince>
        </case>
        <case>
          <duration>0.001</duration>
          <className>edu.ncsu.csc.itrust.unit.BeanBuilderTest</className>
          <testName>testNotOverloaded</testName>
          <skipped>false</skipped>
          <failedSince>0</failedSince>
        </case>
        <case>
          <duration>0.002</duration>
          <className>edu.ncsu.csc.itrust.unit.BeanBuilderTest</className>
          <testName>testEqualsOkayToBeOverloaded</testName>
          <skipped>false</skipped>
          <failedSince>0</failedSince>
        </case>
        <case>
          <duration>0.001</duration>
          <className>edu.ncsu.csc.itrust.unit.BeanBuilderTest</className>
          <testName>testOverloadedConstructor</testName>
          <skipped>false</skipped>
          <failedSince>0</failedSince>
        </case>
        <case>
          <duration>0.001</duration>
          <className>edu.ncsu.csc.itrust.unit.BeanBuilderTest</className>
          <testName>testPartialPatient</testName>
          <skipped>false</skipped>
          <failedSince>0</failedSince>
        </case>
      </cases>
    </suite>
    <suite>
      <file>/var/lib/jenkins/workspace/itrust-main/iTrust-v23/iTrust/target/surefire-reports/TEST-edu.ncsu.csc.itrust.unit.EmailUtilTest.xml</file>
      <name>edu.ncsu.csc.itrust.unit.EmailUtilTest</name>
      <duration>0.003</duration>
      <time>0.003</time>
      <cases>
        <case>
          <duration>0.0</duration>
          <className>edu.ncsu.csc.itrust.unit.EmailUtilTest</className>
          <testName>testSendEmail</testName>
          <skipped>false</skipped>
          <failedSince>0</failedSince>
        </case>
      </cases>
    </suite>
    <suite>
      <file>/var/lib/jenkins/workspace/itrust-main/iTrust-v23/iTrust/target/surefire-reports/TEST-edu.ncsu.csc.itrust.unit.ErrorListTest.xml</file>
      <name>edu.ncsu.csc.itrust.unit.ErrorListTest</name>
      <duration>0.0</duration>
      <time>0</time>
      <cases>
        <case>
          <duration>0.0</duration>
          <className>edu.ncsu.csc.itrust.unit.ErrorListTest</className>
          <testName>testToString</testName>
          <skipped>false</skipped>
          <failedSince>0</failedSince>
        </case>
      </cases>
    </suite>
    <suite>
      <file>/var/lib/jenkins/workspace/itrust-main/iTrust-v23/iTrust/target/surefire-reports/TEST-edu.ncsu.csc.itrust.unit.action.AddApptActionTest.xml</file>
      <name>edu.ncsu.csc.itrust.unit.action.AddApptActionTest</name>
      <duration>1.662</duration>
      <time>1.662</time>
      <cases>
        <case>
          <duration>0.204</duration>
          <className>edu.ncsu.csc.itrust.unit.action.AddApptActionTest</className>
          <testName>testGetName2</testName>
          <skipped>false</skipped>
          <failedSince>0</failedSince>
        </case>
        <case>
          <duration>0.377</duration>
          <className>edu.ncsu.csc.itrust.unit.action.AddApptActionTest</className>
          <testName>testAddAppt</testName>
          <skipped>false</skipped>
          <errorStackTrace>java.lang.NullPointerException
	at edu.ncsu.csc.itrust.unit.action.AddApptActionTest.testAddAppt(AddApptActionTest.java:45)
</errorStackTrace>
          <failedSince>1</failedSince>
        </case>
        <case>
          <duration>0.353</duration>
          <className>edu.ncsu.csc.itrust.unit.action.AddApptActionTest</className>
          <testName>testAddAppt2</testName>
          <skipped>false</skipped>
          <failedSince>0</failedSince>
        </case>
        <case>
          <duration>0.212</duration>
          <className>edu.ncsu.csc.itrust.unit.action.AddApptActionTest</className>
          <testName>testGetName</testName>
          <skipped>false</skipped>
          <failedSince>0</failedSince>
        </case>
        <case>
          <duration>0.274</duration>
          <className>edu.ncsu.csc.itrust.unit.action.AddApptActionTest</className>
          <testName>testAddConflicts</testName>
          <skipped>false</skipped>
          <errorStackTrace>java.lang.NullPointerException
	at edu.ncsu.csc.itrust.unit.action.AddApptActionTest.testAddConflicts(AddApptActionTest.java:88)
</errorStackTrace>
          <failedSince>1</failedSince>
        </case>
        <case>
          <duration>0.239</duration>
          <className>edu.ncsu.csc.itrust.unit.action.AddApptActionTest</className>
          <testName>testGetConflicts</testName>
          <skipped>false</skipped>
          <errorStackTrace>java.lang.NullPointerException
	at edu.ncsu.csc.itrust.unit.action.AddApptActionTest.testGetConflicts(AddApptActionTest.java:115)
</errorStackTrace>
          <failedSince>1</failedSince>
        </case>
      </cases>
    </suite>
    <suite>
      <file>/var/lib/jenkins/workspace/itrust-main/iTrust-v23/iTrust/target/surefire-reports/TEST-edu.ncsu.csc.itrust.unit.action.AddDrugListActionTest.xml</file>
      <name>edu.ncsu.csc.itrust.unit.action.AddDrugListActionTest</name>
      <duration>0.193</duration>
      <time>0.193</time>
      <cases>
        <case>
          <duration>0.106</duration>
          <className>edu.ncsu.csc.itrust.unit.action.AddDrugListActionTest</className>
          <testName>testLoadFile</testName>
          <skipped>false</skipped>
          <failedSince>0</failedSince>
        </case>
        <case>
          <duration>0.086</duration>
          <className>edu.ncsu.csc.itrust.unit.action.AddDrugListActionTest</className>
          <testName>testRenameDrugs</testName>
          <skipped>false</skipped>
          <failedSince>0</failedSince>
        </case>
      </cases>
    </suite>
    <suite>
      <file>/var/lib/jenkins/workspace/itrust-main/iTrust-v23/iTrust/target/surefire-reports/TEST-edu.ncsu.csc.itrust.unit.action.AddERespActionTest.xml</file>
      <name>edu.ncsu.csc.itrust.unit.action.AddERespActionTest</name>
      <duration>0.274</duration>
      <time>0.274</time>
      <cases>
        <case>
          <duration>0.274</duration>
          <className>edu.ncsu.csc.itrust.unit.action.AddERespActionTest</className>
          <testName>testAddER</testName>
          <skipped>false</skipped>
          <errorStackTrace>java.lang.NullPointerException
	at edu.ncsu.csc.itrust.unit.action.AddERespActionTest.testAddER(AddERespActionTest.java:44)
</errorStackTrace>
          <failedSince>66</failedSince>
        </case>
      </cases>
    </suite>
    <suite>
      <file>/var/lib/jenkins/workspace/itrust-main/iTrust-v23/iTrust/target/surefire-reports/TEST-edu.ncsu.csc.itrust.unit.action.AddLTActionTest.xml</file>
      <name>edu.ncsu.csc.itrust.unit.action.AddLTActionTest</name>
      <duration>0.297</duration>
      <time>0.297</time>
      <cases>
        <case>
          <duration>0.296</duration>
          <className>edu.ncsu.csc.itrust.unit.action.AddLTActionTest</className>
          <testName>testAddLT</testName>
          <skipped>false</skipped>
          <failedSince>0</failedSince>
        </case>
      </cases>
    </suite>
    <suite>
      <file>/var/lib/jenkins/workspace/itrust-main/iTrust-v23/iTrust/target/surefire-reports/TEST-edu.ncsu.csc.itrust.unit.action.AddPatientFileActionTest.xml</file>
      <name>edu.ncsu.csc.itrust.unit.action.AddPatientFileActionTest</name>
      <duration>0.025</duration>
      <time>0.025</time>
      <cases>
        <case>
          <duration>0.018</duration>
          <className>edu.ncsu.csc.itrust.unit.action.AddPatientFileActionTest</className>
          <testName>testInvalidData</testName>
          <skipped>false</skipped>
          <errorStackTrace>edu.ncsu.csc.itrust.exception.CSVFormatException: Line ended while inside quotes
	at edu.ncsu.csc.itrust.unit.action.AddPatientFileActionTest.testInvalidData(AddPatientFileActionTest.java:56)
</errorStackTrace>
          <errorDetails>Line ended while inside quotes</errorDetails>
          <failedSince>1</failedSince>
        </case>
        <case>
          <duration>0.001</duration>
          <className>edu.ncsu.csc.itrust.unit.action.AddPatientFileActionTest</className>
          <testName>testDuplicateField</testName>
          <skipped>false</skipped>
          <errorStackTrace>edu.ncsu.csc.itrust.exception.CSVFormatException: Line ended while inside quotes
	at edu.ncsu.csc.itrust.unit.action.AddPatientFileActionTest.testDuplicateField(AddPatientFileActionTest.java:75)
</errorStackTrace>
          <errorDetails>Line ended while inside quotes</errorDetails>
          <failedSince>1</failedSince>
        </case>
        <case>
          <duration>0.001</duration>
          <className>edu.ncsu.csc.itrust.unit.action.AddPatientFileActionTest</className>
          <testName>testRequiredFieldMissing</testName>
          <skipped>false</skipped>
          <errorStackTrace>java.lang.NullPointerException
	at edu.ncsu.csc.itrust.unit.action.AddPatientFileActionTest.testRequiredFieldMissing(AddPatientFileActionTest.java:118)
</errorStackTrace>
          <failedSince>66</failedSince>
        </case>
        <case>
          <duration>0.002</duration>
          <className>edu.ncsu.csc.itrust.unit.action.AddPatientFileActionTest</className>
          <testName>testValidData</testName>
          <skipped>false</skipped>
          <errorStackTrace>java.lang.NullPointerException
	at edu.ncsu.csc.itrust.unit.action.AddPatientFileActionTest.testValidData(AddPatientFileActionTest.java:40)
</errorStackTrace>
          <failedSince>1</failedSince>
        </case>
        <case>
          <duration>0.001</duration>
          <className>edu.ncsu.csc.itrust.unit.action.AddPatientFileActionTest</className>
          <testName>testInvalidHeader</testName>
          <skipped>false</skipped>
          <errorStackTrace>java.lang.NullPointerException
	at edu.ncsu.csc.itrust.unit.action.AddPatientFileActionTest.testInvalidHeader(AddPatientFileActionTest.java:97)
</errorStackTrace>
          <failedSince>66</failedSince>
        </case>
      </cases>
    </suite>
    <suite>
      <file>/var/lib/jenkins/workspace/itrust-main/iTrust-v23/iTrust/target/surefire-reports/TEST-edu.ncsu.csc.itrust.unit.action.AddRemoteMonitoringDataActionTest.xml</file>
      <name>edu.ncsu.csc.itrust.unit.action.AddRemoteMonitoringDataActionTest</name>
      <duration>0.882</duration>
      <time>0.882</time>
      <cases>
        <case>
          <duration>0.077</duration>
          <className>edu.ncsu.csc.itrust.unit.action.AddRemoteMonitoringDataActionTest</className>
          <testName>testAddBadRemoteMonitoringGlucoseLevelData</testName>
          <skipped>false</skipped>
          <errorStackTrace>java.lang.IllegalArgumentException: Role patient does not exist
	at edu.ncsu.csc.itrust.unit.action.AddRemoteMonitoringDataActionTest.testAddBadRemoteMonitoringGlucoseLevelData(AddRemoteMonitoringDataActionTest.java:342)
</errorStackTrace>
          <errorDetails>Role patient does not exist</errorDetails>
          <failedSince>1</failedSince>
        </case>
        <case>
          <duration>0.083</duration>
          <className>edu.ncsu.csc.itrust.unit.action.AddRemoteMonitoringDataActionTest</className>
          <testName>testAddRemoteMonitoringDataGlucoseOnly</testName>
          <skipped>false</skipped>
          <errorStackTrace>java.lang.IllegalArgumentException: Role patient does not exist
	at edu.ncsu.csc.itrust.unit.action.AddRemoteMonitoringDataActionTest.testAddRemoteMonitoringDataGlucoseOnly(AddRemoteMonitoringDataActionTest.java:75)
</errorStackTrace>
          <errorDetails>Role patient does not exist</errorDetails>
          <failedSince>1</failedSince>
        </case>
        <case>
          <duration>0.073</duration>
          <className>edu.ncsu.csc.itrust.unit.action.AddRemoteMonitoringDataActionTest</className>
          <testName>testAddRemoteMonitoringData</testName>
          <skipped>false</skipped>
          <errorStackTrace>java.lang.IllegalArgumentException: Role patient does not exist
	at edu.ncsu.csc.itrust.unit.action.AddRemoteMonitoringDataActionTest.testAddRemoteMonitoringData(AddRemoteMonitoringDataActionTest.java:39)
</errorStackTrace>
          <errorDetails>Role patient does not exist</errorDetails>
          <failedSince>1</failedSince>
        </case>
        <case>
          <duration>0.068</duration>
          <className>edu.ncsu.csc.itrust.unit.action.AddRemoteMonitoringDataActionTest</className>
          <testName>testAddRemoteMonitoringExternalDataOnly</testName>
          <skipped>false</skipped>
          <errorStackTrace>java.lang.IllegalArgumentException: Role patient does not exist
	at edu.ncsu.csc.itrust.unit.action.AddRemoteMonitoringDataActionTest.testAddRemoteMonitoringExternalDataOnly(AddRemoteMonitoringDataActionTest.java:176)
</errorStackTrace>
          <errorDetails>Role patient does not exist</errorDetails>
          <failedSince>1</failedSince>
        </case>
        <case>
          <duration>0.05</duration>
          <className>edu.ncsu.csc.itrust.unit.action.AddRemoteMonitoringDataActionTest</className>
          <testName>testAddBadRemoteMonitoringPedometerReadingData</testName>
          <skipped>false</skipped>
          <errorStackTrace>java.lang.IllegalArgumentException: Role patient does not exist
	at edu.ncsu.csc.itrust.unit.action.AddRemoteMonitoringDataActionTest.testAddBadRemoteMonitoringPedometerReadingData(AddRemoteMonitoringDataActionTest.java:307)
</errorStackTrace>
          <errorDetails>Role patient does not exist</errorDetails>
          <failedSince>1</failedSince>
        </case>
        <case>
          <duration>0.044</duration>
          <className>edu.ncsu.csc.itrust.unit.action.AddRemoteMonitoringDataActionTest</className>
          <testName>testAddRemoteMonitoringHeightWeightDataOnly</testName>
          <skipped>false</skipped>
          <errorStackTrace>java.lang.IllegalArgumentException: Role patient does not exist
	at edu.ncsu.csc.itrust.unit.action.AddRemoteMonitoringDataActionTest.testAddRemoteMonitoringHeightWeightDataOnly(AddRemoteMonitoringDataActionTest.java:192)
</errorStackTrace>
          <errorDetails>Role patient does not exist</errorDetails>
          <failedSince>1</failedSince>
        </case>
        <case>
          <duration>0.047</duration>
          <className>edu.ncsu.csc.itrust.unit.action.AddRemoteMonitoringDataActionTest</className>
          <testName>testAddRemoteMonitoringDataBloodPressureOnly</testName>
          <skipped>false</skipped>
          <errorStackTrace>java.lang.IllegalArgumentException: Role patient does not exist
	at edu.ncsu.csc.itrust.unit.action.AddRemoteMonitoringDataActionTest.testAddRemoteMonitoringDataBloodPressureOnly(AddRemoteMonitoringDataActionTest.java:110)
</errorStackTrace>
          <errorDetails>Role patient does not exist</errorDetails>
          <failedSince>1</failedSince>
        </case>
        <case>
          <duration>0.064</duration>
          <className>edu.ncsu.csc.itrust.unit.action.AddRemoteMonitoringDataActionTest</className>
          <testName>testAddRemoteMonitoringDataGlucoseOnlyUAP</testName>
          <skipped>false</skipped>
          <errorStackTrace>edu.ncsu.csc.itrust.exception.DBException: A database exception has occurred. Please see the log in the console for stacktrace
	at edu.ncsu.csc.itrust.unit.action.AddRemoteMonitoringDataActionTest.testAddRemoteMonitoringDataGlucoseOnlyUAP(AddRemoteMonitoringDataActionTest.java:94)
</errorStackTrace>
          <errorDetails>A database exception has occurred. Please see the log in the console for stacktrace</errorDetails>
          <failedSince>1</failedSince>
        </case>
        <case>
          <duration>0.056</duration>
          <className>edu.ncsu.csc.itrust.unit.action.AddRemoteMonitoringDataActionTest</className>
          <testName>testAddRemoteMonitoringDataBloodPressureOnlyUAP</testName>
          <skipped>false</skipped>
          <errorStackTrace>edu.ncsu.csc.itrust.exception.DBException: A database exception has occurred. Please see the log in the console for stacktrace
	at edu.ncsu.csc.itrust.unit.action.AddRemoteMonitoringDataActionTest.testAddRemoteMonitoringDataBloodPressureOnlyUAP(AddRemoteMonitoringDataActionTest.java:130)
</errorStackTrace>
          <errorDetails>A database exception has occurred. Please see the log in the console for stacktrace</errorDetails>
          <failedSince>1</failedSince>
        </case>
        <case>
          <duration>0.059</duration>
          <className>edu.ncsu.csc.itrust.unit.action.AddRemoteMonitoringDataActionTest</className>
          <testName>testAddRemoteMonitoringDataUAP</testName>
          <skipped>false</skipped>
          <errorStackTrace>edu.ncsu.csc.itrust.exception.DBException: A database exception has occurred. Please see the log in the console for stacktrace
	at edu.ncsu.csc.itrust.unit.action.AddRemoteMonitoringDataActionTest.testAddRemoteMonitoringDataUAP(AddRemoteMonitoringDataActionTest.java:60)
</errorStackTrace>
          <errorDetails>A database exception has occurred. Please see the log in the console for stacktrace</errorDetails>
          <failedSince>1</failedSince>
        </case>
        <case>
          <duration>0.048</duration>
          <className>edu.ncsu.csc.itrust.unit.action.AddRemoteMonitoringDataActionTest</className>
          <testName>testAddRemoteMonitoringPedometerReadingDataOnly</testName>
          <skipped>false</skipped>
          <errorStackTrace>java.lang.IllegalArgumentException: Role patient does not exist
	at edu.ncsu.csc.itrust.unit.action.AddRemoteMonitoringDataActionTest.testAddRemoteMonitoringPedometerReadingDataOnly(AddRemoteMonitoringDataActionTest.java:160)
</errorStackTrace>
          <errorDetails>Role patient does not exist</errorDetails>
          <failedSince>1</failedSince>
        </case>
        <case>
          <duration>0.052</duration>
          <className>edu.ncsu.csc.itrust.unit.action.AddRemoteMonitoringDataActionTest</className>
          <testName>testRepresentativeReportStatus</testName>
          <skipped>false</skipped>
          <errorStackTrace>junit.framework.AssertionFailedError
	at edu.ncsu.csc.itrust.unit.action.AddRemoteMonitoringDataActionTest.testRepresentativeReportStatus(AddRemoteMonitoringDataActionTest.java:327)
</errorStackTrace>
          <failedSince>1</failedSince>
        </case>
        <case>
          <duration>0.044</duration>
          <className>edu.ncsu.csc.itrust.unit.action.AddRemoteMonitoringDataActionTest</className>
          <testName>testAddBadRemoteMonitoringData</testName>
          <skipped>false</skipped>
          <errorStackTrace>java.lang.IllegalArgumentException: Role patient does not exist
	at edu.ncsu.csc.itrust.unit.action.AddRemoteMonitoringDataActionTest.testAddBadRemoteMonitoringData(AddRemoteMonitoringDataActionTest.java:208)
</errorStackTrace>
          <errorDetails>Role patient does not exist</errorDetails>
          <failedSince>1</failedSince>
        </case>
        <case>
          <duration>0.06</duration>
          <className>edu.ncsu.csc.itrust.unit.action.AddRemoteMonitoringDataActionTest</className>
          <testName>testAddRemoteMonitoringWeightDataOnly</testName>
          <skipped>false</skipped>
          <errorStackTrace>java.lang.IllegalArgumentException: Role patient does not exist
	at edu.ncsu.csc.itrust.unit.action.AddRemoteMonitoringDataActionTest.testAddRemoteMonitoringWeightDataOnly(AddRemoteMonitoringDataActionTest.java:145)
</errorStackTrace>
          <errorDetails>Role patient does not exist</errorDetails>
          <failedSince>1</failedSince>
        </case>
        <case>
          <duration>0.047</duration>
          <className>edu.ncsu.csc.itrust.unit.action.AddRemoteMonitoringDataActionTest</className>
          <testName>testAddBadRemoteMonitoringWeightData</testName>
          <skipped>false</skipped>
          <errorStackTrace>java.lang.IllegalArgumentException: Role patient does not exist
	at edu.ncsu.csc.itrust.unit.action.AddRemoteMonitoringDataActionTest.testAddBadRemoteMonitoringWeightData(AddRemoteMonitoringDataActionTest.java:290)
</errorStackTrace>
          <errorDetails>Role patient does not exist</errorDetails>
          <failedSince>1</failedSince>
        </case>
      </cases>
    </suite>
    <suite>
      <file>/var/lib/jenkins/workspace/itrust-main/iTrust-v23/iTrust/target/surefire-reports/TEST-edu.ncsu.csc.itrust.unit.action.ApptBeanTest.xml</file>
      <name>edu.ncsu.csc.itrust.unit.action.ApptBeanTest</name>
      <duration>0.0</duration>
      <time>0</time>
      <cases>
        <case>
          <duration>0.0</duration>
          <className>edu.ncsu.csc.itrust.unit.action.ApptBeanTest</className>
          <testName>testApptEquals</testName>
          <skipped>false</skipped>
          <failedSince>0</failedSince>
        </case>
      </cases>
    </suite>
    <suite>
      <file>/var/lib/jenkins/workspace/itrust-main/iTrust-v23/iTrust/target/surefire-reports/TEST-edu.ncsu.csc.itrust.unit.action.ChangePasswordActionTest.xml</file>
      <name>edu.ncsu.csc.itrust.unit.action.ChangePasswordActionTest</name>
      <duration>0.297</duration>
      <time>0.297</time>
      <cases>
        <case>
          <duration>0.296</duration>
          <className>edu.ncsu.csc.itrust.unit.action.ChangePasswordActionTest</className>
          <testName>testChangePassword</testName>
          <skipped>false</skipped>
          <errorStackTrace>java.lang.NullPointerException
	at edu.ncsu.csc.itrust.unit.action.ChangePasswordActionTest.testChangePassword(ChangePasswordActionTest.java:24)
</errorStackTrace>
          <failedSince>66</failedSince>
        </case>
      </cases>
    </suite>
    <suite>
      <file>/var/lib/jenkins/workspace/itrust-main/iTrust-v23/iTrust/target/surefire-reports/TEST-edu.ncsu.csc.itrust.unit.action.DeclareHCPActionExceptionTest.xml</file>
      <name>edu.ncsu.csc.itrust.unit.action.DeclareHCPActionExceptionTest</name>
      <duration>0.004</duration>
      <time>0.004</time>
      <cases>
        <case>
          <duration>0.002</duration>
          <className>edu.ncsu.csc.itrust.unit.action.DeclareHCPActionExceptionTest</className>
          <testName>testDeclareMalformed</testName>
          <skipped>false</skipped>
          <failedSince>0</failedSince>
        </case>
        <case>
          <duration>0.0</duration>
          <className>edu.ncsu.csc.itrust.unit.action.DeclareHCPActionExceptionTest</className>
          <testName>testUnDeclareMalformed</testName>
          <skipped>false</skipped>
          <failedSince>0</failedSince>
        </case>
      </cases>
    </suite>
    <suite>
      <file>/var/lib/jenkins/workspace/itrust-main/iTrust-v23/iTrust/target/surefire-reports/TEST-edu.ncsu.csc.itrust.unit.action.DrugInteractionActionTest.xml</file>
      <name>edu.ncsu.csc.itrust.unit.action.DrugInteractionActionTest</name>
      <duration>0.544</duration>
      <time>0.544</time>
      <cases>
        <case>
          <duration>0.058</duration>
          <className>edu.ncsu.csc.itrust.unit.action.DrugInteractionActionTest</className>
          <testName>testGetInteractions</testName>
          <skipped>false</skipped>
          <errorStackTrace>edu.ncsu.csc.itrust.exception.ITrustException: A database exception has occurred. Please see the log in the console for stacktrace
	at edu.ncsu.csc.itrust.unit.action.DrugInteractionActionTest.testGetInteractions(DrugInteractionActionTest.java:58)
</errorStackTrace>
          <errorDetails>A database exception has occurred. Please see the log in the console for stacktrace</errorDetails>
          <failedSince>1</failedSince>
        </case>
        <case>
          <duration>0.039</duration>
          <className>edu.ncsu.csc.itrust.unit.action.DrugInteractionActionTest</className>
          <testName>testDeleteInteraction</testName>
          <skipped>false</skipped>
          <failedSince>0</failedSince>
        </case>
        <case>
          <duration>0.197</duration>
          <className>edu.ncsu.csc.itrust.unit.action.DrugInteractionActionTest</className>
          <testName>testGetInteractions2</testName>
          <skipped>false</skipped>
          <errorStackTrace>edu.ncsu.csc.itrust.exception.ITrustException: A database exception has occurred. Please see the log in the console for stacktrace
	at edu.ncsu.csc.itrust.unit.action.DrugInteractionActionTest.testGetInteractions2(DrugInteractionActionTest.java:77)
</errorStackTrace>
          <errorDetails>A database exception has occurred. Please see the log in the console for stacktrace</errorDetails>
          <failedSince>1</failedSince>
        </case>
        <case>
          <duration>0.061</duration>
          <className>edu.ncsu.csc.itrust.unit.action.DrugInteractionActionTest</className>
          <testName>testReportInteraction</testName>
          <skipped>false</skipped>
          <failedSince>0</failedSince>
        </case>
        <case>
          <duration>0.069</duration>
          <className>edu.ncsu.csc.itrust.unit.action.DrugInteractionActionTest</className>
          <testName>testReportAlreadyAdded</testName>
          <skipped>false</skipped>
          <failedSince>0</failedSince>
        </case>
        <case>
          <duration>0.054</duration>
          <className>edu.ncsu.csc.itrust.unit.action.DrugInteractionActionTest</className>
          <testName>testEvilDAOFactory</testName>
          <skipped>false</skipped>
          <failedSince>0</failedSince>
        </case>
        <case>
          <duration>0.065</duration>
          <className>edu.ncsu.csc.itrust.unit.action.DrugInteractionActionTest</className>
          <testName>testReportSameDrugsInteraction</testName>
          <skipped>false</skipped>
          <failedSince>0</failedSince>
        </case>
      </cases>
    </suite>
    <suite>
      <file>/var/lib/jenkins/workspace/itrust-main/iTrust-v23/iTrust/target/surefire-reports/TEST-edu.ncsu.csc.itrust.unit.action.EditApptActionTest.xml</file>
      <name>edu.ncsu.csc.itrust.unit.action.EditApptActionTest</name>
      <duration>0.349</duration>
      <time>0.349</time>
      <cases>
        <case>
          <duration>0.053</duration>
          <className>edu.ncsu.csc.itrust.unit.action.EditApptActionTest</className>
          <testName>testEditAppt</testName>
          <skipped>false</skipped>
          <errorStackTrace>java.lang.NullPointerException
	at edu.ncsu.csc.itrust.unit.action.EditApptActionTest.setUp(EditApptActionTest.java:43)
</errorStackTrace>
          <failedSince>66</failedSince>
        </case>
        <case>
          <duration>0.046</duration>
          <className>edu.ncsu.csc.itrust.unit.action.EditApptActionTest</className>
          <testName>testEditApptConflict</testName>
          <skipped>false</skipped>
          <errorStackTrace>java.lang.NullPointerException
	at edu.ncsu.csc.itrust.unit.action.EditApptActionTest.setUp(EditApptActionTest.java:43)
</errorStackTrace>
          <failedSince>1</failedSince>
        </case>
        <case>
          <duration>0.051</duration>
          <className>edu.ncsu.csc.itrust.unit.action.EditApptActionTest</className>
          <testName>testGetAppt</testName>
          <skipped>false</skipped>
          <errorStackTrace>java.lang.NullPointerException
	at edu.ncsu.csc.itrust.unit.action.EditApptActionTest.setUp(EditApptActionTest.java:43)
</errorStackTrace>
          <failedSince>1</failedSince>
        </case>
        <case>
          <duration>0.066</duration>
          <className>edu.ncsu.csc.itrust.unit.action.EditApptActionTest</className>
          <testName>testGetName</testName>
          <skipped>false</skipped>
          <errorStackTrace>java.lang.NullPointerException
	at edu.ncsu.csc.itrust.unit.action.EditApptActionTest.setUp(EditApptActionTest.java:43)
</errorStackTrace>
          <failedSince>1</failedSince>
        </case>
        <case>
          <duration>0.065</duration>
          <className>edu.ncsu.csc.itrust.unit.action.EditApptActionTest</className>
          <testName>testEvilFactory</testName>
          <skipped>false</skipped>
          <errorStackTrace>java.lang.NullPointerException
	at edu.ncsu.csc.itrust.unit.action.EditApptActionTest.setUp(EditApptActionTest.java:43)
</errorStackTrace>
          <failedSince>1</failedSince>
        </case>
        <case>
          <duration>0.06</duration>
          <className>edu.ncsu.csc.itrust.unit.action.EditApptActionTest</className>
          <testName>testRemoveAppt</testName>
          <skipped>false</skipped>
          <errorStackTrace>java.lang.NullPointerException
	at edu.ncsu.csc.itrust.unit.action.EditApptActionTest.setUp(EditApptActionTest.java:43)
</errorStackTrace>
          <failedSince>66</failedSince>
        </case>
      </cases>
    </suite>
    <suite>
      <file>/var/lib/jenkins/workspace/itrust-main/iTrust-v23/iTrust/target/surefire-reports/TEST-edu.ncsu.csc.itrust.unit.action.EditMonitoringListActionTest.xml</file>
      <name>edu.ncsu.csc.itrust.unit.action.EditMonitoringListActionTest</name>
      <duration>0.162</duration>
      <time>0.162</time>
      <cases>
        <case>
          <duration>0.077</duration>
          <className>edu.ncsu.csc.itrust.unit.action.EditMonitoringListActionTest</className>
          <testName>testAddToRemoveFromList</testName>
          <skipped>false</skipped>
          <failedSince>0</failedSince>
        </case>
        <case>
          <duration>0.083</duration>
          <className>edu.ncsu.csc.itrust.unit.action.EditMonitoringListActionTest</className>
          <testName>testIsPatientInList</testName>
          <skipped>false</skipped>
          <errorStackTrace>junit.framework.AssertionFailedError
	at edu.ncsu.csc.itrust.unit.action.EditMonitoringListActionTest.testIsPatientInList(EditMonitoringListActionTest.java:33)
</errorStackTrace>
          <failedSince>1</failedSince>
        </case>
      </cases>
    </suite>
    <suite>
      <file>/var/lib/jenkins/workspace/itrust-main/iTrust-v23/iTrust/target/surefire-reports/TEST-edu.ncsu.csc.itrust.unit.action.EditPatientActionTest.xml</file>
      <name>edu.ncsu.csc.itrust.unit.action.EditPatientActionTest</name>
      <duration>0.654</duration>
      <time>0.654</time>
      <cases>
        <case>
          <duration>0.059</duration>
          <className>edu.ncsu.csc.itrust.unit.action.EditPatientActionTest</className>
          <testName>testWrongFormat</testName>
          <skipped>false</skipped>
          <failedSince>0</failedSince>
        </case>
        <case>
          <duration>0.061</duration>
          <className>edu.ncsu.csc.itrust.unit.action.EditPatientActionTest</className>
          <testName>testNull</testName>
          <skipped>false</skipped>
          <failedSince>0</failedSince>
        </case>
        <case>
          <duration>0.061</duration>
          <className>edu.ncsu.csc.itrust.unit.action.EditPatientActionTest</className>
          <testName>testEditRepresentatives</testName>
          <skipped>false</skipped>
          <errorStackTrace>edu.ncsu.csc.itrust.exception.DBException: A database exception has occurred. Please see the log in the console for stacktrace
	at edu.ncsu.csc.itrust.unit.action.EditPatientActionTest.testEditRepresentatives(EditPatientActionTest.java:42)
</errorStackTrace>
          <errorDetails>A database exception has occurred. Please see the log in the console for stacktrace</errorDetails>
          <failedSince>1</failedSince>
        </case>
        <case>
          <duration>0.051</duration>
          <className>edu.ncsu.csc.itrust.unit.action.EditPatientActionTest</className>
          <testName>testIsDependent</testName>
          <skipped>false</skipped>
          <failedSince>0</failedSince>
        </case>
        <case>
          <duration>0.053</duration>
          <className>edu.ncsu.csc.itrust.unit.action.EditPatientActionTest</className>
          <testName>testNonExistent</testName>
          <skipped>false</skipped>
          <failedSince>0</failedSince>
        </case>
        <case>
          <duration>0.052</duration>
          <className>edu.ncsu.csc.itrust.unit.action.EditPatientActionTest</className>
          <testName>testGetPatientLogged</testName>
          <skipped>false</skipped>
          <errorStackTrace>edu.ncsu.csc.itrust.exception.DBException: A database exception has occurred. Please see the log in the console for stacktrace
	at edu.ncsu.csc.itrust.unit.action.EditPatientActionTest.testGetPatientLogged(EditPatientActionTest.java:117)
</errorStackTrace>
          <errorDetails>A database exception has occurred. Please see the log in the console for stacktrace</errorDetails>
          <failedSince>1</failedSince>
        </case>
        <case>
          <duration>0.064</duration>
          <className>edu.ncsu.csc.itrust.unit.action.EditPatientActionTest</className>
          <testName>testConstructNormal</testName>
          <skipped>false</skipped>
          <failedSince>0</failedSince>
        </case>
        <case>
          <duration>0.051</duration>
          <className>edu.ncsu.csc.itrust.unit.action.EditPatientActionTest</className>
          <testName>testSetDependent</testName>
          <skipped>false</skipped>
          <errorStackTrace>edu.ncsu.csc.itrust.exception.DBException: A database exception has occurred. Please see the log in the console for stacktrace
	at edu.ncsu.csc.itrust.unit.action.EditPatientActionTest.testSetDependent(EditPatientActionTest.java:154)
</errorStackTrace>
          <errorDetails>A database exception has occurred. Please see the log in the console for stacktrace</errorDetails>
          <failedSince>1</failedSince>
        </case>
        <case>
          <duration>0.077</duration>
          <className>edu.ncsu.csc.itrust.unit.action.EditPatientActionTest</className>
          <testName>testInvalidDates</testName>
          <skipped>false</skipped>
          <errorStackTrace>edu.ncsu.csc.itrust.exception.DBException: A database exception has occurred. Please see the log in the console for stacktrace
	at edu.ncsu.csc.itrust.unit.action.EditPatientActionTest.testInvalidDates(EditPatientActionTest.java:78)
</errorStackTrace>
          <errorDetails>A database exception has occurred. Please see the log in the console for stacktrace</errorDetails>
          <failedSince>1</failedSince>
        </case>
        <case>
          <duration>0.065</duration>
          <className>edu.ncsu.csc.itrust.unit.action.EditPatientActionTest</className>
          <testName>testDeactivateActivate</testName>
          <skipped>false</skipped>
          <errorStackTrace>edu.ncsu.csc.itrust.exception.DBException: A database exception has occurred. Please see the log in the console for stacktrace
	at edu.ncsu.csc.itrust.unit.action.EditPatientActionTest.testDeactivateActivate(EditPatientActionTest.java:125)
</errorStackTrace>
          <errorDetails>A database exception has occurred. Please see the log in the console for stacktrace</errorDetails>
          <failedSince>1</failedSince>
        </case>
        <case>
          <duration>0.056</duration>
          <className>edu.ncsu.csc.itrust.unit.action.EditPatientActionTest</className>
          <testName>testEditCOD</testName>
          <skipped>false</skipped>
          <errorStackTrace>edu.ncsu.csc.itrust.exception.DBException: A database exception has occurred. Please see the log in the console for stacktrace
	at edu.ncsu.csc.itrust.unit.action.EditPatientActionTest.testEditCOD(EditPatientActionTest.java:60)
</errorStackTrace>
          <errorDetails>A database exception has occurred. Please see the log in the console for stacktrace</errorDetails>
          <failedSince>1</failedSince>
        </case>
      </cases>
    </suite>
    <suite>
      <file>/var/lib/jenkins/workspace/itrust-main/iTrust-v23/iTrust/target/surefire-reports/TEST-edu.ncsu.csc.itrust.unit.action.EditRepresentativesActionTest.xml</file>
      <name>edu.ncsu.csc.itrust.unit.action.EditRepresentativesActionTest</name>
      <duration>0.721</duration>
      <time>0.721</time>
      <cases>
        <case>
          <duration>0.152</duration>
          <className>edu.ncsu.csc.itrust.unit.action.EditRepresentativesActionTest</className>
          <testName>testNotAPatient</testName>
          <skipped>false</skipped>
          <errorStackTrace>edu.ncsu.csc.itrust.exception.DBException: A database exception has occurred. Please see the log in the console for stacktrace
	at edu.ncsu.csc.itrust.unit.action.EditRepresentativesActionTest.testNotAPatient(EditRepresentativesActionTest.java:80)
</errorStackTrace>
          <errorDetails>A database exception has occurred. Please see the log in the console for stacktrace</errorDetails>
          <failedSince>1</failedSince>
        </case>
        <case>
          <duration>0.065</duration>
          <className>edu.ncsu.csc.itrust.unit.action.EditRepresentativesActionTest</className>
          <testName>testNonPatientAddRepresentative</testName>
          <skipped>false</skipped>
          <failedSince>0</failedSince>
        </case>
        <case>
          <duration>0.06</duration>
          <className>edu.ncsu.csc.itrust.unit.action.EditRepresentativesActionTest</className>
          <testName>testGetRepresentatives</testName>
          <skipped>false</skipped>
          <errorStackTrace>edu.ncsu.csc.itrust.exception.DBException: A database exception has occurred. Please see the log in the console for stacktrace
	at edu.ncsu.csc.itrust.unit.action.EditRepresentativesActionTest.testGetRepresentatives(EditRepresentativesActionTest.java:31)
</errorStackTrace>
          <errorDetails>A database exception has occurred. Please see the log in the console for stacktrace</errorDetails>
          <failedSince>1</failedSince>
        </case>
        <case>
          <duration>0.049</duration>
          <className>edu.ncsu.csc.itrust.unit.action.EditRepresentativesActionTest</className>
          <testName>testCannotRepresentSelf</testName>
          <skipped>false</skipped>
          <errorStackTrace>java.lang.IllegalArgumentException: Role patient does not exist
	at edu.ncsu.csc.itrust.unit.action.EditRepresentativesActionTest.testCannotRepresentSelf(EditRepresentativesActionTest.java:67)
</errorStackTrace>
          <errorDetails>Role patient does not exist</errorDetails>
          <failedSince>1</failedSince>
        </case>
        <case>
          <duration>0.054</duration>
          <className>edu.ncsu.csc.itrust.unit.action.EditRepresentativesActionTest</className>
          <testName>testCheckIfPatientIsActive</testName>
          <skipped>false</skipped>
          <failedSince>0</failedSince>
        </case>
        <case>
          <duration>0.065</duration>
          <className>edu.ncsu.csc.itrust.unit.action.EditRepresentativesActionTest</className>
          <testName>testGetRepresentativeName</testName>
          <skipped>false</skipped>
          <failedSince>0</failedSince>
        </case>
        <case>
          <duration>0.072</duration>
          <className>edu.ncsu.csc.itrust.unit.action.EditRepresentativesActionTest</className>
          <testName>testRemoveNothing</testName>
          <skipped>false</skipped>
          <errorStackTrace>edu.ncsu.csc.itrust.exception.DBException: A database exception has occurred. Please see the log in the console for stacktrace
	at edu.ncsu.csc.itrust.unit.action.EditRepresentativesActionTest.testRemoveNothing(EditRepresentativesActionTest.java:61)
</errorStackTrace>
          <errorDetails>A database exception has occurred. Please see the log in the console for stacktrace</errorDetails>
          <failedSince>1</failedSince>
        </case>
        <case>
          <duration>0.066</duration>
          <className>edu.ncsu.csc.itrust.unit.action.EditRepresentativesActionTest</className>
          <testName>testAddRepresentee</testName>
          <skipped>false</skipped>
          <errorStackTrace>java.lang.IllegalArgumentException: Role patient does not exist
	at edu.ncsu.csc.itrust.unit.action.EditRepresentativesActionTest.testAddRepresentee(EditRepresentativesActionTest.java:38)
</errorStackTrace>
          <errorDetails>Role patient does not exist</errorDetails>
          <failedSince>1</failedSince>
        </case>
        <case>
          <duration>0.073</duration>
          <className>edu.ncsu.csc.itrust.unit.action.EditRepresentativesActionTest</className>
          <testName>testRemoveRepresentee</testName>
          <skipped>false</skipped>
          <errorStackTrace>java.lang.NullPointerException
	at edu.ncsu.csc.itrust.unit.action.EditRepresentativesActionTest.testRemoveRepresentee(EditRepresentativesActionTest.java:46)
</errorStackTrace>
          <failedSince>66</failedSince>
        </case>
        <case>
          <duration>0.065</duration>
          <className>edu.ncsu.csc.itrust.unit.action.EditRepresentativesActionTest</className>
          <testName>testAddNotNumber</testName>
          <skipped>false</skipped>
          <failedSince>0</failedSince>
        </case>
      </cases>
    </suite>
    <suite>
      <file>/var/lib/jenkins/workspace/itrust-main/iTrust-v23/iTrust/target/surefire-reports/TEST-edu.ncsu.csc.itrust.unit.action.EventLoggingActionTest.xml</file>
      <name>edu.ncsu.csc.itrust.unit.action.EventLoggingActionTest</name>
      <duration>0.052</duration>
      <time>0.052</time>
      <cases>
        <case>
          <duration>0.049</duration>
          <className>edu.ncsu.csc.itrust.unit.action.EventLoggingActionTest</className>
          <testName>testGetTransactions</testName>
          <skipped>false</skipped>
          <errorStackTrace>junit.framework.AssertionFailedError
	at edu.ncsu.csc.itrust.unit.action.EventLoggingActionTest.testGetTransactions(EventLoggingActionTest.java:49)
</errorStackTrace>
          <failedSince>1</failedSince>
        </case>
      </cases>
    </suite>
    <suite>
      <file>/var/lib/jenkins/workspace/itrust-main/iTrust-v23/iTrust/target/surefire-reports/TEST-edu.ncsu.csc.itrust.unit.action.GenerateCalendarActionTest.xml</file>
      <name>edu.ncsu.csc.itrust.unit.action.GenerateCalendarActionTest</name>
      <duration>0.663</duration>
      <time>0.663</time>
      <cases>
        <case>
          <duration>0.249</duration>
          <className>edu.ncsu.csc.itrust.unit.action.GenerateCalendarActionTest</className>
          <testName>testGetSend</testName>
          <skipped>false</skipped>
          <errorStackTrace>java.lang.NullPointerException
	at edu.ncsu.csc.itrust.unit.action.GenerateCalendarActionTest.setUp(GenerateCalendarActionTest.java:37)
</errorStackTrace>
          <failedSince>1</failedSince>
        </case>
        <case>
          <duration>0.208</duration>
          <className>edu.ncsu.csc.itrust.unit.action.GenerateCalendarActionTest</className>
          <testName>testGetApptsTable</testName>
          <skipped>false</skipped>
          <errorStackTrace>java.lang.NullPointerException
	at edu.ncsu.csc.itrust.unit.action.GenerateCalendarActionTest.setUp(GenerateCalendarActionTest.java:37)
</errorStackTrace>
          <failedSince>1</failedSince>
        </case>
        <case>
          <duration>0.205</duration>
          <className>edu.ncsu.csc.itrust.unit.action.GenerateCalendarActionTest</className>
          <testName>testGetConflicts</testName>
          <skipped>false</skipped>
          <errorStackTrace>java.lang.NullPointerException
	at edu.ncsu.csc.itrust.unit.action.GenerateCalendarActionTest.setUp(GenerateCalendarActionTest.java:37)
</errorStackTrace>
          <failedSince>1</failedSince>
        </case>
      </cases>
    </suite>
    <suite>
      <file>/var/lib/jenkins/workspace/itrust-main/iTrust-v23/iTrust/target/surefire-reports/TEST-edu.ncsu.csc.itrust.unit.action.GroupReportActionTest.xml</file>
      <name>edu.ncsu.csc.itrust.unit.action.GroupReportActionTest</name>
      <duration>0.554</duration>
      <time>0.554</time>
      <cases>
        <case>
          <duration>0.182</duration>
          <className>edu.ncsu.csc.itrust.unit.action.GroupReportActionTest</className>
          <testName>testGetComprehensiveMedicalInfo</testName>
          <skipped>false</skipped>
          <errorStackTrace>java.lang.NullPointerException
	at edu.ncsu.csc.itrust.unit.action.GroupReportActionTest.setUp(GroupReportActionTest.java:29)
</errorStackTrace>
          <failedSince>1</failedSince>
        </case>
        <case>
          <duration>0.215</duration>
          <className>edu.ncsu.csc.itrust.unit.action.GroupReportActionTest</className>
          <testName>testGenerateReport</testName>
          <skipped>false</skipped>
          <errorStackTrace>java.lang.NullPointerException
	at edu.ncsu.csc.itrust.unit.action.GroupReportActionTest.setUp(GroupReportActionTest.java:29)
</errorStackTrace>
          <failedSince>1</failedSince>
        </case>
        <case>
          <duration>0.155</duration>
          <className>edu.ncsu.csc.itrust.unit.action.GroupReportActionTest</className>
          <testName>testGetComprehensiveDemographicInfo</testName>
          <skipped>false</skipped>
          <errorStackTrace>java.lang.NullPointerException
	at edu.ncsu.csc.itrust.unit.action.GroupReportActionTest.setUp(GroupReportActionTest.java:29)
</errorStackTrace>
          <failedSince>1</failedSince>
        </case>
      </cases>
    </suite>
    <suite>
      <file>/var/lib/jenkins/workspace/itrust-main/iTrust-v23/iTrust/target/surefire-reports/TEST-edu.ncsu.csc.itrust.unit.action.GroupReportGeneratorActionTest.xml</file>
      <name>edu.ncsu.csc.itrust.unit.action.GroupReportGeneratorActionTest</name>
      <duration>0.359</duration>
      <time>0.359</time>
      <cases>
        <case>
          <duration>0.196</duration>
          <className>edu.ncsu.csc.itrust.unit.action.GroupReportGeneratorActionTest</className>
          <testName>testParseFilters</testName>
          <skipped>false</skipped>
          <errorStackTrace>java.lang.NullPointerException
	at edu.ncsu.csc.itrust.unit.action.GroupReportGeneratorActionTest.testParseFilters(GroupReportGeneratorActionTest.java:73)
</errorStackTrace>
          <failedSince>66</failedSince>
        </case>
        <case>
          <duration>0.162</duration>
          <className>edu.ncsu.csc.itrust.unit.action.GroupReportGeneratorActionTest</className>
          <testName>testGenerateReport</testName>
          <skipped>false</skipped>
          <errorStackTrace>java.lang.NullPointerException
	at edu.ncsu.csc.itrust.unit.action.GroupReportGeneratorActionTest.testGenerateReport(GroupReportGeneratorActionTest.java:42)
</errorStackTrace>
          <failedSince>1</failedSince>
        </case>
      </cases>
    </suite>
    <suite>
      <file>/var/lib/jenkins/workspace/itrust-main/iTrust-v23/iTrust/target/surefire-reports/TEST-edu.ncsu.csc.itrust.unit.action.LoginFailureActionTest.xml</file>
      <name>edu.ncsu.csc.itrust.unit.action.LoginFailureActionTest</name>
      <duration>0.316</duration>
      <time>0.316</time>
      <cases>
        <case>
          <duration>0.07</duration>
          <className>edu.ncsu.csc.itrust.unit.action.LoginFailureActionTest</className>
          <testName>testSetCaptcha</testName>
          <skipped>false</skipped>
          <failedSince>0</failedSince>
        </case>
        <case>
          <duration>0.059</duration>
          <className>edu.ncsu.csc.itrust.unit.action.LoginFailureActionTest</className>
          <testName>testNormalLoginFailureSequence</testName>
          <skipped>false</skipped>
          <errorStackTrace>junit.framework.ComparisonFailure: expected:&lt;[Login failed, attempt 1]&gt; but was:&lt;[A database exception has occurred. Please see the log in the console for stacktrace]&gt;
	at edu.ncsu.csc.itrust.unit.action.LoginFailureActionTest.testNormalLoginFailureSequence(LoginFailureActionTest.java:25)
</errorStackTrace>
          <errorDetails>expected:&lt;[Login failed, attempt 1]&gt; but was:&lt;[A database exception has occurred. Please see the log in the console for stacktrace]&gt;</errorDetails>
          <failedSince>1</failedSince>
        </case>
        <case>
          <duration>0.045</duration>
          <className>edu.ncsu.csc.itrust.unit.action.LoginFailureActionTest</className>
          <testName>testNeedsCaptcha</testName>
          <skipped>false</skipped>
          <errorStackTrace>junit.framework.AssertionFailedError: expected:&lt;2&gt; but was:&lt;0&gt;
	at edu.ncsu.csc.itrust.unit.action.LoginFailureActionTest.testNeedsCaptcha(LoginFailureActionTest.java:51)
</errorStackTrace>
          <errorDetails>expected:&lt;2&gt; but was:&lt;0&gt;</errorDetails>
          <stderr>Denying access due to DBException
Denying access due to DBException
Denying access due to DBException
</stderr>
          <failedSince>1</failedSince>
        </case>
        <case>
          <duration>0.051</duration>
          <className>edu.ncsu.csc.itrust.unit.action.LoginFailureActionTest</className>
          <testName>testEvilFactory</testName>
          <skipped>false</skipped>
          <failedSince>0</failedSince>
        </case>
        <case>
          <duration>0.042</duration>
          <className>edu.ncsu.csc.itrust.unit.action.LoginFailureActionTest</className>
          <testName>testIsValidForLoginEvil</testName>
          <skipped>false</skipped>
          <failedSince>0</failedSince>
        </case>
        <case>
          <duration>0.048</duration>
          <className>edu.ncsu.csc.itrust.unit.action.LoginFailureActionTest</className>
          <testName>testRecordLoginFailureEvil</testName>
          <skipped>false</skipped>
          <failedSince>0</failedSince>
        </case>
      </cases>
    </suite>
    <suite>
      <file>/var/lib/jenkins/workspace/itrust-main/iTrust-v23/iTrust/target/surefire-reports/TEST-edu.ncsu.csc.itrust.unit.action.ManageHospitalAssignmentsActionTest.xml</file>
      <name>edu.ncsu.csc.itrust.unit.action.ManageHospitalAssignmentsActionTest</name>
      <duration>1.407</duration>
      <time>1.407</time>
      <cases>
        <case>
          <duration>0.061</duration>
          <className>edu.ncsu.csc.itrust.unit.action.ManageHospitalAssignmentsActionTest</className>
          <testName>testRemoveAllEvil</testName>
          <skipped>false</skipped>
          <failedSince>0</failedSince>
        </case>
        <case>
          <duration>0.073</duration>
          <className>edu.ncsu.csc.itrust.unit.action.ManageHospitalAssignmentsActionTest</className>
          <testName>testRemoveHCPAssignmentsBadID</testName>
          <skipped>false</skipped>
          <failedSince>0</failedSince>
        </case>
        <case>
          <duration>0.069</duration>
          <className>edu.ncsu.csc.itrust.unit.action.ManageHospitalAssignmentsActionTest</className>
          <testName>testCheckHCPIDEvil</testName>
          <skipped>false</skipped>
          <failedSince>0</failedSince>
        </case>
        <case>
          <duration>0.076</duration>
          <className>edu.ncsu.csc.itrust.unit.action.ManageHospitalAssignmentsActionTest</className>
          <testName>testCheckLTIDStringMID</testName>
          <skipped>false</skipped>
          <failedSince>0</failedSince>
        </case>
        <case>
          <duration>0.066</duration>
          <className>edu.ncsu.csc.itrust.unit.action.ManageHospitalAssignmentsActionTest</className>
          <testName>testCheckHCPID</testName>
          <skipped>false</skipped>
          <failedSince>0</failedSince>
        </case>
        <case>
          <duration>0.076</duration>
          <className>edu.ncsu.csc.itrust.unit.action.ManageHospitalAssignmentsActionTest</className>
          <testName>testCheckHCPIDStringMID</testName>
          <skipped>false</skipped>
          <failedSince>0</failedSince>
        </case>
        <case>
          <duration>0.095</duration>
          <className>edu.ncsu.csc.itrust.unit.action.ManageHospitalAssignmentsActionTest</className>
          <testName>testAssignHCPToHospital</testName>
          <skipped>false</skipped>
          <errorStackTrace>java.lang.NullPointerException
	at edu.ncsu.csc.itrust.unit.action.ManageHospitalAssignmentsActionTest.doAssignment(ManageHospitalAssignmentsActionTest.java:45)
	at edu.ncsu.csc.itrust.unit.action.ManageHospitalAssignmentsActionTest.testAssignHCPToHospital(ManageHospitalAssignmentsActionTest.java:58)
</errorStackTrace>
          <failedSince>1</failedSince>
        </case>
        <case>
          <duration>0.07</duration>
          <className>edu.ncsu.csc.itrust.unit.action.ManageHospitalAssignmentsActionTest</className>
          <testName>testCheckLTHospital</testName>
          <skipped>false</skipped>
          <errorStackTrace>java.lang.IllegalArgumentException: Role lt does not exist
	at edu.ncsu.csc.itrust.unit.action.ManageHospitalAssignmentsActionTest.testCheckLTHospital(ManageHospitalAssignmentsActionTest.java:274)
</errorStackTrace>
          <errorDetails>Role lt does not exist</errorDetails>
          <failedSince>1</failedSince>
        </case>
        <case>
          <duration>0.07</duration>
          <className>edu.ncsu.csc.itrust.unit.action.ManageHospitalAssignmentsActionTest</className>
          <testName>testGetAvailableHospitalsBadMID</testName>
          <skipped>false</skipped>
          <failedSince>0</failedSince>
        </case>
        <case>
          <duration>0.064</duration>
          <className>edu.ncsu.csc.itrust.unit.action.ManageHospitalAssignmentsActionTest</className>
          <testName>testAssignHCPToHospitalBadID</testName>
          <skipped>false</skipped>
          <failedSince>0</failedSince>
        </case>
        <case>
          <duration>0.058</duration>
          <className>edu.ncsu.csc.itrust.unit.action.ManageHospitalAssignmentsActionTest</className>
          <testName>testRemovePersonnelAssignmentToHospital</testName>
          <skipped>false</skipped>
          <errorStackTrace>java.lang.NullPointerException
	at edu.ncsu.csc.itrust.unit.action.ManageHospitalAssignmentsActionTest.doAssignment(ManageHospitalAssignmentsActionTest.java:45)
	at edu.ncsu.csc.itrust.unit.action.ManageHospitalAssignmentsActionTest.testRemovePersonnelAssignmentToHospital(ManageHospitalAssignmentsActionTest.java:99)
</errorStackTrace>
          <failedSince>1</failedSince>
        </case>
        <case>
          <duration>0.068</duration>
          <className>edu.ncsu.csc.itrust.unit.action.ManageHospitalAssignmentsActionTest</className>
          <testName>testGetAvailableHospitals</testName>
          <skipped>false</skipped>
          <errorStackTrace>edu.ncsu.csc.itrust.exception.DBException: A database exception has occurred. Please see the log in the console for stacktrace
	at edu.ncsu.csc.itrust.unit.action.ManageHospitalAssignmentsActionTest.testGetAvailableHospitals(ManageHospitalAssignmentsActionTest.java:203)
</errorStackTrace>
          <errorDetails>A database exception has occurred. Please see the log in the console for stacktrace</errorDetails>
          <failedSince>1</failedSince>
        </case>
        <case>
          <duration>0.063</duration>
          <className>edu.ncsu.csc.itrust.unit.action.ManageHospitalAssignmentsActionTest</className>
          <testName>testRemovaAllUnassigned</testName>
          <skipped>false</skipped>
          <failedSince>0</failedSince>
        </case>
        <case>
          <duration>0.062</duration>
          <className>edu.ncsu.csc.itrust.unit.action.ManageHospitalAssignmentsActionTest</className>
          <testName>testAssignHCPToHospitalEvil</testName>
          <skipped>false</skipped>
          <failedSince>0</failedSince>
        </case>
        <case>
          <duration>0.083</duration>
          <className>edu.ncsu.csc.itrust.unit.action.ManageHospitalAssignmentsActionTest</className>
          <testName>testCheckHCPIDBadMID</testName>
          <skipped>false</skipped>
          <failedSince>0</failedSince>
        </case>
        <case>
          <duration>0.072</duration>
          <className>edu.ncsu.csc.itrust.unit.action.ManageHospitalAssignmentsActionTest</className>
          <testName>testAssignDuplicate</testName>
          <skipped>false</skipped>
          <errorStackTrace>java.lang.NullPointerException
	at edu.ncsu.csc.itrust.unit.action.ManageHospitalAssignmentsActionTest.doAssignment(ManageHospitalAssignmentsActionTest.java:45)
	at edu.ncsu.csc.itrust.unit.action.ManageHospitalAssignmentsActionTest.testAssignDuplicate(ManageHospitalAssignmentsActionTest.java:84)
</errorStackTrace>
          <failedSince>66</failedSince>
        </case>
        <case>
          <duration>0.07</duration>
          <className>edu.ncsu.csc.itrust.unit.action.ManageHospitalAssignmentsActionTest</className>
          <testName>testGetAssignedHospitalsBadMID</testName>
          <skipped>false</skipped>
          <failedSince>0</failedSince>
        </case>
        <case>
          <duration>0.072</duration>
          <className>edu.ncsu.csc.itrust.unit.action.ManageHospitalAssignmentsActionTest</className>
          <testName>testRemoveAll</testName>
          <skipped>false</skipped>
          <errorStackTrace>java.lang.NullPointerException
	at edu.ncsu.csc.itrust.unit.action.ManageHospitalAssignmentsActionTest.doAssignment(ManageHospitalAssignmentsActionTest.java:45)
	at edu.ncsu.csc.itrust.unit.action.ManageHospitalAssignmentsActionTest.testRemoveAll(ManageHospitalAssignmentsActionTest.java:120)
</errorStackTrace>
          <failedSince>1</failedSince>
        </case>
        <case>
          <duration>0.07</duration>
          <className>edu.ncsu.csc.itrust.unit.action.ManageHospitalAssignmentsActionTest</className>
          <testName>testRemoveNonAssigned</testName>
          <skipped>false</skipped>
          <errorStackTrace>java.lang.NullPointerException
	at edu.ncsu.csc.itrust.unit.action.ManageHospitalAssignmentsActionTest.testRemoveNonAssigned(ManageHospitalAssignmentsActionTest.java:110)
</errorStackTrace>
          <failedSince>1</failedSince>
        </case>
        <case>
          <duration>0.061</duration>
          <className>edu.ncsu.csc.itrust.unit.action.ManageHospitalAssignmentsActionTest</className>
          <testName>testRemoveHCPtoHospitalBadID</testName>
          <skipped>false</skipped>
          <failedSince>0</failedSince>
        </case>
      </cases>
    </suite>
    <suite>
      <file>/var/lib/jenkins/workspace/itrust-main/iTrust-v23/iTrust/target/surefire-reports/TEST-edu.ncsu.csc.itrust.unit.action.PatientBaseActionTest.xml</file>
      <name>edu.ncsu.csc.itrust.unit.action.PatientBaseActionTest</name>
      <duration>0.0</duration>
      <time>0</time>
      <cases>
        <case>
          <duration>0.0</duration>
          <className>edu.ncsu.csc.itrust.unit.action.PatientBaseActionTest</className>
          <testName>testEvilDatabase</testName>
          <skipped>false</skipped>
          <failedSince>0</failedSince>
        </case>
      </cases>
    </suite>
    <suite>
      <file>/var/lib/jenkins/workspace/itrust-main/iTrust-v23/iTrust/target/surefire-reports/TEST-edu.ncsu.csc.itrust.unit.action.PatientRoomAssignmentActionTest.xml</file>
      <name>edu.ncsu.csc.itrust.unit.action.PatientRoomAssignmentActionTest</name>
      <duration>0.289</duration>
      <time>0.289</time>
      <cases>
        <case>
          <duration>0.288</duration>
          <className>edu.ncsu.csc.itrust.unit.action.PatientRoomAssignmentActionTest</className>
          <testName>testassignPatient</testName>
          <skipped>false</skipped>
          <failedSince>0</failedSince>
        </case>
      </cases>
    </suite>
    <suite>
      <file>/var/lib/jenkins/workspace/itrust-main/iTrust-v23/iTrust/target/surefire-reports/TEST-edu.ncsu.csc.itrust.unit.action.PayBillActionTest.xml</file>
      <name>edu.ncsu.csc.itrust.unit.action.PayBillActionTest</name>
      <duration>0.379</duration>
      <time>0.379</time>
      <cases>
        <case>
          <duration>0.155</duration>
          <className>edu.ncsu.csc.itrust.unit.action.PayBillActionTest</className>
          <testName>testPayBillWithCC</testName>
          <skipped>false</skipped>
          <errorStackTrace>java.lang.NullPointerException
	at edu.ncsu.csc.itrust.unit.action.PayBillActionTest.setUp(PayBillActionTest.java:26)
</errorStackTrace>
          <failedSince>1</failedSince>
        </case>
        <case>
          <duration>0.224</duration>
          <className>edu.ncsu.csc.itrust.unit.action.PayBillActionTest</className>
          <testName>testPayBillWithIns</testName>
          <skipped>false</skipped>
          <errorStackTrace>java.lang.NullPointerException
	at edu.ncsu.csc.itrust.unit.action.PayBillActionTest.setUp(PayBillActionTest.java:26)
</errorStackTrace>
          <failedSince>1</failedSince>
        </case>
      </cases>
    </suite>
    <suite>
      <file>/var/lib/jenkins/workspace/itrust-main/iTrust-v23/iTrust/target/surefire-reports/TEST-edu.ncsu.csc.itrust.unit.action.ReviewsActionTest.xml</file>
      <name>edu.ncsu.csc.itrust.unit.action.ReviewsActionTest</name>
      <duration>1.294</duration>
      <time>1.294</time>
      <cases>
        <case>
          <duration>0.28</duration>
          <className>edu.ncsu.csc.itrust.unit.action.ReviewsActionTest</className>
          <testName>testGetPhysician</testName>
          <skipped>false</skipped>
          <failedSince>0</failedSince>
        </case>
        <case>
          <duration>0.269</duration>
          <className>edu.ncsu.csc.itrust.unit.action.ReviewsActionTest</className>
          <testName>testAddReviewValid</testName>
          <skipped>false</skipped>
          <failedSince>0</failedSince>
        </case>
        <case>
          <duration>0.207</duration>
          <className>edu.ncsu.csc.itrust.unit.action.ReviewsActionTest</className>
          <testName>testGetReviews</testName>
          <skipped>false</skipped>
          <failedSince>0</failedSince>
        </case>
        <case>
          <duration>0.289</duration>
          <className>edu.ncsu.csc.itrust.unit.action.ReviewsActionTest</className>
          <testName>testIsAbleToRate</testName>
          <skipped>false</skipped>
          <failedSince>0</failedSince>
        </case>
        <case>
          <duration>0.249</duration>
          <className>edu.ncsu.csc.itrust.unit.action.ReviewsActionTest</className>
          <testName>testGetAverageRating</testName>
          <skipped>false</skipped>
          <failedSince>0</failedSince>
        </case>
      </cases>
    </suite>
    <suite>
      <file>/var/lib/jenkins/workspace/itrust-main/iTrust-v23/iTrust/target/surefire-reports/TEST-edu.ncsu.csc.itrust.unit.action.SearchUsersActionTest.xml</file>
      <name>edu.ncsu.csc.itrust.unit.action.SearchUsersActionTest</name>
      <duration>2.733</duration>
      <time>2.733</time>
      <cases>
        <case>
          <duration>0.207</duration>
          <className>edu.ncsu.csc.itrust.unit.action.SearchUsersActionTest</className>
          <testName>testSearchForPatientsWithName2</testName>
          <skipped>false</skipped>
          <errorStackTrace>java.lang.NullPointerException
	at edu.ncsu.csc.itrust.unit.action.SearchUsersActionTest.testSearchForPatientsWithName2(SearchUsersActionTest.java:44)
</errorStackTrace>
          <failedSince>1</failedSince>
        </case>
        <case>
          <duration>0.2</duration>
          <className>edu.ncsu.csc.itrust.unit.action.SearchUsersActionTest</className>
          <testName>testSearchForPatientsWithName3</testName>
          <skipped>false</skipped>
          <failedSince>0</failedSince>
        </case>
        <case>
          <duration>0.233</duration>
          <className>edu.ncsu.csc.itrust.unit.action.SearchUsersActionTest</className>
          <testName>testFuzzySearchForPatient1</testName>
          <skipped>false</skipped>
          <errorStackTrace>java.lang.IndexOutOfBoundsException: Index: 0, Size: 0
	at edu.ncsu.csc.itrust.unit.action.SearchUsersActionTest.testFuzzySearchForPatient1(SearchUsersActionTest.java:62)
</errorStackTrace>
          <errorDetails>Index: 0, Size: 0</errorDetails>
          <failedSince>1</failedSince>
        </case>
        <case>
          <duration>0.194</duration>
          <className>edu.ncsu.csc.itrust.unit.action.SearchUsersActionTest</className>
          <testName>testFuzzySearchForPatient2</testName>
          <skipped>false</skipped>
          <errorStackTrace>java.lang.IndexOutOfBoundsException: Index: 0, Size: 0
	at edu.ncsu.csc.itrust.unit.action.SearchUsersActionTest.testFuzzySearchForPatient2(SearchUsersActionTest.java:71)
</errorStackTrace>
          <errorDetails>Index: 0, Size: 0</errorDetails>
          <failedSince>1</failedSince>
        </case>
        <case>
          <duration>0.203</duration>
          <className>edu.ncsu.csc.itrust.unit.action.SearchUsersActionTest</className>
          <testName>testFuzzySearchForPatient3</testName>
          <skipped>false</skipped>
          <errorStackTrace>java.lang.IndexOutOfBoundsException: Index: 0, Size: 0
	at edu.ncsu.csc.itrust.unit.action.SearchUsersActionTest.testFuzzySearchForPatient3(SearchUsersActionTest.java:80)
</errorStackTrace>
          <errorDetails>Index: 0, Size: 0</errorDetails>
          <failedSince>1</failedSince>
        </case>
        <case>
          <duration>0.195</duration>
          <className>edu.ncsu.csc.itrust.unit.action.SearchUsersActionTest</className>
          <testName>testSearchForPatientsWithName</testName>
          <skipped>false</skipped>
          <errorStackTrace>java.lang.NullPointerException
	at edu.ncsu.csc.itrust.unit.action.SearchUsersActionTest.testSearchForPatientsWithName(SearchUsersActionTest.java:35)
</errorStackTrace>
          <failedSince>1</failedSince>
        </case>
        <case>
          <duration>0.202</duration>
          <className>edu.ncsu.csc.itrust.unit.action.SearchUsersActionTest</className>
          <testName>testFuzzySearchForPatientDeactivated</testName>
          <skipped>false</skipped>
          <failedSince>0</failedSince>
        </case>
        <case>
          <duration>0.208</duration>
          <className>edu.ncsu.csc.itrust.unit.action.SearchUsersActionTest</className>
          <testName>testZeroPatients</testName>
          <skipped>false</skipped>
          <failedSince>0</failedSince>
        </case>
        <case>
          <duration>0.141</duration>
          <className>edu.ncsu.csc.itrust.unit.action.SearchUsersActionTest</className>
          <testName>testSearchForPersonnelWithName2</testName>
          <skipped>false</skipped>
          <failedSince>0</failedSince>
        </case>
        <case>
          <duration>0.161</duration>
          <className>edu.ncsu.csc.itrust.unit.action.SearchUsersActionTest</className>
          <testName>testSearchForPersonnelWithName3</testName>
          <skipped>false</skipped>
          <failedSince>0</failedSince>
        </case>
        <case>
          <duration>0.191</duration>
          <className>edu.ncsu.csc.itrust.unit.action.SearchUsersActionTest</className>
          <testName>testFuzzySearchForExpert</testName>
          <skipped>false</skipped>
          <failedSince>0</failedSince>
        </case>
        <case>
          <duration>0.204</duration>
          <className>edu.ncsu.csc.itrust.unit.action.SearchUsersActionTest</className>
          <testName>testSearchForPersonnelWithName</testName>
          <skipped>false</skipped>
          <failedSince>0</failedSince>
        </case>
        <case>
          <duration>0.149</duration>
          <className>edu.ncsu.csc.itrust.unit.action.SearchUsersActionTest</className>
          <testName>testFuzzySearchForPatientDeactivatedOverride</testName>
          <skipped>false</skipped>
          <errorStackTrace>java.lang.IndexOutOfBoundsException: Index: 0, Size: 0
	at edu.ncsu.csc.itrust.unit.action.SearchUsersActionTest.testFuzzySearchForPatientDeactivatedOverride(SearchUsersActionTest.java:95)
</errorStackTrace>
          <errorDetails>Index: 0, Size: 0</errorDetails>
          <failedSince>1</failedSince>
        </case>
        <case>
          <duration>0.242</duration>
          <className>edu.ncsu.csc.itrust.unit.action.SearchUsersActionTest</className>
          <testName>testDeactivated</testName>
          <skipped>false</skipped>
          <errorStackTrace>edu.ncsu.csc.itrust.exception.DBException: A database exception has occurred. Please see the log in the console for stacktrace
	at edu.ncsu.csc.itrust.unit.action.SearchUsersActionTest.testDeactivated(SearchUsersActionTest.java:144)
</errorStackTrace>
          <errorDetails>A database exception has occurred. Please see the log in the console for stacktrace</errorDetails>
          <failedSince>1</failedSince>
        </case>
      </cases>
    </suite>
    <suite>
      <file>/var/lib/jenkins/workspace/itrust-main/iTrust-v23/iTrust/target/surefire-reports/TEST-edu.ncsu.csc.itrust.unit.action.SendMessageActionTest.xml</file>
      <name>edu.ncsu.csc.itrust.unit.action.SendMessageActionTest</name>
      <duration>1.859</duration>
      <time>1.859</time>
      <cases>
        <case>
          <duration>0.273</duration>
          <className>edu.ncsu.csc.itrust.unit.action.SendMessageActionTest</className>
          <testName>testGetPatientName</testName>
          <skipped>false</skipped>
          <failedSince>0</failedSince>
        </case>
        <case>
          <duration>0.29</duration>
          <className>edu.ncsu.csc.itrust.unit.action.SendMessageActionTest</className>
          <testName>testGetMyRepresentees</testName>
          <skipped>false</skipped>
          <errorStackTrace>junit.framework.AssertionFailedError: expected:&lt;7&gt; but was:&lt;0&gt;
	at edu.ncsu.csc.itrust.unit.action.SendMessageActionTest.testGetMyRepresentees(SendMessageActionTest.java:76)
</errorStackTrace>
          <errorDetails>expected:&lt;7&gt; but was:&lt;0&gt;</errorDetails>
          <failedSince>1</failedSince>
        </case>
        <case>
          <duration>0.333</duration>
          <className>edu.ncsu.csc.itrust.unit.action.SendMessageActionTest</className>
          <testName>testSendMessage</testName>
          <skipped>false</skipped>
          <errorStackTrace>java.lang.NullPointerException
	at edu.ncsu.csc.itrust.unit.action.SendMessageActionTest.testSendMessage(SendMessageActionTest.java:57)
</errorStackTrace>
          <failedSince>1</failedSince>
        </case>
        <case>
          <duration>0.367</duration>
          <className>edu.ncsu.csc.itrust.unit.action.SendMessageActionTest</className>
          <testName>testGetMyDLHCPs</testName>
          <skipped>false</skipped>
          <failedSince>0</failedSince>
        </case>
        <case>
          <duration>0.19</duration>
          <className>edu.ncsu.csc.itrust.unit.action.SendMessageActionTest</className>
          <testName>testGetMyDLHCPs2</testName>
          <skipped>false</skipped>
          <failedSince>0</failedSince>
        </case>
        <case>
          <duration>0.201</duration>
          <className>edu.ncsu.csc.itrust.unit.action.SendMessageActionTest</className>
          <testName>testGetPersonnelName</testName>
          <skipped>false</skipped>
          <failedSince>0</failedSince>
        </case>
        <case>
          <duration>0.194</duration>
          <className>edu.ncsu.csc.itrust.unit.action.SendMessageActionTest</className>
          <testName>testGetDLCHPsFor</testName>
          <skipped>false</skipped>
          <failedSince>0</failedSince>
        </case>
      </cases>
    </suite>
    <suite>
      <file>/var/lib/jenkins/workspace/itrust-main/iTrust-v23/iTrust/target/surefire-reports/TEST-edu.ncsu.csc.itrust.unit.action.SetSecurityQuestionTest.xml</file>
      <name>edu.ncsu.csc.itrust.unit.action.SetSecurityQuestionTest</name>
      <duration>0.226</duration>
      <time>0.226</time>
      <cases>
        <case>
          <duration>0.06</duration>
          <className>edu.ncsu.csc.itrust.unit.action.SetSecurityQuestionTest</className>
          <testName>testUpdateInformationCorrectly</testName>
          <skipped>false</skipped>
          <errorStackTrace>edu.ncsu.csc.itrust.exception.DBException: A database exception has occurred. Please see the log in the console for stacktrace
	at edu.ncsu.csc.itrust.unit.action.SetSecurityQuestionTest.testUpdateInformationCorrectly(SetSecurityQuestionTest.java:54)
</errorStackTrace>
          <errorDetails>A database exception has occurred. Please see the log in the console for stacktrace</errorDetails>
          <failedSince>1</failedSince>
        </case>
        <case>
          <duration>0.058</duration>
          <className>edu.ncsu.csc.itrust.unit.action.SetSecurityQuestionTest</className>
          <testName>testRetriveInformation</testName>
          <skipped>false</skipped>
          <errorStackTrace>edu.ncsu.csc.itrust.exception.DBException: A database exception has occurred. Please see the log in the console for stacktrace
	at edu.ncsu.csc.itrust.unit.action.SetSecurityQuestionTest.testRetriveInformation(SetSecurityQuestionTest.java:46)
</errorStackTrace>
          <errorDetails>A database exception has occurred. Please see the log in the console for stacktrace</errorDetails>
          <failedSince>1</failedSince>
        </case>
        <case>
          <duration>0.054</duration>
          <className>edu.ncsu.csc.itrust.unit.action.SetSecurityQuestionTest</className>
          <testName>testBadConnection</testName>
          <skipped>false</skipped>
          <failedSince>0</failedSince>
        </case>
        <case>
          <duration>0.053</duration>
          <className>edu.ncsu.csc.itrust.unit.action.SetSecurityQuestionTest</className>
          <testName>testNotUserID</testName>
          <skipped>false</skipped>
          <failedSince>0</failedSince>
        </case>
      </cases>
    </suite>
    <suite>
      <file>/var/lib/jenkins/workspace/itrust-main/iTrust-v23/iTrust/target/surefire-reports/TEST-edu.ncsu.csc.itrust.unit.action.UpdateNDCodeListActionTest.xml</file>
      <name>edu.ncsu.csc.itrust.unit.action.UpdateNDCodeListActionTest</name>
      <duration>0.379</duration>
      <time>0.379</time>
      <cases>
        <case>
          <duration>0.058</duration>
          <className>edu.ncsu.csc.itrust.unit.action.UpdateNDCodeListActionTest</className>
          <testName>testUpdateNDInformation0</testName>
          <skipped>false</skipped>
          <failedSince>0</failedSince>
        </case>
        <case>
          <duration>0.046</duration>
          <className>edu.ncsu.csc.itrust.unit.action.UpdateNDCodeListActionTest</className>
          <testName>testEvilFactory</testName>
          <skipped>false</skipped>
          <failedSince>0</failedSince>
        </case>
        <case>
          <duration>0.051</duration>
          <className>edu.ncsu.csc.itrust.unit.action.UpdateNDCodeListActionTest</className>
          <testName>testRemoveNDCode</testName>
          <skipped>false</skipped>
          <failedSince>0</failedSince>
        </case>
        <case>
          <duration>0.052</duration>
          <className>edu.ncsu.csc.itrust.unit.action.UpdateNDCodeListActionTest</className>
          <testName>testRemoveNonExistent</testName>
          <skipped>false</skipped>
          <failedSince>0</failedSince>
        </case>
        <case>
          <duration>0.056</duration>
          <className>edu.ncsu.csc.itrust.unit.action.UpdateNDCodeListActionTest</className>
          <testName>testAddNDCode</testName>
          <skipped>false</skipped>
          <failedSince>0</failedSince>
        </case>
        <case>
          <duration>0.06</duration>
          <className>edu.ncsu.csc.itrust.unit.action.UpdateNDCodeListActionTest</className>
          <testName>testUpdateNonExistent</testName>
          <skipped>false</skipped>
          <failedSince>0</failedSince>
        </case>
        <case>
          <duration>0.055</duration>
          <className>edu.ncsu.csc.itrust.unit.action.UpdateNDCodeListActionTest</className>
          <testName>testAddDuplicate</testName>
          <skipped>false</skipped>
          <failedSince>0</failedSince>
        </case>
      </cases>
    </suite>
    <suite>
      <file>/var/lib/jenkins/workspace/itrust-main/iTrust-v23/iTrust/target/surefire-reports/TEST-edu.ncsu.csc.itrust.unit.action.UpdateORCListActionTest.xml</file>
      <name>edu.ncsu.csc.itrust.unit.action.UpdateORCListActionTest</name>
      <duration>0.256</duration>
      <time>0.256</time>
      <cases>
        <case>
          <duration>0.06</duration>
          <className>edu.ncsu.csc.itrust.unit.action.UpdateORCListActionTest</className>
          <testName>testUpdateNDInformation0</testName>
          <skipped>false</skipped>
          <failedSince>0</failedSince>
        </case>
        <case>
          <duration>0.043</duration>
          <className>edu.ncsu.csc.itrust.unit.action.UpdateORCListActionTest</className>
          <testName>testEvilFactory</testName>
          <skipped>false</skipped>
          <errorStackTrace>junit.framework.ComparisonFailure: expected:&lt;[A database exception has occurred. Please see the log in the console for stacktrace]&gt; but was:&lt;[Error: Code already exists.]&gt;
	at edu.ncsu.csc.itrust.unit.action.UpdateORCListActionTest.testEvilFactory(UpdateORCListActionTest.java:45)
</errorStackTrace>
          <errorDetails>expected:&lt;[A database exception has occurred. Please see the log in the console for stacktrace]&gt; but was:&lt;[Error: Code already exists.]&gt;</errorDetails>
          <failedSince>66</failedSince>
        </case>
        <case>
          <duration>0.043</duration>
          <className>edu.ncsu.csc.itrust.unit.action.UpdateORCListActionTest</className>
          <testName>testAddORCode</testName>
          <skipped>false</skipped>
          <failedSince>0</failedSince>
        </case>
        <case>
          <duration>0.062</duration>
          <className>edu.ncsu.csc.itrust.unit.action.UpdateORCListActionTest</className>
          <testName>testUpdateNonExistent</testName>
          <skipped>false</skipped>
          <failedSince>0</failedSince>
        </case>
        <case>
          <duration>0.047</duration>
          <className>edu.ncsu.csc.itrust.unit.action.UpdateORCListActionTest</className>
          <testName>testAddDuplicate</testName>
          <skipped>false</skipped>
          <errorStackTrace>junit.framework.ComparisonFailure: expected:&lt;[Error: Code already exists.]&gt; but was:&lt;[A database exception has occurred. Please see the log in the console for stacktrace]&gt;
	at edu.ncsu.csc.itrust.unit.action.UpdateORCListActionTest.testAddDuplicate(UpdateORCListActionTest.java:104)
</errorStackTrace>
          <errorDetails>expected:&lt;[Error: Code already exists.]&gt; but was:&lt;[A database exception has occurred. Please see the log in the console for stacktrace]&gt;</errorDetails>
          <failedSince>1</failedSince>
        </case>
      </cases>
    </suite>
    <suite>
      <file>/var/lib/jenkins/workspace/itrust-main/iTrust-v23/iTrust/target/surefire-reports/TEST-edu.ncsu.csc.itrust.unit.action.VerifyClaimActionTest.xml</file>
      <name>edu.ncsu.csc.itrust.unit.action.VerifyClaimActionTest</name>
      <duration>0.276</duration>
      <time>0.276</time>
      <cases>
        <case>
          <duration>0.06</duration>
          <className>edu.ncsu.csc.itrust.unit.action.VerifyClaimActionTest</className>
          <testName>testDenyClaim</testName>
          <skipped>false</skipped>
          <errorStackTrace>java.lang.NullPointerException
	at edu.ncsu.csc.itrust.unit.action.VerifyClaimActionTest.testDenyClaim(VerifyClaimActionTest.java:67)
</errorStackTrace>
          <stderr>edu.ncsu.csc.itrust.exception.DBException: A database exception has occurred. Please see the log in the console for stacktrace
	at edu.ncsu.csc.itrust.model.old.dao.mysql.BillingDAO.getBillId(BillingDAO.java:81)
	at edu.ncsu.csc.itrust.action.VerifyClaimAction.&lt;init&gt;(VerifyClaimAction.java:26)
	at edu.ncsu.csc.itrust.unit.action.VerifyClaimActionTest.setUp(VerifyClaimActionTest.java:51)
	at sun.reflect.NativeMethodAccessorImpl.invoke0(Native Method)
	at sun.reflect.NativeMethodAccessorImpl.invoke(NativeMethodAccessorImpl.java:62)
	at sun.reflect.DelegatingMethodAccessorImpl.invoke(DelegatingMethodAccessorImpl.java:43)
	at java.lang.reflect.Method.invoke(Method.java:498)
	at org.junit.runners.model.FrameworkMethod$1.runReflectiveCall(FrameworkMethod.java:50)
	at org.junit.internal.runners.model.ReflectiveCallable.run(ReflectiveCallable.java:12)
	at org.junit.runners.model.FrameworkMethod.invokeExplosively(FrameworkMethod.java:47)
	at org.junit.internal.runners.statements.RunBefores.evaluate(RunBefores.java:24)
	at org.junit.internal.runners.statements.RunAfters.evaluate(RunAfters.java:27)
	at org.junit.runners.ParentRunner.runLeaf(ParentRunner.java:325)
	at org.junit.runners.BlockJUnit4ClassRunner.runChild(BlockJUnit4ClassRunner.java:78)
	at org.junit.runners.BlockJUnit4ClassRunner.runChild(BlockJUnit4ClassRunner.java:57)
	at org.junit.runners.ParentRunner$3.run(ParentRunner.java:290)
	at org.junit.runners.ParentRunner$1.schedule(ParentRunner.java:71)
	at org.junit.runners.ParentRunner.runChildren(ParentRunner.java:288)
	at org.junit.runners.ParentRunner.access$000(ParentRunner.java:58)
	at org.junit.runners.ParentRunner$2.evaluate(ParentRunner.java:268)
	at org.junit.runners.ParentRunner.run(ParentRunner.java:363)
	at org.apache.maven.surefire.junit4.JUnit4Provider.execute(JUnit4Provider.java:344)
	at org.apache.maven.surefire.junit4.JUnit4Provider.executeWithRerun(JUnit4Provider.java:269)
	at org.apache.maven.surefire.junit4.JUnit4Provider.executeTestSet(JUnit4Provider.java:240)
	at org.apache.maven.surefire.junit4.JUnit4Provider.invoke(JUnit4Provider.java:184)
	at org.apache.maven.surefire.booter.ForkedBooter.invokeProviderInSameClassLoader(ForkedBooter.java:286)
	at org.apache.maven.surefire.booter.ForkedBooter.runSuitesInProcess(ForkedBooter.java:240)
	at org.apache.maven.surefire.booter.ForkedBooter.main(ForkedBooter.java:121)
</stderr>
          <failedSince>1</failedSince>
        </case>
        <case>
          <duration>0.071</duration>
          <className>edu.ncsu.csc.itrust.unit.action.VerifyClaimActionTest</className>
          <testName>testGetBill</testName>
          <skipped>false</skipped>
          <errorStackTrace>java.lang.NullPointerException
	at edu.ncsu.csc.itrust.unit.action.VerifyClaimActionTest.testGetBill(VerifyClaimActionTest.java:60)
</errorStackTrace>
          <stderr>edu.ncsu.csc.itrust.exception.DBException: A database exception has occurred. Please see the log in the console for stacktrace
	at edu.ncsu.csc.itrust.model.old.dao.mysql.BillingDAO.getBillId(BillingDAO.java:81)
	at edu.ncsu.csc.itrust.action.VerifyClaimAction.&lt;init&gt;(VerifyClaimAction.java:26)
	at edu.ncsu.csc.itrust.unit.action.VerifyClaimActionTest.setUp(VerifyClaimActionTest.java:51)
	at sun.reflect.NativeMethodAccessorImpl.invoke0(Native Method)
	at sun.reflect.NativeMethodAccessorImpl.invoke(NativeMethodAccessorImpl.java:62)
	at sun.reflect.DelegatingMethodAccessorImpl.invoke(DelegatingMethodAccessorImpl.java:43)
	at java.lang.reflect.Method.invoke(Method.java:498)
	at org.junit.runners.model.FrameworkMethod$1.runReflectiveCall(FrameworkMethod.java:50)
	at org.junit.internal.runners.model.ReflectiveCallable.run(ReflectiveCallable.java:12)
	at org.junit.runners.model.FrameworkMethod.invokeExplosively(FrameworkMethod.java:47)
	at org.junit.internal.runners.statements.RunBefores.evaluate(RunBefores.java:24)
	at org.junit.internal.runners.statements.RunAfters.evaluate(RunAfters.java:27)
	at org.junit.runners.ParentRunner.runLeaf(ParentRunner.java:325)
	at org.junit.runners.BlockJUnit4ClassRunner.runChild(BlockJUnit4ClassRunner.java:78)
	at org.junit.runners.BlockJUnit4ClassRunner.runChild(BlockJUnit4ClassRunner.java:57)
	at org.junit.runners.ParentRunner$3.run(ParentRunner.java:290)
	at org.junit.runners.ParentRunner$1.schedule(ParentRunner.java:71)
	at org.junit.runners.ParentRunner.runChildren(ParentRunner.java:288)
	at org.junit.runners.ParentRunner.access$000(ParentRunner.java:58)
	at org.junit.runners.ParentRunner$2.evaluate(ParentRunner.java:268)
	at org.junit.runners.ParentRunner.run(ParentRunner.java:363)
	at org.apache.maven.surefire.junit4.JUnit4Provider.execute(JUnit4Provider.java:344)
	at org.apache.maven.surefire.junit4.JUnit4Provider.executeWithRerun(JUnit4Provider.java:269)
	at org.apache.maven.surefire.junit4.JUnit4Provider.executeTestSet(JUnit4Provider.java:240)
	at org.apache.maven.surefire.junit4.JUnit4Provider.invoke(JUnit4Provider.java:184)
	at org.apache.maven.surefire.booter.ForkedBooter.invokeProviderInSameClassLoader(ForkedBooter.java:286)
	at org.apache.maven.surefire.booter.ForkedBooter.runSuitesInProcess(ForkedBooter.java:240)
	at org.apache.maven.surefire.booter.ForkedBooter.main(ForkedBooter.java:121)
</stderr>
          <failedSince>1</failedSince>
        </case>
        <case>
          <duration>0.08</duration>
          <className>edu.ncsu.csc.itrust.unit.action.VerifyClaimActionTest</className>
          <testName>testEvilAction</testName>
          <skipped>false</skipped>
          <failedSince>0</failedSince>
        </case>
        <case>
          <duration>0.063</duration>
          <className>edu.ncsu.csc.itrust.unit.action.VerifyClaimActionTest</className>
          <testName>testApproveClaim</testName>
          <skipped>false</skipped>
          <errorStackTrace>java.lang.NullPointerException
	at edu.ncsu.csc.itrust.unit.action.VerifyClaimActionTest.testApproveClaim(VerifyClaimActionTest.java:79)
</errorStackTrace>
          <stderr>edu.ncsu.csc.itrust.exception.DBException: A database exception has occurred. Please see the log in the console for stacktrace
	at edu.ncsu.csc.itrust.model.old.dao.mysql.BillingDAO.getBillId(BillingDAO.java:81)
	at edu.ncsu.csc.itrust.action.VerifyClaimAction.&lt;init&gt;(VerifyClaimAction.java:26)
	at edu.ncsu.csc.itrust.unit.action.VerifyClaimActionTest.setUp(VerifyClaimActionTest.java:51)
	at sun.reflect.NativeMethodAccessorImpl.invoke0(Native Method)
	at sun.reflect.NativeMethodAccessorImpl.invoke(NativeMethodAccessorImpl.java:62)
	at sun.reflect.DelegatingMethodAccessorImpl.invoke(DelegatingMethodAccessorImpl.java:43)
	at java.lang.reflect.Method.invoke(Method.java:498)
	at org.junit.runners.model.FrameworkMethod$1.runReflectiveCall(FrameworkMethod.java:50)
	at org.junit.internal.runners.model.ReflectiveCallable.run(ReflectiveCallable.java:12)
	at org.junit.runners.model.FrameworkMethod.invokeExplosively(FrameworkMethod.java:47)
	at org.junit.internal.runners.statements.RunBefores.evaluate(RunBefores.java:24)
	at org.junit.internal.runners.statements.RunAfters.evaluate(RunAfters.java:27)
	at org.junit.runners.ParentRunner.runLeaf(ParentRunner.java:325)
	at org.junit.runners.BlockJUnit4ClassRunner.runChild(BlockJUnit4ClassRunner.java:78)
	at org.junit.runners.BlockJUnit4ClassRunner.runChild(BlockJUnit4ClassRunner.java:57)
	at org.junit.runners.ParentRunner$3.run(ParentRunner.java:290)
	at org.junit.runners.ParentRunner$1.schedule(ParentRunner.java:71)
	at org.junit.runners.ParentRunner.runChildren(ParentRunner.java:288)
	at org.junit.runners.ParentRunner.access$000(ParentRunner.java:58)
	at org.junit.runners.ParentRunner$2.evaluate(ParentRunner.java:268)
	at org.junit.runners.ParentRunner.run(ParentRunner.java:363)
	at org.apache.maven.surefire.junit4.JUnit4Provider.execute(JUnit4Provider.java:344)
	at org.apache.maven.surefire.junit4.JUnit4Provider.executeWithRerun(JUnit4Provider.java:269)
	at org.apache.maven.surefire.junit4.JUnit4Provider.executeTestSet(JUnit4Provider.java:240)
	at org.apache.maven.surefire.junit4.JUnit4Provider.invoke(JUnit4Provider.java:184)
	at org.apache.maven.surefire.booter.ForkedBooter.invokeProviderInSameClassLoader(ForkedBooter.java:286)
	at org.apache.maven.surefire.booter.ForkedBooter.runSuitesInProcess(ForkedBooter.java:240)
	at org.apache.maven.surefire.booter.ForkedBooter.main(ForkedBooter.java:121)
</stderr>
          <failedSince>1</failedSince>
        </case>
      </cases>
    </suite>
    <suite>
      <file>/var/lib/jenkins/workspace/itrust-main/iTrust-v23/iTrust/target/surefire-reports/TEST-edu.ncsu.csc.itrust.unit.action.ViewApptRequestsActionTest.xml</file>
      <name>edu.ncsu.csc.itrust.unit.action.ViewApptRequestsActionTest</name>
      <duration>0.597</duration>
      <time>0.597</time>
      <cases>
        <case>
          <duration>0.174</duration>
          <className>edu.ncsu.csc.itrust.unit.action.ViewApptRequestsActionTest</className>
          <testName>testRejectApptRequest</testName>
          <skipped>false</skipped>
          <errorStackTrace>java.lang.NullPointerException
	at edu.ncsu.csc.itrust.unit.action.ViewApptRequestsActionTest.setUp(ViewApptRequestsActionTest.java:24)
</errorStackTrace>
          <failedSince>1</failedSince>
        </case>
        <case>
          <duration>0.214</duration>
          <className>edu.ncsu.csc.itrust.unit.action.ViewApptRequestsActionTest</className>
          <testName>testAcceptApptRequest</testName>
          <skipped>false</skipped>
          <errorStackTrace>java.lang.NullPointerException
	at edu.ncsu.csc.itrust.unit.action.ViewApptRequestsActionTest.setUp(ViewApptRequestsActionTest.java:24)
</errorStackTrace>
          <failedSince>1</failedSince>
        </case>
        <case>
          <duration>0.209</duration>
          <className>edu.ncsu.csc.itrust.unit.action.ViewApptRequestsActionTest</className>
          <testName>testGetApptRequests</testName>
          <skipped>false</skipped>
          <errorStackTrace>java.lang.NullPointerException
	at edu.ncsu.csc.itrust.unit.action.ViewApptRequestsActionTest.setUp(ViewApptRequestsActionTest.java:24)
</errorStackTrace>
          <failedSince>66</failedSince>
        </case>
      </cases>
    </suite>
    <suite>
      <file>/var/lib/jenkins/workspace/itrust-main/iTrust-v23/iTrust/target/surefire-reports/TEST-edu.ncsu.csc.itrust.unit.action.ViewHelperActionTest.xml</file>
      <name>edu.ncsu.csc.itrust.unit.action.ViewHelperActionTest</name>
      <duration>0.002</duration>
      <time>0.002</time>
      <cases>
        <case>
          <duration>0.002</duration>
          <className>edu.ncsu.csc.itrust.unit.action.ViewHelperActionTest</className>
          <testName>testUpdateUserPrefs</testName>
          <skipped>false</skipped>
          <failedSince>0</failedSince>
        </case>
      </cases>
    </suite>
    <suite>
      <file>/var/lib/jenkins/workspace/itrust-main/iTrust-v23/iTrust/target/surefire-reports/TEST-edu.ncsu.csc.itrust.unit.action.ViewMyAccessLogActionTest.xml</file>
      <name>edu.ncsu.csc.itrust.unit.action.ViewMyAccessLogActionTest</name>
      <duration>0.66</duration>
      <time>0.66</time>
      <cases>
        <case>
          <duration>0.058</duration>
          <className>edu.ncsu.csc.itrust.unit.action.ViewMyAccessLogActionTest</className>
          <testName>testDefaultNoList</testName>
          <skipped>false</skipped>
          <failedSince>0</failedSince>
        </case>
        <case>
          <duration>0.077</duration>
          <className>edu.ncsu.csc.itrust.unit.action.ViewMyAccessLogActionTest</className>
          <testName>testGetAccessesIllegalUser</testName>
          <skipped>false</skipped>
          <errorStackTrace>edu.ncsu.csc.itrust.exception.DBException: A database exception has occurred. Please see the log in the console for stacktrace
	at edu.ncsu.csc.itrust.unit.action.ViewMyAccessLogActionTest.testGetAccessesIllegalUser(ViewMyAccessLogActionTest.java:54)
</errorStackTrace>
          <errorDetails>A database exception has occurred. Please see the log in the console for stacktrace</errorDetails>
          <failedSince>1</failedSince>
        </case>
        <case>
          <duration>0.073</duration>
          <className>edu.ncsu.csc.itrust.unit.action.ViewMyAccessLogActionTest</className>
          <testName>testNoProblems</testName>
          <skipped>false</skipped>
          <errorStackTrace>edu.ncsu.csc.itrust.exception.DBException: A database exception has occurred. Please see the log in the console for stacktrace
	at edu.ncsu.csc.itrust.unit.action.ViewMyAccessLogActionTest.testNoProblems(ViewMyAccessLogActionTest.java:39)
</errorStackTrace>
          <errorDetails>A database exception has occurred. Please see the log in the console for stacktrace</errorDetails>
          <failedSince>1</failedSince>
        </case>
        <case>
          <duration>0.094</duration>
          <className>edu.ncsu.csc.itrust.unit.action.ViewMyAccessLogActionTest</className>
          <testName>testDLHCPAccessesHidden</testName>
          <skipped>false</skipped>
          <errorStackTrace>edu.ncsu.csc.itrust.exception.FormValidationException: This form has not been validated correctly. The following field are not properly filled in: [Log to View.]
	at edu.ncsu.csc.itrust.unit.action.ViewMyAccessLogActionTest.testDLHCPAccessesHidden(ViewMyAccessLogActionTest.java:103)
</errorStackTrace>
          <errorDetails>This form has not been validated correctly. The following field are not properly filled in: [Log to View.]</errorDetails>
          <failedSince>1</failedSince>
        </case>
        <case>
          <duration>0.06</duration>
          <className>edu.ncsu.csc.itrust.unit.action.ViewMyAccessLogActionTest</className>
          <testName>testDefaultWithList</testName>
          <skipped>false</skipped>
          <failedSince>0</failedSince>
        </case>
        <case>
          <duration>0.102</duration>
          <className>edu.ncsu.csc.itrust.unit.action.ViewMyAccessLogActionTest</className>
          <testName>testGetAccessesBadData</testName>
          <skipped>false</skipped>
          <errorStackTrace>edu.ncsu.csc.itrust.exception.DBException: A database exception has occurred. Please see the log in the console for stacktrace
	at edu.ncsu.csc.itrust.unit.action.ViewMyAccessLogActionTest.testGetAccessesBadData(ViewMyAccessLogActionTest.java:65)
</errorStackTrace>
          <errorDetails>A database exception has occurred. Please see the log in the console for stacktrace</errorDetails>
          <failedSince>1</failedSince>
        </case>
        <case>
          <duration>0.088</duration>
          <className>edu.ncsu.csc.itrust.unit.action.ViewMyAccessLogActionTest</className>
          <testName>testNoProblemsDependentLog</testName>
          <skipped>false</skipped>
          <errorStackTrace>edu.ncsu.csc.itrust.exception.DBException: A database exception has occurred. Please see the log in the console for stacktrace
	at edu.ncsu.csc.itrust.unit.action.ViewMyAccessLogActionTest.testNoProblemsDependentLog(ViewMyAccessLogActionTest.java:46)
</errorStackTrace>
          <errorDetails>A database exception has occurred. Please see the log in the console for stacktrace</errorDetails>
          <failedSince>1</failedSince>
        </case>
        <case>
          <duration>0.097</duration>
          <className>edu.ncsu.csc.itrust.unit.action.ViewMyAccessLogActionTest</className>
          <testName>testGetAccessesByRole</testName>
          <skipped>false</skipped>
          <errorStackTrace>edu.ncsu.csc.itrust.exception.FormValidationException: This form has not been validated correctly. The following field are not properly filled in: [Log to View.]
	at edu.ncsu.csc.itrust.unit.action.ViewMyAccessLogActionTest.testGetAccessesByRole(ViewMyAccessLogActionTest.java:85)
</errorStackTrace>
          <errorDetails>This form has not been validated correctly. The following field are not properly filled in: [Log to View.]</errorDetails>
          <failedSince>1</failedSince>
        </case>
      </cases>
    </suite>
    <suite>
      <file>/var/lib/jenkins/workspace/itrust-main/iTrust-v23/iTrust/target/surefire-reports/TEST-edu.ncsu.csc.itrust.unit.action.ViewMyApptsActionTest.xml</file>
      <name>edu.ncsu.csc.itrust.unit.action.ViewMyApptsActionTest</name>
      <duration>0.593</duration>
      <time>0.593</time>
      <cases>
        <case>
          <duration>0.175</duration>
          <className>edu.ncsu.csc.itrust.unit.action.ViewMyApptsActionTest</className>
          <testName>testGetName2</testName>
          <skipped>false</skipped>
          <errorStackTrace>java.lang.NullPointerException
	at edu.ncsu.csc.itrust.unit.action.ViewMyApptsActionTest.setUp(ViewMyApptsActionTest.java:26)
</errorStackTrace>
          <failedSince>66</failedSince>
        </case>
        <case>
          <duration>0.209</duration>
          <className>edu.ncsu.csc.itrust.unit.action.ViewMyApptsActionTest</className>
          <testName>testGetMyAppointments</testName>
          <skipped>false</skipped>
          <errorStackTrace>java.lang.NullPointerException
	at edu.ncsu.csc.itrust.unit.action.ViewMyApptsActionTest.setUp(ViewMyApptsActionTest.java:26)
</errorStackTrace>
          <failedSince>66</failedSince>
        </case>
        <case>
          <duration>0.206</duration>
          <className>edu.ncsu.csc.itrust.unit.action.ViewMyApptsActionTest</className>
          <testName>testGetName</testName>
          <skipped>false</skipped>
          <errorStackTrace>java.lang.NullPointerException
	at edu.ncsu.csc.itrust.unit.action.ViewMyApptsActionTest.setUp(ViewMyApptsActionTest.java:26)
</errorStackTrace>
          <failedSince>1</failedSince>
        </case>
      </cases>
    </suite>
    <suite>
      <file>/var/lib/jenkins/workspace/itrust-main/iTrust-v23/iTrust/target/surefire-reports/TEST-edu.ncsu.csc.itrust.unit.action.ViewMyBillingActionTest.xml</file>
      <name>edu.ncsu.csc.itrust.unit.action.ViewMyBillingActionTest</name>
      <duration>0.661</duration>
      <time>0.661</time>
      <cases>
        <case>
          <duration>0.255</duration>
          <className>edu.ncsu.csc.itrust.unit.action.ViewMyBillingActionTest</className>
          <testName>testGetMyUnpaidBills</testName>
          <skipped>false</skipped>
          <errorStackTrace>edu.ncsu.csc.itrust.exception.DBException: A database exception has occurred. Please see the log in the console for stacktrace
	at edu.ncsu.csc.itrust.unit.action.ViewMyBillingActionTest.testGetMyUnpaidBills(ViewMyBillingActionTest.java:27)
</errorStackTrace>
          <errorDetails>A database exception has occurred. Please see the log in the console for stacktrace</errorDetails>
          <failedSince>1</failedSince>
        </case>
        <case>
          <duration>0.403</duration>
          <className>edu.ncsu.csc.itrust.unit.action.ViewMyBillingActionTest</className>
          <testName>testGetAllMyBills</testName>
          <skipped>false</skipped>
          <errorStackTrace>java.lang.NullPointerException
	at edu.ncsu.csc.itrust.unit.action.ViewMyBillingActionTest.testGetAllMyBills(ViewMyBillingActionTest.java:31)
</errorStackTrace>
          <failedSince>1</failedSince>
        </case>
      </cases>
    </suite>
    <suite>
      <file>/var/lib/jenkins/workspace/itrust-main/iTrust-v23/iTrust/target/surefire-reports/TEST-edu.ncsu.csc.itrust.unit.action.ViewMyMessagesActionTest.xml</file>
      <name>edu.ncsu.csc.itrust.unit.action.ViewMyMessagesActionTest</name>
      <duration>3.36</duration>
      <time>3.36</time>
      <cases>
        <case>
          <duration>0.154</duration>
          <className>edu.ncsu.csc.itrust.unit.action.ViewMyMessagesActionTest</className>
          <testName>testAddMessage</testName>
          <skipped>false</skipped>
          <errorStackTrace>java.lang.NullPointerException
	at edu.ncsu.csc.itrust.unit.action.ViewMyMessagesActionTest.setUp(ViewMyMessagesActionTest.java:42)
</errorStackTrace>
          <failedSince>66</failedSince>
        </case>
        <case>
          <duration>0.218</duration>
          <className>edu.ncsu.csc.itrust.unit.action.ViewMyMessagesActionTest</className>
          <testName>testFilterMessages</testName>
          <skipped>false</skipped>
          <errorStackTrace>java.lang.NullPointerException
	at edu.ncsu.csc.itrust.unit.action.ViewMyMessagesActionTest.setUp(ViewMyMessagesActionTest.java:42)
</errorStackTrace>
          <failedSince>66</failedSince>
        </case>
        <case>
          <duration>0.203</duration>
          <className>edu.ncsu.csc.itrust.unit.action.ViewMyMessagesActionTest</className>
          <testName>testGetAllMySentMessages</testName>
          <skipped>false</skipped>
          <errorStackTrace>java.lang.NullPointerException
	at edu.ncsu.csc.itrust.unit.action.ViewMyMessagesActionTest.setUp(ViewMyMessagesActionTest.java:42)
</errorStackTrace>
          <failedSince>66</failedSince>
        </case>
        <case>
          <duration>0.207</duration>
          <className>edu.ncsu.csc.itrust.unit.action.ViewMyMessagesActionTest</className>
          <testName>testGetPatientName</testName>
          <skipped>false</skipped>
          <errorStackTrace>java.lang.NullPointerException
	at edu.ncsu.csc.itrust.unit.action.ViewMyMessagesActionTest.setUp(ViewMyMessagesActionTest.java:42)
</errorStackTrace>
          <failedSince>66</failedSince>
        </case>
        <case>
          <duration>0.212</duration>
          <className>edu.ncsu.csc.itrust.unit.action.ViewMyMessagesActionTest</className>
          <testName>testGetAllMyMessagesFromTimeAscending</testName>
          <skipped>false</skipped>
          <errorStackTrace>java.lang.NullPointerException
	at edu.ncsu.csc.itrust.unit.action.ViewMyMessagesActionTest.setUp(ViewMyMessagesActionTest.java:42)
</errorStackTrace>
          <failedSince>66</failedSince>
        </case>
        <case>
          <duration>0.205</duration>
          <className>edu.ncsu.csc.itrust.unit.action.ViewMyMessagesActionTest</className>
          <testName>testGetAllMyMessagesFromNameDescending</testName>
          <skipped>false</skipped>
          <errorStackTrace>java.lang.NullPointerException
	at edu.ncsu.csc.itrust.unit.action.ViewMyMessagesActionTest.setUp(ViewMyMessagesActionTest.java:42)
</errorStackTrace>
          <failedSince>66</failedSince>
        </case>
        <case>
          <duration>0.206</duration>
          <className>edu.ncsu.csc.itrust.unit.action.ViewMyMessagesActionTest</className>
          <testName>testUpdateRead</testName>
          <skipped>false</skipped>
          <errorStackTrace>java.lang.NullPointerException
	at edu.ncsu.csc.itrust.unit.action.ViewMyMessagesActionTest.setUp(ViewMyMessagesActionTest.java:42)
</errorStackTrace>
          <failedSince>66</failedSince>
        </case>
        <case>
          <duration>0.208</duration>
          <className>edu.ncsu.csc.itrust.unit.action.ViewMyMessagesActionTest</className>
          <testName>testGetCCdMessages</testName>
          <skipped>false</skipped>
          <errorStackTrace>java.lang.NullPointerException
	at edu.ncsu.csc.itrust.unit.action.ViewMyMessagesActionTest.setUp(ViewMyMessagesActionTest.java:42)
</errorStackTrace>
          <failedSince>66</failedSince>
        </case>
        <case>
          <duration>0.212</duration>
          <className>edu.ncsu.csc.itrust.unit.action.ViewMyMessagesActionTest</className>
          <testName>testGetAllMyMessagesFromNameAscending</testName>
          <skipped>false</skipped>
          <errorStackTrace>java.lang.NullPointerException
	at edu.ncsu.csc.itrust.unit.action.ViewMyMessagesActionTest.setUp(ViewMyMessagesActionTest.java:42)
</errorStackTrace>
          <failedSince>66</failedSince>
        </case>
        <case>
          <duration>0.225</duration>
          <className>edu.ncsu.csc.itrust.unit.action.ViewMyMessagesActionTest</className>
          <testName>testThrowsExceptions</testName>
          <skipped>false</skipped>
          <errorStackTrace>java.lang.NullPointerException
	at edu.ncsu.csc.itrust.unit.action.ViewMyMessagesActionTest.setUp(ViewMyMessagesActionTest.java:42)
</errorStackTrace>
          <failedSince>66</failedSince>
        </case>
        <case>
          <duration>0.199</duration>
          <className>edu.ncsu.csc.itrust.unit.action.ViewMyMessagesActionTest</className>
          <testName>testGetAllMyMessagesTimeAscending</testName>
          <skipped>false</skipped>
          <errorStackTrace>java.lang.NullPointerException
	at edu.ncsu.csc.itrust.unit.action.ViewMyMessagesActionTest.setUp(ViewMyMessagesActionTest.java:42)
</errorStackTrace>
          <failedSince>66</failedSince>
        </case>
        <case>
          <duration>0.214</duration>
          <className>edu.ncsu.csc.itrust.unit.action.ViewMyMessagesActionTest</className>
          <testName>testGetAllMyMessagesNameDescending</testName>
          <skipped>false</skipped>
          <errorStackTrace>java.lang.NullPointerException
	at edu.ncsu.csc.itrust.unit.action.ViewMyMessagesActionTest.setUp(ViewMyMessagesActionTest.java:42)
</errorStackTrace>
          <failedSince>66</failedSince>
        </case>
        <case>
          <duration>0.212</duration>
          <className>edu.ncsu.csc.itrust.unit.action.ViewMyMessagesActionTest</className>
          <testName>testGetAllMyMessagesNameAscending</testName>
          <skipped>false</skipped>
          <errorStackTrace>java.lang.NullPointerException
	at edu.ncsu.csc.itrust.unit.action.ViewMyMessagesActionTest.setUp(ViewMyMessagesActionTest.java:42)
</errorStackTrace>
          <failedSince>66</failedSince>
        </case>
        <case>
          <duration>0.267</duration>
          <className>edu.ncsu.csc.itrust.unit.action.ViewMyMessagesActionTest</className>
          <testName>testGetPersonnelName</testName>
          <skipped>false</skipped>
          <errorStackTrace>java.lang.NullPointerException
	at edu.ncsu.csc.itrust.unit.action.ViewMyMessagesActionTest.setUp(ViewMyMessagesActionTest.java:42)
</errorStackTrace>
          <failedSince>1</failedSince>
        </case>
        <case>
          <duration>0.212</duration>
          <className>edu.ncsu.csc.itrust.unit.action.ViewMyMessagesActionTest</className>
          <testName>testGetUnreadCount</testName>
          <skipped>false</skipped>
          <errorStackTrace>java.lang.NullPointerException
	at edu.ncsu.csc.itrust.unit.action.ViewMyMessagesActionTest.setUp(ViewMyMessagesActionTest.java:42)
</errorStackTrace>
          <failedSince>1</failedSince>
        </case>
        <case>
          <duration>0.2</duration>
          <className>edu.ncsu.csc.itrust.unit.action.ViewMyMessagesActionTest</className>
          <testName>testGetAllMyMessages</testName>
          <skipped>false</skipped>
          <errorStackTrace>java.lang.NullPointerException
	at edu.ncsu.csc.itrust.unit.action.ViewMyMessagesActionTest.setUp(ViewMyMessagesActionTest.java:42)
</errorStackTrace>
          <failedSince>66</failedSince>
        </case>
      </cases>
    </suite>
    <suite>
      <file>/var/lib/jenkins/workspace/itrust-main/iTrust-v23/iTrust/target/surefire-reports/TEST-edu.ncsu.csc.itrust.unit.action.ViewMyRemoteMonitoringListActionTest.xml</file>
      <name>edu.ncsu.csc.itrust.unit.action.ViewMyRemoteMonitoringListActionTest</name>
      <duration>0.245</duration>
      <time>0.245</time>
      <cases>
        <case>
          <duration>0.054</duration>
          <className>edu.ncsu.csc.itrust.unit.action.ViewMyRemoteMonitoringListActionTest</className>
          <testName>testGetPatientDataByDate</testName>
          <skipped>false</skipped>
          <errorStackTrace>java.lang.NullPointerException
	at edu.ncsu.csc.itrust.unit.action.ViewMyRemoteMonitoringListActionTest.setUp(ViewMyRemoteMonitoringListActionTest.java:26)
</errorStackTrace>
          <failedSince>1</failedSince>
        </case>
        <case>
          <duration>0.041</duration>
          <className>edu.ncsu.csc.itrust.unit.action.ViewMyRemoteMonitoringListActionTest</className>
          <testName>testGetPatientDataByType</testName>
          <skipped>false</skipped>
          <errorStackTrace>java.lang.NullPointerException
	at edu.ncsu.csc.itrust.unit.action.ViewMyRemoteMonitoringListActionTest.setUp(ViewMyRemoteMonitoringListActionTest.java:26)
</errorStackTrace>
          <failedSince>1</failedSince>
        </case>
        <case>
          <duration>0.057</duration>
          <className>edu.ncsu.csc.itrust.unit.action.ViewMyRemoteMonitoringListActionTest</className>
          <testName>testGetPatientData</testName>
          <skipped>false</skipped>
          <errorStackTrace>java.lang.NullPointerException
	at edu.ncsu.csc.itrust.unit.action.ViewMyRemoteMonitoringListActionTest.setUp(ViewMyRemoteMonitoringListActionTest.java:26)
</errorStackTrace>
          <failedSince>1</failedSince>
        </case>
        <case>
          <duration>0.045</duration>
          <className>edu.ncsu.csc.itrust.unit.action.ViewMyRemoteMonitoringListActionTest</className>
          <testName>testGetPatientName</testName>
          <skipped>false</skipped>
          <errorStackTrace>java.lang.NullPointerException
	at edu.ncsu.csc.itrust.unit.action.ViewMyRemoteMonitoringListActionTest.setUp(ViewMyRemoteMonitoringListActionTest.java:26)
</errorStackTrace>
          <failedSince>66</failedSince>
        </case>
        <case>
          <duration>0.048</duration>
          <className>edu.ncsu.csc.itrust.unit.action.ViewMyRemoteMonitoringListActionTest</className>
          <testName>testIllegalGetPatientDataByDate1</testName>
          <skipped>false</skipped>
          <errorStackTrace>java.lang.NullPointerException
	at edu.ncsu.csc.itrust.unit.action.ViewMyRemoteMonitoringListActionTest.setUp(ViewMyRemoteMonitoringListActionTest.java:26)
</errorStackTrace>
          <failedSince>66</failedSince>
        </case>
      </cases>
    </suite>
    <suite>
      <file>/var/lib/jenkins/workspace/itrust-main/iTrust-v23/iTrust/target/surefire-reports/TEST-edu.ncsu.csc.itrust.unit.action.ViewNumberOfPendingAppointmentsActionTest.xml</file>
      <name>edu.ncsu.csc.itrust.unit.action.ViewNumberOfPendingAppointmentsActionTest</name>
      <duration>0.333</duration>
      <time>0.333</time>
      <cases>
        <case>
          <duration>0.332</duration>
          <className>edu.ncsu.csc.itrust.unit.action.ViewNumberOfPendingAppointmentsActionTest</className>
          <testName>testGetNumRequest</testName>
          <skipped>false</skipped>
          <errorStackTrace>java.lang.NullPointerException
	at edu.ncsu.csc.itrust.unit.action.ViewNumberOfPendingAppointmentsActionTest.setUp(ViewNumberOfPendingAppointmentsActionTest.java:30)
</errorStackTrace>
          <failedSince>1</failedSince>
        </case>
      </cases>
    </suite>
    <suite>
      <file>/var/lib/jenkins/workspace/itrust-main/iTrust-v23/iTrust/target/surefire-reports/TEST-edu.ncsu.csc.itrust.unit.action.ViewPatientActionTest.xml</file>
      <name>edu.ncsu.csc.itrust.unit.action.ViewPatientActionTest</name>
      <duration>0.108</duration>
      <time>0.108</time>
      <cases>
        <case>
          <duration>0.048</duration>
          <className>edu.ncsu.csc.itrust.unit.action.ViewPatientActionTest</className>
          <testName>testGetViewablePatients</testName>
          <skipped>false</skipped>
          <errorStackTrace>edu.ncsu.csc.itrust.exception.DBException: A database exception has occurred. Please see the log in the console for stacktrace
	at edu.ncsu.csc.itrust.unit.action.ViewPatientActionTest.setUp(ViewPatientActionTest.java:27)
</errorStackTrace>
          <errorDetails>A database exception has occurred. Please see the log in the console for stacktrace</errorDetails>
          <failedSince>1</failedSince>
        </case>
        <case>
          <duration>0.06</duration>
          <className>edu.ncsu.csc.itrust.unit.action.ViewPatientActionTest</className>
          <testName>testGetPatient</testName>
          <skipped>false</skipped>
          <errorStackTrace>edu.ncsu.csc.itrust.exception.DBException: A database exception has occurred. Please see the log in the console for stacktrace
	at edu.ncsu.csc.itrust.unit.action.ViewPatientActionTest.setUp(ViewPatientActionTest.java:27)
</errorStackTrace>
          <errorDetails>A database exception has occurred. Please see the log in the console for stacktrace</errorDetails>
          <failedSince>1</failedSince>
        </case>
      </cases>
    </suite>
    <suite>
      <file>/var/lib/jenkins/workspace/itrust-main/iTrust-v23/iTrust/target/surefire-reports/TEST-edu.ncsu.csc.itrust.unit.action.ViewReportActionTest.xml</file>
      <name>edu.ncsu.csc.itrust.unit.action.ViewReportActionTest</name>
      <duration>0.005</duration>
      <time>0.005</time>
      <cases>
        <case>
          <duration>0.0</duration>
          <className>junit.framework.TestSuite$1</className>
          <testName>warning</testName>
          <skipped>false</skipped>
          <errorStackTrace>junit.framework.AssertionFailedError: 
Exception in constructor: testGetPatientl (java.lang.NullPointerException
	at edu.ncsu.csc.itrust.action.ViewReportAction.&lt;init&gt;(ViewReportAction.java:26)
	at edu.ncsu.csc.itrust.action.ViewReportAction.&lt;init&gt;(ViewReportAction.java:35)
	at edu.ncsu.csc.itrust.unit.action.ViewReportActionTest.&lt;init&gt;(ViewReportActionTest.java:17)
	at sun.reflect.NativeConstructorAccessorImpl.newInstance0(Native Method)
	at sun.reflect.NativeConstructorAccessorImpl.newInstance(NativeConstructorAccessorImpl.java:62)
	at sun.reflect.DelegatingConstructorAccessorImpl.newInstance(DelegatingConstructorAccessorImpl.java:45)
	at java.lang.reflect.Constructor.newInstance(Constructor.java:423)
	at junit.framework.TestSuite.createTest(TestSuite.java:60)
	at junit.framework.TestSuite.addTestMethod(TestSuite.java:307)
	at junit.framework.TestSuite.addTestsFromTestCase(TestSuite.java:150)
	at junit.framework.TestSuite.&lt;init&gt;(TestSuite.java:129)
	at org.junit.internal.runners.JUnit38ClassRunner.&lt;init&gt;(JUnit38ClassRunner.java:74)
	at org.junit.internal.builders.JUnit3Builder.runnerForClass(JUnit3Builder.java:11)
	at org.junit.runners.model.RunnerBuilder.safeRunnerForClass(RunnerBuilder.java:59)
	at org.junit.internal.builders.AllDefaultPossibilitiesBuilder.runnerForClass(AllDefaultPossibilitiesBuilder.java:26)
	at org.junit.runners.model.RunnerBuilder.safeRunnerForClass(RunnerBuilder.java:59)
	at org.junit.internal.requests.ClassRequest.getRunner(ClassRequest.java:33)
	at org.junit.internal.requests.FilterRequest.getRunner(FilterRequest.java:36)
	at org.apache.maven.surefire.junit4.JUnit4Provider.execute(JUnit4Provider.java:341)
	at org.apache.maven.surefire.junit4.JUnit4Provider.executeWithRerun(JUnit4Provider.java:269)
	at org.apache.maven.surefire.junit4.JUnit4Provider.executeTestSet(JUnit4Provider.java:240)
	at org.apache.maven.surefire.junit4.JUnit4Provider.invoke(JUnit4Provider.java:184)
	at org.apache.maven.surefire.booter.ForkedBooter.invokeProviderInSameClassLoader(ForkedBooter.java:286)
	at org.apache.maven.surefire.booter.ForkedBooter.runSuitesInProcess(ForkedBooter.java:240)
	at org.apache.maven.surefire.booter.ForkedBooter.main(ForkedBooter.java:121)
)
	at junit.framework.TestSuite$1.runTest(TestSuite.java:97)
</errorStackTrace>
          <errorDetails>Exception in constructor: testGetPatientl (java.lang.NullPointerException
 at edu.ncsu.csc.itrust.action.ViewReportAction.&lt;init&gt;(ViewReportAction.java:26)
 at edu.ncsu.csc.itrust.action.ViewReportAction.&lt;init&gt;(ViewReportAction.java:35)
 at edu.ncsu.csc.itrust.unit.action.ViewReportActionTest.&lt;init&gt;(ViewReportActionTest.java:17)
 at sun.reflect.NativeConstructorAccessorImpl.newInstance0(Native Method)
 at sun.reflect.NativeConstructorAccessorImpl.newInstance(NativeConstructorAccessorImpl.java:62)
 at sun.reflect.DelegatingConstructorAccessorImpl.newInstance(DelegatingConstructorAccessorImpl.java:45)
 at java.lang.reflect.Constructor.newInstance(Constructor.java:423)
 at junit.framework.TestSuite.createTest(TestSuite.java:60)
 at junit.framework.TestSuite.addTestMethod(TestSuite.java:307)
 at junit.framework.TestSuite.addTestsFromTestCase(TestSuite.java:150)
 at junit.framework.TestSuite.&lt;init&gt;(TestSuite.java:129)
 at org.junit.internal.runners.JUnit38ClassRunner.&lt;init&gt;(JUnit38ClassRunner.java:74)
 at org.junit.internal.builders.JUnit3Builder.runnerForClass(JUnit3Builder.java:11)
 at org.junit.runners.model.RunnerBuilder.safeRunnerForClass(RunnerBuilder.java:59)
 at org.junit.internal.builders.AllDefaultPossibilitiesBuilder.runnerForClass(AllDefaultPossibilitiesBuilder.java:26)
 at org.junit.runners.model.RunnerBuilder.safeRunnerForClass(RunnerBuilder.java:59)
 at org.junit.internal.requests.ClassRequest.getRunner(ClassRequest.java:33)
 at org.junit.internal.requests.FilterRequest.getRunner(FilterRequest.java:36)
 at org.apache.maven.surefire.junit4.JUnit4Provider.execute(JUnit4Provider.java:341)
 at org.apache.maven.surefire.junit4.JUnit4Provider.executeWithRerun(JUnit4Provider.java:269)
 at org.apache.maven.surefire.junit4.JUnit4Provider.executeTestSet(JUnit4Provider.java:240)
 at org.apache.maven.surefire.junit4.JUnit4Provider.invoke(JUnit4Provider.java:184)
 at org.apache.maven.surefire.booter.ForkedBooter.invokeProviderInSameClassLoader(ForkedBooter.java:286)
 at org.apache.maven.surefire.booter.ForkedBooter.runSuitesInProcess(ForkedBooter.java:240)
 at org.apache.maven.surefire.booter.ForkedBooter.main(ForkedBooter.java:121)
)</errorDetails>
          <failedSince>66</failedSince>
        </case>
        <case>
          <duration>0.003</duration>
          <className>junit.framework.TestSuite$1</className>
          <testName>warning</testName>
          <skipped>false</skipped>
          <errorStackTrace>junit.framework.AssertionFailedError: 
Exception in constructor: testGetDeclaredHCPs (java.lang.NullPointerException
	at edu.ncsu.csc.itrust.action.ViewReportAction.&lt;init&gt;(ViewReportAction.java:26)
	at edu.ncsu.csc.itrust.action.ViewReportAction.&lt;init&gt;(ViewReportAction.java:35)
	at edu.ncsu.csc.itrust.unit.action.ViewReportActionTest.&lt;init&gt;(ViewReportActionTest.java:17)
	at sun.reflect.NativeConstructorAccessorImpl.newInstance0(Native Method)
	at sun.reflect.NativeConstructorAccessorImpl.newInstance(NativeConstructorAccessorImpl.java:62)
	at sun.reflect.DelegatingConstructorAccessorImpl.newInstance(DelegatingConstructorAccessorImpl.java:45)
	at java.lang.reflect.Constructor.newInstance(Constructor.java:423)
	at junit.framework.TestSuite.createTest(TestSuite.java:60)
	at junit.framework.TestSuite.addTestMethod(TestSuite.java:307)
	at junit.framework.TestSuite.addTestsFromTestCase(TestSuite.java:150)
	at junit.framework.TestSuite.&lt;init&gt;(TestSuite.java:129)
	at org.junit.internal.runners.JUnit38ClassRunner.&lt;init&gt;(JUnit38ClassRunner.java:74)
	at org.junit.internal.builders.JUnit3Builder.runnerForClass(JUnit3Builder.java:11)
	at org.junit.runners.model.RunnerBuilder.safeRunnerForClass(RunnerBuilder.java:59)
	at org.junit.internal.builders.AllDefaultPossibilitiesBuilder.runnerForClass(AllDefaultPossibilitiesBuilder.java:26)
	at org.junit.runners.model.RunnerBuilder.safeRunnerForClass(RunnerBuilder.java:59)
	at org.junit.internal.requests.ClassRequest.getRunner(ClassRequest.java:33)
	at org.junit.internal.requests.FilterRequest.getRunner(FilterRequest.java:36)
	at org.apache.maven.surefire.junit4.JUnit4Provider.execute(JUnit4Provider.java:341)
	at org.apache.maven.surefire.junit4.JUnit4Provider.executeWithRerun(JUnit4Provider.java:269)
	at org.apache.maven.surefire.junit4.JUnit4Provider.executeTestSet(JUnit4Provider.java:240)
	at org.apache.maven.surefire.junit4.JUnit4Provider.invoke(JUnit4Provider.java:184)
	at org.apache.maven.surefire.booter.ForkedBooter.invokeProviderInSameClassLoader(ForkedBooter.java:286)
	at org.apache.maven.surefire.booter.ForkedBooter.runSuitesInProcess(ForkedBooter.java:240)
	at org.apache.maven.surefire.booter.ForkedBooter.main(ForkedBooter.java:121)
)
	at junit.framework.TestSuite$1.runTest(TestSuite.java:97)
</errorStackTrace>
          <errorDetails>Exception in constructor: testGetDeclaredHCPs (java.lang.NullPointerException
 at edu.ncsu.csc.itrust.action.ViewReportAction.&lt;init&gt;(ViewReportAction.java:26)
 at edu.ncsu.csc.itrust.action.ViewReportAction.&lt;init&gt;(ViewReportAction.java:35)
 at edu.ncsu.csc.itrust.unit.action.ViewReportActionTest.&lt;init&gt;(ViewReportActionTest.java:17)
 at sun.reflect.NativeConstructorAccessorImpl.newInstance0(Native Method)
 at sun.reflect.NativeConstructorAccessorImpl.newInstance(NativeConstructorAccessorImpl.java:62)
 at sun.reflect.DelegatingConstructorAccessorImpl.newInstance(DelegatingConstructorAccessorImpl.java:45)
 at java.lang.reflect.Constructor.newInstance(Constructor.java:423)
 at junit.framework.TestSuite.createTest(TestSuite.java:60)
 at junit.framework.TestSuite.addTestMethod(TestSuite.java:307)
 at junit.framework.TestSuite.addTestsFromTestCase(TestSuite.java:150)
 at junit.framework.TestSuite.&lt;init&gt;(TestSuite.java:129)
 at org.junit.internal.runners.JUnit38ClassRunner.&lt;init&gt;(JUnit38ClassRunner.java:74)
 at org.junit.internal.builders.JUnit3Builder.runnerForClass(JUnit3Builder.java:11)
 at org.junit.runners.model.RunnerBuilder.safeRunnerForClass(RunnerBuilder.java:59)
 at org.junit.internal.builders.AllDefaultPossibilitiesBuilder.runnerForClass(AllDefaultPossibilitiesBuilder.java:26)
 at org.junit.runners.model.RunnerBuilder.safeRunnerForClass(RunnerBuilder.java:59)
 at org.junit.internal.requests.ClassRequest.getRunner(ClassRequest.java:33)
 at org.junit.internal.requests.FilterRequest.getRunner(FilterRequest.java:36)
 at org.apache.maven.surefire.junit4.JUnit4Provider.execute(JUnit4Provider.java:341)
 at org.apache.maven.surefire.junit4.JUnit4Provider.executeWithRerun(JUnit4Provider.java:269)
 at org.apache.maven.surefire.junit4.JUnit4Provider.executeTestSet(JUnit4Provider.java:240)
 at org.apache.maven.surefire.junit4.JUnit4Provider.invoke(JUnit4Provider.java:184)
 at org.apache.maven.surefire.booter.ForkedBooter.invokeProviderInSameClassLoader(ForkedBooter.java:286)
 at org.apache.maven.surefire.booter.ForkedBooter.runSuitesInProcess(ForkedBooter.java:240)
 at org.apache.maven.surefire.booter.ForkedBooter.main(ForkedBooter.java:121)
)</errorDetails>
          <failedSince>66</failedSince>
        </case>
        <case>
          <duration>0.0</duration>
          <className>junit.framework.TestSuite$1</className>
          <testName>warning</testName>
          <skipped>false</skipped>
          <errorStackTrace>junit.framework.AssertionFailedError: 
Exception in constructor: testGetPersonnel (java.lang.NullPointerException
	at edu.ncsu.csc.itrust.action.ViewReportAction.&lt;init&gt;(ViewReportAction.java:26)
	at edu.ncsu.csc.itrust.action.ViewReportAction.&lt;init&gt;(ViewReportAction.java:35)
	at edu.ncsu.csc.itrust.unit.action.ViewReportActionTest.&lt;init&gt;(ViewReportActionTest.java:17)
	at sun.reflect.NativeConstructorAccessorImpl.newInstance0(Native Method)
	at sun.reflect.NativeConstructorAccessorImpl.newInstance(NativeConstructorAccessorImpl.java:62)
	at sun.reflect.DelegatingConstructorAccessorImpl.newInstance(DelegatingConstructorAccessorImpl.java:45)
	at java.lang.reflect.Constructor.newInstance(Constructor.java:423)
	at junit.framework.TestSuite.createTest(TestSuite.java:60)
	at junit.framework.TestSuite.addTestMethod(TestSuite.java:307)
	at junit.framework.TestSuite.addTestsFromTestCase(TestSuite.java:150)
	at junit.framework.TestSuite.&lt;init&gt;(TestSuite.java:129)
	at org.junit.internal.runners.JUnit38ClassRunner.&lt;init&gt;(JUnit38ClassRunner.java:74)
	at org.junit.internal.builders.JUnit3Builder.runnerForClass(JUnit3Builder.java:11)
	at org.junit.runners.model.RunnerBuilder.safeRunnerForClass(RunnerBuilder.java:59)
	at org.junit.internal.builders.AllDefaultPossibilitiesBuilder.runnerForClass(AllDefaultPossibilitiesBuilder.java:26)
	at org.junit.runners.model.RunnerBuilder.safeRunnerForClass(RunnerBuilder.java:59)
	at org.junit.internal.requests.ClassRequest.getRunner(ClassRequest.java:33)
	at org.junit.internal.requests.FilterRequest.getRunner(FilterRequest.java:36)
	at org.apache.maven.surefire.junit4.JUnit4Provider.execute(JUnit4Provider.java:341)
	at org.apache.maven.surefire.junit4.JUnit4Provider.executeWithRerun(JUnit4Provider.java:269)
	at org.apache.maven.surefire.junit4.JUnit4Provider.executeTestSet(JUnit4Provider.java:240)
	at org.apache.maven.surefire.junit4.JUnit4Provider.invoke(JUnit4Provider.java:184)
	at org.apache.maven.surefire.booter.ForkedBooter.invokeProviderInSameClassLoader(ForkedBooter.java:286)
	at org.apache.maven.surefire.booter.ForkedBooter.runSuitesInProcess(ForkedBooter.java:240)
	at org.apache.maven.surefire.booter.ForkedBooter.main(ForkedBooter.java:121)
)
	at junit.framework.TestSuite$1.runTest(TestSuite.java:97)
</errorStackTrace>
          <errorDetails>Exception in constructor: testGetPersonnel (java.lang.NullPointerException
 at edu.ncsu.csc.itrust.action.ViewReportAction.&lt;init&gt;(ViewReportAction.java:26)
 at edu.ncsu.csc.itrust.action.ViewReportAction.&lt;init&gt;(ViewReportAction.java:35)
 at edu.ncsu.csc.itrust.unit.action.ViewReportActionTest.&lt;init&gt;(ViewReportActionTest.java:17)
 at sun.reflect.NativeConstructorAccessorImpl.newInstance0(Native Method)
 at sun.reflect.NativeConstructorAccessorImpl.newInstance(NativeConstructorAccessorImpl.java:62)
 at sun.reflect.DelegatingConstructorAccessorImpl.newInstance(DelegatingConstructorAccessorImpl.java:45)
 at java.lang.reflect.Constructor.newInstance(Constructor.java:423)
 at junit.framework.TestSuite.createTest(TestSuite.java:60)
 at junit.framework.TestSuite.addTestMethod(TestSuite.java:307)
 at junit.framework.TestSuite.addTestsFromTestCase(TestSuite.java:150)
 at junit.framework.TestSuite.&lt;init&gt;(TestSuite.java:129)
 at org.junit.internal.runners.JUnit38ClassRunner.&lt;init&gt;(JUnit38ClassRunner.java:74)
 at org.junit.internal.builders.JUnit3Builder.runnerForClass(JUnit3Builder.java:11)
 at org.junit.runners.model.RunnerBuilder.safeRunnerForClass(RunnerBuilder.java:59)
 at org.junit.internal.builders.AllDefaultPossibilitiesBuilder.runnerForClass(AllDefaultPossibilitiesBuilder.java:26)
 at org.junit.runners.model.RunnerBuilder.safeRunnerForClass(RunnerBuilder.java:59)
 at org.junit.internal.requests.ClassRequest.getRunner(ClassRequest.java:33)
 at org.junit.internal.requests.FilterRequest.getRunner(FilterRequest.java:36)
 at org.apache.maven.surefire.junit4.JUnit4Provider.execute(JUnit4Provider.java:341)
 at org.apache.maven.surefire.junit4.JUnit4Provider.executeWithRerun(JUnit4Provider.java:269)
 at org.apache.maven.surefire.junit4.JUnit4Provider.executeTestSet(JUnit4Provider.java:240)
 at org.apache.maven.surefire.junit4.JUnit4Provider.invoke(JUnit4Provider.java:184)
 at org.apache.maven.surefire.booter.ForkedBooter.invokeProviderInSameClassLoader(ForkedBooter.java:286)
 at org.apache.maven.surefire.booter.ForkedBooter.runSuitesInProcess(ForkedBooter.java:240)
 at org.apache.maven.surefire.booter.ForkedBooter.main(ForkedBooter.java:121)
)</errorDetails>
          <failedSince>66</failedSince>
        </case>
      </cases>
    </suite>
    <suite>
      <file>/var/lib/jenkins/workspace/itrust-main/iTrust-v23/iTrust/target/surefire-reports/TEST-edu.ncsu.csc.itrust.unit.bean.AllergyBeanTest.xml</file>
      <name>edu.ncsu.csc.itrust.unit.bean.AllergyBeanTest</name>
      <duration>0.028</duration>
      <time>0.028</time>
      <cases>
        <case>
          <duration>0.007</duration>
          <className>edu.ncsu.csc.itrust.unit.bean.AllergyBeanTest</className>
          <testName>testGetID</testName>
          <skipped>false</skipped>
          <failedSince>0</failedSince>
        </case>
        <case>
          <duration>0.004</duration>
          <className>edu.ncsu.csc.itrust.unit.bean.AllergyBeanTest</className>
          <testName>testFirstFound</testName>
          <skipped>false</skipped>
          <failedSince>0</failedSince>
        </case>
        <case>
          <duration>0.007</duration>
          <className>edu.ncsu.csc.itrust.unit.bean.AllergyBeanTest</className>
          <testName>testInvalidFirstFound</testName>
          <skipped>false</skipped>
          <failedSince>0</failedSince>
        </case>
      </cases>
    </suite>
    <suite>
      <file>/var/lib/jenkins/workspace/itrust-main/iTrust-v23/iTrust/target/surefire-reports/TEST-edu.ncsu.csc.itrust.unit.bean.ApptRequestBeanTest.xml</file>
      <name>edu.ncsu.csc.itrust.unit.bean.ApptRequestBeanTest</name>
      <duration>0.011</duration>
      <time>0.011</time>
      <cases>
        <case>
          <duration>0.01</duration>
          <className>edu.ncsu.csc.itrust.unit.bean.ApptRequestBeanTest</className>
          <testName>testAccepted</testName>
          <skipped>false</skipped>
          <failedSince>0</failedSince>
        </case>
        <case>
          <duration>0.0</duration>
          <className>edu.ncsu.csc.itrust.unit.bean.ApptRequestBeanTest</className>
          <testName>testPending</testName>
          <skipped>false</skipped>
          <failedSince>0</failedSince>
        </case>
        <case>
          <duration>0.001</duration>
          <className>edu.ncsu.csc.itrust.unit.bean.ApptRequestBeanTest</className>
          <testName>testGetRequestedAppt</testName>
          <skipped>false</skipped>
          <failedSince>0</failedSince>
        </case>
      </cases>
    </suite>
    <suite>
      <file>/var/lib/jenkins/workspace/itrust-main/iTrust-v23/iTrust/target/surefire-reports/TEST-edu.ncsu.csc.itrust.unit.bean.BeanLoaderTest.xml</file>
      <name>edu.ncsu.csc.itrust.unit.bean.BeanLoaderTest</name>
      <duration>0.0</duration>
      <time>0</time>
      <cases>
        <case>
          <duration>0.0</duration>
          <className>edu.ncsu.csc.itrust.unit.bean.BeanLoaderTest</className>
          <testName>testLoadParameters</testName>
          <skipped>false</skipped>
          <failedSince>0</failedSince>
        </case>
      </cases>
    </suite>
    <suite>
      <file>/var/lib/jenkins/workspace/itrust-main/iTrust-v23/iTrust/target/surefire-reports/TEST-edu.ncsu.csc.itrust.unit.bean.BillingBeanLoaderTest.xml</file>
      <name>edu.ncsu.csc.itrust.unit.bean.BillingBeanLoaderTest</name>
      <duration>0.018</duration>
      <time>0.018</time>
      <cases>
        <case>
          <duration>0.001</duration>
          <className>edu.ncsu.csc.itrust.unit.bean.BillingBeanLoaderTest</className>
          <testName>testLoadList</testName>
          <skipped>false</skipped>
          <failedSince>0</failedSince>
        </case>
        <case>
          <duration>0.003</duration>
          <className>edu.ncsu.csc.itrust.unit.bean.BillingBeanLoaderTest</className>
          <testName>testLoadSingle</testName>
          <skipped>false</skipped>
          <errorStackTrace>java.lang.AssertionError: 

  Unexpected method call getInt(&quot;Ox6p02RRcH&quot;):
    getInt(&quot;billID&quot;): expected: 1, actual: 0
    getInt(&quot;appt_id&quot;): expected: 1, actual: 0
    getLong(&quot;PatientID&quot;): expected: 1, actual: 0
    getLong(&quot;HCPID&quot;): expected: 1, actual: 0
    getInt(&quot;amt&quot;): expected: 1, actual: 0
    getString(&quot;status&quot;): expected: 1, actual: 0
    getString(&quot;ccHolderName&quot;): expected: 1, actual: 0
    getString(&quot;billingAddress&quot;): expected: 1, actual: 0
    getString(&quot;ccType&quot;): expected: 1, actual: 0
    getString(&quot;ccNumber&quot;): expected: 1, actual: 0
    getString(&quot;cvv&quot;): expected: 1, actual: 0
    getString(&quot;insHolderName&quot;): expected: 1, actual: 0
    getString(&quot;insID&quot;): expected: 1, actual: 0
    getString(&quot;insProviderName&quot;): expected: 1, actual: 0
    getString(&quot;insAddress1&quot;): expected: 1, actual: 0
    getString(&quot;insAddress2&quot;): expected: 1, actual: 0
    getString(&quot;insCity&quot;): expected: 1, actual: 0
    getString(&quot;insState&quot;): expected: 1, actual: 0
    getString(&quot;insZip&quot;): expected: 1, actual: 0
    getString(&quot;insPhone&quot;): expected: 1, actual: 0
    getInt(&quot;submissions&quot;): expected: 1, actual: 0
    getDate(&quot;billTimeS&quot;): expected: 1, actual: 0
    getTimestamp(&quot;subTime&quot;): expected: 1, actual: 0
    getBoolean(&quot;isInsurance&quot;): expected: 1, actual: 0
	at edu.ncsu.csc.itrust.unit.bean.BillingBeanLoaderTest.testLoadSingle(BillingBeanLoaderTest.java:77)
</errorStackTrace>
          <errorDetails>
  Unexpected method call getInt(&quot;Ox6p02RRcH&quot;):
    getInt(&quot;billID&quot;): expected: 1, actual: 0
    getInt(&quot;appt_id&quot;): expected: 1, actual: 0
    getLong(&quot;PatientID&quot;): expected: 1, actual: 0
    getLong(&quot;HCPID&quot;): expected: 1, actual: 0
    getInt(&quot;amt&quot;): expected: 1, actual: 0
    getString(&quot;status&quot;): expected: 1, actual: 0
    getString(&quot;ccHolderName&quot;): expected: 1, actual: 0
    getString(&quot;billingAddress&quot;): expected: 1, actual: 0
    getString(&quot;ccType&quot;): expected: 1, actual: 0
    getString(&quot;ccNumber&quot;): expected: 1, actual: 0
    getString(&quot;cvv&quot;): expected: 1, actual: 0
    getString(&quot;insHolderName&quot;): expected: 1, actual: 0
    getString(&quot;insID&quot;): expected: 1, actual: 0
    getString(&quot;insProviderName&quot;): expected: 1, actual: 0
    getString(&quot;insAddress1&quot;): expected: 1, actual: 0
    getString(&quot;insAddress2&quot;): expected: 1, actual: 0
    getString(&quot;insCity&quot;): expected: 1, actual: 0
    getString(&quot;insState&quot;): expected: 1, actual: 0
    getString(&quot;insZip&quot;): expected: 1, actual: 0
    getString(&quot;insPhone&quot;): expected: 1, actual: 0
    getInt(&quot;submissions&quot;): expected: 1, actual: 0
    getDate(&quot;billTimeS&quot;): expected: 1, actual: 0
    getTimestamp(&quot;subTime&quot;): expected: 1, actual: 0
    getBoolean(&quot;isInsurance&quot;): expected: 1, actual: 0</errorDetails>
          <failedSince>1</failedSince>
        </case>
        <case>
          <duration>0.0</duration>
          <className>edu.ncsu.csc.itrust.unit.bean.BillingBeanLoaderTest</className>
          <testName>testLoadParameters</testName>
          <skipped>false</skipped>
          <failedSince>0</failedSince>
        </case>
      </cases>
    </suite>
    <suite>
      <file>/var/lib/jenkins/workspace/itrust-main/iTrust-v23/iTrust/target/surefire-reports/TEST-edu.ncsu.csc.itrust.unit.bean.DistanceComparatorTest.xml</file>
      <name>edu.ncsu.csc.itrust.unit.bean.DistanceComparatorTest</name>
      <duration>1.245</duration>
      <time>1.245</time>
      <cases>
        <case>
          <duration>0.389</duration>
          <className>edu.ncsu.csc.itrust.unit.bean.DistanceComparatorTest</className>
          <testName>testComparatorEvil</testName>
          <skipped>false</skipped>
          <failedSince>0</failedSince>
        </case>
        <case>
          <duration>0.544</duration>
          <className>edu.ncsu.csc.itrust.unit.bean.DistanceComparatorTest</className>
          <testName>testComparator</testName>
          <skipped>false</skipped>
          <failedSince>0</failedSince>
        </case>
        <case>
          <duration>0.308</duration>
          <className>edu.ncsu.csc.itrust.unit.bean.DistanceComparatorTest</className>
          <testName>testError</testName>
          <skipped>false</skipped>
          <failedSince>0</failedSince>
        </case>
      </cases>
    </suite>
    <suite>
      <file>/var/lib/jenkins/workspace/itrust-main/iTrust-v23/iTrust/target/surefire-reports/TEST-edu.ncsu.csc.itrust.unit.bean.EmailBeanTest.xml</file>
      <name>edu.ncsu.csc.itrust.unit.bean.EmailBeanTest</name>
      <duration>0.007</duration>
      <time>0.007</time>
      <cases>
        <case>
          <duration>0.002</duration>
          <className>edu.ncsu.csc.itrust.unit.bean.EmailBeanTest</className>
          <testName>testAttributes</testName>
          <skipped>false</skipped>
          <failedSince>0</failedSince>
        </case>
        <case>
          <duration>0.001</duration>
          <className>edu.ncsu.csc.itrust.unit.bean.EmailBeanTest</className>
          <testName>testMakeStr</testName>
          <skipped>false</skipped>
          <failedSince>0</failedSince>
        </case>
        <case>
          <duration>0.0</duration>
          <className>edu.ncsu.csc.itrust.unit.bean.EmailBeanTest</className>
          <testName>testEquals</testName>
          <skipped>false</skipped>
          <failedSince>0</failedSince>
        </case>
        <case>
          <duration>0.0</duration>
          <className>edu.ncsu.csc.itrust.unit.bean.EmailBeanTest</className>
          <testName>testGetHashCode</testName>
          <skipped>false</skipped>
          <failedSince>0</failedSince>
        </case>
        <case>
          <duration>0.001</duration>
          <className>edu.ncsu.csc.itrust.unit.bean.EmailBeanTest</className>
          <testName>testToList</testName>
          <skipped>false</skipped>
          <failedSince>0</failedSince>
        </case>
      </cases>
    </suite>
    <suite>
      <file>/var/lib/jenkins/workspace/itrust-main/iTrust-v23/iTrust/target/surefire-reports/TEST-edu.ncsu.csc.itrust.unit.bean.GroupReportBeanTest.xml</file>
      <name>edu.ncsu.csc.itrust.unit.bean.GroupReportBeanTest</name>
      <duration>11.57</duration>
      <time>11.57</time>
      <cases>
        <case>
          <duration>10.073</duration>
          <className>edu.ncsu.csc.itrust.unit.bean.GroupReportBeanTest</className>
          <testName>testGetPatients</testName>
          <skipped>false</skipped>
          <errorStackTrace>edu.ncsu.csc.itrust.exception.DBException: A database exception has occurred. Please see the log in the console for stacktrace
	at edu.ncsu.csc.itrust.unit.bean.GroupReportBeanTest.setUp(GroupReportBeanTest.java:29)
</errorStackTrace>
          <errorDetails>A database exception has occurred. Please see the log in the console for stacktrace</errorDetails>
          <failedSince>1</failedSince>
        </case>
        <case>
          <duration>0.551</duration>
          <className>edu.ncsu.csc.itrust.unit.bean.GroupReportBeanTest</className>
          <testName>testGetFilters</testName>
          <skipped>false</skipped>
          <errorStackTrace>edu.ncsu.csc.itrust.exception.DBException: A database exception has occurred. Please see the log in the console for stacktrace
	at edu.ncsu.csc.itrust.unit.bean.GroupReportBeanTest.setUp(GroupReportBeanTest.java:29)
</errorStackTrace>
          <errorDetails>A database exception has occurred. Please see the log in the console for stacktrace</errorDetails>
          <failedSince>1</failedSince>
        </case>
        <case>
          <duration>0.385</duration>
          <className>edu.ncsu.csc.itrust.unit.bean.GroupReportBeanTest</className>
          <testName>testGetFilterStrings</testName>
          <skipped>false</skipped>
          <errorStackTrace>edu.ncsu.csc.itrust.exception.DBException: A database exception has occurred. Please see the log in the console for stacktrace
	at edu.ncsu.csc.itrust.unit.bean.GroupReportBeanTest.setUp(GroupReportBeanTest.java:29)
</errorStackTrace>
          <errorDetails>A database exception has occurred. Please see the log in the console for stacktrace</errorDetails>
          <failedSince>1</failedSince>
        </case>
        <case>
          <duration>0.557</duration>
          <className>edu.ncsu.csc.itrust.unit.bean.GroupReportBeanTest</className>
          <testName>testGetPatientNames</testName>
          <skipped>false</skipped>
          <errorStackTrace>edu.ncsu.csc.itrust.exception.DBException: A database exception has occurred. Please see the log in the console for stacktrace
	at edu.ncsu.csc.itrust.unit.bean.GroupReportBeanTest.setUp(GroupReportBeanTest.java:29)
</errorStackTrace>
          <errorDetails>A database exception has occurred. Please see the log in the console for stacktrace</errorDetails>
          <failedSince>1</failedSince>
        </case>
      </cases>
    </suite>
    <suite>
      <file>/var/lib/jenkins/workspace/itrust-main/iTrust-v23/iTrust/target/surefire-reports/TEST-edu.ncsu.csc.itrust.unit.bean.HCPLinkBeanTest.xml</file>
      <name>edu.ncsu.csc.itrust.unit.bean.HCPLinkBeanTest</name>
      <duration>0.003</duration>
      <time>0.003</time>
      <cases>
        <case>
          <duration>0.003</duration>
          <className>edu.ncsu.csc.itrust.unit.bean.HCPLinkBeanTest</className>
          <testName>testGetPresciberMID</testName>
          <skipped>false</skipped>
          <failedSince>0</failedSince>
        </case>
        <case>
          <duration>0.0</duration>
          <className>edu.ncsu.csc.itrust.unit.bean.HCPLinkBeanTest</className>
          <testName>testGetDrug</testName>
          <skipped>false</skipped>
          <failedSince>0</failedSince>
        </case>
        <case>
          <duration>0.0</duration>
          <className>edu.ncsu.csc.itrust.unit.bean.HCPLinkBeanTest</className>
          <testName>testChecked</testName>
          <skipped>false</skipped>
          <failedSince>0</failedSince>
        </case>
      </cases>
    </suite>
    <suite>
      <file>/var/lib/jenkins/workspace/itrust-main/iTrust-v23/iTrust/target/surefire-reports/TEST-edu.ncsu.csc.itrust.unit.bean.HospitalBeanTest.xml</file>
      <name>edu.ncsu.csc.itrust.unit.bean.HospitalBeanTest</name>
      <duration>0.0</duration>
      <time>0</time>
      <cases>
        <case>
          <duration>0.0</duration>
          <className>edu.ncsu.csc.itrust.unit.bean.HospitalBeanTest</className>
          <testName>testHospitalBean</testName>
          <skipped>false</skipped>
          <failedSince>0</failedSince>
        </case>
        <case>
          <duration>0.0</duration>
          <className>edu.ncsu.csc.itrust.unit.bean.HospitalBeanTest</className>
          <testName>testFullConstructor</testName>
          <skipped>false</skipped>
          <failedSince>0</failedSince>
        </case>
      </cases>
    </suite>
    <suite>
      <file>/var/lib/jenkins/workspace/itrust-main/iTrust-v23/iTrust/target/surefire-reports/TEST-edu.ncsu.csc.itrust.unit.bean.MedicationBeanTest.xml</file>
      <name>edu.ncsu.csc.itrust.unit.bean.MedicationBeanTest</name>
      <duration>0.0</duration>
      <time>0</time>
      <cases>
        <case>
          <duration>0.0</duration>
          <className>edu.ncsu.csc.itrust.unit.bean.MedicationBeanTest</className>
          <testName>testGetFormatted</testName>
          <skipped>false</skipped>
          <failedSince>0</failedSince>
        </case>
        <case>
          <duration>0.0</duration>
          <className>edu.ncsu.csc.itrust.unit.bean.MedicationBeanTest</className>
          <testName>testShortCode</testName>
          <skipped>false</skipped>
          <failedSince>0</failedSince>
        </case>
        <case>
          <duration>0.0</duration>
          <className>edu.ncsu.csc.itrust.unit.bean.MedicationBeanTest</className>
          <testName>testPrescriptionEquals</testName>
          <skipped>false</skipped>
          <failedSince>0</failedSince>
        </case>
      </cases>
    </suite>
    <suite>
      <file>/var/lib/jenkins/workspace/itrust-main/iTrust-v23/iTrust/target/surefire-reports/TEST-edu.ncsu.csc.itrust.unit.bean.OverrideReasonBeanTest.xml</file>
      <name>edu.ncsu.csc.itrust.unit.bean.OverrideReasonBeanTest</name>
      <duration>0.004</duration>
      <time>0.004</time>
      <cases>
        <case>
          <duration>0.004</duration>
          <className>edu.ncsu.csc.itrust.unit.bean.OverrideReasonBeanTest</className>
          <testName>testPrescriptionEquals</testName>
          <skipped>false</skipped>
          <errorStackTrace>junit.framework.AssertionFailedError
	at edu.ncsu.csc.itrust.unit.bean.OverrideReasonBeanTest.testPrescriptionEquals(OverrideReasonBeanTest.java:22)
</errorStackTrace>
          <failedSince>66</failedSince>
        </case>
      </cases>
    </suite>
    <suite>
      <file>/var/lib/jenkins/workspace/itrust-main/iTrust-v23/iTrust/target/surefire-reports/TEST-edu.ncsu.csc.itrust.unit.bean.PatientBeanTest.xml</file>
      <name>edu.ncsu.csc.itrust.unit.bean.PatientBeanTest</name>
      <duration>0.006</duration>
      <time>0.006</time>
      <cases>
        <case>
          <duration>0.0</duration>
          <className>edu.ncsu.csc.itrust.unit.bean.PatientBeanTest</className>
          <testName>testAgeZero</testName>
          <skipped>false</skipped>
          <failedSince>0</failedSince>
        </case>
        <case>
          <duration>0.0</duration>
          <className>edu.ncsu.csc.itrust.unit.bean.PatientBeanTest</className>
          <testName>testAge10</testName>
          <skipped>false</skipped>
          <failedSince>0</failedSince>
        </case>
        <case>
          <duration>0.001</duration>
          <className>edu.ncsu.csc.itrust.unit.bean.PatientBeanTest</className>
          <testName>testBean</testName>
          <skipped>false</skipped>
          <failedSince>0</failedSince>
        </case>
      </cases>
    </suite>
    <suite>
      <file>/var/lib/jenkins/workspace/itrust-main/iTrust-v23/iTrust/target/surefire-reports/TEST-edu.ncsu.csc.itrust.unit.bean.PersonnelBeanTest.xml</file>
      <name>edu.ncsu.csc.itrust.unit.bean.PersonnelBeanTest</name>
      <duration>0.002</duration>
      <time>0.002</time>
      <cases>
        <case>
          <duration>0.001</duration>
          <className>edu.ncsu.csc.itrust.unit.bean.PersonnelBeanTest</className>
          <testName>testPersonnelBeanSecurity</testName>
          <skipped>false</skipped>
          <failedSince>0</failedSince>
        </case>
      </cases>
    </suite>
    <suite>
      <file>/var/lib/jenkins/workspace/itrust-main/iTrust-v23/iTrust/target/surefire-reports/TEST-edu.ncsu.csc.itrust.unit.bean.RatingComparatorTest.xml</file>
      <name>edu.ncsu.csc.itrust.unit.bean.RatingComparatorTest</name>
      <duration>0.509</duration>
      <time>0.509</time>
      <cases>
        <case>
          <duration>0.509</duration>
          <className>edu.ncsu.csc.itrust.unit.bean.RatingComparatorTest</className>
          <testName>testComparator</testName>
          <skipped>false</skipped>
          <failedSince>0</failedSince>
        </case>
      </cases>
    </suite>
    <suite>
      <file>/var/lib/jenkins/workspace/itrust-main/iTrust-v23/iTrust/target/surefire-reports/TEST-edu.ncsu.csc.itrust.unit.bean.RecordsReleaseBeanTest.xml</file>
      <name>edu.ncsu.csc.itrust.unit.bean.RecordsReleaseBeanTest</name>
      <duration>0.01</duration>
      <time>0.01</time>
      <cases>
        <case>
          <duration>0.002</duration>
          <className>edu.ncsu.csc.itrust.unit.bean.RecordsReleaseBeanTest</className>
          <testName>testReleaseHospitalID</testName>
          <skipped>false</skipped>
          <failedSince>0</failedSince>
        </case>
        <case>
          <duration>0.001</duration>
          <className>edu.ncsu.csc.itrust.unit.bean.RecordsReleaseBeanTest</className>
          <testName>testPid</testName>
          <skipped>false</skipped>
          <failedSince>0</failedSince>
        </case>
        <case>
          <duration>0.0</duration>
          <className>edu.ncsu.csc.itrust.unit.bean.RecordsReleaseBeanTest</className>
          <testName>testDocFirstName</testName>
          <skipped>false</skipped>
          <failedSince>0</failedSince>
        </case>
        <case>
          <duration>0.0</duration>
          <className>edu.ncsu.csc.itrust.unit.bean.RecordsReleaseBeanTest</className>
          <testName>testRecHospitalAddress</testName>
          <skipped>false</skipped>
          <failedSince>0</failedSince>
        </case>
        <case>
          <duration>0.0</duration>
          <className>edu.ncsu.csc.itrust.unit.bean.RecordsReleaseBeanTest</className>
          <testName>testJustification</testName>
          <skipped>false</skipped>
          <failedSince>0</failedSince>
        </case>
        <case>
          <duration>0.0</duration>
          <className>edu.ncsu.csc.itrust.unit.bean.RecordsReleaseBeanTest</className>
          <testName>testRecHospitalName</testName>
          <skipped>false</skipped>
          <failedSince>0</failedSince>
        </case>
        <case>
          <duration>0.001</duration>
          <className>edu.ncsu.csc.itrust.unit.bean.RecordsReleaseBeanTest</className>
          <testName>testDocLastName</testName>
          <skipped>false</skipped>
          <failedSince>0</failedSince>
        </case>
        <case>
          <duration>0.0</duration>
          <className>edu.ncsu.csc.itrust.unit.bean.RecordsReleaseBeanTest</className>
          <testName>testDateRequested</testName>
          <skipped>false</skipped>
          <failedSince>0</failedSince>
        </case>
        <case>
          <duration>0.0</duration>
          <className>edu.ncsu.csc.itrust.unit.bean.RecordsReleaseBeanTest</className>
          <testName>testReleaseID</testName>
          <skipped>false</skipped>
          <failedSince>0</failedSince>
        </case>
        <case>
          <duration>0.0</duration>
          <className>edu.ncsu.csc.itrust.unit.bean.RecordsReleaseBeanTest</className>
          <testName>testDocEmail</testName>
          <skipped>false</skipped>
          <failedSince>0</failedSince>
        </case>
        <case>
          <duration>0.001</duration>
          <className>edu.ncsu.csc.itrust.unit.bean.RecordsReleaseBeanTest</className>
          <testName>testDocPhone</testName>
          <skipped>false</skipped>
          <failedSince>0</failedSince>
        </case>
        <case>
          <duration>0.001</duration>
          <className>edu.ncsu.csc.itrust.unit.bean.RecordsReleaseBeanTest</className>
          <testName>testStatus</testName>
          <skipped>false</skipped>
          <errorStackTrace>junit.framework.ComparisonFailure: expected:&lt;[Approved]&gt; but was:&lt;[devorppA]&gt;
	at edu.ncsu.csc.itrust.unit.bean.RecordsReleaseBeanTest.testStatus(RecordsReleaseBeanTest.java:132)
</errorStackTrace>
          <errorDetails>expected:&lt;[Approved]&gt; but was:&lt;[devorppA]&gt;</errorDetails>
          <failedSince>1</failedSince>
        </case>
      </cases>
    </suite>
    <suite>
      <file>/var/lib/jenkins/workspace/itrust-main/iTrust-v23/iTrust/target/surefire-reports/TEST-edu.ncsu.csc.itrust.unit.bean.ReportRequestBeanTest.xml</file>
      <name>edu.ncsu.csc.itrust.unit.bean.ReportRequestBeanTest</name>
      <duration>0.015</duration>
      <time>0.015</time>
      <cases>
        <case>
          <duration>0.013</duration>
          <className>edu.ncsu.csc.itrust.unit.bean.ReportRequestBeanTest</className>
          <testName>testReportRequestBean</testName>
          <skipped>false</skipped>
          <errorStackTrace>junit.framework.ComparisonFailure: expected:&lt;[01/01/2008 12:00]&gt; but was:&lt;[]&gt;
	at edu.ncsu.csc.itrust.unit.bean.ReportRequestBeanTest.testReportRequestBean(ReportRequestBeanTest.java:23)
</errorStackTrace>
          <errorDetails>expected:&lt;[01/01/2008 12:00]&gt; but was:&lt;[]&gt;</errorDetails>
          <failedSince>1</failedSince>
        </case>
        <case>
          <duration>0.001</duration>
          <className>edu.ncsu.csc.itrust.unit.bean.ReportRequestBeanTest</className>
          <testName>testBadRequestedDate</testName>
          <skipped>false</skipped>
          <errorStackTrace>java.lang.NullPointerException
	at edu.ncsu.csc.itrust.unit.bean.ReportRequestBeanTest.testBadRequestedDate(ReportRequestBeanTest.java:30)
</errorStackTrace>
          <failedSince>1</failedSince>
        </case>
      </cases>
    </suite>
    <suite>
      <file>/var/lib/jenkins/workspace/itrust-main/iTrust-v23/iTrust/target/surefire-reports/TEST-edu.ncsu.csc.itrust.unit.bean.ReviewsBeanLoaderTest.xml</file>
      <name>edu.ncsu.csc.itrust.unit.bean.ReviewsBeanLoaderTest</name>
      <duration>0.009</duration>
      <time>0.009</time>
      <cases>
        <case>
          <duration>0.002</duration>
          <className>edu.ncsu.csc.itrust.unit.bean.ReviewsBeanLoaderTest</className>
          <testName>testLoadList</testName>
          <skipped>false</skipped>
          <failedSince>0</failedSince>
        </case>
        <case>
          <duration>0.001</duration>
          <className>edu.ncsu.csc.itrust.unit.bean.ReviewsBeanLoaderTest</className>
          <testName>testLoadSingle</testName>
          <skipped>false</skipped>
          <failedSince>0</failedSince>
        </case>
        <case>
          <duration>0.001</duration>
          <className>edu.ncsu.csc.itrust.unit.bean.ReviewsBeanLoaderTest</className>
          <testName>testLoadParameters</testName>
          <skipped>false</skipped>
          <failedSince>0</failedSince>
        </case>
      </cases>
    </suite>
    <suite>
      <file>/var/lib/jenkins/workspace/itrust-main/iTrust-v23/iTrust/target/surefire-reports/TEST-edu.ncsu.csc.itrust.unit.bean.SurveyBeanTest.xml</file>
      <name>edu.ncsu.csc.itrust.unit.bean.SurveyBeanTest</name>
      <duration>0.002</duration>
      <time>0.002</time>
      <cases>
        <case>
          <duration>0.002</duration>
          <className>edu.ncsu.csc.itrust.unit.bean.SurveyBeanTest</className>
          <testName>testSurveyBean</testName>
          <skipped>false</skipped>
          <failedSince>0</failedSince>
        </case>
      </cases>
    </suite>
    <suite>
      <file>/var/lib/jenkins/workspace/itrust-main/iTrust-v23/iTrust/target/surefire-reports/TEST-edu.ncsu.csc.itrust.unit.bean.SurveyResultBeanTest.xml</file>
      <name>edu.ncsu.csc.itrust.unit.bean.SurveyResultBeanTest</name>
      <duration>0.004</duration>
      <time>0.004</time>
      <cases>
        <case>
          <duration>0.003</duration>
          <className>edu.ncsu.csc.itrust.unit.bean.SurveyResultBeanTest</className>
          <testName>testSurveyResultBean</testName>
          <skipped>false</skipped>
          <failedSince>0</failedSince>
        </case>
      </cases>
    </suite>
    <suite>
      <file>/var/lib/jenkins/workspace/itrust-main/iTrust-v23/iTrust/target/surefire-reports/TEST-edu.ncsu.csc.itrust.unit.bean.TelemedicineBeanTest.xml</file>
      <name>edu.ncsu.csc.itrust.unit.bean.TelemedicineBeanTest</name>
      <duration>0.007</duration>
      <time>0.007</time>
      <cases>
        <case>
          <duration>0.002</duration>
          <className>edu.ncsu.csc.itrust.unit.bean.TelemedicineBeanTest</className>
          <testName>testGlucoseLevel</testName>
          <skipped>false</skipped>
          <failedSince>0</failedSince>
        </case>
        <case>
          <duration>0.001</duration>
          <className>edu.ncsu.csc.itrust.unit.bean.TelemedicineBeanTest</className>
          <testName>testHeight</testName>
          <skipped>false</skipped>
          <failedSince>0</failedSince>
        </case>
        <case>
          <duration>0.0</duration>
          <className>edu.ncsu.csc.itrust.unit.bean.TelemedicineBeanTest</className>
          <testName>testWeight</testName>
          <skipped>false</skipped>
          <failedSince>0</failedSince>
        </case>
      </cases>
    </suite>
    <suite>
      <file>/var/lib/jenkins/workspace/itrust-main/iTrust-v23/iTrust/target/surefire-reports/TEST-edu.ncsu.csc.itrust.unit.bean.VisitFlagBeanTest.xml</file>
      <name>edu.ncsu.csc.itrust.unit.bean.VisitFlagBeanTest</name>
      <duration>0.003</duration>
      <time>0.003</time>
      <cases>
        <case>
          <duration>0.001</duration>
          <className>edu.ncsu.csc.itrust.unit.bean.VisitFlagBeanTest</className>
          <testName>testSetTypeAndValue</testName>
          <skipped>false</skipped>
          <failedSince>0</failedSince>
        </case>
      </cases>
    </suite>
    <suite>
      <file>/var/lib/jenkins/workspace/itrust-main/iTrust-v23/iTrust/target/surefire-reports/TEST-edu.ncsu.csc.itrust.unit.bean.WardBeanLoaderTest.xml</file>
      <name>edu.ncsu.csc.itrust.unit.bean.WardBeanLoaderTest</name>
      <duration>0.116</duration>
      <time>0.116</time>
      <cases>
        <case>
          <duration>0.097</duration>
          <className>edu.ncsu.csc.itrust.unit.bean.WardBeanLoaderTest</className>
          <testName>testLoadList</testName>
          <skipped>false</skipped>
          <failedSince>0</failedSince>
        </case>
        <case>
          <duration>0.001</duration>
          <className>edu.ncsu.csc.itrust.unit.bean.WardBeanLoaderTest</className>
          <testName>testLoadParameters</testName>
          <skipped>false</skipped>
          <failedSince>0</failedSince>
        </case>
        <case>
          <duration>0.015</duration>
          <className>edu.ncsu.csc.itrust.unit.bean.WardBeanLoaderTest</className>
          <testName>testloadSingle</testName>
          <skipped>false</skipped>
          <errorStackTrace>java.lang.AssertionError: 

  Unexpected method call getLong(&quot;latipsoHnI&quot;):
    getLong(&quot;InHospital&quot;): expected: 1, actual: 0
	at edu.ncsu.csc.itrust.unit.bean.WardBeanLoaderTest.testloadSingle(WardBeanLoaderTest.java:62)
</errorStackTrace>
          <errorDetails>
  Unexpected method call getLong(&quot;latipsoHnI&quot;):
    getLong(&quot;InHospital&quot;): expected: 1, actual: 0</errorDetails>
          <failedSince>1</failedSince>
        </case>
      </cases>
    </suite>
    <suite>
      <file>/var/lib/jenkins/workspace/itrust-main/iTrust-v23/iTrust/target/surefire-reports/TEST-edu.ncsu.csc.itrust.unit.bean.WardBeanTest.xml</file>
      <name>edu.ncsu.csc.itrust.unit.bean.WardBeanTest</name>
      <duration>0.003</duration>
      <time>0.003</time>
      <cases>
        <case>
          <duration>0.0</duration>
          <className>edu.ncsu.csc.itrust.unit.bean.WardBeanTest</className>
          <testName>testInHospital</testName>
          <skipped>false</skipped>
          <failedSince>0</failedSince>
        </case>
        <case>
          <duration>0.001</duration>
          <className>edu.ncsu.csc.itrust.unit.bean.WardBeanTest</className>
          <testName>testSpecialty</testName>
          <skipped>false</skipped>
          <failedSince>0</failedSince>
        </case>
        <case>
          <duration>0.0</duration>
          <className>edu.ncsu.csc.itrust.unit.bean.WardBeanTest</className>
          <testName>testEquals</testName>
          <skipped>false</skipped>
          <errorStackTrace>junit.framework.AssertionFailedError
	at edu.ncsu.csc.itrust.unit.bean.WardBeanTest.testEquals(WardBeanTest.java:56)
</errorStackTrace>
          <failedSince>66</failedSince>
        </case>
        <case>
          <duration>0.0</duration>
          <className>edu.ncsu.csc.itrust.unit.bean.WardBeanTest</className>
          <testName>testWardID</testName>
          <skipped>false</skipped>
          <failedSince>0</failedSince>
        </case>
      </cases>
    </suite>
    <suite>
      <file>/var/lib/jenkins/workspace/itrust-main/iTrust-v23/iTrust/target/surefire-reports/TEST-edu.ncsu.csc.itrust.unit.bean.WardRoomBeanLoaderTest.xml</file>
      <name>edu.ncsu.csc.itrust.unit.bean.WardRoomBeanLoaderTest</name>
      <duration>0.009</duration>
      <time>0.009</time>
      <cases>
        <case>
          <duration>0.001</duration>
          <className>edu.ncsu.csc.itrust.unit.bean.WardRoomBeanLoaderTest</className>
          <testName>testLoadList</testName>
          <skipped>false</skipped>
          <failedSince>0</failedSince>
        </case>
        <case>
          <duration>0.001</duration>
          <className>edu.ncsu.csc.itrust.unit.bean.WardRoomBeanLoaderTest</className>
          <testName>testLoadParameters</testName>
          <skipped>false</skipped>
          <failedSince>0</failedSince>
        </case>
        <case>
          <duration>0.005</duration>
          <className>edu.ncsu.csc.itrust.unit.bean.WardRoomBeanLoaderTest</className>
          <testName>testloadSingle</testName>
          <skipped>false</skipped>
          <failedSince>0</failedSince>
        </case>
      </cases>
    </suite>
    <suite>
      <file>/var/lib/jenkins/workspace/itrust-main/iTrust-v23/iTrust/target/surefire-reports/TEST-edu.ncsu.csc.itrust.unit.bean.WardRoomBeanTest.xml</file>
      <name>edu.ncsu.csc.itrust.unit.bean.WardRoomBeanTest</name>
      <duration>0.015</duration>
      <time>0.015</time>
      <cases>
        <case>
          <duration>0.002</duration>
          <className>edu.ncsu.csc.itrust.unit.bean.WardRoomBeanTest</className>
          <testName>testRoomStatus</testName>
          <skipped>false</skipped>
          <failedSince>0</failedSince>
        </case>
        <case>
          <duration>0.0</duration>
          <className>edu.ncsu.csc.itrust.unit.bean.WardRoomBeanTest</className>
          <testName>testRoomName</testName>
          <skipped>false</skipped>
          <failedSince>0</failedSince>
        </case>
        <case>
          <duration>0.001</duration>
          <className>edu.ncsu.csc.itrust.unit.bean.WardRoomBeanTest</className>
          <testName>testOccupiedBy</testName>
          <skipped>false</skipped>
          <failedSince>0</failedSince>
        </case>
        <case>
          <duration>0.0</duration>
          <className>edu.ncsu.csc.itrust.unit.bean.WardRoomBeanTest</className>
          <testName>testEquals</testName>
          <skipped>false</skipped>
          <failedSince>0</failedSince>
        </case>
        <case>
          <duration>0.0</duration>
          <className>edu.ncsu.csc.itrust.unit.bean.WardRoomBeanTest</className>
          <testName>testInWard</testName>
          <skipped>false</skipped>
          <failedSince>0</failedSince>
        </case>
        <case>
          <duration>0.0</duration>
          <className>edu.ncsu.csc.itrust.unit.bean.WardRoomBeanTest</className>
          <testName>testRoomID</testName>
          <skipped>false</skipped>
          <failedSince>0</failedSince>
        </case>
      </cases>
    </suite>
    <suite>
      <file>/var/lib/jenkins/workspace/itrust-main/iTrust-v23/iTrust/target/surefire-reports/TEST-edu.ncsu.csc.itrust.unit.bean.ZipCodeBeanTest.xml</file>
      <name>edu.ncsu.csc.itrust.unit.bean.ZipCodeBeanTest</name>
      <duration>0.005</duration>
      <time>0.005</time>
      <cases>
        <case>
          <duration>0.0</duration>
          <className>edu.ncsu.csc.itrust.unit.bean.ZipCodeBeanTest</className>
          <testName>testBean</testName>
          <skipped>false</skipped>
          <failedSince>0</failedSince>
        </case>
      </cases>
    </suite>
    <suite>
      <file>/var/lib/jenkins/workspace/itrust-main/iTrust-v23/iTrust/target/surefire-reports/TEST-edu.ncsu.csc.itrust.unit.bean.ZipCodeLoaderTest.xml</file>
      <name>edu.ncsu.csc.itrust.unit.bean.ZipCodeLoaderTest</name>
      <duration>0.006</duration>
      <time>0.006</time>
      <cases>
        <case>
          <duration>0.002</duration>
          <className>edu.ncsu.csc.itrust.unit.bean.ZipCodeLoaderTest</className>
          <testName>testLoadList</testName>
          <skipped>false</skipped>
          <failedSince>0</failedSince>
        </case>
        <case>
          <duration>0.003</duration>
          <className>edu.ncsu.csc.itrust.unit.bean.ZipCodeLoaderTest</className>
          <testName>testLoadSingle</testName>
          <skipped>false</skipped>
          <failedSince>0</failedSince>
        </case>
      </cases>
    </suite>
    <suite>
      <file>/var/lib/jenkins/workspace/itrust-main/iTrust-v23/iTrust/target/surefire-reports/TEST-edu.ncsu.csc.itrust.unit.enums.BloodTypeTest.xml</file>
      <name>edu.ncsu.csc.itrust.unit.enums.BloodTypeTest</name>
      <duration>0.006</duration>
      <time>0.006</time>
      <cases>
        <case>
          <duration>0.002</duration>
          <className>edu.ncsu.csc.itrust.unit.enums.BloodTypeTest</className>
          <testName>testParse</testName>
          <skipped>false</skipped>
          <failedSince>0</failedSince>
        </case>
      </cases>
    </suite>
    <suite>
      <file>/var/lib/jenkins/workspace/itrust-main/iTrust-v23/iTrust/target/surefire-reports/TEST-edu.ncsu.csc.itrust.unit.enums.EthnicityTest.xml</file>
      <name>edu.ncsu.csc.itrust.unit.enums.EthnicityTest</name>
      <duration>0.022</duration>
      <time>0.022</time>
      <cases>
        <case>
          <duration>0.022</duration>
          <className>edu.ncsu.csc.itrust.unit.enums.EthnicityTest</className>
          <testName>testParse</testName>
          <skipped>false</skipped>
          <errorStackTrace>junit.framework.AssertionFailedError: expected:&lt;naisacuaC&gt; but was:&lt;Not Specified&gt;
	at edu.ncsu.csc.itrust.unit.enums.EthnicityTest.testParse(EthnicityTest.java:8)
</errorStackTrace>
          <errorDetails>expected:&lt;naisacuaC&gt; but was:&lt;Not Specified&gt;</errorDetails>
          <failedSince>66</failedSince>
        </case>
      </cases>
    </suite>
    <suite>
      <file>/var/lib/jenkins/workspace/itrust-main/iTrust-v23/iTrust/target/surefire-reports/TEST-edu.ncsu.csc.itrust.unit.enums.StateTest.xml</file>
      <name>edu.ncsu.csc.itrust.unit.enums.StateTest</name>
      <duration>0.006</duration>
      <time>0.006</time>
      <cases>
        <case>
          <duration>0.0</duration>
          <className>edu.ncsu.csc.itrust.unit.enums.StateTest</className>
          <testName>testParse</testName>
          <skipped>false</skipped>
          <failedSince>0</failedSince>
        </case>
      </cases>
    </suite>
    <suite>
      <file>/var/lib/jenkins/workspace/itrust-main/iTrust-v23/iTrust/target/surefire-reports/TEST-edu.ncsu.csc.itrust.unit.enums.TransactionTypeTest.xml</file>
      <name>edu.ncsu.csc.itrust.unit.enums.TransactionTypeTest</name>
      <duration>0.005</duration>
      <time>0.005</time>
      <cases>
        <case>
          <duration>0.0</duration>
          <className>edu.ncsu.csc.itrust.unit.enums.TransactionTypeTest</className>
          <testName>testBadParse</testName>
          <skipped>false</skipped>
          <failedSince>0</failedSince>
        </case>
        <case>
          <duration>0.001</duration>
          <className>edu.ncsu.csc.itrust.unit.enums.TransactionTypeTest</className>
          <testName>testParse</testName>
          <skipped>false</skipped>
          <failedSince>0</failedSince>
        </case>
      </cases>
    </suite>
  </suites>
  <duration>37.572994</duration>
  <keepLongStdio>false</keepLongStdio>
</result>