<?xml version='1.0' encoding='UTF-8'?>
<result plugin="junit@1.21">
  <suites>
    <suite>
      <file>/var/lib/jenkins/workspace/itrust-main/iTrust-v23/iTrust/target/surefire-reports/TEST-edu.ncsu.csc.itrust.logger.TransactionLoggerTest.xml</file>
      <name>edu.ncsu.csc.itrust.logger.TransactionLoggerTest</name>
      <duration>0.025</duration>
      <time>0.025</time>
      <cases>
        <case>
          <duration>0.015</duration>
          <className>edu.ncsu.csc.itrust.logger.TransactionLoggerTest</className>
          <testName>testLogTransaction</testName>
          <skipped>false</skipped>
          <errorStackTrace>java.lang.NullPointerException
	at edu.ncsu.csc.itrust.logger.TransactionLoggerTest.testLogTransaction(TransactionLoggerTest.java:33)
</errorStackTrace>
          <failedSince>12</failedSince>
        </case>
        <case>
          <duration>0.001</duration>
          <className>edu.ncsu.csc.itrust.logger.TransactionLoggerTest</className>
          <testName>testGetInstance</testName>
          <skipped>false</skipped>
          <failedSince>0</failedSince>
        </case>
      </cases>
    </suite>
    <suite>
      <file>/var/lib/jenkins/workspace/itrust-main/iTrust-v23/iTrust/target/surefire-reports/TEST-edu.ncsu.csc.itrust.unit.BeanBuilderTest.xml</file>
      <name>edu.ncsu.csc.itrust.unit.BeanBuilderTest</name>
      <duration>0.016</duration>
      <time>0.016</time>
      <cases>
        <case>
          <duration>0.002</duration>
          <className>edu.ncsu.csc.itrust.unit.BeanBuilderTest</className>
          <testName>testEmptyPatientDateOfBirth</testName>
          <skipped>false</skipped>
          <errorStackTrace>java.lang.IllegalArgumentException: edu.ncsu.csc.itrust.model.old.beans.PatientBean should not have any overloaded methods, like equals
	at edu.ncsu.csc.itrust.unit.BeanBuilderTest.testEmptyPatientDateOfBirth(BeanBuilderTest.java:15)
</errorStackTrace>
          <errorDetails>edu.ncsu.csc.itrust.model.old.beans.PatientBean should not have any overloaded methods, like equals</errorDetails>
          <failedSince>12</failedSince>
        </case>
        <case>
          <duration>0.001</duration>
          <className>edu.ncsu.csc.itrust.unit.BeanBuilderTest</className>
          <testName>testOkayBean1</testName>
          <skipped>false</skipped>
          <failedSince>0</failedSince>
        </case>
        <case>
          <duration>0.001</duration>
          <className>edu.ncsu.csc.itrust.unit.BeanBuilderTest</className>
          <testName>testNotOverloaded</testName>
          <skipped>false</skipped>
          <errorStackTrace>junit.framework.ComparisonFailure: expected:&lt;...oaded methods, like [setThing]&gt; but was:&lt;...oaded methods, like [$jacocoInit]&gt;
	at edu.ncsu.csc.itrust.unit.BeanBuilderTest.testNotOverloaded(BeanBuilderTest.java:42)
</errorStackTrace>
          <errorDetails>expected:&lt;...oaded methods, like [setThing]&gt; but was:&lt;...oaded methods, like [$jacocoInit]&gt;</errorDetails>
          <failedSince>12</failedSince>
        </case>
        <case>
          <duration>0.0</duration>
          <className>edu.ncsu.csc.itrust.unit.BeanBuilderTest</className>
          <testName>testEqualsOkayToBeOverloaded</testName>
          <skipped>false</skipped>
          <errorStackTrace>java.lang.IllegalArgumentException: edu.ncsu.csc.itrust.unit.testutils.OkayBean should not have any overloaded methods, like equals
	at edu.ncsu.csc.itrust.unit.BeanBuilderTest.testEqualsOkayToBeOverloaded(BeanBuilderTest.java:58)
</errorStackTrace>
          <errorDetails>edu.ncsu.csc.itrust.unit.testutils.OkayBean should not have any overloaded methods, like equals</errorDetails>
          <failedSince>12</failedSince>
        </case>
        <case>
          <duration>0.001</duration>
          <className>edu.ncsu.csc.itrust.unit.BeanBuilderTest</className>
          <testName>testOverloadedConstructor</testName>
          <skipped>false</skipped>
          <errorStackTrace>java.lang.IllegalArgumentException: edu.ncsu.csc.itrust.model.old.beans.HospitalBean should not have any overloaded methods, like equals
	at edu.ncsu.csc.itrust.unit.BeanBuilderTest.testOverloadedConstructor(BeanBuilderTest.java:51)
</errorStackTrace>
          <errorDetails>edu.ncsu.csc.itrust.model.old.beans.HospitalBean should not have any overloaded methods, like equals</errorDetails>
          <failedSince>12</failedSince>
        </case>
        <case>
          <duration>0.0</duration>
          <className>edu.ncsu.csc.itrust.unit.BeanBuilderTest</className>
          <testName>testPartialPatient</testName>
          <skipped>false</skipped>
          <errorStackTrace>java.lang.IllegalArgumentException: edu.ncsu.csc.itrust.model.old.beans.PatientBean should not have any overloaded methods, like equals
	at edu.ncsu.csc.itrust.unit.BeanBuilderTest.testPartialPatient(BeanBuilderTest.java:28)
</errorStackTrace>
          <errorDetails>edu.ncsu.csc.itrust.model.old.beans.PatientBean should not have any overloaded methods, like equals</errorDetails>
          <failedSince>12</failedSince>
        </case>
      </cases>
    </suite>
    <suite>
      <file>/var/lib/jenkins/workspace/itrust-main/iTrust-v23/iTrust/target/surefire-reports/TEST-edu.ncsu.csc.itrust.unit.EmailUtilTest.xml</file>
      <name>edu.ncsu.csc.itrust.unit.EmailUtilTest</name>
      <duration>0.003</duration>
      <time>0.003</time>
      <cases>
        <case>
          <duration>0.003</duration>
          <className>edu.ncsu.csc.itrust.unit.EmailUtilTest</className>
          <testName>testSendEmail</testName>
          <skipped>false</skipped>
          <failedSince>0</failedSince>
        </case>
      </cases>
    </suite>
    <suite>
      <file>/var/lib/jenkins/workspace/itrust-main/iTrust-v23/iTrust/target/surefire-reports/TEST-edu.ncsu.csc.itrust.unit.ErrorListTest.xml</file>
      <name>edu.ncsu.csc.itrust.unit.ErrorListTest</name>
      <duration>0.002</duration>
      <time>0.002</time>
      <cases>
        <case>
          <duration>0.001</duration>
          <className>edu.ncsu.csc.itrust.unit.ErrorListTest</className>
          <testName>testToString</testName>
          <skipped>false</skipped>
          <failedSince>0</failedSince>
        </case>
      </cases>
    </suite>
    <suite>
      <file>/var/lib/jenkins/workspace/itrust-main/iTrust-v23/iTrust/target/surefire-reports/TEST-edu.ncsu.csc.itrust.unit.action.AddApptActionTest.xml</file>
      <name>edu.ncsu.csc.itrust.unit.action.AddApptActionTest</name>
      <duration>1.419</duration>
      <time>1.419</time>
      <cases>
        <case>
          <duration>0.29</duration>
          <className>edu.ncsu.csc.itrust.unit.action.AddApptActionTest</className>
          <testName>testGetName2</testName>
          <skipped>false</skipped>
          <failedSince>0</failedSince>
        </case>
        <case>
          <duration>0.164</duration>
          <className>edu.ncsu.csc.itrust.unit.action.AddApptActionTest</className>
          <testName>testAddAppt</testName>
          <skipped>false</skipped>
          <errorStackTrace>java.lang.NullPointerException
	at edu.ncsu.csc.itrust.unit.action.AddApptActionTest.testAddAppt(AddApptActionTest.java:45)
</errorStackTrace>
          <failedSince>1</failedSince>
        </case>
        <case>
          <duration>0.231</duration>
          <className>edu.ncsu.csc.itrust.unit.action.AddApptActionTest</className>
          <testName>testAddAppt2</testName>
          <skipped>false</skipped>
          <failedSince>0</failedSince>
        </case>
        <case>
          <duration>0.244</duration>
          <className>edu.ncsu.csc.itrust.unit.action.AddApptActionTest</className>
          <testName>testGetName</testName>
          <skipped>false</skipped>
          <errorStackTrace>edu.ncsu.csc.itrust.exception.DBException: A database exception has occurred. Please see the log in the console for stacktrace
	at edu.ncsu.csc.itrust.unit.action.AddApptActionTest.testGetName(AddApptActionTest.java:61)
</errorStackTrace>
          <errorDetails>A database exception has occurred. Please see the log in the console for stacktrace</errorDetails>
          <failedSince>1</failedSince>
        </case>
        <case>
          <duration>0.285</duration>
          <className>edu.ncsu.csc.itrust.unit.action.AddApptActionTest</className>
          <testName>testAddConflicts</testName>
          <skipped>false</skipped>
          <errorStackTrace>java.lang.NullPointerException
	at edu.ncsu.csc.itrust.unit.action.AddApptActionTest.testAddConflicts(AddApptActionTest.java:88)
</errorStackTrace>
          <failedSince>1</failedSince>
        </case>
        <case>
          <duration>0.204</duration>
          <className>edu.ncsu.csc.itrust.unit.action.AddApptActionTest</className>
          <testName>testGetConflicts</testName>
          <skipped>false</skipped>
          <errorStackTrace>java.lang.NullPointerException
	at edu.ncsu.csc.itrust.unit.action.AddApptActionTest.testGetConflicts(AddApptActionTest.java:115)
</errorStackTrace>
          <failedSince>1</failedSince>
        </case>
      </cases>
    </suite>
    <suite>
      <file>/var/lib/jenkins/workspace/itrust-main/iTrust-v23/iTrust/target/surefire-reports/TEST-edu.ncsu.csc.itrust.unit.action.AddDrugListActionTest.xml</file>
      <name>edu.ncsu.csc.itrust.unit.action.AddDrugListActionTest</name>
      <duration>0.186</duration>
      <time>0.186</time>
      <cases>
        <case>
          <duration>0.092</duration>
          <className>edu.ncsu.csc.itrust.unit.action.AddDrugListActionTest</className>
          <testName>testLoadFile</testName>
          <skipped>false</skipped>
          <failedSince>0</failedSince>
        </case>
        <case>
          <duration>0.092</duration>
          <className>edu.ncsu.csc.itrust.unit.action.AddDrugListActionTest</className>
          <testName>testRenameDrugs</testName>
          <skipped>false</skipped>
          <failedSince>0</failedSince>
        </case>
      </cases>
    </suite>
    <suite>
      <file>/var/lib/jenkins/workspace/itrust-main/iTrust-v23/iTrust/target/surefire-reports/TEST-edu.ncsu.csc.itrust.unit.action.AddERespActionTest.xml</file>
      <name>edu.ncsu.csc.itrust.unit.action.AddERespActionTest</name>
      <duration>0.346</duration>
      <time>0.346</time>
      <cases>
        <case>
          <duration>0.344</duration>
          <className>edu.ncsu.csc.itrust.unit.action.AddERespActionTest</className>
          <testName>testAddER</testName>
          <skipped>false</skipped>
          <errorStackTrace>java.lang.NullPointerException
	at edu.ncsu.csc.itrust.unit.action.AddERespActionTest.testAddER(AddERespActionTest.java:44)
</errorStackTrace>
          <failedSince>12</failedSince>
        </case>
      </cases>
    </suite>
    <suite>
      <file>/var/lib/jenkins/workspace/itrust-main/iTrust-v23/iTrust/target/surefire-reports/TEST-edu.ncsu.csc.itrust.unit.action.AddLTActionTest.xml</file>
      <name>edu.ncsu.csc.itrust.unit.action.AddLTActionTest</name>
      <duration>0.346</duration>
      <time>0.346</time>
      <cases>
        <case>
          <duration>0.346</duration>
          <className>edu.ncsu.csc.itrust.unit.action.AddLTActionTest</className>
          <testName>testAddLT</testName>
          <skipped>false</skipped>
          <errorStackTrace>java.lang.AssertionError: hashCode not designed
	at edu.ncsu.csc.itrust.unit.action.AddLTActionTest.testAddLT(AddLTActionTest.java:60)
</errorStackTrace>
          <errorDetails>hashCode not designed</errorDetails>
          <failedSince>1</failedSince>
        </case>
      </cases>
    </suite>
    <suite>
      <file>/var/lib/jenkins/workspace/itrust-main/iTrust-v23/iTrust/target/surefire-reports/TEST-edu.ncsu.csc.itrust.unit.action.AddPatientFileActionTest.xml</file>
      <name>edu.ncsu.csc.itrust.unit.action.AddPatientFileActionTest</name>
      <duration>0.01</duration>
      <time>0.01</time>
      <cases>
        <case>
          <duration>0.0</duration>
          <className>edu.ncsu.csc.itrust.unit.action.AddPatientFileActionTest</className>
          <testName>testInvalidData</testName>
          <skipped>false</skipped>
          <errorStackTrace>java.lang.NullPointerException
	at edu.ncsu.csc.itrust.unit.action.AddPatientFileActionTest.testInvalidData(AddPatientFileActionTest.java:54)
</errorStackTrace>
          <failedSince>1</failedSince>
        </case>
        <case>
          <duration>0.0</duration>
          <className>edu.ncsu.csc.itrust.unit.action.AddPatientFileActionTest</className>
          <testName>testDuplicateField</testName>
          <skipped>false</skipped>
          <errorStackTrace>java.lang.NullPointerException
	at edu.ncsu.csc.itrust.unit.action.AddPatientFileActionTest.testDuplicateField(AddPatientFileActionTest.java:71)
</errorStackTrace>
          <failedSince>1</failedSince>
        </case>
        <case>
          <duration>0.0</duration>
          <className>edu.ncsu.csc.itrust.unit.action.AddPatientFileActionTest</className>
          <testName>testRequiredFieldMissing</testName>
          <skipped>false</skipped>
          <errorStackTrace>java.lang.NullPointerException
	at edu.ncsu.csc.itrust.unit.action.AddPatientFileActionTest.testRequiredFieldMissing(AddPatientFileActionTest.java:114)
</errorStackTrace>
          <failedSince>12</failedSince>
        </case>
        <case>
          <duration>0.0</duration>
          <className>edu.ncsu.csc.itrust.unit.action.AddPatientFileActionTest</className>
          <testName>testValidData</testName>
          <skipped>false</skipped>
          <errorStackTrace>java.lang.NullPointerException
	at edu.ncsu.csc.itrust.unit.action.AddPatientFileActionTest.testValidData(AddPatientFileActionTest.java:38)
</errorStackTrace>
          <failedSince>1</failedSince>
        </case>
        <case>
          <duration>0.0</duration>
          <className>edu.ncsu.csc.itrust.unit.action.AddPatientFileActionTest</className>
          <testName>testInvalidHeader</testName>
          <skipped>false</skipped>
          <errorStackTrace>java.lang.NullPointerException
	at edu.ncsu.csc.itrust.unit.action.AddPatientFileActionTest.testInvalidHeader(AddPatientFileActionTest.java:93)
</errorStackTrace>
          <failedSince>12</failedSince>
        </case>
      </cases>
    </suite>
    <suite>
      <file>/var/lib/jenkins/workspace/itrust-main/iTrust-v23/iTrust/target/surefire-reports/TEST-edu.ncsu.csc.itrust.unit.action.AddRemoteMonitoringDataActionTest.xml</file>
      <name>edu.ncsu.csc.itrust.unit.action.AddRemoteMonitoringDataActionTest</name>
      <duration>0.881</duration>
      <time>0.881</time>
      <cases>
        <case>
          <duration>0.059</duration>
          <className>edu.ncsu.csc.itrust.unit.action.AddRemoteMonitoringDataActionTest</className>
          <testName>testAddBadRemoteMonitoringGlucoseLevelData</testName>
          <skipped>false</skipped>
          <errorStackTrace>edu.ncsu.csc.itrust.exception.FormValidationException: This form has not been validated correctly. The following field are not properly filled in: [Diastolic Blood Pressure: Must be between 40 and 150]
	at edu.ncsu.csc.itrust.unit.action.AddRemoteMonitoringDataActionTest.testAddBadRemoteMonitoringGlucoseLevelData(AddRemoteMonitoringDataActionTest.java:342)
</errorStackTrace>
          <errorDetails>This form has not been validated correctly. The following field are not properly filled in: [Diastolic Blood Pressure: Must be between 40 and 150]</errorDetails>
          <failedSince>1</failedSince>
        </case>
        <case>
          <duration>0.062</duration>
          <className>edu.ncsu.csc.itrust.unit.action.AddRemoteMonitoringDataActionTest</className>
          <testName>testAddRemoteMonitoringDataGlucoseOnly</testName>
          <skipped>false</skipped>
          <errorStackTrace>junit.framework.AssertionFailedError
	at edu.ncsu.csc.itrust.unit.action.AddRemoteMonitoringDataActionTest.testAddRemoteMonitoringDataGlucoseOnly(AddRemoteMonitoringDataActionTest.java:77)
</errorStackTrace>
          <failedSince>1</failedSince>
        </case>
        <case>
          <duration>0.055</duration>
          <className>edu.ncsu.csc.itrust.unit.action.AddRemoteMonitoringDataActionTest</className>
          <testName>testAddRemoteMonitoringData</testName>
          <skipped>false</skipped>
          <errorStackTrace>edu.ncsu.csc.itrust.exception.DBException: A database exception has occurred. Please see the log in the console for stacktrace
	at edu.ncsu.csc.itrust.unit.action.AddRemoteMonitoringDataActionTest.testAddRemoteMonitoringData(AddRemoteMonitoringDataActionTest.java:39)
</errorStackTrace>
          <errorDetails>A database exception has occurred. Please see the log in the console for stacktrace</errorDetails>
          <failedSince>1</failedSince>
        </case>
        <case>
          <duration>0.058</duration>
          <className>edu.ncsu.csc.itrust.unit.action.AddRemoteMonitoringDataActionTest</className>
          <testName>testAddRemoteMonitoringExternalDataOnly</testName>
          <skipped>false</skipped>
          <errorStackTrace>junit.framework.AssertionFailedError
	at edu.ncsu.csc.itrust.unit.action.AddRemoteMonitoringDataActionTest.testAddRemoteMonitoringExternalDataOnly(AddRemoteMonitoringDataActionTest.java:178)
</errorStackTrace>
          <failedSince>1</failedSince>
        </case>
        <case>
          <duration>0.057</duration>
          <className>edu.ncsu.csc.itrust.unit.action.AddRemoteMonitoringDataActionTest</className>
          <testName>testAddBadRemoteMonitoringPedometerReadingData</testName>
          <skipped>false</skipped>
          <errorStackTrace>edu.ncsu.csc.itrust.exception.FormValidationException: This form has not been validated correctly. The following field are not properly filled in: [Diastolic Blood Pressure: Must be between 40 and 150]
	at edu.ncsu.csc.itrust.unit.action.AddRemoteMonitoringDataActionTest.testAddBadRemoteMonitoringPedometerReadingData(AddRemoteMonitoringDataActionTest.java:307)
</errorStackTrace>
          <errorDetails>This form has not been validated correctly. The following field are not properly filled in: [Diastolic Blood Pressure: Must be between 40 and 150]</errorDetails>
          <failedSince>1</failedSince>
        </case>
        <case>
          <duration>0.049</duration>
          <className>edu.ncsu.csc.itrust.unit.action.AddRemoteMonitoringDataActionTest</className>
          <testName>testAddRemoteMonitoringHeightWeightDataOnly</testName>
          <skipped>false</skipped>
          <errorStackTrace>junit.framework.AssertionFailedError
	at edu.ncsu.csc.itrust.unit.action.AddRemoteMonitoringDataActionTest.testAddRemoteMonitoringHeightWeightDataOnly(AddRemoteMonitoringDataActionTest.java:194)
</errorStackTrace>
          <failedSince>1</failedSince>
        </case>
        <case>
          <duration>0.057</duration>
          <className>edu.ncsu.csc.itrust.unit.action.AddRemoteMonitoringDataActionTest</className>
          <testName>testAddRemoteMonitoringDataBloodPressureOnly</testName>
          <skipped>false</skipped>
          <errorStackTrace>edu.ncsu.csc.itrust.exception.DBException: A database exception has occurred. Please see the log in the console for stacktrace
	at edu.ncsu.csc.itrust.unit.action.AddRemoteMonitoringDataActionTest.testAddRemoteMonitoringDataBloodPressureOnly(AddRemoteMonitoringDataActionTest.java:110)
</errorStackTrace>
          <errorDetails>A database exception has occurred. Please see the log in the console for stacktrace</errorDetails>
          <failedSince>1</failedSince>
        </case>
        <case>
          <duration>0.053</duration>
          <className>edu.ncsu.csc.itrust.unit.action.AddRemoteMonitoringDataActionTest</className>
          <testName>testAddRemoteMonitoringDataGlucoseOnlyUAP</testName>
          <skipped>false</skipped>
          <errorStackTrace>junit.framework.AssertionFailedError
	at edu.ncsu.csc.itrust.unit.action.AddRemoteMonitoringDataActionTest.testAddRemoteMonitoringDataGlucoseOnlyUAP(AddRemoteMonitoringDataActionTest.java:96)
</errorStackTrace>
          <failedSince>1</failedSince>
        </case>
        <case>
          <duration>0.05</duration>
          <className>edu.ncsu.csc.itrust.unit.action.AddRemoteMonitoringDataActionTest</className>
          <testName>testAddRemoteMonitoringDataBloodPressureOnlyUAP</testName>
          <skipped>false</skipped>
          <errorStackTrace>java.lang.IllegalArgumentException: Role uap does not exist
	at edu.ncsu.csc.itrust.unit.action.AddRemoteMonitoringDataActionTest.testAddRemoteMonitoringDataBloodPressureOnlyUAP(AddRemoteMonitoringDataActionTest.java:130)
</errorStackTrace>
          <errorDetails>Role uap does not exist</errorDetails>
          <failedSince>1</failedSince>
        </case>
        <case>
          <duration>0.051</duration>
          <className>edu.ncsu.csc.itrust.unit.action.AddRemoteMonitoringDataActionTest</className>
          <testName>testAddRemoteMonitoringDataUAP</testName>
          <skipped>false</skipped>
          <errorStackTrace>java.lang.IllegalArgumentException: Role uap does not exist
	at edu.ncsu.csc.itrust.unit.action.AddRemoteMonitoringDataActionTest.testAddRemoteMonitoringDataUAP(AddRemoteMonitoringDataActionTest.java:60)
</errorStackTrace>
          <errorDetails>Role uap does not exist</errorDetails>
          <failedSince>1</failedSince>
        </case>
        <case>
          <duration>0.065</duration>
          <className>edu.ncsu.csc.itrust.unit.action.AddRemoteMonitoringDataActionTest</className>
          <testName>testAddRemoteMonitoringPedometerReadingDataOnly</testName>
          <skipped>false</skipped>
          <errorStackTrace>junit.framework.AssertionFailedError
	at edu.ncsu.csc.itrust.unit.action.AddRemoteMonitoringDataActionTest.testAddRemoteMonitoringPedometerReadingDataOnly(AddRemoteMonitoringDataActionTest.java:162)
</errorStackTrace>
          <failedSince>1</failedSince>
        </case>
        <case>
          <duration>0.065</duration>
          <className>edu.ncsu.csc.itrust.unit.action.AddRemoteMonitoringDataActionTest</className>
          <testName>testRepresentativeReportStatus</testName>
          <skipped>false</skipped>
          <errorStackTrace>edu.ncsu.csc.itrust.exception.FormValidationException: This form has not been validated correctly. The following field are not properly filled in: [Diastolic Blood Pressure: Must be between 40 and 150]
	at edu.ncsu.csc.itrust.unit.action.AddRemoteMonitoringDataActionTest.testRepresentativeReportStatus(AddRemoteMonitoringDataActionTest.java:325)
</errorStackTrace>
          <errorDetails>This form has not been validated correctly. The following field are not properly filled in: [Diastolic Blood Pressure: Must be between 40 and 150]</errorDetails>
          <failedSince>1</failedSince>
        </case>
        <case>
          <duration>0.07</duration>
          <className>edu.ncsu.csc.itrust.unit.action.AddRemoteMonitoringDataActionTest</className>
          <testName>testAddBadRemoteMonitoringData</testName>
          <skipped>false</skipped>
          <errorStackTrace>edu.ncsu.csc.itrust.exception.DBException: A database exception has occurred. Please see the log in the console for stacktrace
	at edu.ncsu.csc.itrust.unit.action.AddRemoteMonitoringDataActionTest.testAddBadRemoteMonitoringData(AddRemoteMonitoringDataActionTest.java:208)
</errorStackTrace>
          <errorDetails>A database exception has occurred. Please see the log in the console for stacktrace</errorDetails>
          <failedSince>1</failedSince>
        </case>
        <case>
          <duration>0.064</duration>
          <className>edu.ncsu.csc.itrust.unit.action.AddRemoteMonitoringDataActionTest</className>
          <testName>testAddRemoteMonitoringWeightDataOnly</testName>
          <skipped>false</skipped>
          <errorStackTrace>junit.framework.AssertionFailedError
	at edu.ncsu.csc.itrust.unit.action.AddRemoteMonitoringDataActionTest.testAddRemoteMonitoringWeightDataOnly(AddRemoteMonitoringDataActionTest.java:147)
</errorStackTrace>
          <failedSince>1</failedSince>
        </case>
        <case>
          <duration>0.062</duration>
          <className>edu.ncsu.csc.itrust.unit.action.AddRemoteMonitoringDataActionTest</className>
          <testName>testAddBadRemoteMonitoringWeightData</testName>
          <skipped>false</skipped>
          <errorStackTrace>edu.ncsu.csc.itrust.exception.FormValidationException: This form has not been validated correctly. The following field are not properly filled in: [Diastolic Blood Pressure: Must be between 40 and 150]
	at edu.ncsu.csc.itrust.unit.action.AddRemoteMonitoringDataActionTest.testAddBadRemoteMonitoringWeightData(AddRemoteMonitoringDataActionTest.java:290)
</errorStackTrace>
          <errorDetails>This form has not been validated correctly. The following field are not properly filled in: [Diastolic Blood Pressure: Must be between 40 and 150]</errorDetails>
          <failedSince>1</failedSince>
        </case>
      </cases>
    </suite>
    <suite>
      <file>/var/lib/jenkins/workspace/itrust-main/iTrust-v23/iTrust/target/surefire-reports/TEST-edu.ncsu.csc.itrust.unit.action.ApptBeanTest.xml</file>
      <name>edu.ncsu.csc.itrust.unit.action.ApptBeanTest</name>
      <duration>0.001</duration>
      <time>0.001</time>
      <cases>
        <case>
          <duration>0.0</duration>
          <className>edu.ncsu.csc.itrust.unit.action.ApptBeanTest</className>
          <testName>testApptEquals</testName>
          <skipped>false</skipped>
          <errorStackTrace>junit.framework.AssertionFailedError
	at edu.ncsu.csc.itrust.unit.action.ApptBeanTest.testApptEquals(ApptBeanTest.java:15)
</errorStackTrace>
          <failedSince>1</failedSince>
        </case>
      </cases>
    </suite>
    <suite>
      <file>/var/lib/jenkins/workspace/itrust-main/iTrust-v23/iTrust/target/surefire-reports/TEST-edu.ncsu.csc.itrust.unit.action.ChangePasswordActionTest.xml</file>
      <name>edu.ncsu.csc.itrust.unit.action.ChangePasswordActionTest</name>
      <duration>0.209</duration>
      <time>0.209</time>
      <cases>
        <case>
          <duration>0.208</duration>
          <className>edu.ncsu.csc.itrust.unit.action.ChangePasswordActionTest</className>
          <testName>testChangePassword</testName>
          <skipped>false</skipped>
          <errorStackTrace>java.lang.NullPointerException
	at edu.ncsu.csc.itrust.unit.action.ChangePasswordActionTest.testChangePassword(ChangePasswordActionTest.java:24)
</errorStackTrace>
          <failedSince>12</failedSince>
        </case>
      </cases>
    </suite>
    <suite>
      <file>/var/lib/jenkins/workspace/itrust-main/iTrust-v23/iTrust/target/surefire-reports/TEST-edu.ncsu.csc.itrust.unit.action.DeclareHCPActionExceptionTest.xml</file>
      <name>edu.ncsu.csc.itrust.unit.action.DeclareHCPActionExceptionTest</name>
      <duration>0.006</duration>
      <time>0.006</time>
      <cases>
        <case>
          <duration>0.001</duration>
          <className>edu.ncsu.csc.itrust.unit.action.DeclareHCPActionExceptionTest</className>
          <testName>testDeclareMalformed</testName>
          <skipped>false</skipped>
          <failedSince>0</failedSince>
        </case>
        <case>
          <duration>0.001</duration>
          <className>edu.ncsu.csc.itrust.unit.action.DeclareHCPActionExceptionTest</className>
          <testName>testUnDeclareMalformed</testName>
          <skipped>false</skipped>
          <failedSince>0</failedSince>
        </case>
      </cases>
    </suite>
    <suite>
      <file>/var/lib/jenkins/workspace/itrust-main/iTrust-v23/iTrust/target/surefire-reports/TEST-edu.ncsu.csc.itrust.unit.action.DrugInteractionActionTest.xml</file>
      <name>edu.ncsu.csc.itrust.unit.action.DrugInteractionActionTest</name>
      <duration>0.558</duration>
      <time>0.558</time>
      <cases>
        <case>
          <duration>0.057</duration>
          <className>edu.ncsu.csc.itrust.unit.action.DrugInteractionActionTest</className>
          <testName>testGetInteractions</testName>
          <skipped>false</skipped>
          <failedSince>0</failedSince>
        </case>
        <case>
          <duration>0.051</duration>
          <className>edu.ncsu.csc.itrust.unit.action.DrugInteractionActionTest</className>
          <testName>testDeleteInteraction</testName>
          <skipped>false</skipped>
          <failedSince>0</failedSince>
        </case>
        <case>
          <duration>0.208</duration>
          <className>edu.ncsu.csc.itrust.unit.action.DrugInteractionActionTest</className>
          <testName>testGetInteractions2</testName>
          <skipped>false</skipped>
          <failedSince>0</failedSince>
        </case>
        <case>
          <duration>0.065</duration>
          <className>edu.ncsu.csc.itrust.unit.action.DrugInteractionActionTest</className>
          <testName>testReportInteraction</testName>
          <skipped>false</skipped>
          <failedSince>0</failedSince>
        </case>
        <case>
          <duration>0.056</duration>
          <className>edu.ncsu.csc.itrust.unit.action.DrugInteractionActionTest</className>
          <testName>testReportAlreadyAdded</testName>
          <skipped>false</skipped>
          <failedSince>0</failedSince>
        </case>
        <case>
          <duration>0.06</duration>
          <className>edu.ncsu.csc.itrust.unit.action.DrugInteractionActionTest</className>
          <testName>testEvilDAOFactory</testName>
          <skipped>false</skipped>
          <failedSince>0</failedSince>
        </case>
        <case>
          <duration>0.061</duration>
          <className>edu.ncsu.csc.itrust.unit.action.DrugInteractionActionTest</className>
          <testName>testReportSameDrugsInteraction</testName>
          <skipped>false</skipped>
          <failedSince>0</failedSince>
        </case>
      </cases>
    </suite>
    <suite>
      <file>/var/lib/jenkins/workspace/itrust-main/iTrust-v23/iTrust/target/surefire-reports/TEST-edu.ncsu.csc.itrust.unit.action.EditApptActionTest.xml</file>
      <name>edu.ncsu.csc.itrust.unit.action.EditApptActionTest</name>
      <duration>0.41</duration>
      <time>0.41</time>
      <cases>
        <case>
          <duration>0.072</duration>
          <className>edu.ncsu.csc.itrust.unit.action.EditApptActionTest</className>
          <testName>testEditAppt</testName>
          <skipped>false</skipped>
          <errorStackTrace>java.lang.NullPointerException
	at edu.ncsu.csc.itrust.unit.action.EditApptActionTest.setUp(EditApptActionTest.java:43)
</errorStackTrace>
          <failedSince>12</failedSince>
        </case>
        <case>
          <duration>0.081</duration>
          <className>edu.ncsu.csc.itrust.unit.action.EditApptActionTest</className>
          <testName>testEditApptConflict</testName>
          <skipped>false</skipped>
          <errorStackTrace>java.lang.NullPointerException
	at edu.ncsu.csc.itrust.unit.action.EditApptActionTest.setUp(EditApptActionTest.java:43)
</errorStackTrace>
          <failedSince>1</failedSince>
        </case>
        <case>
          <duration>0.069</duration>
          <className>edu.ncsu.csc.itrust.unit.action.EditApptActionTest</className>
          <testName>testGetAppt</testName>
          <skipped>false</skipped>
          <errorStackTrace>java.lang.NullPointerException
	at edu.ncsu.csc.itrust.unit.action.EditApptActionTest.setUp(EditApptActionTest.java:43)
</errorStackTrace>
          <failedSince>1</failedSince>
        </case>
        <case>
          <duration>0.051</duration>
          <className>edu.ncsu.csc.itrust.unit.action.EditApptActionTest</className>
          <testName>testGetName</testName>
          <skipped>false</skipped>
          <errorStackTrace>java.lang.NullPointerException
	at edu.ncsu.csc.itrust.unit.action.EditApptActionTest.setUp(EditApptActionTest.java:43)
</errorStackTrace>
          <failedSince>1</failedSince>
        </case>
        <case>
          <duration>0.065</duration>
          <className>edu.ncsu.csc.itrust.unit.action.EditApptActionTest</className>
          <testName>testEvilFactory</testName>
          <skipped>false</skipped>
          <errorStackTrace>java.lang.NullPointerException
	at edu.ncsu.csc.itrust.unit.action.EditApptActionTest.setUp(EditApptActionTest.java:43)
</errorStackTrace>
          <failedSince>1</failedSince>
        </case>
        <case>
          <duration>0.071</duration>
          <className>edu.ncsu.csc.itrust.unit.action.EditApptActionTest</className>
          <testName>testRemoveAppt</testName>
          <skipped>false</skipped>
          <errorStackTrace>java.lang.NullPointerException
	at edu.ncsu.csc.itrust.unit.action.EditApptActionTest.setUp(EditApptActionTest.java:43)
</errorStackTrace>
          <failedSince>12</failedSince>
        </case>
      </cases>
    </suite>
    <suite>
      <file>/var/lib/jenkins/workspace/itrust-main/iTrust-v23/iTrust/target/surefire-reports/TEST-edu.ncsu.csc.itrust.unit.action.EditMonitoringListActionTest.xml</file>
      <name>edu.ncsu.csc.itrust.unit.action.EditMonitoringListActionTest</name>
      <duration>0.114</duration>
      <time>0.114</time>
      <cases>
        <case>
          <duration>0.052</duration>
          <className>edu.ncsu.csc.itrust.unit.action.EditMonitoringListActionTest</className>
          <testName>testAddToRemoveFromList</testName>
          <skipped>false</skipped>
          <errorStackTrace>junit.framework.AssertionFailedError
	at edu.ncsu.csc.itrust.unit.action.EditMonitoringListActionTest.testAddToRemoveFromList(EditMonitoringListActionTest.java:26)
</errorStackTrace>
          <failedSince>12</failedSince>
        </case>
        <case>
          <duration>0.062</duration>
          <className>edu.ncsu.csc.itrust.unit.action.EditMonitoringListActionTest</className>
          <testName>testIsPatientInList</testName>
          <skipped>false</skipped>
          <errorStackTrace>junit.framework.AssertionFailedError
	at edu.ncsu.csc.itrust.unit.action.EditMonitoringListActionTest.testIsPatientInList(EditMonitoringListActionTest.java:33)
</errorStackTrace>
          <failedSince>1</failedSince>
        </case>
      </cases>
    </suite>
    <suite>
      <file>/var/lib/jenkins/workspace/itrust-main/iTrust-v23/iTrust/target/surefire-reports/TEST-edu.ncsu.csc.itrust.unit.action.EditPatientActionTest.xml</file>
      <name>edu.ncsu.csc.itrust.unit.action.EditPatientActionTest</name>
      <duration>0.727</duration>
      <time>0.727</time>
      <cases>
        <case>
          <duration>0.067</duration>
          <className>edu.ncsu.csc.itrust.unit.action.EditPatientActionTest</className>
          <testName>testWrongFormat</testName>
          <skipped>false</skipped>
          <failedSince>0</failedSince>
        </case>
        <case>
          <duration>0.065</duration>
          <className>edu.ncsu.csc.itrust.unit.action.EditPatientActionTest</className>
          <testName>testNull</testName>
          <skipped>false</skipped>
          <failedSince>0</failedSince>
        </case>
        <case>
          <duration>0.075</duration>
          <className>edu.ncsu.csc.itrust.unit.action.EditPatientActionTest</className>
          <testName>testEditRepresentatives</testName>
          <skipped>false</skipped>
          <errorStackTrace>edu.ncsu.csc.itrust.exception.FormValidationException: This form has not been validated correctly. The following field are not properly filled in: [Cause of Death cannot be specified without Date of Death!]
	at edu.ncsu.csc.itrust.unit.action.EditPatientActionTest.testEditRepresentatives(EditPatientActionTest.java:48)
</errorStackTrace>
          <errorDetails>This form has not been validated correctly. The following field are not properly filled in: [Cause of Death cannot be specified without Date of Death!]</errorDetails>
          <failedSince>1</failedSince>
        </case>
        <case>
          <duration>0.05</duration>
          <className>edu.ncsu.csc.itrust.unit.action.EditPatientActionTest</className>
          <testName>testIsDependent</testName>
          <skipped>false</skipped>
          <failedSince>0</failedSince>
        </case>
        <case>
          <duration>0.067</duration>
          <className>edu.ncsu.csc.itrust.unit.action.EditPatientActionTest</className>
          <testName>testNonExistent</testName>
          <skipped>false</skipped>
          <failedSince>0</failedSince>
        </case>
        <case>
          <duration>0.065</duration>
          <className>edu.ncsu.csc.itrust.unit.action.EditPatientActionTest</className>
          <testName>testGetPatientLogged</testName>
          <skipped>false</skipped>
          <failedSince>0</failedSince>
        </case>
        <case>
          <duration>0.07</duration>
          <className>edu.ncsu.csc.itrust.unit.action.EditPatientActionTest</className>
          <testName>testConstructNormal</testName>
          <skipped>false</skipped>
          <failedSince>0</failedSince>
        </case>
        <case>
          <duration>0.053</duration>
          <className>edu.ncsu.csc.itrust.unit.action.EditPatientActionTest</className>
          <testName>testSetDependent</testName>
          <skipped>false</skipped>
          <errorStackTrace>java.lang.NullPointerException
	at edu.ncsu.csc.itrust.unit.action.EditPatientActionTest.testSetDependent(EditPatientActionTest.java:157)
</errorStackTrace>
          <failedSince>1</failedSince>
        </case>
        <case>
          <duration>0.076</duration>
          <className>edu.ncsu.csc.itrust.unit.action.EditPatientActionTest</className>
          <testName>testInvalidDates</testName>
          <skipped>false</skipped>
          <failedSince>0</failedSince>
        </case>
        <case>
          <duration>0.088</duration>
          <className>edu.ncsu.csc.itrust.unit.action.EditPatientActionTest</className>
          <testName>testDeactivateActivate</testName>
          <skipped>false</skipped>
          <failedSince>0</failedSince>
        </case>
        <case>
          <duration>0.048</duration>
          <className>edu.ncsu.csc.itrust.unit.action.EditPatientActionTest</className>
          <testName>testEditCOD</testName>
          <skipped>false</skipped>
          <errorStackTrace>edu.ncsu.csc.itrust.exception.FormValidationException: This form has not been validated correctly. The following field are not properly filled in: [Cause of Death cannot be specified without Date of Death!]
	at edu.ncsu.csc.itrust.unit.action.EditPatientActionTest.testEditCOD(EditPatientActionTest.java:66)
</errorStackTrace>
          <errorDetails>This form has not been validated correctly. The following field are not properly filled in: [Cause of Death cannot be specified without Date of Death!]</errorDetails>
          <failedSince>1</failedSince>
        </case>
      </cases>
    </suite>
    <suite>
      <file>/var/lib/jenkins/workspace/itrust-main/iTrust-v23/iTrust/target/surefire-reports/TEST-edu.ncsu.csc.itrust.unit.action.EditRepresentativesActionTest.xml</file>
      <name>edu.ncsu.csc.itrust.unit.action.EditRepresentativesActionTest</name>
      <duration>0.811</duration>
      <time>0.811</time>
      <cases>
        <case>
          <duration>0.074</duration>
          <className>edu.ncsu.csc.itrust.unit.action.EditRepresentativesActionTest</className>
          <testName>testNotAPatient</testName>
          <skipped>false</skipped>
          <failedSince>0</failedSince>
        </case>
        <case>
          <duration>0.086</duration>
          <className>edu.ncsu.csc.itrust.unit.action.EditRepresentativesActionTest</className>
          <testName>testNonPatientAddRepresentative</testName>
          <skipped>false</skipped>
          <errorStackTrace>java.lang.IllegalArgumentException: Role hcp does not exist
	at edu.ncsu.csc.itrust.unit.action.EditRepresentativesActionTest.testNonPatientAddRepresentative(EditRepresentativesActionTest.java:102)
</errorStackTrace>
          <errorDetails>Role hcp does not exist</errorDetails>
          <failedSince>12</failedSince>
        </case>
        <case>
          <duration>0.062</duration>
          <className>edu.ncsu.csc.itrust.unit.action.EditRepresentativesActionTest</className>
          <testName>testGetRepresentatives</testName>
          <skipped>false</skipped>
          <failedSince>0</failedSince>
        </case>
        <case>
          <duration>0.09</duration>
          <className>edu.ncsu.csc.itrust.unit.action.EditRepresentativesActionTest</className>
          <testName>testCannotRepresentSelf</testName>
          <skipped>false</skipped>
          <failedSince>0</failedSince>
        </case>
        <case>
          <duration>0.094</duration>
          <className>edu.ncsu.csc.itrust.unit.action.EditRepresentativesActionTest</className>
          <testName>testCheckIfPatientIsActive</testName>
          <skipped>false</skipped>
          <failedSince>0</failedSince>
        </case>
        <case>
          <duration>0.08</duration>
          <className>edu.ncsu.csc.itrust.unit.action.EditRepresentativesActionTest</className>
          <testName>testGetRepresentativeName</testName>
          <skipped>false</skipped>
          <failedSince>0</failedSince>
        </case>
        <case>
          <duration>0.075</duration>
          <className>edu.ncsu.csc.itrust.unit.action.EditRepresentativesActionTest</className>
          <testName>testRemoveNothing</testName>
          <skipped>false</skipped>
          <failedSince>0</failedSince>
        </case>
        <case>
          <duration>0.087</duration>
          <className>edu.ncsu.csc.itrust.unit.action.EditRepresentativesActionTest</className>
          <testName>testAddRepresentee</testName>
          <skipped>false</skipped>
          <errorStackTrace>java.lang.NullPointerException
	at edu.ncsu.csc.itrust.unit.action.EditRepresentativesActionTest.testAddRepresentee(EditRepresentativesActionTest.java:38)
</errorStackTrace>
          <failedSince>1</failedSince>
        </case>
        <case>
          <duration>0.075</duration>
          <className>edu.ncsu.csc.itrust.unit.action.EditRepresentativesActionTest</className>
          <testName>testRemoveRepresentee</testName>
          <skipped>false</skipped>
          <errorStackTrace>java.lang.NullPointerException
	at edu.ncsu.csc.itrust.unit.action.EditRepresentativesActionTest.testRemoveRepresentee(EditRepresentativesActionTest.java:46)
</errorStackTrace>
          <failedSince>12</failedSince>
        </case>
        <case>
          <duration>0.08</duration>
          <className>edu.ncsu.csc.itrust.unit.action.EditRepresentativesActionTest</className>
          <testName>testAddNotNumber</testName>
          <skipped>false</skipped>
          <failedSince>0</failedSince>
        </case>
      </cases>
    </suite>
    <suite>
      <file>/var/lib/jenkins/workspace/itrust-main/iTrust-v23/iTrust/target/surefire-reports/TEST-edu.ncsu.csc.itrust.unit.action.EventLoggingActionTest.xml</file>
      <name>edu.ncsu.csc.itrust.unit.action.EventLoggingActionTest</name>
      <duration>0.061</duration>
      <time>0.061</time>
      <cases>
        <case>
          <duration>0.06</duration>
          <className>edu.ncsu.csc.itrust.unit.action.EventLoggingActionTest</className>
          <testName>testGetTransactions</testName>
          <skipped>false</skipped>
          <failedSince>0</failedSince>
        </case>
      </cases>
    </suite>
    <suite>
      <file>/var/lib/jenkins/workspace/itrust-main/iTrust-v23/iTrust/target/surefire-reports/TEST-edu.ncsu.csc.itrust.unit.action.GenerateCalendarActionTest.xml</file>
      <name>edu.ncsu.csc.itrust.unit.action.GenerateCalendarActionTest</name>
      <duration>0.692</duration>
      <time>0.692</time>
      <cases>
        <case>
          <duration>0.179</duration>
          <className>edu.ncsu.csc.itrust.unit.action.GenerateCalendarActionTest</className>
          <testName>testGetSend</testName>
          <skipped>false</skipped>
          <errorStackTrace>java.lang.NullPointerException
	at edu.ncsu.csc.itrust.unit.action.GenerateCalendarActionTest.setUp(GenerateCalendarActionTest.java:37)
</errorStackTrace>
          <failedSince>1</failedSince>
        </case>
        <case>
          <duration>0.269</duration>
          <className>edu.ncsu.csc.itrust.unit.action.GenerateCalendarActionTest</className>
          <testName>testGetApptsTable</testName>
          <skipped>false</skipped>
          <errorStackTrace>java.lang.NullPointerException
	at edu.ncsu.csc.itrust.unit.action.GenerateCalendarActionTest.setUp(GenerateCalendarActionTest.java:37)
</errorStackTrace>
          <failedSince>1</failedSince>
        </case>
        <case>
          <duration>0.24</duration>
          <className>edu.ncsu.csc.itrust.unit.action.GenerateCalendarActionTest</className>
          <testName>testGetConflicts</testName>
          <skipped>false</skipped>
          <errorStackTrace>java.lang.NullPointerException
	at edu.ncsu.csc.itrust.unit.action.GenerateCalendarActionTest.setUp(GenerateCalendarActionTest.java:37)
</errorStackTrace>
          <failedSince>1</failedSince>
        </case>
      </cases>
    </suite>
    <suite>
      <file>/var/lib/jenkins/workspace/itrust-main/iTrust-v23/iTrust/target/surefire-reports/TEST-edu.ncsu.csc.itrust.unit.action.GroupReportActionTest.xml</file>
      <name>edu.ncsu.csc.itrust.unit.action.GroupReportActionTest</name>
      <duration>0.655</duration>
      <time>0.655</time>
      <cases>
        <case>
          <duration>0.255</duration>
          <className>edu.ncsu.csc.itrust.unit.action.GroupReportActionTest</className>
          <testName>testGetComprehensiveMedicalInfo</testName>
          <skipped>false</skipped>
          <errorStackTrace>java.lang.NullPointerException
	at edu.ncsu.csc.itrust.unit.action.GroupReportActionTest.setUp(GroupReportActionTest.java:29)
</errorStackTrace>
          <failedSince>1</failedSince>
        </case>
        <case>
          <duration>0.219</duration>
          <className>edu.ncsu.csc.itrust.unit.action.GroupReportActionTest</className>
          <testName>testGenerateReport</testName>
          <skipped>false</skipped>
          <errorStackTrace>java.lang.NullPointerException
	at edu.ncsu.csc.itrust.unit.action.GroupReportActionTest.setUp(GroupReportActionTest.java:29)
</errorStackTrace>
          <failedSince>1</failedSince>
        </case>
        <case>
          <duration>0.18</duration>
          <className>edu.ncsu.csc.itrust.unit.action.GroupReportActionTest</className>
          <testName>testGetComprehensiveDemographicInfo</testName>
          <skipped>false</skipped>
          <errorStackTrace>java.lang.NullPointerException
	at edu.ncsu.csc.itrust.unit.action.GroupReportActionTest.setUp(GroupReportActionTest.java:29)
</errorStackTrace>
          <failedSince>1</failedSince>
        </case>
      </cases>
    </suite>
    <suite>
      <file>/var/lib/jenkins/workspace/itrust-main/iTrust-v23/iTrust/target/surefire-reports/TEST-edu.ncsu.csc.itrust.unit.action.GroupReportGeneratorActionTest.xml</file>
      <name>edu.ncsu.csc.itrust.unit.action.GroupReportGeneratorActionTest</name>
      <duration>0.514</duration>
      <time>0.514</time>
      <cases>
        <case>
          <duration>0.235</duration>
          <className>edu.ncsu.csc.itrust.unit.action.GroupReportGeneratorActionTest</className>
          <testName>testParseFilters</testName>
          <skipped>false</skipped>
          <errorStackTrace>java.lang.NullPointerException
	at edu.ncsu.csc.itrust.unit.action.GroupReportGeneratorActionTest.testParseFilters(GroupReportGeneratorActionTest.java:73)
</errorStackTrace>
          <failedSince>12</failedSince>
        </case>
        <case>
          <duration>0.278</duration>
          <className>edu.ncsu.csc.itrust.unit.action.GroupReportGeneratorActionTest</className>
          <testName>testGenerateReport</testName>
          <skipped>false</skipped>
          <errorStackTrace>java.lang.NullPointerException
	at edu.ncsu.csc.itrust.unit.action.GroupReportGeneratorActionTest.testGenerateReport(GroupReportGeneratorActionTest.java:42)
</errorStackTrace>
          <failedSince>1</failedSince>
        </case>
      </cases>
    </suite>
    <suite>
      <file>/var/lib/jenkins/workspace/itrust-main/iTrust-v23/iTrust/target/surefire-reports/TEST-edu.ncsu.csc.itrust.unit.action.LoginFailureActionTest.xml</file>
      <name>edu.ncsu.csc.itrust.unit.action.LoginFailureActionTest</name>
      <duration>0.366</duration>
      <time>0.366</time>
      <cases>
        <case>
          <duration>0.064</duration>
          <className>edu.ncsu.csc.itrust.unit.action.LoginFailureActionTest</className>
          <testName>testSetCaptcha</testName>
          <skipped>false</skipped>
          <failedSince>0</failedSince>
        </case>
        <case>
          <duration>0.063</duration>
          <className>edu.ncsu.csc.itrust.unit.action.LoginFailureActionTest</className>
          <testName>testNormalLoginFailureSequence</testName>
          <skipped>false</skipped>
          <failedSince>0</failedSince>
        </case>
        <case>
          <duration>0.072</duration>
          <className>edu.ncsu.csc.itrust.unit.action.LoginFailureActionTest</className>
          <testName>testNeedsCaptcha</testName>
          <skipped>false</skipped>
          <failedSince>0</failedSince>
        </case>
        <case>
          <duration>0.05</duration>
          <className>edu.ncsu.csc.itrust.unit.action.LoginFailureActionTest</className>
          <testName>testEvilFactory</testName>
          <skipped>false</skipped>
          <failedSince>0</failedSince>
        </case>
        <case>
          <duration>0.06</duration>
          <className>edu.ncsu.csc.itrust.unit.action.LoginFailureActionTest</className>
          <testName>testIsValidForLoginEvil</testName>
          <skipped>false</skipped>
          <failedSince>0</failedSince>
        </case>
        <case>
          <duration>0.057</duration>
          <className>edu.ncsu.csc.itrust.unit.action.LoginFailureActionTest</className>
          <testName>testRecordLoginFailureEvil</testName>
          <skipped>false</skipped>
          <failedSince>0</failedSince>
        </case>
      </cases>
    </suite>
    <suite>
      <file>/var/lib/jenkins/workspace/itrust-main/iTrust-v23/iTrust/target/surefire-reports/TEST-edu.ncsu.csc.itrust.unit.action.ManageHospitalAssignmentsActionTest.xml</file>
      <name>edu.ncsu.csc.itrust.unit.action.ManageHospitalAssignmentsActionTest</name>
      <duration>1.601</duration>
      <time>1.601</time>
      <cases>
        <case>
          <duration>0.073</duration>
          <className>edu.ncsu.csc.itrust.unit.action.ManageHospitalAssignmentsActionTest</className>
          <testName>testRemoveAllEvil</testName>
          <skipped>false</skipped>
          <failedSince>0</failedSince>
        </case>
        <case>
          <duration>0.067</duration>
          <className>edu.ncsu.csc.itrust.unit.action.ManageHospitalAssignmentsActionTest</className>
          <testName>testRemoveHCPAssignmentsBadID</testName>
          <skipped>false</skipped>
          <failedSince>0</failedSince>
        </case>
        <case>
          <duration>0.069</duration>
          <className>edu.ncsu.csc.itrust.unit.action.ManageHospitalAssignmentsActionTest</className>
          <testName>testCheckHCPIDEvil</testName>
          <skipped>false</skipped>
          <failedSince>0</failedSince>
        </case>
        <case>
          <duration>0.073</duration>
          <className>edu.ncsu.csc.itrust.unit.action.ManageHospitalAssignmentsActionTest</className>
          <testName>testCheckLTIDStringMID</testName>
          <skipped>false</skipped>
          <failedSince>0</failedSince>
        </case>
        <case>
          <duration>0.079</duration>
          <className>edu.ncsu.csc.itrust.unit.action.ManageHospitalAssignmentsActionTest</className>
          <testName>testCheckHCPID</testName>
          <skipped>false</skipped>
          <failedSince>0</failedSince>
        </case>
        <case>
          <duration>0.074</duration>
          <className>edu.ncsu.csc.itrust.unit.action.ManageHospitalAssignmentsActionTest</className>
          <testName>testCheckHCPIDStringMID</testName>
          <skipped>false</skipped>
          <failedSince>0</failedSince>
        </case>
        <case>
          <duration>0.084</duration>
          <className>edu.ncsu.csc.itrust.unit.action.ManageHospitalAssignmentsActionTest</className>
          <testName>testAssignHCPToHospital</testName>
          <skipped>false</skipped>
          <errorStackTrace>java.lang.NullPointerException
	at edu.ncsu.csc.itrust.unit.action.ManageHospitalAssignmentsActionTest.doAssignment(ManageHospitalAssignmentsActionTest.java:45)
	at edu.ncsu.csc.itrust.unit.action.ManageHospitalAssignmentsActionTest.testAssignHCPToHospital(ManageHospitalAssignmentsActionTest.java:58)
</errorStackTrace>
          <failedSince>1</failedSince>
        </case>
        <case>
          <duration>0.091</duration>
          <className>edu.ncsu.csc.itrust.unit.action.ManageHospitalAssignmentsActionTest</className>
          <testName>testCheckLTHospital</testName>
          <skipped>false</skipped>
          <errorStackTrace>edu.ncsu.csc.itrust.exception.DBException: A database exception has occurred. Please see the log in the console for stacktrace
	at edu.ncsu.csc.itrust.unit.action.ManageHospitalAssignmentsActionTest.testCheckLTHospital(ManageHospitalAssignmentsActionTest.java:274)
</errorStackTrace>
          <errorDetails>A database exception has occurred. Please see the log in the console for stacktrace</errorDetails>
          <failedSince>1</failedSince>
        </case>
        <case>
          <duration>0.079</duration>
          <className>edu.ncsu.csc.itrust.unit.action.ManageHospitalAssignmentsActionTest</className>
          <testName>testGetAvailableHospitalsBadMID</testName>
          <skipped>false</skipped>
          <failedSince>0</failedSince>
        </case>
        <case>
          <duration>0.105</duration>
          <className>edu.ncsu.csc.itrust.unit.action.ManageHospitalAssignmentsActionTest</className>
          <testName>testAssignHCPToHospitalBadID</testName>
          <skipped>false</skipped>
          <failedSince>0</failedSince>
        </case>
        <case>
          <duration>0.093</duration>
          <className>edu.ncsu.csc.itrust.unit.action.ManageHospitalAssignmentsActionTest</className>
          <testName>testRemovePersonnelAssignmentToHospital</testName>
          <skipped>false</skipped>
          <errorStackTrace>java.lang.NullPointerException
	at edu.ncsu.csc.itrust.unit.action.ManageHospitalAssignmentsActionTest.doAssignment(ManageHospitalAssignmentsActionTest.java:45)
	at edu.ncsu.csc.itrust.unit.action.ManageHospitalAssignmentsActionTest.testRemovePersonnelAssignmentToHospital(ManageHospitalAssignmentsActionTest.java:99)
</errorStackTrace>
          <failedSince>1</failedSince>
        </case>
        <case>
          <duration>0.119</duration>
          <className>edu.ncsu.csc.itrust.unit.action.ManageHospitalAssignmentsActionTest</className>
          <testName>testGetAvailableHospitals</testName>
          <skipped>false</skipped>
          <errorStackTrace>edu.ncsu.csc.itrust.exception.DBException: A database exception has occurred. Please see the log in the console for stacktrace
	at edu.ncsu.csc.itrust.unit.action.ManageHospitalAssignmentsActionTest.testGetAvailableHospitals(ManageHospitalAssignmentsActionTest.java:203)
</errorStackTrace>
          <errorDetails>A database exception has occurred. Please see the log in the console for stacktrace</errorDetails>
          <failedSince>1</failedSince>
        </case>
        <case>
          <duration>0.086</duration>
          <className>edu.ncsu.csc.itrust.unit.action.ManageHospitalAssignmentsActionTest</className>
          <testName>testRemovaAllUnassigned</testName>
          <skipped>false</skipped>
          <failedSince>0</failedSince>
        </case>
        <case>
          <duration>0.097</duration>
          <className>edu.ncsu.csc.itrust.unit.action.ManageHospitalAssignmentsActionTest</className>
          <testName>testAssignHCPToHospitalEvil</testName>
          <skipped>false</skipped>
          <failedSince>0</failedSince>
        </case>
        <case>
          <duration>0.077</duration>
          <className>edu.ncsu.csc.itrust.unit.action.ManageHospitalAssignmentsActionTest</className>
          <testName>testCheckHCPIDBadMID</testName>
          <skipped>false</skipped>
          <failedSince>0</failedSince>
        </case>
        <case>
          <duration>0.068</duration>
          <className>edu.ncsu.csc.itrust.unit.action.ManageHospitalAssignmentsActionTest</className>
          <testName>testAssignDuplicate</testName>
          <skipped>false</skipped>
          <errorStackTrace>java.lang.NullPointerException
	at edu.ncsu.csc.itrust.unit.action.ManageHospitalAssignmentsActionTest.doAssignment(ManageHospitalAssignmentsActionTest.java:45)
	at edu.ncsu.csc.itrust.unit.action.ManageHospitalAssignmentsActionTest.testAssignDuplicate(ManageHospitalAssignmentsActionTest.java:84)
</errorStackTrace>
          <failedSince>12</failedSince>
        </case>
        <case>
          <duration>0.064</duration>
          <className>edu.ncsu.csc.itrust.unit.action.ManageHospitalAssignmentsActionTest</className>
          <testName>testGetAssignedHospitalsBadMID</testName>
          <skipped>false</skipped>
          <failedSince>0</failedSince>
        </case>
        <case>
          <duration>0.069</duration>
          <className>edu.ncsu.csc.itrust.unit.action.ManageHospitalAssignmentsActionTest</className>
          <testName>testRemoveAll</testName>
          <skipped>false</skipped>
          <errorStackTrace>java.lang.NullPointerException
	at edu.ncsu.csc.itrust.unit.action.ManageHospitalAssignmentsActionTest.doAssignment(ManageHospitalAssignmentsActionTest.java:45)
	at edu.ncsu.csc.itrust.unit.action.ManageHospitalAssignmentsActionTest.testRemoveAll(ManageHospitalAssignmentsActionTest.java:120)
</errorStackTrace>
          <failedSince>1</failedSince>
        </case>
        <case>
          <duration>0.062</duration>
          <className>edu.ncsu.csc.itrust.unit.action.ManageHospitalAssignmentsActionTest</className>
          <testName>testRemoveNonAssigned</testName>
          <skipped>false</skipped>
          <failedSince>0</failedSince>
        </case>
        <case>
          <duration>0.067</duration>
          <className>edu.ncsu.csc.itrust.unit.action.ManageHospitalAssignmentsActionTest</className>
          <testName>testRemoveHCPtoHospitalBadID</testName>
          <skipped>false</skipped>
          <failedSince>0</failedSince>
        </case>
      </cases>
    </suite>
    <suite>
      <file>/var/lib/jenkins/workspace/itrust-main/iTrust-v23/iTrust/target/surefire-reports/TEST-edu.ncsu.csc.itrust.unit.action.PatientBaseActionTest.xml</file>
      <name>edu.ncsu.csc.itrust.unit.action.PatientBaseActionTest</name>
      <duration>0.002</duration>
      <time>0.002</time>
      <cases>
        <case>
          <duration>0.0</duration>
          <className>edu.ncsu.csc.itrust.unit.action.PatientBaseActionTest</className>
          <testName>testEvilDatabase</testName>
          <skipped>false</skipped>
          <failedSince>0</failedSince>
        </case>
      </cases>
    </suite>
    <suite>
      <file>/var/lib/jenkins/workspace/itrust-main/iTrust-v23/iTrust/target/surefire-reports/TEST-edu.ncsu.csc.itrust.unit.action.PatientRoomAssignmentActionTest.xml</file>
      <name>edu.ncsu.csc.itrust.unit.action.PatientRoomAssignmentActionTest</name>
      <duration>0.302</duration>
      <time>0.302</time>
      <cases>
        <case>
          <duration>0.301</duration>
          <className>edu.ncsu.csc.itrust.unit.action.PatientRoomAssignmentActionTest</className>
          <testName>testassignPatient</testName>
          <skipped>false</skipped>
          <failedSince>0</failedSince>
        </case>
      </cases>
    </suite>
    <suite>
      <file>/var/lib/jenkins/workspace/itrust-main/iTrust-v23/iTrust/target/surefire-reports/TEST-edu.ncsu.csc.itrust.unit.action.PayBillActionTest.xml</file>
      <name>edu.ncsu.csc.itrust.unit.action.PayBillActionTest</name>
      <duration>0.421</duration>
      <time>0.421</time>
      <cases>
        <case>
          <duration>0.163</duration>
          <className>edu.ncsu.csc.itrust.unit.action.PayBillActionTest</className>
          <testName>testPayBillWithCC</testName>
          <skipped>false</skipped>
          <errorStackTrace>java.lang.NullPointerException
	at edu.ncsu.csc.itrust.unit.action.PayBillActionTest.setUp(PayBillActionTest.java:26)
</errorStackTrace>
          <failedSince>1</failedSince>
        </case>
        <case>
          <duration>0.256</duration>
          <className>edu.ncsu.csc.itrust.unit.action.PayBillActionTest</className>
          <testName>testPayBillWithIns</testName>
          <skipped>false</skipped>
          <errorStackTrace>java.lang.NullPointerException
	at edu.ncsu.csc.itrust.unit.action.PayBillActionTest.setUp(PayBillActionTest.java:26)
</errorStackTrace>
          <failedSince>1</failedSince>
        </case>
      </cases>
    </suite>
    <suite>
      <file>/var/lib/jenkins/workspace/itrust-main/iTrust-v23/iTrust/target/surefire-reports/TEST-edu.ncsu.csc.itrust.unit.action.ReviewsActionTest.xml</file>
      <name>edu.ncsu.csc.itrust.unit.action.ReviewsActionTest</name>
      <duration>1.385</duration>
      <time>1.385</time>
      <cases>
        <case>
          <duration>0.232</duration>
          <className>edu.ncsu.csc.itrust.unit.action.ReviewsActionTest</className>
          <testName>testGetPhysician</testName>
          <skipped>false</skipped>
          <errorStackTrace>java.lang.AssertionError: Physician exists
	at edu.ncsu.csc.itrust.unit.action.ReviewsActionTest.testGetPhysician(ReviewsActionTest.java:113)
</errorStackTrace>
          <errorDetails>Physician exists</errorDetails>
          <failedSince>1</failedSince>
        </case>
        <case>
          <duration>0.305</duration>
          <className>edu.ncsu.csc.itrust.unit.action.ReviewsActionTest</className>
          <testName>testAddReviewValid</testName>
          <skipped>false</skipped>
          <errorStackTrace>java.lang.AssertionError
	at edu.ncsu.csc.itrust.unit.action.ReviewsActionTest.testAddReviewValid(ReviewsActionTest.java:69)
</errorStackTrace>
          <failedSince>12</failedSince>
        </case>
        <case>
          <duration>0.294</duration>
          <className>edu.ncsu.csc.itrust.unit.action.ReviewsActionTest</className>
          <testName>testGetReviews</testName>
          <skipped>false</skipped>
          <failedSince>0</failedSince>
        </case>
        <case>
          <duration>0.249</duration>
          <className>edu.ncsu.csc.itrust.unit.action.ReviewsActionTest</className>
          <testName>testIsAbleToRate</testName>
          <skipped>false</skipped>
          <failedSince>0</failedSince>
        </case>
        <case>
          <duration>0.305</duration>
          <className>edu.ncsu.csc.itrust.unit.action.ReviewsActionTest</className>
          <testName>testGetAverageRating</testName>
          <skipped>false</skipped>
          <failedSince>0</failedSince>
        </case>
      </cases>
    </suite>
    <suite>
      <file>/var/lib/jenkins/workspace/itrust-main/iTrust-v23/iTrust/target/surefire-reports/TEST-edu.ncsu.csc.itrust.unit.action.SearchUsersActionTest.xml</file>
      <name>edu.ncsu.csc.itrust.unit.action.SearchUsersActionTest</name>
      <duration>3.499</duration>
      <time>3.499</time>
      <cases>
        <case>
          <duration>0.245</duration>
          <className>edu.ncsu.csc.itrust.unit.action.SearchUsersActionTest</className>
          <testName>testSearchForPatientsWithName2</testName>
          <skipped>false</skipped>
          <failedSince>0</failedSince>
        </case>
        <case>
          <duration>0.251</duration>
          <className>edu.ncsu.csc.itrust.unit.action.SearchUsersActionTest</className>
          <testName>testSearchForPatientsWithName3</testName>
          <skipped>false</skipped>
          <failedSince>0</failedSince>
        </case>
        <case>
          <duration>0.247</duration>
          <className>edu.ncsu.csc.itrust.unit.action.SearchUsersActionTest</className>
          <testName>testFuzzySearchForPatient1</testName>
          <skipped>false</skipped>
          <failedSince>0</failedSince>
        </case>
        <case>
          <duration>0.236</duration>
          <className>edu.ncsu.csc.itrust.unit.action.SearchUsersActionTest</className>
          <testName>testFuzzySearchForPatient2</testName>
          <skipped>false</skipped>
          <failedSince>0</failedSince>
        </case>
        <case>
          <duration>0.238</duration>
          <className>edu.ncsu.csc.itrust.unit.action.SearchUsersActionTest</className>
          <testName>testFuzzySearchForPatient3</testName>
          <skipped>false</skipped>
          <failedSince>0</failedSince>
        </case>
        <case>
          <duration>0.291</duration>
          <className>edu.ncsu.csc.itrust.unit.action.SearchUsersActionTest</className>
          <testName>testSearchForPatientsWithName</testName>
          <skipped>false</skipped>
          <failedSince>0</failedSince>
        </case>
        <case>
          <duration>0.242</duration>
          <className>edu.ncsu.csc.itrust.unit.action.SearchUsersActionTest</className>
          <testName>testFuzzySearchForPatientDeactivated</testName>
          <skipped>false</skipped>
          <failedSince>0</failedSince>
        </case>
        <case>
          <duration>0.245</duration>
          <className>edu.ncsu.csc.itrust.unit.action.SearchUsersActionTest</className>
          <testName>testZeroPatients</testName>
          <skipped>false</skipped>
          <failedSince>0</failedSince>
        </case>
        <case>
          <duration>0.237</duration>
          <className>edu.ncsu.csc.itrust.unit.action.SearchUsersActionTest</className>
          <testName>testSearchForPersonnelWithName2</testName>
          <skipped>false</skipped>
          <failedSince>0</failedSince>
        </case>
        <case>
          <duration>0.224</duration>
          <className>edu.ncsu.csc.itrust.unit.action.SearchUsersActionTest</className>
          <testName>testSearchForPersonnelWithName3</testName>
          <skipped>false</skipped>
          <failedSince>0</failedSince>
        </case>
        <case>
          <duration>0.251</duration>
          <className>edu.ncsu.csc.itrust.unit.action.SearchUsersActionTest</className>
          <testName>testFuzzySearchForExpert</testName>
          <skipped>false</skipped>
          <errorStackTrace>junit.framework.AssertionFailedError: expected:&lt;1&gt; but was:&lt;0&gt;
	at edu.ncsu.csc.itrust.unit.action.SearchUsersActionTest.testFuzzySearchForExpert(SearchUsersActionTest.java:159)
</errorStackTrace>
          <errorDetails>expected:&lt;1&gt; but was:&lt;0&gt;</errorDetails>
          <stderr>edu.ncsu.csc.itrust.exception.DBException: A database exception has occurred. Please see the log in the console for stacktrace
	at edu.ncsu.csc.itrust.model.old.dao.mysql.PersonnelDAO.fuzzySearchForExpertsWithName(PersonnelDAO.java:410)
	at edu.ncsu.csc.itrust.action.SearchUsersAction.fuzzySearchForExperts(SearchUsersAction.java:72)
	at edu.ncsu.csc.itrust.unit.action.SearchUsersActionTest.testFuzzySearchForExpert(SearchUsersActionTest.java:158)
	at sun.reflect.NativeMethodAccessorImpl.invoke0(Native Method)
	at sun.reflect.NativeMethodAccessorImpl.invoke(NativeMethodAccessorImpl.java:62)
	at sun.reflect.DelegatingMethodAccessorImpl.invoke(DelegatingMethodAccessorImpl.java:43)
	at java.lang.reflect.Method.invoke(Method.java:498)
	at junit.framework.TestCase.runTest(TestCase.java:176)
	at junit.framework.TestCase.runBare(TestCase.java:141)
	at junit.framework.TestResult$1.protect(TestResult.java:122)
	at junit.framework.TestResult.runProtected(TestResult.java:142)
	at junit.framework.TestResult.run(TestResult.java:125)
	at junit.framework.TestCase.run(TestCase.java:129)
	at junit.framework.TestSuite.runTest(TestSuite.java:252)
	at junit.framework.TestSuite.run(TestSuite.java:247)
	at org.junit.internal.runners.JUnit38ClassRunner.run(JUnit38ClassRunner.java:86)
	at org.apache.maven.surefire.junit4.JUnit4Provider.execute(JUnit4Provider.java:344)
	at org.apache.maven.surefire.junit4.JUnit4Provider.executeWithRerun(JUnit4Provider.java:269)
	at org.apache.maven.surefire.junit4.JUnit4Provider.executeTestSet(JUnit4Provider.java:240)
	at org.apache.maven.surefire.junit4.JUnit4Provider.invoke(JUnit4Provider.java:184)
	at org.apache.maven.surefire.booter.ForkedBooter.invokeProviderInSameClassLoader(ForkedBooter.java:286)
	at org.apache.maven.surefire.booter.ForkedBooter.runSuitesInProcess(ForkedBooter.java:240)
	at org.apache.maven.surefire.booter.ForkedBooter.main(ForkedBooter.java:121)
</stderr>
          <failedSince>1</failedSince>
        </case>
        <case>
          <duration>0.232</duration>
          <className>edu.ncsu.csc.itrust.unit.action.SearchUsersActionTest</className>
          <testName>testSearchForPersonnelWithName</testName>
          <skipped>false</skipped>
          <errorStackTrace>java.lang.NullPointerException
	at edu.ncsu.csc.itrust.unit.action.SearchUsersActionTest.testSearchForPersonnelWithName(SearchUsersActionTest.java:104)
</errorStackTrace>
          <failedSince>1</failedSince>
        </case>
        <case>
          <duration>0.261</duration>
          <className>edu.ncsu.csc.itrust.unit.action.SearchUsersActionTest</className>
          <testName>testFuzzySearchForPatientDeactivatedOverride</testName>
          <skipped>false</skipped>
          <failedSince>0</failedSince>
        </case>
        <case>
          <duration>0.29</duration>
          <className>edu.ncsu.csc.itrust.unit.action.SearchUsersActionTest</className>
          <testName>testDeactivated</testName>
          <skipped>false</skipped>
          <failedSince>0</failedSince>
        </case>
      </cases>
    </suite>
    <suite>
      <file>/var/lib/jenkins/workspace/itrust-main/iTrust-v23/iTrust/target/surefire-reports/TEST-edu.ncsu.csc.itrust.unit.action.SendMessageActionTest.xml</file>
      <name>edu.ncsu.csc.itrust.unit.action.SendMessageActionTest</name>
      <duration>1.776</duration>
      <time>1.776</time>
      <cases>
        <case>
          <duration>0.228</duration>
          <className>edu.ncsu.csc.itrust.unit.action.SendMessageActionTest</className>
          <testName>testGetPatientName</testName>
          <skipped>false</skipped>
          <failedSince>0</failedSince>
        </case>
        <case>
          <duration>0.288</duration>
          <className>edu.ncsu.csc.itrust.unit.action.SendMessageActionTest</className>
          <testName>testGetMyRepresentees</testName>
          <skipped>false</skipped>
          <failedSince>0</failedSince>
        </case>
        <case>
          <duration>0.33</duration>
          <className>edu.ncsu.csc.itrust.unit.action.SendMessageActionTest</className>
          <testName>testSendMessage</testName>
          <skipped>false</skipped>
          <errorStackTrace>edu.ncsu.csc.itrust.exception.DBException: A database exception has occurred. Please see the log in the console for stacktrace
	at edu.ncsu.csc.itrust.unit.action.SendMessageActionTest.testSendMessage(SendMessageActionTest.java:57)
</errorStackTrace>
          <errorDetails>A database exception has occurred. Please see the log in the console for stacktrace</errorDetails>
          <failedSince>1</failedSince>
        </case>
        <case>
          <duration>0.267</duration>
          <className>edu.ncsu.csc.itrust.unit.action.SendMessageActionTest</className>
          <testName>testGetMyDLHCPs</testName>
          <skipped>false</skipped>
          <errorStackTrace>junit.framework.AssertionFailedError: expected:&lt;1&gt; but was:&lt;0&gt;
	at edu.ncsu.csc.itrust.unit.action.SendMessageActionTest.testGetMyDLHCPs(SendMessageActionTest.java:91)
</errorStackTrace>
          <errorDetails>expected:&lt;1&gt; but was:&lt;0&gt;</errorDetails>
          <failedSince>1</failedSince>
        </case>
        <case>
          <duration>0.209</duration>
          <className>edu.ncsu.csc.itrust.unit.action.SendMessageActionTest</className>
          <testName>testGetMyDLHCPs2</testName>
          <skipped>false</skipped>
          <errorStackTrace>junit.framework.AssertionFailedError: expected:&lt;1&gt; but was:&lt;0&gt;
	at edu.ncsu.csc.itrust.unit.action.SendMessageActionTest.testGetMyDLHCPs2(SendMessageActionTest.java:96)
</errorStackTrace>
          <errorDetails>expected:&lt;1&gt; but was:&lt;0&gt;</errorDetails>
          <failedSince>1</failedSince>
        </case>
        <case>
          <duration>0.241</duration>
          <className>edu.ncsu.csc.itrust.unit.action.SendMessageActionTest</className>
          <testName>testGetPersonnelName</testName>
          <skipped>false</skipped>
          <errorStackTrace>edu.ncsu.csc.itrust.exception.DBException: A database exception has occurred. Please see the log in the console for stacktrace
	at edu.ncsu.csc.itrust.unit.action.SendMessageActionTest.testGetPersonnelName(SendMessageActionTest.java:71)
</errorStackTrace>
          <errorDetails>A database exception has occurred. Please see the log in the console for stacktrace</errorDetails>
          <failedSince>1</failedSince>
        </case>
        <case>
          <duration>0.211</duration>
          <className>edu.ncsu.csc.itrust.unit.action.SendMessageActionTest</className>
          <testName>testGetDLCHPsFor</testName>
          <skipped>false</skipped>
          <errorStackTrace>junit.framework.AssertionFailedError: expected:&lt;1&gt; but was:&lt;0&gt;
	at edu.ncsu.csc.itrust.unit.action.SendMessageActionTest.testGetDLCHPsFor(SendMessageActionTest.java:102)
</errorStackTrace>
          <errorDetails>expected:&lt;1&gt; but was:&lt;0&gt;</errorDetails>
          <failedSince>1</failedSince>
        </case>
      </cases>
    </suite>
    <suite>
      <file>/var/lib/jenkins/workspace/itrust-main/iTrust-v23/iTrust/target/surefire-reports/TEST-edu.ncsu.csc.itrust.unit.action.SetSecurityQuestionTest.xml</file>
      <name>edu.ncsu.csc.itrust.unit.action.SetSecurityQuestionTest</name>
      <duration>0.239</duration>
      <time>0.239</time>
      <cases>
        <case>
          <duration>0.082</duration>
          <className>edu.ncsu.csc.itrust.unit.action.SetSecurityQuestionTest</className>
          <testName>testUpdateInformationCorrectly</testName>
          <skipped>false</skipped>
          <errorStackTrace>edu.ncsu.csc.itrust.exception.FormValidationException: This form has not been validated correctly. The following field are not properly filled in: [Null form]
	at edu.ncsu.csc.itrust.unit.action.SetSecurityQuestionTest.testUpdateInformationCorrectly(SetSecurityQuestionTest.java:58)
</errorStackTrace>
          <errorDetails>This form has not been validated correctly. The following field are not properly filled in: [Null form]</errorDetails>
          <failedSince>1</failedSince>
        </case>
        <case>
          <duration>0.059</duration>
          <className>edu.ncsu.csc.itrust.unit.action.SetSecurityQuestionTest</className>
          <testName>testRetriveInformation</testName>
          <skipped>false</skipped>
          <failedSince>0</failedSince>
        </case>
        <case>
          <duration>0.048</duration>
          <className>edu.ncsu.csc.itrust.unit.action.SetSecurityQuestionTest</className>
          <testName>testBadConnection</testName>
          <skipped>false</skipped>
          <failedSince>0</failedSince>
        </case>
        <case>
          <duration>0.048</duration>
          <className>edu.ncsu.csc.itrust.unit.action.SetSecurityQuestionTest</className>
          <testName>testNotUserID</testName>
          <skipped>false</skipped>
          <failedSince>0</failedSince>
        </case>
      </cases>
    </suite>
    <suite>
      <file>/var/lib/jenkins/workspace/itrust-main/iTrust-v23/iTrust/target/surefire-reports/TEST-edu.ncsu.csc.itrust.unit.action.UpdateNDCodeListActionTest.xml</file>
      <name>edu.ncsu.csc.itrust.unit.action.UpdateNDCodeListActionTest</name>
      <duration>0.363</duration>
      <time>0.363</time>
      <cases>
        <case>
          <duration>0.051</duration>
          <className>edu.ncsu.csc.itrust.unit.action.UpdateNDCodeListActionTest</className>
          <testName>testUpdateNDInformation0</testName>
          <skipped>false</skipped>
          <failedSince>0</failedSince>
        </case>
        <case>
          <duration>0.04</duration>
          <className>edu.ncsu.csc.itrust.unit.action.UpdateNDCodeListActionTest</className>
          <testName>testEvilFactory</testName>
          <skipped>false</skipped>
          <failedSince>0</failedSince>
        </case>
        <case>
          <duration>0.047</duration>
          <className>edu.ncsu.csc.itrust.unit.action.UpdateNDCodeListActionTest</className>
          <testName>testRemoveNDCode</testName>
          <skipped>false</skipped>
          <errorStackTrace>junit.framework.AssertionFailedError: Expected: &lt;null&gt; but was: edu.ncsu.csc.itrust.model.old.beans.MedicationBean@2a
	at edu.ncsu.csc.itrust.unit.action.UpdateNDCodeListActionTest.testRemoveNDCode(UpdateNDCodeListActionTest.java:145)
</errorStackTrace>
          <errorDetails>Expected: &lt;null&gt; but was: edu.ncsu.csc.itrust.model.old.beans.MedicationBean@2a</errorDetails>
          <failedSince>1</failedSince>
        </case>
        <case>
          <duration>0.044</duration>
          <className>edu.ncsu.csc.itrust.unit.action.UpdateNDCodeListActionTest</className>
          <testName>testRemoveNonExistent</testName>
          <skipped>false</skipped>
          <errorStackTrace>junit.framework.ComparisonFailure: expected:&lt;[Drug does not exist or already has been removed from the databas]e.&gt; but was:&lt;[The database has become corrupt. Please contact the system administrator for assistanc]e.&gt;
	at edu.ncsu.csc.itrust.unit.action.UpdateNDCodeListActionTest.testRemoveNonExistent(UpdateNDCodeListActionTest.java:156)
</errorStackTrace>
          <errorDetails>expected:&lt;[Drug does not exist or already has been removed from the databas]e.&gt; but was:&lt;[The database has become corrupt. Please contact the system administrator for assistanc]e.&gt;</errorDetails>
          <failedSince>1</failedSince>
        </case>
        <case>
          <duration>0.063</duration>
          <className>edu.ncsu.csc.itrust.unit.action.UpdateNDCodeListActionTest</className>
          <testName>testAddNDCode</testName>
          <skipped>false</skipped>
          <failedSince>0</failedSince>
        </case>
        <case>
          <duration>0.059</duration>
          <className>edu.ncsu.csc.itrust.unit.action.UpdateNDCodeListActionTest</className>
          <testName>testUpdateNonExistent</testName>
          <skipped>false</skipped>
          <failedSince>0</failedSince>
        </case>
        <case>
          <duration>0.057</duration>
          <className>edu.ncsu.csc.itrust.unit.action.UpdateNDCodeListActionTest</className>
          <testName>testAddDuplicate</testName>
          <skipped>false</skipped>
          <failedSince>0</failedSince>
        </case>
      </cases>
    </suite>
    <suite>
      <file>/var/lib/jenkins/workspace/itrust-main/iTrust-v23/iTrust/target/surefire-reports/TEST-edu.ncsu.csc.itrust.unit.action.UpdateORCListActionTest.xml</file>
      <name>edu.ncsu.csc.itrust.unit.action.UpdateORCListActionTest</name>
      <duration>0.336</duration>
      <time>0.336</time>
      <cases>
        <case>
          <duration>0.08</duration>
          <className>edu.ncsu.csc.itrust.unit.action.UpdateORCListActionTest</className>
          <testName>testUpdateNDInformation0</testName>
          <skipped>false</skipped>
          <errorStackTrace>edu.ncsu.csc.itrust.exception.DBException: A database exception has occurred. Please see the log in the console for stacktrace
	at edu.ncsu.csc.itrust.unit.action.UpdateORCListActionTest.addEmpty(UpdateORCListActionTest.java:62)
	at edu.ncsu.csc.itrust.unit.action.UpdateORCListActionTest.testUpdateNDInformation0(UpdateORCListActionTest.java:118)
</errorStackTrace>
          <errorDetails>A database exception has occurred. Please see the log in the console for stacktrace</errorDetails>
          <failedSince>1</failedSince>
        </case>
        <case>
          <duration>0.078</duration>
          <className>edu.ncsu.csc.itrust.unit.action.UpdateORCListActionTest</className>
          <testName>testEvilFactory</testName>
          <skipped>false</skipped>
          <errorStackTrace>junit.framework.ComparisonFailure: expected:&lt;[A database exception has occurred. Please see the log in the console for stacktrace]&gt; but was:&lt;[Error: Code already exists.]&gt;
	at edu.ncsu.csc.itrust.unit.action.UpdateORCListActionTest.testEvilFactory(UpdateORCListActionTest.java:45)
</errorStackTrace>
          <errorDetails>expected:&lt;[A database exception has occurred. Please see the log in the console for stacktrace]&gt; but was:&lt;[Error: Code already exists.]&gt;</errorDetails>
          <failedSince>12</failedSince>
        </case>
        <case>
          <duration>0.058</duration>
          <className>edu.ncsu.csc.itrust.unit.action.UpdateORCListActionTest</className>
          <testName>testAddORCode</testName>
          <skipped>false</skipped>
          <errorStackTrace>edu.ncsu.csc.itrust.exception.DBException: A database exception has occurred. Please see the log in the console for stacktrace
	at edu.ncsu.csc.itrust.unit.action.UpdateORCListActionTest.testAddORCode(UpdateORCListActionTest.java:83)
</errorStackTrace>
          <errorDetails>A database exception has occurred. Please see the log in the console for stacktrace</errorDetails>
          <failedSince>1</failedSince>
        </case>
        <case>
          <duration>0.06</duration>
          <className>edu.ncsu.csc.itrust.unit.action.UpdateORCListActionTest</className>
          <testName>testUpdateNonExistent</testName>
          <skipped>false</skipped>
          <errorStackTrace>edu.ncsu.csc.itrust.exception.DBException: A database exception has occurred. Please see the log in the console for stacktrace
	at edu.ncsu.csc.itrust.unit.action.UpdateORCListActionTest.testUpdateNonExistent(UpdateORCListActionTest.java:142)
</errorStackTrace>
          <errorDetails>A database exception has occurred. Please see the log in the console for stacktrace</errorDetails>
          <failedSince>1</failedSince>
        </case>
        <case>
          <duration>0.054</duration>
          <className>edu.ncsu.csc.itrust.unit.action.UpdateORCListActionTest</className>
          <testName>testAddDuplicate</testName>
          <skipped>false</skipped>
          <errorStackTrace>junit.framework.ComparisonFailure: expected:&lt;[Error: Code already exists.]&gt; but was:&lt;[A database exception has occurred. Please see the log in the console for stacktrace]&gt;
	at edu.ncsu.csc.itrust.unit.action.UpdateORCListActionTest.testAddDuplicate(UpdateORCListActionTest.java:104)
</errorStackTrace>
          <errorDetails>expected:&lt;[Error: Code already exists.]&gt; but was:&lt;[A database exception has occurred. Please see the log in the console for stacktrace]&gt;</errorDetails>
          <failedSince>1</failedSince>
        </case>
      </cases>
    </suite>
    <suite>
      <file>/var/lib/jenkins/workspace/itrust-main/iTrust-v23/iTrust/target/surefire-reports/TEST-edu.ncsu.csc.itrust.unit.action.VerifyClaimActionTest.xml</file>
      <name>edu.ncsu.csc.itrust.unit.action.VerifyClaimActionTest</name>
      <duration>0.278</duration>
      <time>0.278</time>
      <cases>
        <case>
          <duration>0.057</duration>
          <className>edu.ncsu.csc.itrust.unit.action.VerifyClaimActionTest</className>
          <testName>testDenyClaim</testName>
          <skipped>false</skipped>
          <errorStackTrace>java.lang.NullPointerException
	at edu.ncsu.csc.itrust.unit.action.VerifyClaimActionTest.setUp(VerifyClaimActionTest.java:50)
</errorStackTrace>
          <failedSince>1</failedSince>
        </case>
        <case>
          <duration>0.074</duration>
          <className>edu.ncsu.csc.itrust.unit.action.VerifyClaimActionTest</className>
          <testName>testGetBill</testName>
          <skipped>false</skipped>
          <errorStackTrace>java.lang.NullPointerException
	at edu.ncsu.csc.itrust.unit.action.VerifyClaimActionTest.setUp(VerifyClaimActionTest.java:50)
</errorStackTrace>
          <failedSince>1</failedSince>
        </case>
        <case>
          <duration>0.079</duration>
          <className>edu.ncsu.csc.itrust.unit.action.VerifyClaimActionTest</className>
          <testName>testEvilAction</testName>
          <skipped>false</skipped>
          <errorStackTrace>java.lang.NullPointerException
	at edu.ncsu.csc.itrust.unit.action.VerifyClaimActionTest.setUp(VerifyClaimActionTest.java:50)
</errorStackTrace>
          <failedSince>12</failedSince>
        </case>
        <case>
          <duration>0.063</duration>
          <className>edu.ncsu.csc.itrust.unit.action.VerifyClaimActionTest</className>
          <testName>testApproveClaim</testName>
          <skipped>false</skipped>
          <errorStackTrace>java.lang.NullPointerException
	at edu.ncsu.csc.itrust.unit.action.VerifyClaimActionTest.setUp(VerifyClaimActionTest.java:50)
</errorStackTrace>
          <failedSince>1</failedSince>
        </case>
      </cases>
    </suite>
    <suite>
      <file>/var/lib/jenkins/workspace/itrust-main/iTrust-v23/iTrust/target/surefire-reports/TEST-edu.ncsu.csc.itrust.unit.action.ViewApptRequestsActionTest.xml</file>
      <name>edu.ncsu.csc.itrust.unit.action.ViewApptRequestsActionTest</name>
      <duration>0.649</duration>
      <time>0.649</time>
      <cases>
        <case>
          <duration>0.157</duration>
          <className>edu.ncsu.csc.itrust.unit.action.ViewApptRequestsActionTest</className>
          <testName>testRejectApptRequest</testName>
          <skipped>false</skipped>
          <errorStackTrace>java.lang.NullPointerException
	at edu.ncsu.csc.itrust.unit.action.ViewApptRequestsActionTest.setUp(ViewApptRequestsActionTest.java:24)
</errorStackTrace>
          <failedSince>1</failedSince>
        </case>
        <case>
          <duration>0.232</duration>
          <className>edu.ncsu.csc.itrust.unit.action.ViewApptRequestsActionTest</className>
          <testName>testAcceptApptRequest</testName>
          <skipped>false</skipped>
          <errorStackTrace>java.lang.NullPointerException
	at edu.ncsu.csc.itrust.unit.action.ViewApptRequestsActionTest.setUp(ViewApptRequestsActionTest.java:24)
</errorStackTrace>
          <failedSince>1</failedSince>
        </case>
        <case>
          <duration>0.258</duration>
          <className>edu.ncsu.csc.itrust.unit.action.ViewApptRequestsActionTest</className>
          <testName>testGetApptRequests</testName>
          <skipped>false</skipped>
          <errorStackTrace>java.lang.NullPointerException
	at edu.ncsu.csc.itrust.unit.action.ViewApptRequestsActionTest.setUp(ViewApptRequestsActionTest.java:24)
</errorStackTrace>
          <failedSince>12</failedSince>
        </case>
      </cases>
    </suite>
    <suite>
      <file>/var/lib/jenkins/workspace/itrust-main/iTrust-v23/iTrust/target/surefire-reports/TEST-edu.ncsu.csc.itrust.unit.action.ViewHelperActionTest.xml</file>
      <name>edu.ncsu.csc.itrust.unit.action.ViewHelperActionTest</name>
      <duration>0.002</duration>
      <time>0.002</time>
      <cases>
        <case>
          <duration>0.001</duration>
          <className>edu.ncsu.csc.itrust.unit.action.ViewHelperActionTest</className>
          <testName>testUpdateUserPrefs</testName>
          <skipped>false</skipped>
          <failedSince>0</failedSince>
        </case>
      </cases>
    </suite>
    <suite>
      <file>/var/lib/jenkins/workspace/itrust-main/iTrust-v23/iTrust/target/surefire-reports/TEST-edu.ncsu.csc.itrust.unit.action.ViewMyAccessLogActionTest.xml</file>
      <name>edu.ncsu.csc.itrust.unit.action.ViewMyAccessLogActionTest</name>
      <duration>0.745</duration>
      <time>0.745</time>
      <cases>
        <case>
          <duration>0.078</duration>
          <className>edu.ncsu.csc.itrust.unit.action.ViewMyAccessLogActionTest</className>
          <testName>testDefaultNoList</testName>
          <skipped>false</skipped>
          <failedSince>0</failedSince>
        </case>
        <case>
          <duration>0.106</duration>
          <className>edu.ncsu.csc.itrust.unit.action.ViewMyAccessLogActionTest</className>
          <testName>testGetAccessesIllegalUser</testName>
          <skipped>false</skipped>
          <errorStackTrace>edu.ncsu.csc.itrust.exception.DBException: A database exception has occurred. Please see the log in the console for stacktrace
	at edu.ncsu.csc.itrust.unit.action.ViewMyAccessLogActionTest.testGetAccessesIllegalUser(ViewMyAccessLogActionTest.java:54)
</errorStackTrace>
          <errorDetails>A database exception has occurred. Please see the log in the console for stacktrace</errorDetails>
          <failedSince>1</failedSince>
        </case>
        <case>
          <duration>0.115</duration>
          <className>edu.ncsu.csc.itrust.unit.action.ViewMyAccessLogActionTest</className>
          <testName>testNoProblems</testName>
          <skipped>false</skipped>
          <errorStackTrace>edu.ncsu.csc.itrust.exception.DBException: A database exception has occurred. Please see the log in the console for stacktrace
	at edu.ncsu.csc.itrust.unit.action.ViewMyAccessLogActionTest.testNoProblems(ViewMyAccessLogActionTest.java:39)
</errorStackTrace>
          <errorDetails>A database exception has occurred. Please see the log in the console for stacktrace</errorDetails>
          <failedSince>1</failedSince>
        </case>
        <case>
          <duration>0.102</duration>
          <className>edu.ncsu.csc.itrust.unit.action.ViewMyAccessLogActionTest</className>
          <testName>testDLHCPAccessesHidden</testName>
          <skipped>false</skipped>
          <errorStackTrace>edu.ncsu.csc.itrust.exception.DBException: A database exception has occurred. Please see the log in the console for stacktrace
	at edu.ncsu.csc.itrust.unit.action.ViewMyAccessLogActionTest.testDLHCPAccessesHidden(ViewMyAccessLogActionTest.java:103)
</errorStackTrace>
          <errorDetails>A database exception has occurred. Please see the log in the console for stacktrace</errorDetails>
          <failedSince>1</failedSince>
        </case>
        <case>
          <duration>0.1</duration>
          <className>edu.ncsu.csc.itrust.unit.action.ViewMyAccessLogActionTest</className>
          <testName>testDefaultWithList</testName>
          <skipped>false</skipped>
          <failedSince>0</failedSince>
        </case>
        <case>
          <duration>0.086</duration>
          <className>edu.ncsu.csc.itrust.unit.action.ViewMyAccessLogActionTest</className>
          <testName>testGetAccessesBadData</testName>
          <skipped>false</skipped>
          <errorStackTrace>edu.ncsu.csc.itrust.exception.DBException: A database exception has occurred. Please see the log in the console for stacktrace
	at edu.ncsu.csc.itrust.unit.action.ViewMyAccessLogActionTest.testGetAccessesBadData(ViewMyAccessLogActionTest.java:65)
</errorStackTrace>
          <errorDetails>A database exception has occurred. Please see the log in the console for stacktrace</errorDetails>
          <failedSince>1</failedSince>
        </case>
        <case>
          <duration>0.074</duration>
          <className>edu.ncsu.csc.itrust.unit.action.ViewMyAccessLogActionTest</className>
          <testName>testNoProblemsDependentLog</testName>
          <skipped>false</skipped>
          <errorStackTrace>edu.ncsu.csc.itrust.exception.DBException: A database exception has occurred. Please see the log in the console for stacktrace
	at edu.ncsu.csc.itrust.unit.action.ViewMyAccessLogActionTest.testNoProblemsDependentLog(ViewMyAccessLogActionTest.java:46)
</errorStackTrace>
          <errorDetails>A database exception has occurred. Please see the log in the console for stacktrace</errorDetails>
          <failedSince>1</failedSince>
        </case>
        <case>
          <duration>0.082</duration>
          <className>edu.ncsu.csc.itrust.unit.action.ViewMyAccessLogActionTest</className>
          <testName>testGetAccessesByRole</testName>
          <skipped>false</skipped>
          <errorStackTrace>edu.ncsu.csc.itrust.exception.DBException: A database exception has occurred. Please see the log in the console for stacktrace
	at edu.ncsu.csc.itrust.unit.action.ViewMyAccessLogActionTest.testGetAccessesByRole(ViewMyAccessLogActionTest.java:85)
</errorStackTrace>
          <errorDetails>A database exception has occurred. Please see the log in the console for stacktrace</errorDetails>
          <failedSince>1</failedSince>
        </case>
      </cases>
    </suite>
    <suite>
      <file>/var/lib/jenkins/workspace/itrust-main/iTrust-v23/iTrust/target/surefire-reports/TEST-edu.ncsu.csc.itrust.unit.action.ViewMyApptsActionTest.xml</file>
      <name>edu.ncsu.csc.itrust.unit.action.ViewMyApptsActionTest</name>
      <duration>0.63</duration>
      <time>0.63</time>
      <cases>
        <case>
          <duration>0.223</duration>
          <className>edu.ncsu.csc.itrust.unit.action.ViewMyApptsActionTest</className>
          <testName>testGetName2</testName>
          <skipped>false</skipped>
          <errorStackTrace>java.lang.NullPointerException
	at edu.ncsu.csc.itrust.unit.action.ViewMyApptsActionTest.setUp(ViewMyApptsActionTest.java:26)
</errorStackTrace>
          <failedSince>12</failedSince>
        </case>
        <case>
          <duration>0.22</duration>
          <className>edu.ncsu.csc.itrust.unit.action.ViewMyApptsActionTest</className>
          <testName>testGetMyAppointments</testName>
          <skipped>false</skipped>
          <errorStackTrace>java.lang.NullPointerException
	at edu.ncsu.csc.itrust.unit.action.ViewMyApptsActionTest.setUp(ViewMyApptsActionTest.java:26)
</errorStackTrace>
          <failedSince>12</failedSince>
        </case>
        <case>
          <duration>0.184</duration>
          <className>edu.ncsu.csc.itrust.unit.action.ViewMyApptsActionTest</className>
          <testName>testGetName</testName>
          <skipped>false</skipped>
          <errorStackTrace>java.lang.NullPointerException
	at edu.ncsu.csc.itrust.unit.action.ViewMyApptsActionTest.setUp(ViewMyApptsActionTest.java:26)
</errorStackTrace>
          <failedSince>1</failedSince>
        </case>
      </cases>
    </suite>
    <suite>
      <file>/var/lib/jenkins/workspace/itrust-main/iTrust-v23/iTrust/target/surefire-reports/TEST-edu.ncsu.csc.itrust.unit.action.ViewMyBillingActionTest.xml</file>
      <name>edu.ncsu.csc.itrust.unit.action.ViewMyBillingActionTest</name>
      <duration>0.439</duration>
      <time>0.439</time>
      <cases>
        <case>
          <duration>0.167</duration>
          <className>edu.ncsu.csc.itrust.unit.action.ViewMyBillingActionTest</className>
          <testName>testGetMyUnpaidBills</testName>
          <skipped>false</skipped>
          <failedSince>0</failedSince>
        </case>
        <case>
          <duration>0.272</duration>
          <className>edu.ncsu.csc.itrust.unit.action.ViewMyBillingActionTest</className>
          <testName>testGetAllMyBills</testName>
          <skipped>false</skipped>
          <errorStackTrace>java.lang.NullPointerException
	at edu.ncsu.csc.itrust.unit.action.ViewMyBillingActionTest.testGetAllMyBills(ViewMyBillingActionTest.java:31)
</errorStackTrace>
          <failedSince>1</failedSince>
        </case>
      </cases>
    </suite>
    <suite>
      <file>/var/lib/jenkins/workspace/itrust-main/iTrust-v23/iTrust/target/surefire-reports/TEST-edu.ncsu.csc.itrust.unit.action.ViewMyMessagesActionTest.xml</file>
      <name>edu.ncsu.csc.itrust.unit.action.ViewMyMessagesActionTest</name>
      <duration>3.787</duration>
      <time>3.787</time>
      <cases>
        <case>
          <duration>0.229</duration>
          <className>edu.ncsu.csc.itrust.unit.action.ViewMyMessagesActionTest</className>
          <testName>testAddMessage</testName>
          <skipped>false</skipped>
          <errorStackTrace>java.lang.NullPointerException
	at edu.ncsu.csc.itrust.unit.action.ViewMyMessagesActionTest.setUp(ViewMyMessagesActionTest.java:42)
</errorStackTrace>
          <failedSince>12</failedSince>
        </case>
        <case>
          <duration>0.24</duration>
          <className>edu.ncsu.csc.itrust.unit.action.ViewMyMessagesActionTest</className>
          <testName>testFilterMessages</testName>
          <skipped>false</skipped>
          <errorStackTrace>java.lang.NullPointerException
	at edu.ncsu.csc.itrust.unit.action.ViewMyMessagesActionTest.setUp(ViewMyMessagesActionTest.java:42)
</errorStackTrace>
          <failedSince>12</failedSince>
        </case>
        <case>
          <duration>0.231</duration>
          <className>edu.ncsu.csc.itrust.unit.action.ViewMyMessagesActionTest</className>
          <testName>testGetAllMySentMessages</testName>
          <skipped>false</skipped>
          <errorStackTrace>java.lang.NullPointerException
	at edu.ncsu.csc.itrust.unit.action.ViewMyMessagesActionTest.setUp(ViewMyMessagesActionTest.java:42)
</errorStackTrace>
          <failedSince>12</failedSince>
        </case>
        <case>
          <duration>0.246</duration>
          <className>edu.ncsu.csc.itrust.unit.action.ViewMyMessagesActionTest</className>
          <testName>testGetPatientName</testName>
          <skipped>false</skipped>
          <errorStackTrace>java.lang.NullPointerException
	at edu.ncsu.csc.itrust.unit.action.ViewMyMessagesActionTest.setUp(ViewMyMessagesActionTest.java:42)
</errorStackTrace>
          <failedSince>12</failedSince>
        </case>
        <case>
          <duration>0.226</duration>
          <className>edu.ncsu.csc.itrust.unit.action.ViewMyMessagesActionTest</className>
          <testName>testGetAllMyMessagesFromTimeAscending</testName>
          <skipped>false</skipped>
          <errorStackTrace>java.lang.NullPointerException
	at edu.ncsu.csc.itrust.unit.action.ViewMyMessagesActionTest.setUp(ViewMyMessagesActionTest.java:42)
</errorStackTrace>
          <failedSince>12</failedSince>
        </case>
        <case>
          <duration>0.257</duration>
          <className>edu.ncsu.csc.itrust.unit.action.ViewMyMessagesActionTest</className>
          <testName>testGetAllMyMessagesFromNameDescending</testName>
          <skipped>false</skipped>
          <errorStackTrace>java.lang.NullPointerException
	at edu.ncsu.csc.itrust.unit.action.ViewMyMessagesActionTest.setUp(ViewMyMessagesActionTest.java:42)
</errorStackTrace>
          <failedSince>12</failedSince>
        </case>
        <case>
          <duration>0.24</duration>
          <className>edu.ncsu.csc.itrust.unit.action.ViewMyMessagesActionTest</className>
          <testName>testUpdateRead</testName>
          <skipped>false</skipped>
          <errorStackTrace>java.lang.NullPointerException
	at edu.ncsu.csc.itrust.unit.action.ViewMyMessagesActionTest.setUp(ViewMyMessagesActionTest.java:42)
</errorStackTrace>
          <failedSince>12</failedSince>
        </case>
        <case>
          <duration>0.233</duration>
          <className>edu.ncsu.csc.itrust.unit.action.ViewMyMessagesActionTest</className>
          <testName>testGetCCdMessages</testName>
          <skipped>false</skipped>
          <errorStackTrace>java.lang.NullPointerException
	at edu.ncsu.csc.itrust.unit.action.ViewMyMessagesActionTest.setUp(ViewMyMessagesActionTest.java:42)
</errorStackTrace>
          <failedSince>12</failedSince>
        </case>
        <case>
          <duration>0.233</duration>
          <className>edu.ncsu.csc.itrust.unit.action.ViewMyMessagesActionTest</className>
          <testName>testGetAllMyMessagesFromNameAscending</testName>
          <skipped>false</skipped>
          <errorStackTrace>java.lang.NullPointerException
	at edu.ncsu.csc.itrust.unit.action.ViewMyMessagesActionTest.setUp(ViewMyMessagesActionTest.java:42)
</errorStackTrace>
          <failedSince>12</failedSince>
        </case>
        <case>
          <duration>0.25</duration>
          <className>edu.ncsu.csc.itrust.unit.action.ViewMyMessagesActionTest</className>
          <testName>testThrowsExceptions</testName>
          <skipped>false</skipped>
          <errorStackTrace>java.lang.NullPointerException
	at edu.ncsu.csc.itrust.unit.action.ViewMyMessagesActionTest.setUp(ViewMyMessagesActionTest.java:42)
</errorStackTrace>
          <failedSince>12</failedSince>
        </case>
        <case>
          <duration>0.284</duration>
          <className>edu.ncsu.csc.itrust.unit.action.ViewMyMessagesActionTest</className>
          <testName>testGetAllMyMessagesTimeAscending</testName>
          <skipped>false</skipped>
          <errorStackTrace>java.lang.NullPointerException
	at edu.ncsu.csc.itrust.unit.action.ViewMyMessagesActionTest.setUp(ViewMyMessagesActionTest.java:42)
</errorStackTrace>
          <failedSince>12</failedSince>
        </case>
        <case>
          <duration>0.246</duration>
          <className>edu.ncsu.csc.itrust.unit.action.ViewMyMessagesActionTest</className>
          <testName>testGetAllMyMessagesNameDescending</testName>
          <skipped>false</skipped>
          <errorStackTrace>java.lang.NullPointerException
	at edu.ncsu.csc.itrust.unit.action.ViewMyMessagesActionTest.setUp(ViewMyMessagesActionTest.java:42)
</errorStackTrace>
          <failedSince>12</failedSince>
        </case>
        <case>
          <duration>0.224</duration>
          <className>edu.ncsu.csc.itrust.unit.action.ViewMyMessagesActionTest</className>
          <testName>testGetAllMyMessagesNameAscending</testName>
          <skipped>false</skipped>
          <errorStackTrace>java.lang.NullPointerException
	at edu.ncsu.csc.itrust.unit.action.ViewMyMessagesActionTest.setUp(ViewMyMessagesActionTest.java:42)
</errorStackTrace>
          <failedSince>12</failedSince>
        </case>
        <case>
          <duration>0.242</duration>
          <className>edu.ncsu.csc.itrust.unit.action.ViewMyMessagesActionTest</className>
          <testName>testGetPersonnelName</testName>
          <skipped>false</skipped>
          <errorStackTrace>java.lang.NullPointerException
	at edu.ncsu.csc.itrust.unit.action.ViewMyMessagesActionTest.setUp(ViewMyMessagesActionTest.java:42)
</errorStackTrace>
          <failedSince>1</failedSince>
        </case>
        <case>
          <duration>0.157</duration>
          <className>edu.ncsu.csc.itrust.unit.action.ViewMyMessagesActionTest</className>
          <testName>testGetUnreadCount</testName>
          <skipped>false</skipped>
          <errorStackTrace>java.lang.NullPointerException
	at edu.ncsu.csc.itrust.unit.action.ViewMyMessagesActionTest.setUp(ViewMyMessagesActionTest.java:42)
</errorStackTrace>
          <failedSince>1</failedSince>
        </case>
        <case>
          <duration>0.241</duration>
          <className>edu.ncsu.csc.itrust.unit.action.ViewMyMessagesActionTest</className>
          <testName>testGetAllMyMessages</testName>
          <skipped>false</skipped>
          <errorStackTrace>java.lang.NullPointerException
	at edu.ncsu.csc.itrust.unit.action.ViewMyMessagesActionTest.setUp(ViewMyMessagesActionTest.java:42)
</errorStackTrace>
          <failedSince>12</failedSince>
        </case>
      </cases>
    </suite>
    <suite>
      <file>/var/lib/jenkins/workspace/itrust-main/iTrust-v23/iTrust/target/surefire-reports/TEST-edu.ncsu.csc.itrust.unit.action.ViewMyRemoteMonitoringListActionTest.xml</file>
      <name>edu.ncsu.csc.itrust.unit.action.ViewMyRemoteMonitoringListActionTest</name>
      <duration>0.3</duration>
      <time>0.3</time>
      <cases>
        <case>
          <duration>0.053</duration>
          <className>edu.ncsu.csc.itrust.unit.action.ViewMyRemoteMonitoringListActionTest</className>
          <testName>testGetPatientDataByDate</testName>
          <skipped>false</skipped>
          <errorStackTrace>java.lang.NullPointerException
	at edu.ncsu.csc.itrust.unit.action.ViewMyRemoteMonitoringListActionTest.setUp(ViewMyRemoteMonitoringListActionTest.java:26)
</errorStackTrace>
          <failedSince>1</failedSince>
        </case>
        <case>
          <duration>0.066</duration>
          <className>edu.ncsu.csc.itrust.unit.action.ViewMyRemoteMonitoringListActionTest</className>
          <testName>testGetPatientDataByType</testName>
          <skipped>false</skipped>
          <errorStackTrace>java.lang.NullPointerException
	at edu.ncsu.csc.itrust.unit.action.ViewMyRemoteMonitoringListActionTest.setUp(ViewMyRemoteMonitoringListActionTest.java:26)
</errorStackTrace>
          <failedSince>1</failedSince>
        </case>
        <case>
          <duration>0.057</duration>
          <className>edu.ncsu.csc.itrust.unit.action.ViewMyRemoteMonitoringListActionTest</className>
          <testName>testGetPatientData</testName>
          <skipped>false</skipped>
          <errorStackTrace>java.lang.NullPointerException
	at edu.ncsu.csc.itrust.unit.action.ViewMyRemoteMonitoringListActionTest.setUp(ViewMyRemoteMonitoringListActionTest.java:26)
</errorStackTrace>
          <failedSince>1</failedSince>
        </case>
        <case>
          <duration>0.065</duration>
          <className>edu.ncsu.csc.itrust.unit.action.ViewMyRemoteMonitoringListActionTest</className>
          <testName>testGetPatientName</testName>
          <skipped>false</skipped>
          <errorStackTrace>java.lang.NullPointerException
	at edu.ncsu.csc.itrust.unit.action.ViewMyRemoteMonitoringListActionTest.setUp(ViewMyRemoteMonitoringListActionTest.java:26)
</errorStackTrace>
          <failedSince>12</failedSince>
        </case>
        <case>
          <duration>0.058</duration>
          <className>edu.ncsu.csc.itrust.unit.action.ViewMyRemoteMonitoringListActionTest</className>
          <testName>testIllegalGetPatientDataByDate1</testName>
          <skipped>false</skipped>
          <errorStackTrace>java.lang.NullPointerException
	at edu.ncsu.csc.itrust.unit.action.ViewMyRemoteMonitoringListActionTest.setUp(ViewMyRemoteMonitoringListActionTest.java:26)
</errorStackTrace>
          <failedSince>12</failedSince>
        </case>
      </cases>
    </suite>
    <suite>
      <file>/var/lib/jenkins/workspace/itrust-main/iTrust-v23/iTrust/target/surefire-reports/TEST-edu.ncsu.csc.itrust.unit.action.ViewNumberOfPendingAppointmentsActionTest.xml</file>
      <name>edu.ncsu.csc.itrust.unit.action.ViewNumberOfPendingAppointmentsActionTest</name>
      <duration>0.365</duration>
      <time>0.365</time>
      <cases>
        <case>
          <duration>0.364</duration>
          <className>edu.ncsu.csc.itrust.unit.action.ViewNumberOfPendingAppointmentsActionTest</className>
          <testName>testGetNumRequest</testName>
          <skipped>false</skipped>
          <errorStackTrace>java.lang.NullPointerException
	at edu.ncsu.csc.itrust.unit.action.ViewNumberOfPendingAppointmentsActionTest.setUp(ViewNumberOfPendingAppointmentsActionTest.java:30)
</errorStackTrace>
          <failedSince>1</failedSince>
        </case>
      </cases>
    </suite>
    <suite>
      <file>/var/lib/jenkins/workspace/itrust-main/iTrust-v23/iTrust/target/surefire-reports/TEST-edu.ncsu.csc.itrust.unit.action.ViewPatientActionTest.xml</file>
      <name>edu.ncsu.csc.itrust.unit.action.ViewPatientActionTest</name>
      <duration>0.166</duration>
      <time>0.166</time>
      <cases>
        <case>
          <duration>0.075</duration>
          <className>edu.ncsu.csc.itrust.unit.action.ViewPatientActionTest</className>
          <testName>testGetViewablePatients</testName>
          <skipped>false</skipped>
          <errorStackTrace>java.lang.NullPointerException
	at edu.ncsu.csc.itrust.unit.action.ViewPatientActionTest.setUp(ViewPatientActionTest.java:27)
</errorStackTrace>
          <failedSince>1</failedSince>
        </case>
        <case>
          <duration>0.088</duration>
          <className>edu.ncsu.csc.itrust.unit.action.ViewPatientActionTest</className>
          <testName>testGetPatient</testName>
          <skipped>false</skipped>
          <errorStackTrace>java.lang.NullPointerException
	at edu.ncsu.csc.itrust.unit.action.ViewPatientActionTest.setUp(ViewPatientActionTest.java:27)
</errorStackTrace>
          <failedSince>1</failedSince>
        </case>
      </cases>
    </suite>
    <suite>
      <file>/var/lib/jenkins/workspace/itrust-main/iTrust-v23/iTrust/target/surefire-reports/TEST-edu.ncsu.csc.itrust.unit.action.ViewReportActionTest.xml</file>
      <name>edu.ncsu.csc.itrust.unit.action.ViewReportActionTest</name>
      <duration>0.007</duration>
      <time>0.007</time>
      <cases>
        <case>
          <duration>0.001</duration>
          <className>junit.framework.TestSuite$1</className>
          <testName>warning</testName>
          <skipped>false</skipped>
          <errorStackTrace>junit.framework.AssertionFailedError: 
Exception in constructor: testGetPatientl (java.lang.NullPointerException
	at edu.ncsu.csc.itrust.action.ViewReportAction.&lt;init&gt;(ViewReportAction.java:26)
	at edu.ncsu.csc.itrust.action.ViewReportAction.&lt;init&gt;(ViewReportAction.java:35)
	at edu.ncsu.csc.itrust.unit.action.ViewReportActionTest.&lt;init&gt;(ViewReportActionTest.java:17)
	at sun.reflect.NativeConstructorAccessorImpl.newInstance0(Native Method)
	at sun.reflect.NativeConstructorAccessorImpl.newInstance(NativeConstructorAccessorImpl.java:62)
	at sun.reflect.DelegatingConstructorAccessorImpl.newInstance(DelegatingConstructorAccessorImpl.java:45)
	at java.lang.reflect.Constructor.newInstance(Constructor.java:423)
	at junit.framework.TestSuite.createTest(TestSuite.java:60)
	at junit.framework.TestSuite.addTestMethod(TestSuite.java:307)
	at junit.framework.TestSuite.addTestsFromTestCase(TestSuite.java:150)
	at junit.framework.TestSuite.&lt;init&gt;(TestSuite.java:129)
	at org.junit.internal.runners.JUnit38ClassRunner.&lt;init&gt;(JUnit38ClassRunner.java:74)
	at org.junit.internal.builders.JUnit3Builder.runnerForClass(JUnit3Builder.java:11)
	at org.junit.runners.model.RunnerBuilder.safeRunnerForClass(RunnerBuilder.java:59)
	at org.junit.internal.builders.AllDefaultPossibilitiesBuilder.runnerForClass(AllDefaultPossibilitiesBuilder.java:26)
	at org.junit.runners.model.RunnerBuilder.safeRunnerForClass(RunnerBuilder.java:59)
	at org.junit.internal.requests.ClassRequest.getRunner(ClassRequest.java:33)
	at org.junit.internal.requests.FilterRequest.getRunner(FilterRequest.java:36)
	at org.apache.maven.surefire.junit4.JUnit4Provider.execute(JUnit4Provider.java:341)
	at org.apache.maven.surefire.junit4.JUnit4Provider.executeWithRerun(JUnit4Provider.java:269)
	at org.apache.maven.surefire.junit4.JUnit4Provider.executeTestSet(JUnit4Provider.java:240)
	at org.apache.maven.surefire.junit4.JUnit4Provider.invoke(JUnit4Provider.java:184)
	at org.apache.maven.surefire.booter.ForkedBooter.invokeProviderInSameClassLoader(ForkedBooter.java:286)
	at org.apache.maven.surefire.booter.ForkedBooter.runSuitesInProcess(ForkedBooter.java:240)
	at org.apache.maven.surefire.booter.ForkedBooter.main(ForkedBooter.java:121)
)
	at junit.framework.TestSuite$1.runTest(TestSuite.java:97)
</errorStackTrace>
          <errorDetails>Exception in constructor: testGetPatientl (java.lang.NullPointerException
 at edu.ncsu.csc.itrust.action.ViewReportAction.&lt;init&gt;(ViewReportAction.java:26)
 at edu.ncsu.csc.itrust.action.ViewReportAction.&lt;init&gt;(ViewReportAction.java:35)
 at edu.ncsu.csc.itrust.unit.action.ViewReportActionTest.&lt;init&gt;(ViewReportActionTest.java:17)
 at sun.reflect.NativeConstructorAccessorImpl.newInstance0(Native Method)
 at sun.reflect.NativeConstructorAccessorImpl.newInstance(NativeConstructorAccessorImpl.java:62)
 at sun.reflect.DelegatingConstructorAccessorImpl.newInstance(DelegatingConstructorAccessorImpl.java:45)
 at java.lang.reflect.Constructor.newInstance(Constructor.java:423)
 at junit.framework.TestSuite.createTest(TestSuite.java:60)
 at junit.framework.TestSuite.addTestMethod(TestSuite.java:307)
 at junit.framework.TestSuite.addTestsFromTestCase(TestSuite.java:150)
 at junit.framework.TestSuite.&lt;init&gt;(TestSuite.java:129)
 at org.junit.internal.runners.JUnit38ClassRunner.&lt;init&gt;(JUnit38ClassRunner.java:74)
 at org.junit.internal.builders.JUnit3Builder.runnerForClass(JUnit3Builder.java:11)
 at org.junit.runners.model.RunnerBuilder.safeRunnerForClass(RunnerBuilder.java:59)
 at org.junit.internal.builders.AllDefaultPossibilitiesBuilder.runnerForClass(AllDefaultPossibilitiesBuilder.java:26)
 at org.junit.runners.model.RunnerBuilder.safeRunnerForClass(RunnerBuilder.java:59)
 at org.junit.internal.requests.ClassRequest.getRunner(ClassRequest.java:33)
 at org.junit.internal.requests.FilterRequest.getRunner(FilterRequest.java:36)
 at org.apache.maven.surefire.junit4.JUnit4Provider.execute(JUnit4Provider.java:341)
 at org.apache.maven.surefire.junit4.JUnit4Provider.executeWithRerun(JUnit4Provider.java:269)
 at org.apache.maven.surefire.junit4.JUnit4Provider.executeTestSet(JUnit4Provider.java:240)
 at org.apache.maven.surefire.junit4.JUnit4Provider.invoke(JUnit4Provider.java:184)
 at org.apache.maven.surefire.booter.ForkedBooter.invokeProviderInSameClassLoader(ForkedBooter.java:286)
 at org.apache.maven.surefire.booter.ForkedBooter.runSuitesInProcess(ForkedBooter.java:240)
 at org.apache.maven.surefire.booter.ForkedBooter.main(ForkedBooter.java:121)
)</errorDetails>
          <failedSince>12</failedSince>
        </case>
        <case>
          <duration>0.0</duration>
          <className>junit.framework.TestSuite$1</className>
          <testName>warning</testName>
          <skipped>false</skipped>
          <errorStackTrace>junit.framework.AssertionFailedError: 
Exception in constructor: testGetDeclaredHCPs (java.lang.NullPointerException
	at edu.ncsu.csc.itrust.action.ViewReportAction.&lt;init&gt;(ViewReportAction.java:26)
	at edu.ncsu.csc.itrust.action.ViewReportAction.&lt;init&gt;(ViewReportAction.java:35)
	at edu.ncsu.csc.itrust.unit.action.ViewReportActionTest.&lt;init&gt;(ViewReportActionTest.java:17)
	at sun.reflect.NativeConstructorAccessorImpl.newInstance0(Native Method)
	at sun.reflect.NativeConstructorAccessorImpl.newInstance(NativeConstructorAccessorImpl.java:62)
	at sun.reflect.DelegatingConstructorAccessorImpl.newInstance(DelegatingConstructorAccessorImpl.java:45)
	at java.lang.reflect.Constructor.newInstance(Constructor.java:423)
	at junit.framework.TestSuite.createTest(TestSuite.java:60)
	at junit.framework.TestSuite.addTestMethod(TestSuite.java:307)
	at junit.framework.TestSuite.addTestsFromTestCase(TestSuite.java:150)
	at junit.framework.TestSuite.&lt;init&gt;(TestSuite.java:129)
	at org.junit.internal.runners.JUnit38ClassRunner.&lt;init&gt;(JUnit38ClassRunner.java:74)
	at org.junit.internal.builders.JUnit3Builder.runnerForClass(JUnit3Builder.java:11)
	at org.junit.runners.model.RunnerBuilder.safeRunnerForClass(RunnerBuilder.java:59)
	at org.junit.internal.builders.AllDefaultPossibilitiesBuilder.runnerForClass(AllDefaultPossibilitiesBuilder.java:26)
	at org.junit.runners.model.RunnerBuilder.safeRunnerForClass(RunnerBuilder.java:59)
	at org.junit.internal.requests.ClassRequest.getRunner(ClassRequest.java:33)
	at org.junit.internal.requests.FilterRequest.getRunner(FilterRequest.java:36)
	at org.apache.maven.surefire.junit4.JUnit4Provider.execute(JUnit4Provider.java:341)
	at org.apache.maven.surefire.junit4.JUnit4Provider.executeWithRerun(JUnit4Provider.java:269)
	at org.apache.maven.surefire.junit4.JUnit4Provider.executeTestSet(JUnit4Provider.java:240)
	at org.apache.maven.surefire.junit4.JUnit4Provider.invoke(JUnit4Provider.java:184)
	at org.apache.maven.surefire.booter.ForkedBooter.invokeProviderInSameClassLoader(ForkedBooter.java:286)
	at org.apache.maven.surefire.booter.ForkedBooter.runSuitesInProcess(ForkedBooter.java:240)
	at org.apache.maven.surefire.booter.ForkedBooter.main(ForkedBooter.java:121)
)
	at junit.framework.TestSuite$1.runTest(TestSuite.java:97)
</errorStackTrace>
          <errorDetails>Exception in constructor: testGetDeclaredHCPs (java.lang.NullPointerException
 at edu.ncsu.csc.itrust.action.ViewReportAction.&lt;init&gt;(ViewReportAction.java:26)
 at edu.ncsu.csc.itrust.action.ViewReportAction.&lt;init&gt;(ViewReportAction.java:35)
 at edu.ncsu.csc.itrust.unit.action.ViewReportActionTest.&lt;init&gt;(ViewReportActionTest.java:17)
 at sun.reflect.NativeConstructorAccessorImpl.newInstance0(Native Method)
 at sun.reflect.NativeConstructorAccessorImpl.newInstance(NativeConstructorAccessorImpl.java:62)
 at sun.reflect.DelegatingConstructorAccessorImpl.newInstance(DelegatingConstructorAccessorImpl.java:45)
 at java.lang.reflect.Constructor.newInstance(Constructor.java:423)
 at junit.framework.TestSuite.createTest(TestSuite.java:60)
 at junit.framework.TestSuite.addTestMethod(TestSuite.java:307)
 at junit.framework.TestSuite.addTestsFromTestCase(TestSuite.java:150)
 at junit.framework.TestSuite.&lt;init&gt;(TestSuite.java:129)
 at org.junit.internal.runners.JUnit38ClassRunner.&lt;init&gt;(JUnit38ClassRunner.java:74)
 at org.junit.internal.builders.JUnit3Builder.runnerForClass(JUnit3Builder.java:11)
 at org.junit.runners.model.RunnerBuilder.safeRunnerForClass(RunnerBuilder.java:59)
 at org.junit.internal.builders.AllDefaultPossibilitiesBuilder.runnerForClass(AllDefaultPossibilitiesBuilder.java:26)
 at org.junit.runners.model.RunnerBuilder.safeRunnerForClass(RunnerBuilder.java:59)
 at org.junit.internal.requests.ClassRequest.getRunner(ClassRequest.java:33)
 at org.junit.internal.requests.FilterRequest.getRunner(FilterRequest.java:36)
 at org.apache.maven.surefire.junit4.JUnit4Provider.execute(JUnit4Provider.java:341)
 at org.apache.maven.surefire.junit4.JUnit4Provider.executeWithRerun(JUnit4Provider.java:269)
 at org.apache.maven.surefire.junit4.JUnit4Provider.executeTestSet(JUnit4Provider.java:240)
 at org.apache.maven.surefire.junit4.JUnit4Provider.invoke(JUnit4Provider.java:184)
 at org.apache.maven.surefire.booter.ForkedBooter.invokeProviderInSameClassLoader(ForkedBooter.java:286)
 at org.apache.maven.surefire.booter.ForkedBooter.runSuitesInProcess(ForkedBooter.java:240)
 at org.apache.maven.surefire.booter.ForkedBooter.main(ForkedBooter.java:121)
)</errorDetails>
          <failedSince>12</failedSince>
        </case>
        <case>
          <duration>0.006</duration>
          <className>junit.framework.TestSuite$1</className>
          <testName>warning</testName>
          <skipped>false</skipped>
          <errorStackTrace>junit.framework.AssertionFailedError: 
Exception in constructor: testGetPersonnel (java.lang.NullPointerException
	at edu.ncsu.csc.itrust.action.ViewReportAction.&lt;init&gt;(ViewReportAction.java:26)
	at edu.ncsu.csc.itrust.action.ViewReportAction.&lt;init&gt;(ViewReportAction.java:35)
	at edu.ncsu.csc.itrust.unit.action.ViewReportActionTest.&lt;init&gt;(ViewReportActionTest.java:17)
	at sun.reflect.NativeConstructorAccessorImpl.newInstance0(Native Method)
	at sun.reflect.NativeConstructorAccessorImpl.newInstance(NativeConstructorAccessorImpl.java:62)
	at sun.reflect.DelegatingConstructorAccessorImpl.newInstance(DelegatingConstructorAccessorImpl.java:45)
	at java.lang.reflect.Constructor.newInstance(Constructor.java:423)
	at junit.framework.TestSuite.createTest(TestSuite.java:60)
	at junit.framework.TestSuite.addTestMethod(TestSuite.java:307)
	at junit.framework.TestSuite.addTestsFromTestCase(TestSuite.java:150)
	at junit.framework.TestSuite.&lt;init&gt;(TestSuite.java:129)
	at org.junit.internal.runners.JUnit38ClassRunner.&lt;init&gt;(JUnit38ClassRunner.java:74)
	at org.junit.internal.builders.JUnit3Builder.runnerForClass(JUnit3Builder.java:11)
	at org.junit.runners.model.RunnerBuilder.safeRunnerForClass(RunnerBuilder.java:59)
	at org.junit.internal.builders.AllDefaultPossibilitiesBuilder.runnerForClass(AllDefaultPossibilitiesBuilder.java:26)
	at org.junit.runners.model.RunnerBuilder.safeRunnerForClass(RunnerBuilder.java:59)
	at org.junit.internal.requests.ClassRequest.getRunner(ClassRequest.java:33)
	at org.junit.internal.requests.FilterRequest.getRunner(FilterRequest.java:36)
	at org.apache.maven.surefire.junit4.JUnit4Provider.execute(JUnit4Provider.java:341)
	at org.apache.maven.surefire.junit4.JUnit4Provider.executeWithRerun(JUnit4Provider.java:269)
	at org.apache.maven.surefire.junit4.JUnit4Provider.executeTestSet(JUnit4Provider.java:240)
	at org.apache.maven.surefire.junit4.JUnit4Provider.invoke(JUnit4Provider.java:184)
	at org.apache.maven.surefire.booter.ForkedBooter.invokeProviderInSameClassLoader(ForkedBooter.java:286)
	at org.apache.maven.surefire.booter.ForkedBooter.runSuitesInProcess(ForkedBooter.java:240)
	at org.apache.maven.surefire.booter.ForkedBooter.main(ForkedBooter.java:121)
)
	at junit.framework.TestSuite$1.runTest(TestSuite.java:97)
</errorStackTrace>
          <errorDetails>Exception in constructor: testGetPersonnel (java.lang.NullPointerException
 at edu.ncsu.csc.itrust.action.ViewReportAction.&lt;init&gt;(ViewReportAction.java:26)
 at edu.ncsu.csc.itrust.action.ViewReportAction.&lt;init&gt;(ViewReportAction.java:35)
 at edu.ncsu.csc.itrust.unit.action.ViewReportActionTest.&lt;init&gt;(ViewReportActionTest.java:17)
 at sun.reflect.NativeConstructorAccessorImpl.newInstance0(Native Method)
 at sun.reflect.NativeConstructorAccessorImpl.newInstance(NativeConstructorAccessorImpl.java:62)
 at sun.reflect.DelegatingConstructorAccessorImpl.newInstance(DelegatingConstructorAccessorImpl.java:45)
 at java.lang.reflect.Constructor.newInstance(Constructor.java:423)
 at junit.framework.TestSuite.createTest(TestSuite.java:60)
 at junit.framework.TestSuite.addTestMethod(TestSuite.java:307)
 at junit.framework.TestSuite.addTestsFromTestCase(TestSuite.java:150)
 at junit.framework.TestSuite.&lt;init&gt;(TestSuite.java:129)
 at org.junit.internal.runners.JUnit38ClassRunner.&lt;init&gt;(JUnit38ClassRunner.java:74)
 at org.junit.internal.builders.JUnit3Builder.runnerForClass(JUnit3Builder.java:11)
 at org.junit.runners.model.RunnerBuilder.safeRunnerForClass(RunnerBuilder.java:59)
 at org.junit.internal.builders.AllDefaultPossibilitiesBuilder.runnerForClass(AllDefaultPossibilitiesBuilder.java:26)
 at org.junit.runners.model.RunnerBuilder.safeRunnerForClass(RunnerBuilder.java:59)
 at org.junit.internal.requests.ClassRequest.getRunner(ClassRequest.java:33)
 at org.junit.internal.requests.FilterRequest.getRunner(FilterRequest.java:36)
 at org.apache.maven.surefire.junit4.JUnit4Provider.execute(JUnit4Provider.java:341)
 at org.apache.maven.surefire.junit4.JUnit4Provider.executeWithRerun(JUnit4Provider.java:269)
 at org.apache.maven.surefire.junit4.JUnit4Provider.executeTestSet(JUnit4Provider.java:240)
 at org.apache.maven.surefire.junit4.JUnit4Provider.invoke(JUnit4Provider.java:184)
 at org.apache.maven.surefire.booter.ForkedBooter.invokeProviderInSameClassLoader(ForkedBooter.java:286)
 at org.apache.maven.surefire.booter.ForkedBooter.runSuitesInProcess(ForkedBooter.java:240)
 at org.apache.maven.surefire.booter.ForkedBooter.main(ForkedBooter.java:121)
)</errorDetails>
          <failedSince>12</failedSince>
        </case>
      </cases>
    </suite>
    <suite>
      <file>/var/lib/jenkins/workspace/itrust-main/iTrust-v23/iTrust/target/surefire-reports/TEST-edu.ncsu.csc.itrust.unit.bean.AllergyBeanTest.xml</file>
      <name>edu.ncsu.csc.itrust.unit.bean.AllergyBeanTest</name>
      <duration>0.008</duration>
      <time>0.008</time>
      <cases>
        <case>
          <duration>0.005</duration>
          <className>edu.ncsu.csc.itrust.unit.bean.AllergyBeanTest</className>
          <testName>testGetID</testName>
          <skipped>false</skipped>
          <failedSince>0</failedSince>
        </case>
        <case>
          <duration>0.0</duration>
          <className>edu.ncsu.csc.itrust.unit.bean.AllergyBeanTest</className>
          <testName>testFirstFound</testName>
          <skipped>false</skipped>
          <errorStackTrace>junit.framework.ComparisonFailure: expected:&lt;[05/19/1984]&gt; but was:&lt;[]&gt;
	at edu.ncsu.csc.itrust.unit.bean.AllergyBeanTest.testFirstFound(AllergyBeanTest.java:12)
</errorStackTrace>
          <errorDetails>expected:&lt;[05/19/1984]&gt; but was:&lt;[]&gt;</errorDetails>
          <failedSince>1</failedSince>
        </case>
        <case>
          <duration>0.002</duration>
          <className>edu.ncsu.csc.itrust.unit.bean.AllergyBeanTest</className>
          <testName>testInvalidFirstFound</testName>
          <skipped>false</skipped>
          <errorStackTrace>java.lang.NullPointerException
	at edu.ncsu.csc.itrust.unit.bean.AllergyBeanTest.testInvalidFirstFound(AllergyBeanTest.java:25)
</errorStackTrace>
          <failedSince>12</failedSince>
        </case>
      </cases>
    </suite>
    <suite>
      <file>/var/lib/jenkins/workspace/itrust-main/iTrust-v23/iTrust/target/surefire-reports/TEST-edu.ncsu.csc.itrust.unit.bean.ApptRequestBeanTest.xml</file>
      <name>edu.ncsu.csc.itrust.unit.bean.ApptRequestBeanTest</name>
      <duration>0.005</duration>
      <time>0.005</time>
      <cases>
        <case>
          <duration>0.003</duration>
          <className>edu.ncsu.csc.itrust.unit.bean.ApptRequestBeanTest</className>
          <testName>testAccepted</testName>
          <skipped>false</skipped>
          <errorStackTrace>junit.framework.AssertionFailedError
	at edu.ncsu.csc.itrust.unit.bean.ApptRequestBeanTest.testAccepted(ApptRequestBeanTest.java:39)
</errorStackTrace>
          <failedSince>1</failedSince>
        </case>
        <case>
          <duration>0.0</duration>
          <className>edu.ncsu.csc.itrust.unit.bean.ApptRequestBeanTest</className>
          <testName>testPending</testName>
          <skipped>false</skipped>
          <errorStackTrace>junit.framework.AssertionFailedError
	at edu.ncsu.csc.itrust.unit.bean.ApptRequestBeanTest.testPending(ApptRequestBeanTest.java:27)
</errorStackTrace>
          <failedSince>1</failedSince>
        </case>
        <case>
          <duration>0.001</duration>
          <className>edu.ncsu.csc.itrust.unit.bean.ApptRequestBeanTest</className>
          <testName>testGetRequestedAppt</testName>
          <skipped>false</skipped>
          <failedSince>0</failedSince>
        </case>
      </cases>
    </suite>
    <suite>
      <file>/var/lib/jenkins/workspace/itrust-main/iTrust-v23/iTrust/target/surefire-reports/TEST-edu.ncsu.csc.itrust.unit.bean.BeanLoaderTest.xml</file>
      <name>edu.ncsu.csc.itrust.unit.bean.BeanLoaderTest</name>
      <duration>0.002</duration>
      <time>0.002</time>
      <cases>
        <case>
          <duration>0.002</duration>
          <className>edu.ncsu.csc.itrust.unit.bean.BeanLoaderTest</className>
          <testName>testLoadParameters</testName>
          <skipped>false</skipped>
          <failedSince>0</failedSince>
        </case>
      </cases>
    </suite>
    <suite>
      <file>/var/lib/jenkins/workspace/itrust-main/iTrust-v23/iTrust/target/surefire-reports/TEST-edu.ncsu.csc.itrust.unit.bean.BillingBeanLoaderTest.xml</file>
      <name>edu.ncsu.csc.itrust.unit.bean.BillingBeanLoaderTest</name>
      <duration>0.006</duration>
      <time>0.006</time>
      <cases>
        <case>
          <duration>0.001</duration>
          <className>edu.ncsu.csc.itrust.unit.bean.BillingBeanLoaderTest</className>
          <testName>testLoadList</testName>
          <skipped>false</skipped>
          <failedSince>0</failedSince>
        </case>
        <case>
          <duration>0.003</duration>
          <className>edu.ncsu.csc.itrust.unit.bean.BillingBeanLoaderTest</className>
          <testName>testLoadSingle</testName>
          <skipped>false</skipped>
          <errorStackTrace>java.lang.NullPointerException
	at edu.ncsu.csc.itrust.unit.bean.BillingBeanLoaderTest.testLoadSingle(BillingBeanLoaderTest.java:78)
</errorStackTrace>
          <failedSince>1</failedSince>
        </case>
        <case>
          <duration>0.001</duration>
          <className>edu.ncsu.csc.itrust.unit.bean.BillingBeanLoaderTest</className>
          <testName>testLoadParameters</testName>
          <skipped>false</skipped>
          <failedSince>0</failedSince>
        </case>
      </cases>
    </suite>
    <suite>
      <file>/var/lib/jenkins/workspace/itrust-main/iTrust-v23/iTrust/target/surefire-reports/TEST-edu.ncsu.csc.itrust.unit.bean.DistanceComparatorTest.xml</file>
      <name>edu.ncsu.csc.itrust.unit.bean.DistanceComparatorTest</name>
      <duration>1.165</duration>
      <time>1.165</time>
      <cases>
        <case>
          <duration>0.393</duration>
          <className>edu.ncsu.csc.itrust.unit.bean.DistanceComparatorTest</className>
          <testName>testComparatorEvil</testName>
          <skipped>false</skipped>
          <errorStackTrace>junit.framework.AssertionFailedError
	at edu.ncsu.csc.itrust.unit.bean.DistanceComparatorTest.testComparatorEvil(DistanceComparatorTest.java:86)
</errorStackTrace>
          <stderr>edu.ncsu.csc.itrust.exception.DBException: A database exception has occurred. Please see the log in the console for stacktrace
	at edu.ncsu.csc.itrust.model.old.dao.mysql.PersonnelDAO.getAllPersonnel(PersonnelDAO.java:311)
	at edu.ncsu.csc.itrust.unit.bean.DistanceComparatorTest.testComparatorEvil(DistanceComparatorTest.java:75)
	at sun.reflect.NativeMethodAccessorImpl.invoke0(Native Method)
	at sun.reflect.NativeMethodAccessorImpl.invoke(NativeMethodAccessorImpl.java:62)
	at sun.reflect.DelegatingMethodAccessorImpl.invoke(DelegatingMethodAccessorImpl.java:43)
	at java.lang.reflect.Method.invoke(Method.java:498)
	at junit.framework.TestCase.runTest(TestCase.java:176)
	at junit.framework.TestCase.runBare(TestCase.java:141)
	at junit.framework.TestResult$1.protect(TestResult.java:122)
	at junit.framework.TestResult.runProtected(TestResult.java:142)
	at junit.framework.TestResult.run(TestResult.java:125)
	at junit.framework.TestCase.run(TestCase.java:129)
	at junit.framework.TestSuite.runTest(TestSuite.java:252)
	at junit.framework.TestSuite.run(TestSuite.java:247)
	at org.junit.internal.runners.JUnit38ClassRunner.run(JUnit38ClassRunner.java:86)
	at org.apache.maven.surefire.junit4.JUnit4Provider.execute(JUnit4Provider.java:344)
	at org.apache.maven.surefire.junit4.JUnit4Provider.executeWithRerun(JUnit4Provider.java:269)
	at org.apache.maven.surefire.junit4.JUnit4Provider.executeTestSet(JUnit4Provider.java:240)
	at org.apache.maven.surefire.junit4.JUnit4Provider.invoke(JUnit4Provider.java:184)
	at org.apache.maven.surefire.booter.ForkedBooter.invokeProviderInSameClassLoader(ForkedBooter.java:286)
	at org.apache.maven.surefire.booter.ForkedBooter.runSuitesInProcess(ForkedBooter.java:240)
	at org.apache.maven.surefire.booter.ForkedBooter.main(ForkedBooter.java:121)
</stderr>
          <failedSince>1</failedSince>
        </case>
        <case>
          <duration>0.301</duration>
          <className>edu.ncsu.csc.itrust.unit.bean.DistanceComparatorTest</className>
          <testName>testComparator</testName>
          <skipped>false</skipped>
          <failedSince>0</failedSince>
        </case>
        <case>
          <duration>0.47</duration>
          <className>edu.ncsu.csc.itrust.unit.bean.DistanceComparatorTest</className>
          <testName>testError</testName>
          <skipped>false</skipped>
          <failedSince>0</failedSince>
        </case>
      </cases>
    </suite>
    <suite>
      <file>/var/lib/jenkins/workspace/itrust-main/iTrust-v23/iTrust/target/surefire-reports/TEST-edu.ncsu.csc.itrust.unit.bean.EmailBeanTest.xml</file>
      <name>edu.ncsu.csc.itrust.unit.bean.EmailBeanTest</name>
      <duration>0.005</duration>
      <time>0.005</time>
      <cases>
        <case>
          <duration>0.0</duration>
          <className>edu.ncsu.csc.itrust.unit.bean.EmailBeanTest</className>
          <testName>testAttributes</testName>
          <skipped>false</skipped>
          <failedSince>0</failedSince>
        </case>
        <case>
          <duration>0.001</duration>
          <className>edu.ncsu.csc.itrust.unit.bean.EmailBeanTest</className>
          <testName>testMakeStr</testName>
          <skipped>false</skipped>
          <failedSince>0</failedSince>
        </case>
        <case>
          <duration>0.0</duration>
          <className>edu.ncsu.csc.itrust.unit.bean.EmailBeanTest</className>
          <testName>testEquals</testName>
          <skipped>false</skipped>
          <errorStackTrace>junit.framework.AssertionFailedError: expected:&lt;FROM: from address TO: [first, second, third] SUBJECT: this is the subject BODY: this is the body&gt; but was:&lt;FROM: from address TO: [first, second, third] SUBJECT: this is the subject BODY: this is the body&gt;
	at edu.ncsu.csc.itrust.unit.bean.EmailBeanTest.testEquals(EmailBeanTest.java:23)
</errorStackTrace>
          <errorDetails>expected:&lt;FROM: from address TO: [first, second, third] SUBJECT: this is the subject BODY: this is the body&gt; but was:&lt;FROM: from address TO: [first, second, third] SUBJECT: this is the subject BODY: this is the body&gt;</errorDetails>
          <failedSince>1</failedSince>
        </case>
        <case>
          <duration>0.0</duration>
          <className>edu.ncsu.csc.itrust.unit.bean.EmailBeanTest</className>
          <testName>testGetHashCode</testName>
          <skipped>false</skipped>
          <failedSince>0</failedSince>
        </case>
        <case>
          <duration>0.001</duration>
          <className>edu.ncsu.csc.itrust.unit.bean.EmailBeanTest</className>
          <testName>testToList</testName>
          <skipped>false</skipped>
          <failedSince>0</failedSince>
        </case>
      </cases>
    </suite>
    <suite>
      <file>/var/lib/jenkins/workspace/itrust-main/iTrust-v23/iTrust/target/surefire-reports/TEST-edu.ncsu.csc.itrust.unit.bean.GroupReportBeanTest.xml</file>
      <name>edu.ncsu.csc.itrust.unit.bean.GroupReportBeanTest</name>
      <duration>8.608</duration>
      <time>8.608</time>
      <cases>
        <case>
          <duration>7.744</duration>
          <className>edu.ncsu.csc.itrust.unit.bean.GroupReportBeanTest</className>
          <testName>testGetPatients</testName>
          <skipped>false</skipped>
          <failedSince>0</failedSince>
        </case>
        <case>
          <duration>0.317</duration>
          <className>edu.ncsu.csc.itrust.unit.bean.GroupReportBeanTest</className>
          <testName>testGetFilters</testName>
          <skipped>false</skipped>
          <failedSince>0</failedSince>
        </case>
        <case>
          <duration>0.272</duration>
          <className>edu.ncsu.csc.itrust.unit.bean.GroupReportBeanTest</className>
          <testName>testGetFilterStrings</testName>
          <skipped>false</skipped>
          <failedSince>0</failedSince>
        </case>
        <case>
          <duration>0.272</duration>
          <className>edu.ncsu.csc.itrust.unit.bean.GroupReportBeanTest</className>
          <testName>testGetPatientNames</testName>
          <skipped>false</skipped>
          <failedSince>0</failedSince>
        </case>
      </cases>
    </suite>
    <suite>
      <file>/var/lib/jenkins/workspace/itrust-main/iTrust-v23/iTrust/target/surefire-reports/TEST-edu.ncsu.csc.itrust.unit.bean.HCPLinkBeanTest.xml</file>
      <name>edu.ncsu.csc.itrust.unit.bean.HCPLinkBeanTest</name>
      <duration>0.004</duration>
      <time>0.004</time>
      <cases>
        <case>
          <duration>0.001</duration>
          <className>edu.ncsu.csc.itrust.unit.bean.HCPLinkBeanTest</className>
          <testName>testGetPresciberMID</testName>
          <skipped>false</skipped>
          <failedSince>0</failedSince>
        </case>
        <case>
          <duration>0.001</duration>
          <className>edu.ncsu.csc.itrust.unit.bean.HCPLinkBeanTest</className>
          <testName>testGetDrug</testName>
          <skipped>false</skipped>
          <failedSince>0</failedSince>
        </case>
        <case>
          <duration>0.0</duration>
          <className>edu.ncsu.csc.itrust.unit.bean.HCPLinkBeanTest</className>
          <testName>testChecked</testName>
          <skipped>false</skipped>
          <failedSince>0</failedSince>
        </case>
      </cases>
    </suite>
    <suite>
      <file>/var/lib/jenkins/workspace/itrust-main/iTrust-v23/iTrust/target/surefire-reports/TEST-edu.ncsu.csc.itrust.unit.bean.HospitalBeanTest.xml</file>
      <name>edu.ncsu.csc.itrust.unit.bean.HospitalBeanTest</name>
      <duration>0.004</duration>
      <time>0.004</time>
      <cases>
        <case>
          <duration>0.002</duration>
          <className>edu.ncsu.csc.itrust.unit.bean.HospitalBeanTest</className>
          <testName>testHospitalBean</testName>
          <skipped>false</skipped>
          <failedSince>0</failedSince>
        </case>
        <case>
          <duration>0.001</duration>
          <className>edu.ncsu.csc.itrust.unit.bean.HospitalBeanTest</className>
          <testName>testFullConstructor</testName>
          <skipped>false</skipped>
          <failedSince>0</failedSince>
        </case>
      </cases>
    </suite>
    <suite>
      <file>/var/lib/jenkins/workspace/itrust-main/iTrust-v23/iTrust/target/surefire-reports/TEST-edu.ncsu.csc.itrust.unit.bean.MedicationBeanTest.xml</file>
      <name>edu.ncsu.csc.itrust.unit.bean.MedicationBeanTest</name>
      <duration>0.004</duration>
      <time>0.004</time>
      <cases>
        <case>
          <duration>0.001</duration>
          <className>edu.ncsu.csc.itrust.unit.bean.MedicationBeanTest</className>
          <testName>testGetFormatted</testName>
          <skipped>false</skipped>
          <failedSince>0</failedSince>
        </case>
        <case>
          <duration>0.0</duration>
          <className>edu.ncsu.csc.itrust.unit.bean.MedicationBeanTest</className>
          <testName>testShortCode</testName>
          <skipped>false</skipped>
          <failedSince>0</failedSince>
        </case>
        <case>
          <duration>0.001</duration>
          <className>edu.ncsu.csc.itrust.unit.bean.MedicationBeanTest</className>
          <testName>testPrescriptionEquals</testName>
          <skipped>false</skipped>
          <errorStackTrace>junit.framework.AssertionFailedError: expected:&lt;edu.ncsu.csc.itrust.model.old.beans.MedicationBean@2a&gt; but was:&lt;edu.ncsu.csc.itrust.model.old.beans.MedicationBean@2a&gt;
	at edu.ncsu.csc.itrust.unit.bean.MedicationBeanTest.testPrescriptionEquals(MedicationBeanTest.java:24)
</errorStackTrace>
          <errorDetails>expected:&lt;edu.ncsu.csc.itrust.model.old.beans.MedicationBean@2a&gt; but was:&lt;edu.ncsu.csc.itrust.model.old.beans.MedicationBean@2a&gt;</errorDetails>
          <failedSince>12</failedSince>
        </case>
      </cases>
    </suite>
    <suite>
      <file>/var/lib/jenkins/workspace/itrust-main/iTrust-v23/iTrust/target/surefire-reports/TEST-edu.ncsu.csc.itrust.unit.bean.OverrideReasonBeanTest.xml</file>
      <name>edu.ncsu.csc.itrust.unit.bean.OverrideReasonBeanTest</name>
      <duration>0.004</duration>
      <time>0.004</time>
      <cases>
        <case>
          <duration>0.002</duration>
          <className>edu.ncsu.csc.itrust.unit.bean.OverrideReasonBeanTest</className>
          <testName>testPrescriptionEquals</testName>
          <skipped>false</skipped>
          <failedSince>0</failedSince>
        </case>
      </cases>
    </suite>
    <suite>
      <file>/var/lib/jenkins/workspace/itrust-main/iTrust-v23/iTrust/target/surefire-reports/TEST-edu.ncsu.csc.itrust.unit.bean.PatientBeanTest.xml</file>
      <name>edu.ncsu.csc.itrust.unit.bean.PatientBeanTest</name>
      <duration>0.01</duration>
      <time>0.01</time>
      <cases>
        <case>
          <duration>0.005</duration>
          <className>edu.ncsu.csc.itrust.unit.bean.PatientBeanTest</className>
          <testName>testAgeZero</testName>
          <skipped>false</skipped>
          <failedSince>0</failedSince>
        </case>
        <case>
          <duration>0.002</duration>
          <className>edu.ncsu.csc.itrust.unit.bean.PatientBeanTest</className>
          <testName>testAge10</testName>
          <skipped>false</skipped>
          <failedSince>0</failedSince>
        </case>
        <case>
          <duration>0.001</duration>
          <className>edu.ncsu.csc.itrust.unit.bean.PatientBeanTest</className>
          <testName>testBean</testName>
          <skipped>false</skipped>
          <failedSince>0</failedSince>
        </case>
      </cases>
    </suite>
    <suite>
      <file>/var/lib/jenkins/workspace/itrust-main/iTrust-v23/iTrust/target/surefire-reports/TEST-edu.ncsu.csc.itrust.unit.bean.PersonnelBeanTest.xml</file>
      <name>edu.ncsu.csc.itrust.unit.bean.PersonnelBeanTest</name>
      <duration>0.002</duration>
      <time>0.002</time>
      <cases>
        <case>
          <duration>0.0</duration>
          <className>edu.ncsu.csc.itrust.unit.bean.PersonnelBeanTest</className>
          <testName>testPersonnelBeanSecurity</testName>
          <skipped>false</skipped>
          <failedSince>0</failedSince>
        </case>
      </cases>
    </suite>
    <suite>
      <file>/var/lib/jenkins/workspace/itrust-main/iTrust-v23/iTrust/target/surefire-reports/TEST-edu.ncsu.csc.itrust.unit.bean.RatingComparatorTest.xml</file>
      <name>edu.ncsu.csc.itrust.unit.bean.RatingComparatorTest</name>
      <duration>0.304</duration>
      <time>0.304</time>
      <cases>
        <case>
          <duration>0.303</duration>
          <className>edu.ncsu.csc.itrust.unit.bean.RatingComparatorTest</className>
          <testName>testComparator</testName>
          <skipped>false</skipped>
          <failedSince>0</failedSince>
        </case>
      </cases>
    </suite>
    <suite>
      <file>/var/lib/jenkins/workspace/itrust-main/iTrust-v23/iTrust/target/surefire-reports/TEST-edu.ncsu.csc.itrust.unit.bean.RecordsReleaseBeanTest.xml</file>
      <name>edu.ncsu.csc.itrust.unit.bean.RecordsReleaseBeanTest</name>
      <duration>0.01</duration>
      <time>0.01</time>
      <cases>
        <case>
          <duration>0.001</duration>
          <className>edu.ncsu.csc.itrust.unit.bean.RecordsReleaseBeanTest</className>
          <testName>testReleaseHospitalID</testName>
          <skipped>false</skipped>
          <failedSince>0</failedSince>
        </case>
        <case>
          <duration>0.0</duration>
          <className>edu.ncsu.csc.itrust.unit.bean.RecordsReleaseBeanTest</className>
          <testName>testPid</testName>
          <skipped>false</skipped>
          <failedSince>0</failedSince>
        </case>
        <case>
          <duration>0.0</duration>
          <className>edu.ncsu.csc.itrust.unit.bean.RecordsReleaseBeanTest</className>
          <testName>testDocFirstName</testName>
          <skipped>false</skipped>
          <failedSince>0</failedSince>
        </case>
        <case>
          <duration>0.0</duration>
          <className>edu.ncsu.csc.itrust.unit.bean.RecordsReleaseBeanTest</className>
          <testName>testRecHospitalAddress</testName>
          <skipped>false</skipped>
          <failedSince>0</failedSince>
        </case>
        <case>
          <duration>0.0</duration>
          <className>edu.ncsu.csc.itrust.unit.bean.RecordsReleaseBeanTest</className>
          <testName>testJustification</testName>
          <skipped>false</skipped>
          <failedSince>0</failedSince>
        </case>
        <case>
          <duration>0.0</duration>
          <className>edu.ncsu.csc.itrust.unit.bean.RecordsReleaseBeanTest</className>
          <testName>testRecHospitalName</testName>
          <skipped>false</skipped>
          <failedSince>0</failedSince>
        </case>
        <case>
          <duration>0.0</duration>
          <className>edu.ncsu.csc.itrust.unit.bean.RecordsReleaseBeanTest</className>
          <testName>testDocLastName</testName>
          <skipped>false</skipped>
          <failedSince>0</failedSince>
        </case>
        <case>
          <duration>0.001</duration>
          <className>edu.ncsu.csc.itrust.unit.bean.RecordsReleaseBeanTest</className>
          <testName>testDateRequested</testName>
          <skipped>false</skipped>
          <failedSince>0</failedSince>
        </case>
        <case>
          <duration>0.0</duration>
          <className>edu.ncsu.csc.itrust.unit.bean.RecordsReleaseBeanTest</className>
          <testName>testReleaseID</testName>
          <skipped>false</skipped>
          <failedSince>0</failedSince>
        </case>
        <case>
          <duration>0.001</duration>
          <className>edu.ncsu.csc.itrust.unit.bean.RecordsReleaseBeanTest</className>
          <testName>testDocEmail</testName>
          <skipped>false</skipped>
          <failedSince>0</failedSince>
        </case>
        <case>
          <duration>0.0</duration>
          <className>edu.ncsu.csc.itrust.unit.bean.RecordsReleaseBeanTest</className>
          <testName>testDocPhone</testName>
          <skipped>false</skipped>
          <failedSince>0</failedSince>
        </case>
        <case>
          <duration>0.001</duration>
          <className>edu.ncsu.csc.itrust.unit.bean.RecordsReleaseBeanTest</className>
          <testName>testStatus</testName>
          <skipped>false</skipped>
          <failedSince>0</failedSince>
        </case>
      </cases>
    </suite>
    <suite>
      <file>/var/lib/jenkins/workspace/itrust-main/iTrust-v23/iTrust/target/surefire-reports/TEST-edu.ncsu.csc.itrust.unit.bean.ReportRequestBeanTest.xml</file>
      <name>edu.ncsu.csc.itrust.unit.bean.ReportRequestBeanTest</name>
      <duration>0.01</duration>
      <time>0.01</time>
      <cases>
        <case>
          <duration>0.006</duration>
          <className>edu.ncsu.csc.itrust.unit.bean.ReportRequestBeanTest</className>
          <testName>testReportRequestBean</testName>
          <skipped>false</skipped>
          <errorStackTrace>junit.framework.ComparisonFailure: expected:&lt;[01/01/2008 12:00]&gt; but was:&lt;[]&gt;
	at edu.ncsu.csc.itrust.unit.bean.ReportRequestBeanTest.testReportRequestBean(ReportRequestBeanTest.java:23)
</errorStackTrace>
          <errorDetails>expected:&lt;[01/01/2008 12:00]&gt; but was:&lt;[]&gt;</errorDetails>
          <failedSince>1</failedSince>
        </case>
        <case>
          <duration>0.001</duration>
          <className>edu.ncsu.csc.itrust.unit.bean.ReportRequestBeanTest</className>
          <testName>testBadRequestedDate</testName>
          <skipped>false</skipped>
          <errorStackTrace>java.lang.NullPointerException
	at edu.ncsu.csc.itrust.unit.bean.ReportRequestBeanTest.testBadRequestedDate(ReportRequestBeanTest.java:30)
</errorStackTrace>
          <failedSince>1</failedSince>
        </case>
      </cases>
    </suite>
    <suite>
      <file>/var/lib/jenkins/workspace/itrust-main/iTrust-v23/iTrust/target/surefire-reports/TEST-edu.ncsu.csc.itrust.unit.bean.ReviewsBeanLoaderTest.xml</file>
      <name>edu.ncsu.csc.itrust.unit.bean.ReviewsBeanLoaderTest</name>
      <duration>0.011</duration>
      <time>0.011</time>
      <cases>
        <case>
          <duration>0.002</duration>
          <className>edu.ncsu.csc.itrust.unit.bean.ReviewsBeanLoaderTest</className>
          <testName>testLoadList</testName>
          <skipped>false</skipped>
          <failedSince>0</failedSince>
        </case>
        <case>
          <duration>0.001</duration>
          <className>edu.ncsu.csc.itrust.unit.bean.ReviewsBeanLoaderTest</className>
          <testName>testLoadSingle</testName>
          <skipped>false</skipped>
          <failedSince>0</failedSince>
        </case>
        <case>
          <duration>0.006</duration>
          <className>edu.ncsu.csc.itrust.unit.bean.ReviewsBeanLoaderTest</className>
          <testName>testLoadParameters</testName>
          <skipped>false</skipped>
          <failedSince>0</failedSince>
        </case>
      </cases>
    </suite>
    <suite>
      <file>/var/lib/jenkins/workspace/itrust-main/iTrust-v23/iTrust/target/surefire-reports/TEST-edu.ncsu.csc.itrust.unit.bean.SurveyBeanTest.xml</file>
      <name>edu.ncsu.csc.itrust.unit.bean.SurveyBeanTest</name>
      <duration>0.004</duration>
      <time>0.004</time>
      <cases>
        <case>
          <duration>0.003</duration>
          <className>edu.ncsu.csc.itrust.unit.bean.SurveyBeanTest</className>
          <testName>testSurveyBean</testName>
          <skipped>false</skipped>
          <failedSince>0</failedSince>
        </case>
      </cases>
    </suite>
    <suite>
      <file>/var/lib/jenkins/workspace/itrust-main/iTrust-v23/iTrust/target/surefire-reports/TEST-edu.ncsu.csc.itrust.unit.bean.SurveyResultBeanTest.xml</file>
      <name>edu.ncsu.csc.itrust.unit.bean.SurveyResultBeanTest</name>
      <duration>0.002</duration>
      <time>0.002</time>
      <cases>
        <case>
          <duration>0.002</duration>
          <className>edu.ncsu.csc.itrust.unit.bean.SurveyResultBeanTest</className>
          <testName>testSurveyResultBean</testName>
          <skipped>false</skipped>
          <failedSince>0</failedSince>
        </case>
      </cases>
    </suite>
    <suite>
      <file>/var/lib/jenkins/workspace/itrust-main/iTrust-v23/iTrust/target/surefire-reports/TEST-edu.ncsu.csc.itrust.unit.bean.TelemedicineBeanTest.xml</file>
      <name>edu.ncsu.csc.itrust.unit.bean.TelemedicineBeanTest</name>
      <duration>0.003</duration>
      <time>0.003</time>
      <cases>
        <case>
          <duration>0.001</duration>
          <className>edu.ncsu.csc.itrust.unit.bean.TelemedicineBeanTest</className>
          <testName>testGlucoseLevel</testName>
          <skipped>false</skipped>
          <failedSince>0</failedSince>
        </case>
        <case>
          <duration>0.001</duration>
          <className>edu.ncsu.csc.itrust.unit.bean.TelemedicineBeanTest</className>
          <testName>testHeight</testName>
          <skipped>false</skipped>
          <failedSince>0</failedSince>
        </case>
        <case>
          <duration>0.0</duration>
          <className>edu.ncsu.csc.itrust.unit.bean.TelemedicineBeanTest</className>
          <testName>testWeight</testName>
          <skipped>false</skipped>
          <failedSince>0</failedSince>
        </case>
      </cases>
    </suite>
    <suite>
      <file>/var/lib/jenkins/workspace/itrust-main/iTrust-v23/iTrust/target/surefire-reports/TEST-edu.ncsu.csc.itrust.unit.bean.VisitFlagBeanTest.xml</file>
      <name>edu.ncsu.csc.itrust.unit.bean.VisitFlagBeanTest</name>
      <duration>0.002</duration>
      <time>0.002</time>
      <cases>
        <case>
          <duration>0.002</duration>
          <className>edu.ncsu.csc.itrust.unit.bean.VisitFlagBeanTest</className>
          <testName>testSetTypeAndValue</testName>
          <skipped>false</skipped>
          <failedSince>0</failedSince>
        </case>
      </cases>
    </suite>
    <suite>
      <file>/var/lib/jenkins/workspace/itrust-main/iTrust-v23/iTrust/target/surefire-reports/TEST-edu.ncsu.csc.itrust.unit.bean.WardBeanLoaderTest.xml</file>
      <name>edu.ncsu.csc.itrust.unit.bean.WardBeanLoaderTest</name>
      <duration>0.079</duration>
      <time>0.079</time>
      <cases>
        <case>
          <duration>0.063</duration>
          <className>edu.ncsu.csc.itrust.unit.bean.WardBeanLoaderTest</className>
          <testName>testLoadList</testName>
          <skipped>false</skipped>
          <failedSince>0</failedSince>
        </case>
        <case>
          <duration>0.001</duration>
          <className>edu.ncsu.csc.itrust.unit.bean.WardBeanLoaderTest</className>
          <testName>testLoadParameters</testName>
          <skipped>false</skipped>
          <failedSince>0</failedSince>
        </case>
        <case>
          <duration>0.014</duration>
          <className>edu.ncsu.csc.itrust.unit.bean.WardBeanLoaderTest</className>
          <testName>testloadSingle</testName>
          <skipped>false</skipped>
          <failedSince>0</failedSince>
        </case>
      </cases>
    </suite>
    <suite>
      <file>/var/lib/jenkins/workspace/itrust-main/iTrust-v23/iTrust/target/surefire-reports/TEST-edu.ncsu.csc.itrust.unit.bean.WardBeanTest.xml</file>
      <name>edu.ncsu.csc.itrust.unit.bean.WardBeanTest</name>
      <duration>0.004</duration>
      <time>0.004</time>
      <cases>
        <case>
          <duration>0.0</duration>
          <className>edu.ncsu.csc.itrust.unit.bean.WardBeanTest</className>
          <testName>testInHospital</testName>
          <skipped>false</skipped>
          <failedSince>0</failedSince>
        </case>
        <case>
          <duration>0.001</duration>
          <className>edu.ncsu.csc.itrust.unit.bean.WardBeanTest</className>
          <testName>testSpecialty</testName>
          <skipped>false</skipped>
          <failedSince>0</failedSince>
        </case>
        <case>
          <duration>0.001</duration>
          <className>edu.ncsu.csc.itrust.unit.bean.WardBeanTest</className>
          <testName>testEquals</testName>
          <skipped>false</skipped>
          <errorStackTrace>junit.framework.AssertionFailedError
	at edu.ncsu.csc.itrust.unit.bean.WardBeanTest.testEquals(WardBeanTest.java:56)
</errorStackTrace>
          <failedSince>12</failedSince>
        </case>
        <case>
          <duration>0.001</duration>
          <className>edu.ncsu.csc.itrust.unit.bean.WardBeanTest</className>
          <testName>testWardID</testName>
          <skipped>false</skipped>
          <failedSince>0</failedSince>
        </case>
      </cases>
    </suite>
    <suite>
      <file>/var/lib/jenkins/workspace/itrust-main/iTrust-v23/iTrust/target/surefire-reports/TEST-edu.ncsu.csc.itrust.unit.bean.WardRoomBeanLoaderTest.xml</file>
      <name>edu.ncsu.csc.itrust.unit.bean.WardRoomBeanLoaderTest</name>
      <duration>0.005</duration>
      <time>0.005</time>
      <cases>
        <case>
          <duration>0.0</duration>
          <className>edu.ncsu.csc.itrust.unit.bean.WardRoomBeanLoaderTest</className>
          <testName>testLoadList</testName>
          <skipped>false</skipped>
          <failedSince>0</failedSince>
        </case>
        <case>
          <duration>0.0</duration>
          <className>edu.ncsu.csc.itrust.unit.bean.WardRoomBeanLoaderTest</className>
          <testName>testLoadParameters</testName>
          <skipped>false</skipped>
          <failedSince>0</failedSince>
        </case>
        <case>
          <duration>0.002</duration>
          <className>edu.ncsu.csc.itrust.unit.bean.WardRoomBeanLoaderTest</className>
          <testName>testloadSingle</testName>
          <skipped>false</skipped>
          <failedSince>0</failedSince>
        </case>
      </cases>
    </suite>
    <suite>
      <file>/var/lib/jenkins/workspace/itrust-main/iTrust-v23/iTrust/target/surefire-reports/TEST-edu.ncsu.csc.itrust.unit.bean.WardRoomBeanTest.xml</file>
      <name>edu.ncsu.csc.itrust.unit.bean.WardRoomBeanTest</name>
      <duration>0.009</duration>
      <time>0.009</time>
      <cases>
        <case>
          <duration>0.002</duration>
          <className>edu.ncsu.csc.itrust.unit.bean.WardRoomBeanTest</className>
          <testName>testRoomStatus</testName>
          <skipped>false</skipped>
          <failedSince>0</failedSince>
        </case>
        <case>
          <duration>0.001</duration>
          <className>edu.ncsu.csc.itrust.unit.bean.WardRoomBeanTest</className>
          <testName>testRoomName</testName>
          <skipped>false</skipped>
          <failedSince>0</failedSince>
        </case>
        <case>
          <duration>0.001</duration>
          <className>edu.ncsu.csc.itrust.unit.bean.WardRoomBeanTest</className>
          <testName>testOccupiedBy</testName>
          <skipped>false</skipped>
          <failedSince>0</failedSince>
        </case>
        <case>
          <duration>0.001</duration>
          <className>edu.ncsu.csc.itrust.unit.bean.WardRoomBeanTest</className>
          <testName>testEquals</testName>
          <skipped>false</skipped>
          <errorStackTrace>junit.framework.AssertionFailedError
	at edu.ncsu.csc.itrust.unit.bean.WardRoomBeanTest.testEquals(WardRoomBeanTest.java:69)
</errorStackTrace>
          <failedSince>1</failedSince>
        </case>
        <case>
          <duration>0.001</duration>
          <className>edu.ncsu.csc.itrust.unit.bean.WardRoomBeanTest</className>
          <testName>testInWard</testName>
          <skipped>false</skipped>
          <failedSince>0</failedSince>
        </case>
        <case>
          <duration>0.0</duration>
          <className>edu.ncsu.csc.itrust.unit.bean.WardRoomBeanTest</className>
          <testName>testRoomID</testName>
          <skipped>false</skipped>
          <failedSince>0</failedSince>
        </case>
      </cases>
    </suite>
    <suite>
      <file>/var/lib/jenkins/workspace/itrust-main/iTrust-v23/iTrust/target/surefire-reports/TEST-edu.ncsu.csc.itrust.unit.bean.ZipCodeBeanTest.xml</file>
      <name>edu.ncsu.csc.itrust.unit.bean.ZipCodeBeanTest</name>
      <duration>0.002</duration>
      <time>0.002</time>
      <cases>
        <case>
          <duration>0.001</duration>
          <className>edu.ncsu.csc.itrust.unit.bean.ZipCodeBeanTest</className>
          <testName>testBean</testName>
          <skipped>false</skipped>
          <failedSince>0</failedSince>
        </case>
      </cases>
    </suite>
    <suite>
      <file>/var/lib/jenkins/workspace/itrust-main/iTrust-v23/iTrust/target/surefire-reports/TEST-edu.ncsu.csc.itrust.unit.bean.ZipCodeLoaderTest.xml</file>
      <name>edu.ncsu.csc.itrust.unit.bean.ZipCodeLoaderTest</name>
      <duration>0.014</duration>
      <time>0.014</time>
      <cases>
        <case>
          <duration>0.002</duration>
          <className>edu.ncsu.csc.itrust.unit.bean.ZipCodeLoaderTest</className>
          <testName>testLoadList</testName>
          <skipped>false</skipped>
          <failedSince>0</failedSince>
        </case>
        <case>
          <duration>0.011</duration>
          <className>edu.ncsu.csc.itrust.unit.bean.ZipCodeLoaderTest</className>
          <testName>testLoadSingle</testName>
          <skipped>false</skipped>
          <errorStackTrace>java.lang.AssertionError: 

  Unexpected method call getString(&quot;ytic&quot;):
    getString(&quot;zip&quot;): expected: 1, actual: 0
    getString(&quot;state&quot;): expected: 1, actual: 0
    getString(&quot;latitude&quot;): expected: 1, actual: 0
    getString(&quot;longitude&quot;): expected: 1, actual: 0
    getString(&quot;city&quot;): expected: 1, actual: 0
    getString(&quot;full_state&quot;): expected: 1, actual: 0
	at edu.ncsu.csc.itrust.unit.bean.ZipCodeLoaderTest.testLoadSingle(ZipCodeLoaderTest.java:52)
</errorStackTrace>
          <errorDetails>
  Unexpected method call getString(&quot;ytic&quot;):
    getString(&quot;zip&quot;): expected: 1, actual: 0
    getString(&quot;state&quot;): expected: 1, actual: 0
    getString(&quot;latitude&quot;): expected: 1, actual: 0
    getString(&quot;longitude&quot;): expected: 1, actual: 0
    getString(&quot;city&quot;): expected: 1, actual: 0
    getString(&quot;full_state&quot;): expected: 1, actual: 0</errorDetails>
          <failedSince>12</failedSince>
        </case>
      </cases>
    </suite>
    <suite>
      <file>/var/lib/jenkins/workspace/itrust-main/iTrust-v23/iTrust/target/surefire-reports/TEST-edu.ncsu.csc.itrust.unit.enums.BloodTypeTest.xml</file>
      <name>edu.ncsu.csc.itrust.unit.enums.BloodTypeTest</name>
      <duration>0.006</duration>
      <time>0.006</time>
      <cases>
        <case>
          <duration>0.0</duration>
          <className>edu.ncsu.csc.itrust.unit.enums.BloodTypeTest</className>
          <testName>testParse</testName>
          <skipped>false</skipped>
          <failedSince>0</failedSince>
        </case>
      </cases>
    </suite>
    <suite>
      <file>/var/lib/jenkins/workspace/itrust-main/iTrust-v23/iTrust/target/surefire-reports/TEST-edu.ncsu.csc.itrust.unit.enums.EthnicityTest.xml</file>
      <name>edu.ncsu.csc.itrust.unit.enums.EthnicityTest</name>
      <duration>0.0</duration>
      <time>0</time>
      <cases>
        <case>
          <duration>0.0</duration>
          <className>edu.ncsu.csc.itrust.unit.enums.EthnicityTest</className>
          <testName>testParse</testName>
          <skipped>false</skipped>
          <errorStackTrace>junit.framework.AssertionFailedError: expected:&lt;naisacuaC&gt; but was:&lt;Not Specified&gt;
	at edu.ncsu.csc.itrust.unit.enums.EthnicityTest.testParse(EthnicityTest.java:8)
</errorStackTrace>
          <errorDetails>expected:&lt;naisacuaC&gt; but was:&lt;Not Specified&gt;</errorDetails>
          <failedSince>12</failedSince>
        </case>
      </cases>
    </suite>
    <suite>
      <file>/var/lib/jenkins/workspace/itrust-main/iTrust-v23/iTrust/target/surefire-reports/TEST-edu.ncsu.csc.itrust.unit.enums.StateTest.xml</file>
      <name>edu.ncsu.csc.itrust.unit.enums.StateTest</name>
      <duration>0.0</duration>
      <time>0</time>
      <cases>
        <case>
          <duration>0.0</duration>
          <className>edu.ncsu.csc.itrust.unit.enums.StateTest</className>
          <testName>testParse</testName>
          <skipped>false</skipped>
          <failedSince>0</failedSince>
        </case>
      </cases>
    </suite>
    <suite>
      <file>/var/lib/jenkins/workspace/itrust-main/iTrust-v23/iTrust/target/surefire-reports/TEST-edu.ncsu.csc.itrust.unit.enums.TransactionTypeTest.xml</file>
      <name>edu.ncsu.csc.itrust.unit.enums.TransactionTypeTest</name>
      <duration>0.0</duration>
      <time>0</time>
      <cases>
        <case>
          <duration>0.0</duration>
          <className>edu.ncsu.csc.itrust.unit.enums.TransactionTypeTest</className>
          <testName>testBadParse</testName>
          <skipped>false</skipped>
          <failedSince>0</failedSince>
        </case>
        <case>
          <duration>0.0</duration>
          <className>edu.ncsu.csc.itrust.unit.enums.TransactionTypeTest</className>
          <testName>testParse</testName>
          <skipped>false</skipped>
          <failedSince>0</failedSince>
        </case>
      </cases>
    </suite>
  </suites>
  <duration>35.942</duration>
  <keepLongStdio>false</keepLongStdio>
</result>